[0.143s] Invoking command in '/home/ros/sigyn_microros_ws/firmware/mcu_ws/build/tracetools': CMAKE_PREFIX_PATH=${CMAKE_PREFIX_PATH}:/home/ros/sigyn_microros_ws/firmware/dev_ws/install/ament_uncrustify:/home/ros/sigyn_microros_ws/firmware/dev_ws/install/domain_coordinator:/home/ros/sigyn_microros_ws/firmware/dev_ws/install/ament_xmllint:/home/ros/sigyn_microros_ws/firmware/dev_ws/install/ament_pyflakes:/home/ros/sigyn_microros_ws/firmware/dev_ws/install/ament_pycodestyle:/home/ros/sigyn_microros_ws/firmware/dev_ws/install/ament_pep257:/home/ros/sigyn_microros_ws/firmware/dev_ws/install/ament_pclint:/home/ros/sigyn_microros_ws/firmware/dev_ws/install/ament_package:/home/ros/sigyn_microros_ws/firmware/dev_ws/install/ament_mypy:/home/ros/sigyn_microros_ws/firmware/dev_ws/install/ament_lint_cmake:/home/ros/sigyn_microros_ws/firmware/dev_ws/install/ament_flake8:/home/ros/sigyn_microros_ws/firmware/dev_ws/install/ament_copyright:/home/ros/sigyn_microros_ws/firmware/dev_ws/install/ament_lint:/home/ros/sigyn_microros_ws/firmware/dev_ws/install/ament_index_python:/home/ros/sigyn_microros_ws/firmware/dev_ws/install/ament_cpplint:/home/ros/sigyn_microros_ws/firmware/dev_ws/install/ament_cppcheck:/home/ros/sigyn_microros_ws/firmware/dev_ws/install/ament_clang_tidy:/home/ros/sigyn_microros_ws/firmware/dev_ws/install/ament_clang_format /usr/bin/cmake /home/ros/sigyn_microros_ws/firmware/mcu_ws/uros/tracetools/tracetools --no-warn-unused-cli -DCMAKE_POSITION_INDEPENDENT_CODE:BOOL=OFF -DTHIRDPARTY=ON -DBUILD_SHARED_LIBS=OFF -DBUILD_TESTING=OFF -DCMAKE_BUILD_TYPE=Release -DCMAKE_TOOLCHAIN_FILE=/home/ros/sigyn_microros_ws/sigyn_toolchain.cmake -DCMAKE_VERBOSE_MAKEFILE=ON -DTRACETOOLS_DISABLED=ON -DTRACETOOLS_STATUS_CHECKING_TOOL=OFF -DCMAKE_INSTALL_PREFIX=/home/ros/sigyn_microros_ws/firmware/mcu_ws/install
[0.371s] Not searching for unused variables given on the command line.
[0.371s] -- The C compiler identification is GNU 5.4.1
[0.371s] -- The CXX compiler identification is GNU 5.4.1
[0.371s] -- Detecting C compiler ABI info
[0.387s] -- Detecting C compiler ABI info - done
[0.389s] -- Check for working C compiler: /home/ros/aa-arduino-1.8.19/hardware/tools/arm/bin/arm-none-eabi-gcc - skipped
[0.389s] -- Detecting C compile features
[0.390s] -- Detecting C compile features - done
[0.391s] -- Detecting CXX compiler ABI info
[0.457s] -- Detecting CXX compiler ABI info - done
[0.460s] -- Check for working CXX compiler: /home/ros/aa-arduino-1.8.19/hardware/tools/arm/bin/arm-none-eabi-g++ - skipped
[0.461s] -- Detecting CXX compile features
[0.461s] -- Detecting CXX compile features - done
[0.462s] -- Found ament_cmake_ros: 0.10.0 (/home/ros/sigyn_microros_ws/firmware/dev_ws/install/ament_cmake_ros/share/ament_cmake_ros/cmake)
[0.552s] -- Found Python3: /usr/bin/python3 (found version "3.10.12") found components: Interpreter 
[0.663s] -- Configuring done
[0.666s] -- Generating done
[0.667s] -- Build files have been written to: /home/ros/sigyn_microros_ws/firmware/mcu_ws/build/tracetools
[0.678s] Invoked command in '/home/ros/sigyn_microros_ws/firmware/mcu_ws/build/tracetools' returned '0': CMAKE_PREFIX_PATH=${CMAKE_PREFIX_PATH}:/home/ros/sigyn_microros_ws/firmware/dev_ws/install/ament_uncrustify:/home/ros/sigyn_microros_ws/firmware/dev_ws/install/domain_coordinator:/home/ros/sigyn_microros_ws/firmware/dev_ws/install/ament_xmllint:/home/ros/sigyn_microros_ws/firmware/dev_ws/install/ament_pyflakes:/home/ros/sigyn_microros_ws/firmware/dev_ws/install/ament_pycodestyle:/home/ros/sigyn_microros_ws/firmware/dev_ws/install/ament_pep257:/home/ros/sigyn_microros_ws/firmware/dev_ws/install/ament_pclint:/home/ros/sigyn_microros_ws/firmware/dev_ws/install/ament_package:/home/ros/sigyn_microros_ws/firmware/dev_ws/install/ament_mypy:/home/ros/sigyn_microros_ws/firmware/dev_ws/install/ament_lint_cmake:/home/ros/sigyn_microros_ws/firmware/dev_ws/install/ament_flake8:/home/ros/sigyn_microros_ws/firmware/dev_ws/install/ament_copyright:/home/ros/sigyn_microros_ws/firmware/dev_ws/install/ament_lint:/home/ros/sigyn_microros_ws/firmware/dev_ws/install/ament_index_python:/home/ros/sigyn_microros_ws/firmware/dev_ws/install/ament_cpplint:/home/ros/sigyn_microros_ws/firmware/dev_ws/install/ament_cppcheck:/home/ros/sigyn_microros_ws/firmware/dev_ws/install/ament_clang_tidy:/home/ros/sigyn_microros_ws/firmware/dev_ws/install/ament_clang_format /usr/bin/cmake /home/ros/sigyn_microros_ws/firmware/mcu_ws/uros/tracetools/tracetools --no-warn-unused-cli -DCMAKE_POSITION_INDEPENDENT_CODE:BOOL=OFF -DTHIRDPARTY=ON -DBUILD_SHARED_LIBS=OFF -DBUILD_TESTING=OFF -DCMAKE_BUILD_TYPE=Release -DCMAKE_TOOLCHAIN_FILE=/home/ros/sigyn_microros_ws/sigyn_toolchain.cmake -DCMAKE_VERBOSE_MAKEFILE=ON -DTRACETOOLS_DISABLED=ON -DTRACETOOLS_STATUS_CHECKING_TOOL=OFF -DCMAKE_INSTALL_PREFIX=/home/ros/sigyn_microros_ws/firmware/mcu_ws/install
[0.679s] Invoking command in '/home/ros/sigyn_microros_ws/firmware/mcu_ws/build/tracetools': CMAKE_PREFIX_PATH=${CMAKE_PREFIX_PATH}:/home/ros/sigyn_microros_ws/firmware/dev_ws/install/ament_uncrustify:/home/ros/sigyn_microros_ws/firmware/dev_ws/install/domain_coordinator:/home/ros/sigyn_microros_ws/firmware/dev_ws/install/ament_xmllint:/home/ros/sigyn_microros_ws/firmware/dev_ws/install/ament_pyflakes:/home/ros/sigyn_microros_ws/firmware/dev_ws/install/ament_pycodestyle:/home/ros/sigyn_microros_ws/firmware/dev_ws/install/ament_pep257:/home/ros/sigyn_microros_ws/firmware/dev_ws/install/ament_pclint:/home/ros/sigyn_microros_ws/firmware/dev_ws/install/ament_package:/home/ros/sigyn_microros_ws/firmware/dev_ws/install/ament_mypy:/home/ros/sigyn_microros_ws/firmware/dev_ws/install/ament_lint_cmake:/home/ros/sigyn_microros_ws/firmware/dev_ws/install/ament_flake8:/home/ros/sigyn_microros_ws/firmware/dev_ws/install/ament_copyright:/home/ros/sigyn_microros_ws/firmware/dev_ws/install/ament_lint:/home/ros/sigyn_microros_ws/firmware/dev_ws/install/ament_index_python:/home/ros/sigyn_microros_ws/firmware/dev_ws/install/ament_cpplint:/home/ros/sigyn_microros_ws/firmware/dev_ws/install/ament_cppcheck:/home/ros/sigyn_microros_ws/firmware/dev_ws/install/ament_clang_tidy:/home/ros/sigyn_microros_ws/firmware/dev_ws/install/ament_clang_format /usr/bin/cmake --build /home/ros/sigyn_microros_ws/firmware/mcu_ws/build/tracetools -- -j24 -l24
[0.691s] /usr/bin/cmake -S/home/ros/sigyn_microros_ws/firmware/mcu_ws/uros/tracetools/tracetools -B/home/ros/sigyn_microros_ws/firmware/mcu_ws/build/tracetools --check-build-system CMakeFiles/Makefile.cmake 0
[0.697s] /usr/bin/cmake -E cmake_progress_start /home/ros/sigyn_microros_ws/firmware/mcu_ws/build/tracetools/CMakeFiles /home/ros/sigyn_microros_ws/firmware/mcu_ws/build/tracetools//CMakeFiles/progress.marks
[0.701s] /usr/bin/gmake  -f CMakeFiles/Makefile2 all
[0.702s] gmake[1]: Entering directory '/home/ros/sigyn_microros_ws/firmware/mcu_ws/build/tracetools'
[0.702s] gmake[1]: Nothing to be done for 'all'.
[0.702s] gmake[1]: Leaving directory '/home/ros/sigyn_microros_ws/firmware/mcu_ws/build/tracetools'
[0.702s] /usr/bin/cmake -E cmake_progress_start /home/ros/sigyn_microros_ws/firmware/mcu_ws/build/tracetools/CMakeFiles 0
[0.933s] Invoked command in '/home/ros/sigyn_microros_ws/firmware/mcu_ws/build/tracetools' returned '0': CMAKE_PREFIX_PATH=${CMAKE_PREFIX_PATH}:/home/ros/sigyn_microros_ws/firmware/dev_ws/install/ament_uncrustify:/home/ros/sigyn_microros_ws/firmware/dev_ws/install/domain_coordinator:/home/ros/sigyn_microros_ws/firmware/dev_ws/install/ament_xmllint:/home/ros/sigyn_microros_ws/firmware/dev_ws/install/ament_pyflakes:/home/ros/sigyn_microros_ws/firmware/dev_ws/install/ament_pycodestyle:/home/ros/sigyn_microros_ws/firmware/dev_ws/install/ament_pep257:/home/ros/sigyn_microros_ws/firmware/dev_ws/install/ament_pclint:/home/ros/sigyn_microros_ws/firmware/dev_ws/install/ament_package:/home/ros/sigyn_microros_ws/firmware/dev_ws/install/ament_mypy:/home/ros/sigyn_microros_ws/firmware/dev_ws/install/ament_lint_cmake:/home/ros/sigyn_microros_ws/firmware/dev_ws/install/ament_flake8:/home/ros/sigyn_microros_ws/firmware/dev_ws/install/ament_copyright:/home/ros/sigyn_microros_ws/firmware/dev_ws/install/ament_lint:/home/ros/sigyn_microros_ws/firmware/dev_ws/install/ament_index_python:/home/ros/sigyn_microros_ws/firmware/dev_ws/install/ament_cpplint:/home/ros/sigyn_microros_ws/firmware/dev_ws/install/ament_cppcheck:/home/ros/sigyn_microros_ws/firmware/dev_ws/install/ament_clang_tidy:/home/ros/sigyn_microros_ws/firmware/dev_ws/install/ament_clang_format /usr/bin/cmake --build /home/ros/sigyn_microros_ws/firmware/mcu_ws/build/tracetools -- -j24 -l24
[0.952s] Invoking command in '/home/ros/sigyn_microros_ws/firmware/mcu_ws/build/tracetools': CMAKE_PREFIX_PATH=${CMAKE_PREFIX_PATH}:/home/ros/sigyn_microros_ws/firmware/dev_ws/install/ament_uncrustify:/home/ros/sigyn_microros_ws/firmware/dev_ws/install/domain_coordinator:/home/ros/sigyn_microros_ws/firmware/dev_ws/install/ament_xmllint:/home/ros/sigyn_microros_ws/firmware/dev_ws/install/ament_pyflakes:/home/ros/sigyn_microros_ws/firmware/dev_ws/install/ament_pycodestyle:/home/ros/sigyn_microros_ws/firmware/dev_ws/install/ament_pep257:/home/ros/sigyn_microros_ws/firmware/dev_ws/install/ament_pclint:/home/ros/sigyn_microros_ws/firmware/dev_ws/install/ament_package:/home/ros/sigyn_microros_ws/firmware/dev_ws/install/ament_mypy:/home/ros/sigyn_microros_ws/firmware/dev_ws/install/ament_lint_cmake:/home/ros/sigyn_microros_ws/firmware/dev_ws/install/ament_flake8:/home/ros/sigyn_microros_ws/firmware/dev_ws/install/ament_copyright:/home/ros/sigyn_microros_ws/firmware/dev_ws/install/ament_lint:/home/ros/sigyn_microros_ws/firmware/dev_ws/install/ament_index_python:/home/ros/sigyn_microros_ws/firmware/dev_ws/install/ament_cpplint:/home/ros/sigyn_microros_ws/firmware/dev_ws/install/ament_cppcheck:/home/ros/sigyn_microros_ws/firmware/dev_ws/install/ament_clang_tidy:/home/ros/sigyn_microros_ws/firmware/dev_ws/install/ament_clang_format /usr/bin/cmake --install /home/ros/sigyn_microros_ws/firmware/mcu_ws/build/tracetools
[0.956s] -- Install configuration: "Release"
[0.956s] -- Installing: /home/ros/sigyn_microros_ws/firmware/mcu_ws/install/include/tracetools
[0.956s] -- Installing: /home/ros/sigyn_microros_ws/firmware/mcu_ws/install/include/tracetools/tracetools
[0.956s] -- Installing: /home/ros/sigyn_microros_ws/firmware/mcu_ws/install/include/tracetools/tracetools/utils.hpp
[0.956s] -- Installing: /home/ros/sigyn_microros_ws/firmware/mcu_ws/install/include/tracetools/tracetools/visibility_control.hpp
[0.956s] -- Installing: /home/ros/sigyn_microros_ws/firmware/mcu_ws/install/include/tracetools/tracetools/config.h
[0.956s] -- Installing: /home/ros/sigyn_microros_ws/firmware/mcu_ws/install/include/tracetools/tracetools/tracetools.h
[0.956s] -- Installing: /home/ros/sigyn_microros_ws/firmware/mcu_ws/install/share/ament_index/resource_index/package_run_dependencies/tracetools
[0.957s] -- Installing: /home/ros/sigyn_microros_ws/firmware/mcu_ws/install/share/ament_index/resource_index/parent_prefix_path/tracetools
[0.957s] -- Installing: /home/ros/sigyn_microros_ws/firmware/mcu_ws/install/share/tracetools/environment/ament_prefix_path.sh
[0.957s] -- Installing: /home/ros/sigyn_microros_ws/firmware/mcu_ws/install/share/tracetools/environment/ament_prefix_path.dsv
[0.957s] -- Installing: /home/ros/sigyn_microros_ws/firmware/mcu_ws/install/share/tracetools/environment/path.sh
[0.957s] -- Installing: /home/ros/sigyn_microros_ws/firmware/mcu_ws/install/share/tracetools/environment/path.dsv
[0.957s] -- Installing: /home/ros/sigyn_microros_ws/firmware/mcu_ws/install/share/tracetools/local_setup.bash
[0.957s] -- Installing: /home/ros/sigyn_microros_ws/firmware/mcu_ws/install/share/tracetools/local_setup.sh
[0.957s] -- Installing: /home/ros/sigyn_microros_ws/firmware/mcu_ws/install/share/tracetools/local_setup.zsh
[0.957s] -- Installing: /home/ros/sigyn_microros_ws/firmware/mcu_ws/install/share/tracetools/local_setup.dsv
[0.957s] -- Installing: /home/ros/sigyn_microros_ws/firmware/mcu_ws/install/share/tracetools/package.dsv
[0.957s] -- Installing: /home/ros/sigyn_microros_ws/firmware/mcu_ws/install/share/ament_index/resource_index/packages/tracetools
[0.958s] -- Installing: /home/ros/sigyn_microros_ws/firmware/mcu_ws/install/share/tracetools/cmake/tracetools_exportExport.cmake
[0.958s] -- Installing: /home/ros/sigyn_microros_ws/firmware/mcu_ws/install/share/tracetools/cmake/ament_cmake_export_targets-extras.cmake
[0.958s] -- Installing: /home/ros/sigyn_microros_ws/firmware/mcu_ws/install/share/tracetools/cmake/ament_cmake_export_include_directories-extras.cmake
[0.958s] -- Installing: /home/ros/sigyn_microros_ws/firmware/mcu_ws/install/share/tracetools/cmake/tracetoolsConfig.cmake
[0.958s] -- Installing: /home/ros/sigyn_microros_ws/firmware/mcu_ws/install/share/tracetools/cmake/tracetoolsConfig-version.cmake
[0.958s] -- Installing: /home/ros/sigyn_microros_ws/firmware/mcu_ws/install/share/tracetools/package.xml
[0.959s] Invoked command in '/home/ros/sigyn_microros_ws/firmware/mcu_ws/build/tracetools' returned '0': CMAKE_PREFIX_PATH=${CMAKE_PREFIX_PATH}:/home/ros/sigyn_microros_ws/firmware/dev_ws/install/ament_uncrustify:/home/ros/sigyn_microros_ws/firmware/dev_ws/install/domain_coordinator:/home/ros/sigyn_microros_ws/firmware/dev_ws/install/ament_xmllint:/home/ros/sigyn_microros_ws/firmware/dev_ws/install/ament_pyflakes:/home/ros/sigyn_microros_ws/firmware/dev_ws/install/ament_pycodestyle:/home/ros/sigyn_microros_ws/firmware/dev_ws/install/ament_pep257:/home/ros/sigyn_microros_ws/firmware/dev_ws/install/ament_pclint:/home/ros/sigyn_microros_ws/firmware/dev_ws/install/ament_package:/home/ros/sigyn_microros_ws/firmware/dev_ws/install/ament_mypy:/home/ros/sigyn_microros_ws/firmware/dev_ws/install/ament_lint_cmake:/home/ros/sigyn_microros_ws/firmware/dev_ws/install/ament_flake8:/home/ros/sigyn_microros_ws/firmware/dev_ws/install/ament_copyright:/home/ros/sigyn_microros_ws/firmware/dev_ws/install/ament_lint:/home/ros/sigyn_microros_ws/firmware/dev_ws/install/ament_index_python:/home/ros/sigyn_microros_ws/firmware/dev_ws/install/ament_cpplint:/home/ros/sigyn_microros_ws/firmware/dev_ws/install/ament_cppcheck:/home/ros/sigyn_microros_ws/firmware/dev_ws/install/ament_clang_tidy:/home/ros/sigyn_microros_ws/firmware/dev_ws/install/ament_clang_format /usr/bin/cmake --install /home/ros/sigyn_microros_ws/firmware/mcu_ws/build/tracetools
