[0.369s] Invoking command in '/home/ros/sigyn_microros_ws/firmware/mcu_ws/ros2/common_interfaces/sensor_msgs_py': AMENT_PREFIX_PATH=/home/ros/sigyn_microros_ws/firmware/mcu_ws/install:${AMENT_PREFIX_PATH} CMAKE_PREFIX_PATH=/home/ros/sigyn_microros_ws/firmware/mcu_ws/install:${CMAKE_PREFIX_PATH} LD_LIBRARY_PATH=/home/ros/sigyn_microros_ws/firmware/mcu_ws/install/lib:${LD_LIBRARY_PATH} PATH=/home/ros/sigyn_microros_ws/firmware/mcu_ws/install/bin:${PATH} PYTHONPATH=/home/ros/sigyn_microros_ws/firmware/mcu_ws/build/sensor_msgs_py/prefix_override:/usr/lib/python3/dist-packages/colcon_core/task/python/colcon_distutils_commands:/home/ros/sigyn_microros_ws/firmware/mcu_ws/install/lib/python3.10/site-packages:/home/ros/sigyn_microros_ws/firmware/mcu_ws/install/lib/python3.10/site-packages:/home/ros/sigyn_microros_ws/firmware/mcu_ws/install/local/lib/python3.10/dist-packages:${PYTHONPATH} /usr/bin/python3 -W ignore:setup.py install is deprecated setup.py egg_info --egg-base ../../../build/sensor_msgs_py build --build-base /home/ros/sigyn_microros_ws/firmware/mcu_ws/build/sensor_msgs_py/build install --record /home/ros/sigyn_microros_ws/firmware/mcu_ws/build/sensor_msgs_py/install.log --single-version-externally-managed install_data
[0.475s] running egg_info
[0.475s] creating ../../../build/sensor_msgs_py/sensor_msgs_py.egg-info
[0.476s] writing ../../../build/sensor_msgs_py/sensor_msgs_py.egg-info/PKG-INFO
[0.476s] writing dependency_links to ../../../build/sensor_msgs_py/sensor_msgs_py.egg-info/dependency_links.txt
[0.476s] writing requirements to ../../../build/sensor_msgs_py/sensor_msgs_py.egg-info/requires.txt
[0.476s] writing top-level names to ../../../build/sensor_msgs_py/sensor_msgs_py.egg-info/top_level.txt
[0.476s] writing manifest file '../../../build/sensor_msgs_py/sensor_msgs_py.egg-info/SOURCES.txt'
[0.476s] reading manifest file '../../../build/sensor_msgs_py/sensor_msgs_py.egg-info/SOURCES.txt'
[0.476s] adding license file 'LICENSE'
[0.477s] writing manifest file '../../../build/sensor_msgs_py/sensor_msgs_py.egg-info/SOURCES.txt'
[0.477s] running build
[0.477s] running build_py
[0.477s] creating /home/ros/sigyn_microros_ws/firmware/mcu_ws/build/sensor_msgs_py/build
[0.477s] creating /home/ros/sigyn_microros_ws/firmware/mcu_ws/build/sensor_msgs_py/build/lib
[0.477s] creating /home/ros/sigyn_microros_ws/firmware/mcu_ws/build/sensor_msgs_py/build/lib/sensor_msgs_py
[0.477s] copying sensor_msgs_py/__init__.py -> /home/ros/sigyn_microros_ws/firmware/mcu_ws/build/sensor_msgs_py/build/lib/sensor_msgs_py
[0.477s] copying sensor_msgs_py/point_cloud2.py -> /home/ros/sigyn_microros_ws/firmware/mcu_ws/build/sensor_msgs_py/build/lib/sensor_msgs_py
[0.477s] copying sensor_msgs_py/numpy_compat.py -> /home/ros/sigyn_microros_ws/firmware/mcu_ws/build/sensor_msgs_py/build/lib/sensor_msgs_py
[0.477s] running install
[0.477s] running install_lib
[0.478s] creating /home/ros/sigyn_microros_ws/firmware/mcu_ws/install/lib/python3.10/site-packages/sensor_msgs_py
[0.478s] copying /home/ros/sigyn_microros_ws/firmware/mcu_ws/build/sensor_msgs_py/build/lib/sensor_msgs_py/__init__.py -> /home/ros/sigyn_microros_ws/firmware/mcu_ws/install/lib/python3.10/site-packages/sensor_msgs_py
[0.478s] copying /home/ros/sigyn_microros_ws/firmware/mcu_ws/build/sensor_msgs_py/build/lib/sensor_msgs_py/point_cloud2.py -> /home/ros/sigyn_microros_ws/firmware/mcu_ws/install/lib/python3.10/site-packages/sensor_msgs_py
[0.478s] copying /home/ros/sigyn_microros_ws/firmware/mcu_ws/build/sensor_msgs_py/build/lib/sensor_msgs_py/numpy_compat.py -> /home/ros/sigyn_microros_ws/firmware/mcu_ws/install/lib/python3.10/site-packages/sensor_msgs_py
[0.478s] byte-compiling /home/ros/sigyn_microros_ws/firmware/mcu_ws/install/lib/python3.10/site-packages/sensor_msgs_py/__init__.py to __init__.cpython-310.pyc
[0.478s] byte-compiling /home/ros/sigyn_microros_ws/firmware/mcu_ws/install/lib/python3.10/site-packages/sensor_msgs_py/point_cloud2.py to point_cloud2.cpython-310.pyc
[0.479s] byte-compiling /home/ros/sigyn_microros_ws/firmware/mcu_ws/install/lib/python3.10/site-packages/sensor_msgs_py/numpy_compat.py to numpy_compat.cpython-310.pyc
[0.480s] running install_data
[0.480s] copying resource/sensor_msgs_py -> /home/ros/sigyn_microros_ws/firmware/mcu_ws/install/share/ament_index/resource_index/packages
[0.480s] copying package.xml -> /home/ros/sigyn_microros_ws/firmware/mcu_ws/install/share/sensor_msgs_py
[0.480s] running install_egg_info
[0.481s] Copying ../../../build/sensor_msgs_py/sensor_msgs_py.egg-info to /home/ros/sigyn_microros_ws/firmware/mcu_ws/install/lib/python3.10/site-packages/sensor_msgs_py-4.2.4-py3.10.egg-info
[0.481s] running install_scripts
[0.492s] writing list of installed files to '/home/ros/sigyn_microros_ws/firmware/mcu_ws/build/sensor_msgs_py/install.log'
[0.503s] Invoked command in '/home/ros/sigyn_microros_ws/firmware/mcu_ws/ros2/common_interfaces/sensor_msgs_py' returned '0': AMENT_PREFIX_PATH=/home/ros/sigyn_microros_ws/firmware/mcu_ws/install:${AMENT_PREFIX_PATH} CMAKE_PREFIX_PATH=/home/ros/sigyn_microros_ws/firmware/mcu_ws/install:${CMAKE_PREFIX_PATH} LD_LIBRARY_PATH=/home/ros/sigyn_microros_ws/firmware/mcu_ws/install/lib:${LD_LIBRARY_PATH} PATH=/home/ros/sigyn_microros_ws/firmware/mcu_ws/install/bin:${PATH} PYTHONPATH=/home/ros/sigyn_microros_ws/firmware/mcu_ws/build/sensor_msgs_py/prefix_override:/usr/lib/python3/dist-packages/colcon_core/task/python/colcon_distutils_commands:/home/ros/sigyn_microros_ws/firmware/mcu_ws/install/lib/python3.10/site-packages:/home/ros/sigyn_microros_ws/firmware/mcu_ws/install/lib/python3.10/site-packages:/home/ros/sigyn_microros_ws/firmware/mcu_ws/install/local/lib/python3.10/dist-packages:${PYTHONPATH} /usr/bin/python3 -W ignore:setup.py install is deprecated setup.py egg_info --egg-base ../../../build/sensor_msgs_py build --build-base /home/ros/sigyn_microros_ws/firmware/mcu_ws/build/sensor_msgs_py/build install --record /home/ros/sigyn_microros_ws/firmware/mcu_ws/build/sensor_msgs_py/install.log --single-version-externally-managed install_data
