Not searching for unused variables given on the command line.
-- The C compiler identification is GNU 5.4.1
-- The CXX compiler identification is GNU 5.4.1
-- Detecting C compiler ABI info
-- Detecting C compiler ABI info - done
-- Check for working C compiler: /home/ros/aa-arduino-1.8.19/hardware/tools/arm/bin/arm-none-eabi-gcc - skipped
-- Detecting C compile features
-- Detecting C compile features - done
-- Detecting CXX compiler ABI info
-- Detecting CXX compiler ABI info - done
-- Check for working CXX compiler: /home/ros/aa-arduino-1.8.19/hardware/tools/arm/bin/arm-none-eabi-g++ - skipped
-- Detecting CXX compile features
-- Detecting CXX compile features - done
-- Found ament_cmake_ros: 0.10.0 (/home/ros/sigyn_microros_ws/firmware/dev_ws/install/ament_cmake_ros/share/ament_cmake_ros/cmake)
-- Found Python3: /usr/bin/python3 (found version "3.10.12") found components: Interpreter 
-- Found std_msgs: 4.2.4 (/home/ros/sigyn_microros_ws/firmware/mcu_ws/install/share/std_msgs/cmake)
-- Using all available rosidl_typesupport_c: rosidl_typesupport_introspection_c;rosidl_typesupport_microxrcedds_c
-- Found rosidl_adapter: 3.1.5 (/home/ros/sigyn_microros_ws/firmware/mcu_ws/install/share/rosidl_adapter/cmake)
-- Found lifecycle_msgs: 1.2.1 (/home/ros/sigyn_microros_ws/firmware/mcu_ws/install/share/lifecycle_msgs/cmake)
-- Found rcl_lifecycle: 5.3.9 (/home/ros/sigyn_microros_ws/firmware/mcu_ws/install/share/rcl_lifecycle/cmake)
-- Found rmw_implementation_cmake: 6.1.2 (/home/ros/sigyn_microros_ws/firmware/mcu_ws/install/share/rmw_implementation_cmake/cmake)
-- Found rmw_microxrcedds: 3.0.3 (/home/ros/sigyn_microros_ws/firmware/mcu_ws/install/share/rmw_microxrcedds/cmake)
-- Using RMW implementation 'rmw_microxrcedds'
-- Found rclc: 4.0.2 (/home/ros/sigyn_microros_ws/firmware/mcu_ws/install/share/rclc/cmake)
-- Found rcl_lifecycle version 5.3.9, which belongs to Foxy or later
-- Configuring done
-- Generating done
-- Build files have been written to: /home/ros/sigyn_microros_ws/firmware/mcu_ws/build/rclc_lifecycle
/usr/bin/cmake -S/home/ros/sigyn_microros_ws/firmware/mcu_ws/uros/rclc/rclc_lifecycle -B/home/ros/sigyn_microros_ws/firmware/mcu_ws/build/rclc_lifecycle --check-build-system CMakeFiles/Makefile.cmake 0
/usr/bin/cmake -E cmake_progress_start /home/ros/sigyn_microros_ws/firmware/mcu_ws/build/rclc_lifecycle/CMakeFiles /home/ros/sigyn_microros_ws/firmware/mcu_ws/build/rclc_lifecycle//CMakeFiles/progress.marks
/usr/bin/gmake  -f CMakeFiles/Makefile2 all
gmake[1]: Entering directory '/home/ros/sigyn_microros_ws/firmware/mcu_ws/build/rclc_lifecycle'
/usr/bin/gmake  -f CMakeFiles/rclc_lifecycle.dir/build.make CMakeFiles/rclc_lifecycle.dir/depend
gmake[2]: Entering directory '/home/ros/sigyn_microros_ws/firmware/mcu_ws/build/rclc_lifecycle'
cd /home/ros/sigyn_microros_ws/firmware/mcu_ws/build/rclc_lifecycle && /usr/bin/cmake -E cmake_depends "Unix Makefiles" /home/ros/sigyn_microros_ws/firmware/mcu_ws/uros/rclc/rclc_lifecycle /home/ros/sigyn_microros_ws/firmware/mcu_ws/uros/rclc/rclc_lifecycle /home/ros/sigyn_microros_ws/firmware/mcu_ws/build/rclc_lifecycle /home/ros/sigyn_microros_ws/firmware/mcu_ws/build/rclc_lifecycle /home/ros/sigyn_microros_ws/firmware/mcu_ws/build/rclc_lifecycle/CMakeFiles/rclc_lifecycle.dir/DependInfo.cmake --color=
gmake[2]: Leaving directory '/home/ros/sigyn_microros_ws/firmware/mcu_ws/build/rclc_lifecycle'
/usr/bin/gmake  -f CMakeFiles/rclc_lifecycle.dir/build.make CMakeFiles/rclc_lifecycle.dir/build
gmake[2]: Entering directory '/home/ros/sigyn_microros_ws/firmware/mcu_ws/build/rclc_lifecycle'
[ 50%] [32mBuilding C object CMakeFiles/rclc_lifecycle.dir/src/rclc_lifecycle/rclc_lifecycle.c.obj[0m
/home/ros/aa-arduino-1.8.19/hardware/tools/arm/bin/arm-none-eabi-gcc -DRCLC_LIFECYCLE_BUILDING_LIBRARY -DRCLC_LIFECYCLE_MAX_STRING_LENGTH=20 -DROS_PACKAGE_NAME=\"rclc_lifecycle\" -I/home/ros/sigyn_microros_ws/firmware/mcu_ws/uros/rclc/rclc_lifecycle/include -I/home/ros/sigyn_microros_ws/firmware/mcu_ws/uros/rclc/rclc_lifecycle/src -isystem /home/ros/sigyn_microros_ws/firmware/mcu_ws/install/include -isystem /home/ros/sigyn_microros_ws/firmware/mcu_ws/install/include/rosidl_typesupport_interface -isystem /home/ros/sigyn_microros_ws/firmware/mcu_ws/install/include/rcutils -isystem /home/ros/sigyn_microros_ws/firmware/mcu_ws/install/include/rcl_lifecycle -isystem /home/ros/sigyn_microros_ws/firmware/mcu_ws/install/include/std_msgs -isystem /home/ros/sigyn_microros_ws/firmware/mcu_ws/install/include/lifecycle_msgs -isystem /home/ros/sigyn_microros_ws/firmware/mcu_ws/install/include/rcl -isystem /home/ros/sigyn_microros_ws/firmware/mcu_ws/install/include/rcl_interfaces -isystem /home/ros/sigyn_microros_ws/firmware/mcu_ws/install/include/builtin_interfaces -isystem /home/ros/sigyn_microros_ws/firmware/mcu_ws/install/include/rosidl_runtime_c -isystem /home/ros/sigyn_microros_ws/firmware/mcu_ws/install/include/rosidl_typesupport_introspection_c -isystem /home/ros/sigyn_microros_ws/firmware/mcu_ws/install/include/rcl_logging_interface -isystem /home/ros/sigyn_microros_ws/firmware/mcu_ws/install/include/rmw -isystem /home/ros/sigyn_microros_ws/firmware/mcu_ws/install/include/tracetools -isystem /home/ros/sigyn_microros_ws/firmware/mcu_ws/install/include/rcl_action -isystem /home/ros/sigyn_microros_ws/firmware/mcu_ws/install/include/action_msgs -isystem /home/ros/sigyn_microros_ws/firmware/mcu_ws/install/include/unique_identifier_msgs -std=c11 -O2 -mfloat-abi=hard -mfpu=fpv5-d16 -ffunction-sections -fdata-sections -fno-exceptions -nostdlib -mcpu=cortex-m7 -mthumb -D'RCUTILS_LOG_MIN_SEVERITY=RCUTILS_LOG_MIN_SEVERITY_NONE' -DCLOCK_MONOTONIC=0 -D'__attribute__(x)=' -O3 -DNDEBUG -Wall -Wextra -Wpedantic -std=gnu99 -MD -MT CMakeFiles/rclc_lifecycle.dir/src/rclc_lifecycle/rclc_lifecycle.c.obj -MF CMakeFiles/rclc_lifecycle.dir/src/rclc_lifecycle/rclc_lifecycle.c.obj.d -o CMakeFiles/rclc_lifecycle.dir/src/rclc_lifecycle/rclc_lifecycle.c.obj -c /home/ros/sigyn_microros_ws/firmware/mcu_ws/uros/rclc/rclc_lifecycle/src/rclc_lifecycle/rclc_lifecycle.c
[100%] [32m[1mLinking CXX static library librclc_lifecycle.a[0m
/usr/bin/cmake -P CMakeFiles/rclc_lifecycle.dir/cmake_clean_target.cmake
/usr/bin/cmake -E cmake_link_script CMakeFiles/rclc_lifecycle.dir/link.txt --verbose=1
/usr/bin/ar qc librclc_lifecycle.a CMakeFiles/rclc_lifecycle.dir/src/rclc_lifecycle/rclc_lifecycle.c.obj
/usr/bin/ranlib librclc_lifecycle.a
gmake[2]: Leaving directory '/home/ros/sigyn_microros_ws/firmware/mcu_ws/build/rclc_lifecycle'
[100%] Built target rclc_lifecycle
gmake[1]: Leaving directory '/home/ros/sigyn_microros_ws/firmware/mcu_ws/build/rclc_lifecycle'
/usr/bin/cmake -E cmake_progress_start /home/ros/sigyn_microros_ws/firmware/mcu_ws/build/rclc_lifecycle/CMakeFiles 0
-- Install configuration: "Release"
-- Installing: /home/ros/sigyn_microros_ws/firmware/mcu_ws/install/lib/librclc_lifecycle.a
-- Up-to-date: /home/ros/sigyn_microros_ws/firmware/mcu_ws/install/include
-- Installing: /home/ros/sigyn_microros_ws/firmware/mcu_ws/install/include/rclc_lifecycle
-- Installing: /home/ros/sigyn_microros_ws/firmware/mcu_ws/install/include/rclc_lifecycle/rclc_lifecycle.h
-- Installing: /home/ros/sigyn_microros_ws/firmware/mcu_ws/install/include/rclc_lifecycle/visibility_control.h
-- Installing: /home/ros/sigyn_microros_ws/firmware/mcu_ws/install/share/rclc_lifecycle/environment/library_path.sh
-- Installing: /home/ros/sigyn_microros_ws/firmware/mcu_ws/install/share/rclc_lifecycle/environment/library_path.dsv
-- Installing: /home/ros/sigyn_microros_ws/firmware/mcu_ws/install/share/ament_index/resource_index/package_run_dependencies/rclc_lifecycle
-- Installing: /home/ros/sigyn_microros_ws/firmware/mcu_ws/install/share/ament_index/resource_index/parent_prefix_path/rclc_lifecycle
-- Installing: /home/ros/sigyn_microros_ws/firmware/mcu_ws/install/share/rclc_lifecycle/environment/ament_prefix_path.sh
-- Installing: /home/ros/sigyn_microros_ws/firmware/mcu_ws/install/share/rclc_lifecycle/environment/ament_prefix_path.dsv
-- Installing: /home/ros/sigyn_microros_ws/firmware/mcu_ws/install/share/rclc_lifecycle/environment/path.sh
-- Installing: /home/ros/sigyn_microros_ws/firmware/mcu_ws/install/share/rclc_lifecycle/environment/path.dsv
-- Installing: /home/ros/sigyn_microros_ws/firmware/mcu_ws/install/share/rclc_lifecycle/local_setup.bash
-- Installing: /home/ros/sigyn_microros_ws/firmware/mcu_ws/install/share/rclc_lifecycle/local_setup.sh
-- Installing: /home/ros/sigyn_microros_ws/firmware/mcu_ws/install/share/rclc_lifecycle/local_setup.zsh
-- Installing: /home/ros/sigyn_microros_ws/firmware/mcu_ws/install/share/rclc_lifecycle/local_setup.dsv
-- Installing: /home/ros/sigyn_microros_ws/firmware/mcu_ws/install/share/rclc_lifecycle/package.dsv
-- Installing: /home/ros/sigyn_microros_ws/firmware/mcu_ws/install/share/ament_index/resource_index/packages/rclc_lifecycle
-- Installing: /home/ros/sigyn_microros_ws/firmware/mcu_ws/install/share/rclc_lifecycle/cmake/rclc_lifecycleExport.cmake
-- Installing: /home/ros/sigyn_microros_ws/firmware/mcu_ws/install/share/rclc_lifecycle/cmake/rclc_lifecycleExport-release.cmake
-- Installing: /home/ros/sigyn_microros_ws/firmware/mcu_ws/install/share/rclc_lifecycle/cmake/ament_cmake_export_include_directories-extras.cmake
-- Installing: /home/ros/sigyn_microros_ws/firmware/mcu_ws/install/share/rclc_lifecycle/cmake/ament_cmake_export_libraries-extras.cmake
-- Installing: /home/ros/sigyn_microros_ws/firmware/mcu_ws/install/share/rclc_lifecycle/cmake/ament_cmake_export_targets-extras.cmake
-- Installing: /home/ros/sigyn_microros_ws/firmware/mcu_ws/install/share/rclc_lifecycle/cmake/ament_cmake_export_dependencies-extras.cmake
-- Installing: /home/ros/sigyn_microros_ws/firmware/mcu_ws/install/share/rclc_lifecycle/cmake/rclc_lifecycleConfig.cmake
-- Installing: /home/ros/sigyn_microros_ws/firmware/mcu_ws/install/share/rclc_lifecycle/cmake/rclc_lifecycleConfig-version.cmake
-- Installing: /home/ros/sigyn_microros_ws/firmware/mcu_ws/install/share/rclc_lifecycle/package.xml
