[0.435s] Invoking command in '/home/ros/sigyn_microros_ws/firmware/mcu_ws/uros/tracetools/tracetools_launch': AMENT_PREFIX_PATH=/home/ros/sigyn_microros_ws/firmware/mcu_ws/install:${AMENT_PREFIX_PATH} CMAKE_PREFIX_PATH=/home/ros/sigyn_microros_ws/firmware/mcu_ws/install:${CMAKE_PREFIX_PATH} PATH=/home/ros/sigyn_microros_ws/firmware/mcu_ws/install/bin:${PATH} PYTHONPATH=/home/ros/sigyn_microros_ws/firmware/mcu_ws/build/tracetools_launch/prefix_override:/usr/lib/python3/dist-packages/colcon_core/task/python/colcon_distutils_commands:/home/ros/sigyn_microros_ws/firmware/mcu_ws/install/lib/python3.10/site-packages:/home/ros/sigyn_microros_ws/firmware/mcu_ws/install/lib/python3.10/site-packages:${PYTHONPATH} /usr/bin/python3 -W ignore:setup.py install is deprecated setup.py egg_info --egg-base ../../../build/tracetools_launch build --build-base /home/ros/sigyn_microros_ws/firmware/mcu_ws/build/tracetools_launch/build install --record /home/ros/sigyn_microros_ws/firmware/mcu_ws/build/tracetools_launch/install.log --single-version-externally-managed install_data
[0.547s] running egg_info
[0.547s] creating ../../../build/tracetools_launch/tracetools_launch.egg-info
[0.547s] writing ../../../build/tracetools_launch/tracetools_launch.egg-info/PKG-INFO
[0.547s] writing dependency_links to ../../../build/tracetools_launch/tracetools_launch.egg-info/dependency_links.txt
[0.551s] writing entry points to ../../../build/tracetools_launch/tracetools_launch.egg-info/entry_points.txt
[0.552s] writing requirements to ../../../build/tracetools_launch/tracetools_launch.egg-info/requires.txt
[0.552s] writing top-level names to ../../../build/tracetools_launch/tracetools_launch.egg-info/top_level.txt
[0.552s] writing manifest file '../../../build/tracetools_launch/tracetools_launch.egg-info/SOURCES.txt'
[0.552s] reading manifest file '../../../build/tracetools_launch/tracetools_launch.egg-info/SOURCES.txt'
[0.552s] writing manifest file '../../../build/tracetools_launch/tracetools_launch.egg-info/SOURCES.txt'
[0.552s] running build
[0.552s] running build_py
[0.552s] creating /home/ros/sigyn_microros_ws/firmware/mcu_ws/build/tracetools_launch/build
[0.552s] creating /home/ros/sigyn_microros_ws/firmware/mcu_ws/build/tracetools_launch/build/lib
[0.552s] creating /home/ros/sigyn_microros_ws/firmware/mcu_ws/build/tracetools_launch/build/lib/tracetools_launch
[0.552s] copying tracetools_launch/action.py -> /home/ros/sigyn_microros_ws/firmware/mcu_ws/build/tracetools_launch/build/lib/tracetools_launch
[0.552s] copying tracetools_launch/__init__.py -> /home/ros/sigyn_microros_ws/firmware/mcu_ws/build/tracetools_launch/build/lib/tracetools_launch
[0.552s] creating /home/ros/sigyn_microros_ws/firmware/mcu_ws/build/tracetools_launch/build/lib/tracetools_launch/actions
[0.552s] copying tracetools_launch/actions/__init__.py -> /home/ros/sigyn_microros_ws/firmware/mcu_ws/build/tracetools_launch/build/lib/tracetools_launch/actions
[0.552s] copying tracetools_launch/actions/ld_preload.py -> /home/ros/sigyn_microros_ws/firmware/mcu_ws/build/tracetools_launch/build/lib/tracetools_launch/actions
[0.552s] running install
[0.553s] running install_lib
[0.553s] creating /home/ros/sigyn_microros_ws/firmware/mcu_ws/install/lib/python3.10/site-packages/tracetools_launch
[0.554s] copying /home/ros/sigyn_microros_ws/firmware/mcu_ws/build/tracetools_launch/build/lib/tracetools_launch/action.py -> /home/ros/sigyn_microros_ws/firmware/mcu_ws/install/lib/python3.10/site-packages/tracetools_launch
[0.554s] copying /home/ros/sigyn_microros_ws/firmware/mcu_ws/build/tracetools_launch/build/lib/tracetools_launch/__init__.py -> /home/ros/sigyn_microros_ws/firmware/mcu_ws/install/lib/python3.10/site-packages/tracetools_launch
[0.554s] creating /home/ros/sigyn_microros_ws/firmware/mcu_ws/install/lib/python3.10/site-packages/tracetools_launch/actions
[0.554s] copying /home/ros/sigyn_microros_ws/firmware/mcu_ws/build/tracetools_launch/build/lib/tracetools_launch/actions/__init__.py -> /home/ros/sigyn_microros_ws/firmware/mcu_ws/install/lib/python3.10/site-packages/tracetools_launch/actions
[0.554s] copying /home/ros/sigyn_microros_ws/firmware/mcu_ws/build/tracetools_launch/build/lib/tracetools_launch/actions/ld_preload.py -> /home/ros/sigyn_microros_ws/firmware/mcu_ws/install/lib/python3.10/site-packages/tracetools_launch/actions
[0.554s] byte-compiling /home/ros/sigyn_microros_ws/firmware/mcu_ws/install/lib/python3.10/site-packages/tracetools_launch/action.py to action.cpython-310.pyc
[0.555s] byte-compiling /home/ros/sigyn_microros_ws/firmware/mcu_ws/install/lib/python3.10/site-packages/tracetools_launch/__init__.py to __init__.cpython-310.pyc
[0.561s] byte-compiling /home/ros/sigyn_microros_ws/firmware/mcu_ws/install/lib/python3.10/site-packages/tracetools_launch/actions/__init__.py to __init__.cpython-310.pyc
[0.562s] byte-compiling /home/ros/sigyn_microros_ws/firmware/mcu_ws/install/lib/python3.10/site-packages/tracetools_launch/actions/ld_preload.py to ld_preload.cpython-310.pyc
[0.562s] running install_data
[0.562s] copying package.xml -> /home/ros/sigyn_microros_ws/firmware/mcu_ws/install/share/tracetools_launch
[0.562s] creating /home/ros/sigyn_microros_ws/firmware/mcu_ws/install/share/tracetools_launch/launch
[0.563s] copying launch/example.launch.xml -> /home/ros/sigyn_microros_ws/firmware/mcu_ws/install/share/tracetools_launch/launch
[0.563s] copying launch/example.launch.yaml -> /home/ros/sigyn_microros_ws/firmware/mcu_ws/install/share/tracetools_launch/launch
[0.563s] copying launch/example.launch.py -> /home/ros/sigyn_microros_ws/firmware/mcu_ws/install/share/tracetools_launch/launch
[0.563s] copying resource/tracetools_launch -> /home/ros/sigyn_microros_ws/firmware/mcu_ws/install/share/ament_index/resource_index/packages
[0.563s] running install_egg_info
[0.563s] Copying ../../../build/tracetools_launch/tracetools_launch.egg-info to /home/ros/sigyn_microros_ws/firmware/mcu_ws/install/lib/python3.10/site-packages/tracetools_launch-4.1.1-py3.10.egg-info
[0.563s] running install_scripts
[0.578s] writing list of installed files to '/home/ros/sigyn_microros_ws/firmware/mcu_ws/build/tracetools_launch/install.log'
[0.594s] Invoked command in '/home/ros/sigyn_microros_ws/firmware/mcu_ws/uros/tracetools/tracetools_launch' returned '0': AMENT_PREFIX_PATH=/home/ros/sigyn_microros_ws/firmware/mcu_ws/install:${AMENT_PREFIX_PATH} CMAKE_PREFIX_PATH=/home/ros/sigyn_microros_ws/firmware/mcu_ws/install:${CMAKE_PREFIX_PATH} PATH=/home/ros/sigyn_microros_ws/firmware/mcu_ws/install/bin:${PATH} PYTHONPATH=/home/ros/sigyn_microros_ws/firmware/mcu_ws/build/tracetools_launch/prefix_override:/usr/lib/python3/dist-packages/colcon_core/task/python/colcon_distutils_commands:/home/ros/sigyn_microros_ws/firmware/mcu_ws/install/lib/python3.10/site-packages:/home/ros/sigyn_microros_ws/firmware/mcu_ws/install/lib/python3.10/site-packages:${PYTHONPATH} /usr/bin/python3 -W ignore:setup.py install is deprecated setup.py egg_info --egg-base ../../../build/tracetools_launch build --build-base /home/ros/sigyn_microros_ws/firmware/mcu_ws/build/tracetools_launch/build install --record /home/ros/sigyn_microros_ws/firmware/mcu_ws/build/tracetools_launch/install.log --single-version-externally-managed install_data
