Not searching for unused variables given on the command line.
-- The C compiler identification is GNU 5.4.1
-- The CXX compiler identification is GNU 5.4.1
-- Detecting C compiler ABI info
-- Detecting C compiler ABI info - done
-- Check for working C compiler: /home/ros/aa-arduino-1.8.19/hardware/tools/arm/bin/arm-none-eabi-gcc - skipped
-- Detecting C compile features
-- Detecting C compile features - done
-- Detecting CXX compiler ABI info
-- Detecting CXX compiler ABI info - done
-- Check for working CXX compiler: /home/ros/aa-arduino-1.8.19/hardware/tools/arm/bin/arm-none-eabi-g++ - skipped
-- Detecting CXX compile features
-- Detecting CXX compile features - done
-- Found ament_cmake: 1.3.10 (/home/ros/sigyn_microros_ws/firmware/dev_ws/install/ament_cmake/share/ament_cmake/cmake)
-- Found Python3: /usr/bin/python3 (found version "3.10.12") found components: Interpreter 
-- Found rosidl_default_generators: 1.2.0 (/home/ros/sigyn_microros_ws/firmware/mcu_ws/install/share/rosidl_default_generators/cmake)
-- Using all available rosidl_typesupport_c: rosidl_typesupport_introspection_c;rosidl_typesupport_microxrcedds_c
-- Found rosidl_adapter: 3.1.5 (/home/ros/sigyn_microros_ws/firmware/mcu_ws/install/share/rosidl_adapter/cmake)
[33mCMake Warning at /home/ros/sigyn_microros_ws/firmware/mcu_ws/install/share/rcutils/cmake/ament_cmake_export_libraries-extras.cmake:116 (message):
  Package 'rcutils' exports library 'dl' which couldn't be found
Call Stack (most recent call first):
  /home/ros/sigyn_microros_ws/firmware/mcu_ws/install/share/rcutils/cmake/rcutilsConfig.cmake:41 (include)
  /home/ros/sigyn_microros_ws/firmware/mcu_ws/install/share/rosidl_runtime_c/cmake/ament_cmake_export_dependencies-extras.cmake:21 (find_package)
  /home/ros/sigyn_microros_ws/firmware/mcu_ws/install/share/rosidl_runtime_c/cmake/rosidl_runtime_cConfig.cmake:41 (include)
  /home/ros/sigyn_microros_ws/firmware/mcu_ws/install/share/rosidl_typesupport_introspection_c/cmake/ament_cmake_export_dependencies-extras.cmake:21 (find_package)
  /home/ros/sigyn_microros_ws/firmware/mcu_ws/install/share/rosidl_typesupport_introspection_c/cmake/rosidl_typesupport_introspection_cConfig.cmake:41 (include)
  /home/ros/sigyn_microros_ws/firmware/mcu_ws/install/share/rosidl_typesupport_c/cmake/rosidl_typesupport_c-extras.cmake:13 (find_package)
  /home/ros/sigyn_microros_ws/firmware/mcu_ws/install/share/rosidl_typesupport_c/cmake/rosidl_typesupport_cConfig.cmake:41 (include)
  /home/ros/sigyn_microros_ws/firmware/mcu_ws/install/share/rosidl_default_generators/cmake/rosidl_default_generators-extras.cmake:21 (find_package)
  /home/ros/sigyn_microros_ws/firmware/mcu_ws/install/share/rosidl_default_generators/cmake/rosidl_default_generatorsConfig.cmake:41 (include)
  CMakeLists.txt:14 (find_package)

[0m
-- Found ament_cmake_ros: 0.10.0 (/home/ros/sigyn_microros_ws/firmware/dev_ws/install/ament_cmake_ros/share/ament_cmake_ros/cmake)
-- Using all available rosidl_typesupport_c: rosidl_typesupport_introspection_c;rosidl_typesupport_microxrcedds_c
-- Configuring done
-- Generating done
-- Build files have been written to: /home/ros/sigyn_microros_ws/firmware/mcu_ws/build/builtin_interfaces
/usr/bin/cmake -S/home/ros/sigyn_microros_ws/firmware/mcu_ws/ros2/rcl_interfaces/builtin_interfaces -B/home/ros/sigyn_microros_ws/firmware/mcu_ws/build/builtin_interfaces --check-build-system CMakeFiles/Makefile.cmake 0
/usr/bin/cmake -E cmake_progress_start /home/ros/sigyn_microros_ws/firmware/mcu_ws/build/builtin_interfaces/CMakeFiles /home/ros/sigyn_microros_ws/firmware/mcu_ws/build/builtin_interfaces//CMakeFiles/progress.marks
/usr/bin/gmake  -f CMakeFiles/Makefile2 all
gmake[1]: Entering directory '/home/ros/sigyn_microros_ws/firmware/mcu_ws/build/builtin_interfaces'
/usr/bin/gmake  -f CMakeFiles/builtin_interfaces__rosidl_generator_c.dir/build.make CMakeFiles/builtin_interfaces__rosidl_generator_c.dir/depend
gmake[2]: Entering directory '/home/ros/sigyn_microros_ws/firmware/mcu_ws/build/builtin_interfaces'
[  6%] [34m[1mGenerating C code for ROS interfaces[0m
/usr/bin/python3 /home/ros/sigyn_microros_ws/firmware/mcu_ws/install/share/rosidl_generator_c/cmake/../../../lib/rosidl_generator_c/rosidl_generator_c --generator-arguments-file /home/ros/sigyn_microros_ws/firmware/mcu_ws/build/builtin_interfaces/rosidl_generator_c__arguments.json
cd /home/ros/sigyn_microros_ws/firmware/mcu_ws/build/builtin_interfaces && /usr/bin/cmake -E cmake_depends "Unix Makefiles" /home/ros/sigyn_microros_ws/firmware/mcu_ws/ros2/rcl_interfaces/builtin_interfaces /home/ros/sigyn_microros_ws/firmware/mcu_ws/ros2/rcl_interfaces/builtin_interfaces /home/ros/sigyn_microros_ws/firmware/mcu_ws/build/builtin_interfaces /home/ros/sigyn_microros_ws/firmware/mcu_ws/build/builtin_interfaces /home/ros/sigyn_microros_ws/firmware/mcu_ws/build/builtin_interfaces/CMakeFiles/builtin_interfaces__rosidl_generator_c.dir/DependInfo.cmake --color=
gmake[2]: Leaving directory '/home/ros/sigyn_microros_ws/firmware/mcu_ws/build/builtin_interfaces'
/usr/bin/gmake  -f CMakeFiles/builtin_interfaces__rosidl_generator_c.dir/build.make CMakeFiles/builtin_interfaces__rosidl_generator_c.dir/build
gmake[2]: Entering directory '/home/ros/sigyn_microros_ws/firmware/mcu_ws/build/builtin_interfaces'
[ 18%] [32mBuilding C object CMakeFiles/builtin_interfaces__rosidl_generator_c.dir/rosidl_generator_c/builtin_interfaces/msg/detail/duration__functions.c.obj[0m
[ 18%] [32mBuilding C object CMakeFiles/builtin_interfaces__rosidl_generator_c.dir/rosidl_generator_c/builtin_interfaces/msg/detail/time__functions.c.obj[0m
/home/ros/aa-arduino-1.8.19/hardware/tools/arm/bin/arm-none-eabi-gcc -DROS_PACKAGE_NAME=\"builtin_interfaces\" -I/home/ros/sigyn_microros_ws/firmware/mcu_ws/build/builtin_interfaces/rosidl_generator_c -isystem /home/ros/sigyn_microros_ws/firmware/mcu_ws/install/include/rosidl_runtime_c -isystem /home/ros/sigyn_microros_ws/firmware/mcu_ws/install/include/rcutils -isystem /home/ros/sigyn_microros_ws/firmware/mcu_ws/install/include/rosidl_typesupport_interface -std=c11 -O2 -mfloat-abi=hard -mfpu=fpv5-d16 -ffunction-sections -fdata-sections -fno-exceptions -nostdlib -mcpu=cortex-m7 -mthumb -D'RCUTILS_LOG_MIN_SEVERITY=RCUTILS_LOG_MIN_SEVERITY_NONE' -DCLOCK_MONOTONIC=0 -D'__attribute__(x)=' -O3 -DNDEBUG -Wall -MD -MT CMakeFiles/builtin_interfaces__rosidl_generator_c.dir/rosidl_generator_c/builtin_interfaces/msg/detail/duration__functions.c.obj -MF CMakeFiles/builtin_interfaces__rosidl_generator_c.dir/rosidl_generator_c/builtin_interfaces/msg/detail/duration__functions.c.obj.d -o CMakeFiles/builtin_interfaces__rosidl_generator_c.dir/rosidl_generator_c/builtin_interfaces/msg/detail/duration__functions.c.obj -c /home/ros/sigyn_microros_ws/firmware/mcu_ws/build/builtin_interfaces/rosidl_generator_c/builtin_interfaces/msg/detail/duration__functions.c
/home/ros/aa-arduino-1.8.19/hardware/tools/arm/bin/arm-none-eabi-gcc -DROS_PACKAGE_NAME=\"builtin_interfaces\" -I/home/ros/sigyn_microros_ws/firmware/mcu_ws/build/builtin_interfaces/rosidl_generator_c -isystem /home/ros/sigyn_microros_ws/firmware/mcu_ws/install/include/rosidl_runtime_c -isystem /home/ros/sigyn_microros_ws/firmware/mcu_ws/install/include/rcutils -isystem /home/ros/sigyn_microros_ws/firmware/mcu_ws/install/include/rosidl_typesupport_interface -std=c11 -O2 -mfloat-abi=hard -mfpu=fpv5-d16 -ffunction-sections -fdata-sections -fno-exceptions -nostdlib -mcpu=cortex-m7 -mthumb -D'RCUTILS_LOG_MIN_SEVERITY=RCUTILS_LOG_MIN_SEVERITY_NONE' -DCLOCK_MONOTONIC=0 -D'__attribute__(x)=' -O3 -DNDEBUG -Wall -MD -MT CMakeFiles/builtin_interfaces__rosidl_generator_c.dir/rosidl_generator_c/builtin_interfaces/msg/detail/time__functions.c.obj -MF CMakeFiles/builtin_interfaces__rosidl_generator_c.dir/rosidl_generator_c/builtin_interfaces/msg/detail/time__functions.c.obj.d -o CMakeFiles/builtin_interfaces__rosidl_generator_c.dir/rosidl_generator_c/builtin_interfaces/msg/detail/time__functions.c.obj -c /home/ros/sigyn_microros_ws/firmware/mcu_ws/build/builtin_interfaces/rosidl_generator_c/builtin_interfaces/msg/detail/time__functions.c
[ 25%] [32m[1mLinking C static library libbuiltin_interfaces__rosidl_generator_c.a[0m
/usr/bin/cmake -P CMakeFiles/builtin_interfaces__rosidl_generator_c.dir/cmake_clean_target.cmake
/usr/bin/cmake -E cmake_link_script CMakeFiles/builtin_interfaces__rosidl_generator_c.dir/link.txt --verbose=1
/usr/bin/ar qc libbuiltin_interfaces__rosidl_generator_c.a CMakeFiles/builtin_interfaces__rosidl_generator_c.dir/rosidl_generator_c/builtin_interfaces/msg/detail/duration__functions.c.obj CMakeFiles/builtin_interfaces__rosidl_generator_c.dir/rosidl_generator_c/builtin_interfaces/msg/detail/time__functions.c.obj
/usr/bin/ranlib libbuiltin_interfaces__rosidl_generator_c.a
gmake[2]: Leaving directory '/home/ros/sigyn_microros_ws/firmware/mcu_ws/build/builtin_interfaces'
[ 25%] Built target builtin_interfaces__rosidl_generator_c
/usr/bin/gmake  -f CMakeFiles/builtin_interfaces__rosidl_typesupport_introspection_c.dir/build.make CMakeFiles/builtin_interfaces__rosidl_typesupport_introspection_c.dir/depend
/usr/bin/gmake  -f CMakeFiles/builtin_interfaces__rosidl_typesupport_microxrcedds_c.dir/build.make CMakeFiles/builtin_interfaces__rosidl_typesupport_microxrcedds_c.dir/depend
/usr/bin/gmake  -f CMakeFiles/builtin_interfaces__rosidl_typesupport_c.dir/build.make CMakeFiles/builtin_interfaces__rosidl_typesupport_c.dir/depend
gmake[2]: Entering directory '/home/ros/sigyn_microros_ws/firmware/mcu_ws/build/builtin_interfaces'
gmake[2]: Entering directory '/home/ros/sigyn_microros_ws/firmware/mcu_ws/build/builtin_interfaces'
gmake[2]: Entering directory '/home/ros/sigyn_microros_ws/firmware/mcu_ws/build/builtin_interfaces'
[ 37%] [34m[1mGenerating C introspection for ROS interfaces[0m
[ 37%] [34m[1mGenerating C type support dispatch for ROS interfaces[0m
/usr/bin/python3 /home/ros/sigyn_microros_ws/firmware/mcu_ws/install/lib/rosidl_typesupport_c/rosidl_typesupport_c --generator-arguments-file /home/ros/sigyn_microros_ws/firmware/mcu_ws/build/builtin_interfaces/rosidl_typesupport_c__arguments.json --typesupports rosidl_typesupport_introspection_c rosidl_typesupport_microxrcedds_c
/usr/bin/python3 /home/ros/sigyn_microros_ws/firmware/mcu_ws/install/lib/rosidl_typesupport_introspection_c/rosidl_typesupport_introspection_c --generator-arguments-file /home/ros/sigyn_microros_ws/firmware/mcu_ws/build/builtin_interfaces/rosidl_typesupport_introspection_c__arguments.json
[ 43%] [34m[1mGenerating C type support for eProsima Micro XRCE-DDS[0m
/usr/bin/python3 /home/ros/sigyn_microros_ws/firmware/mcu_ws/install/lib/rosidl_typesupport_microxrcedds_c/rosidl_typesupport_microxrcedds_c --generator-arguments-file /home/ros/sigyn_microros_ws/firmware/mcu_ws/build/builtin_interfaces/rosidl_typesupport_microxrcedds_c__arguments.json
cd /home/ros/sigyn_microros_ws/firmware/mcu_ws/build/builtin_interfaces && /usr/bin/cmake -E cmake_depends "Unix Makefiles" /home/ros/sigyn_microros_ws/firmware/mcu_ws/ros2/rcl_interfaces/builtin_interfaces /home/ros/sigyn_microros_ws/firmware/mcu_ws/ros2/rcl_interfaces/builtin_interfaces /home/ros/sigyn_microros_ws/firmware/mcu_ws/build/builtin_interfaces /home/ros/sigyn_microros_ws/firmware/mcu_ws/build/builtin_interfaces /home/ros/sigyn_microros_ws/firmware/mcu_ws/build/builtin_interfaces/CMakeFiles/builtin_interfaces__rosidl_typesupport_c.dir/DependInfo.cmake --color=
cd /home/ros/sigyn_microros_ws/firmware/mcu_ws/build/builtin_interfaces && /usr/bin/cmake -E cmake_depends "Unix Makefiles" /home/ros/sigyn_microros_ws/firmware/mcu_ws/ros2/rcl_interfaces/builtin_interfaces /home/ros/sigyn_microros_ws/firmware/mcu_ws/ros2/rcl_interfaces/builtin_interfaces /home/ros/sigyn_microros_ws/firmware/mcu_ws/build/builtin_interfaces /home/ros/sigyn_microros_ws/firmware/mcu_ws/build/builtin_interfaces /home/ros/sigyn_microros_ws/firmware/mcu_ws/build/builtin_interfaces/CMakeFiles/builtin_interfaces__rosidl_typesupport_introspection_c.dir/DependInfo.cmake --color=
gmake[2]: Leaving directory '/home/ros/sigyn_microros_ws/firmware/mcu_ws/build/builtin_interfaces'
/usr/bin/gmake  -f CMakeFiles/builtin_interfaces__rosidl_typesupport_c.dir/build.make CMakeFiles/builtin_interfaces__rosidl_typesupport_c.dir/build
gmake[2]: Entering directory '/home/ros/sigyn_microros_ws/firmware/mcu_ws/build/builtin_interfaces'
gmake[2]: Leaving directory '/home/ros/sigyn_microros_ws/firmware/mcu_ws/build/builtin_interfaces'
/usr/bin/gmake  -f CMakeFiles/builtin_interfaces__rosidl_typesupport_introspection_c.dir/build.make CMakeFiles/builtin_interfaces__rosidl_typesupport_introspection_c.dir/build
[ 50%] [32mBuilding CXX object CMakeFiles/builtin_interfaces__rosidl_typesupport_c.dir/rosidl_typesupport_c/builtin_interfaces/msg/duration__type_support.cpp.obj[0m
[ 56%] [32mBuilding CXX object CMakeFiles/builtin_interfaces__rosidl_typesupport_c.dir/rosidl_typesupport_c/builtin_interfaces/msg/time__type_support.cpp.obj[0m
/home/ros/aa-arduino-1.8.19/hardware/tools/arm/bin/arm-none-eabi-g++ -DROSIDL_TYPESUPPORT_STATIC_TYPESUPPORT -DROS_PACKAGE_NAME=\"builtin_interfaces\" -I/home/ros/sigyn_microros_ws/firmware/mcu_ws/build/builtin_interfaces/rosidl_generator_c -isystem /home/ros/sigyn_microros_ws/firmware/mcu_ws/install/include/rosidl_runtime_c -isystem /home/ros/sigyn_microros_ws/firmware/mcu_ws/install/include/rcutils -isystem /home/ros/sigyn_microros_ws/firmware/mcu_ws/install/include/rosidl_typesupport_interface -isystem /home/ros/sigyn_microros_ws/firmware/mcu_ws/install/include/rosidl_typesupport_c -std=c++14 -O2 -mfloat-abi=hard -mfpu=fpv5-d16 -ffunction-sections -fdata-sections -fno-exceptions -nostdlib -mcpu=cortex-m7 -mthumb -D'RCUTILS_LOG_MIN_SEVERITY=RCUTILS_LOG_MIN_SEVERITY_NONE' -fno-rtti -DCLOCK_MONOTONIC=0 -D'__attribute__(x)=' -O3 -DNDEBUG -Wall -std=gnu++14 -MD -MT CMakeFiles/builtin_interfaces__rosidl_typesupport_c.dir/rosidl_typesupport_c/builtin_interfaces/msg/duration__type_support.cpp.obj -MF CMakeFiles/builtin_interfaces__rosidl_typesupport_c.dir/rosidl_typesupport_c/builtin_interfaces/msg/duration__type_support.cpp.obj.d -o CMakeFiles/builtin_interfaces__rosidl_typesupport_c.dir/rosidl_typesupport_c/builtin_interfaces/msg/duration__type_support.cpp.obj -c /home/ros/sigyn_microros_ws/firmware/mcu_ws/build/builtin_interfaces/rosidl_typesupport_c/builtin_interfaces/msg/duration__type_support.cpp
gmake[2]: Entering directory '/home/ros/sigyn_microros_ws/firmware/mcu_ws/build/builtin_interfaces'
/home/ros/aa-arduino-1.8.19/hardware/tools/arm/bin/arm-none-eabi-g++ -DROSIDL_TYPESUPPORT_STATIC_TYPESUPPORT -DROS_PACKAGE_NAME=\"builtin_interfaces\" -I/home/ros/sigyn_microros_ws/firmware/mcu_ws/build/builtin_interfaces/rosidl_generator_c -isystem /home/ros/sigyn_microros_ws/firmware/mcu_ws/install/include/rosidl_runtime_c -isystem /home/ros/sigyn_microros_ws/firmware/mcu_ws/install/include/rcutils -isystem /home/ros/sigyn_microros_ws/firmware/mcu_ws/install/include/rosidl_typesupport_interface -isystem /home/ros/sigyn_microros_ws/firmware/mcu_ws/install/include/rosidl_typesupport_c -std=c++14 -O2 -mfloat-abi=hard -mfpu=fpv5-d16 -ffunction-sections -fdata-sections -fno-exceptions -nostdlib -mcpu=cortex-m7 -mthumb -D'RCUTILS_LOG_MIN_SEVERITY=RCUTILS_LOG_MIN_SEVERITY_NONE' -fno-rtti -DCLOCK_MONOTONIC=0 -D'__attribute__(x)=' -O3 -DNDEBUG -Wall -std=gnu++14 -MD -MT CMakeFiles/builtin_interfaces__rosidl_typesupport_c.dir/rosidl_typesupport_c/builtin_interfaces/msg/time__type_support.cpp.obj -MF CMakeFiles/builtin_interfaces__rosidl_typesupport_c.dir/rosidl_typesupport_c/builtin_interfaces/msg/time__type_support.cpp.obj.d -o CMakeFiles/builtin_interfaces__rosidl_typesupport_c.dir/rosidl_typesupport_c/builtin_interfaces/msg/time__type_support.cpp.obj -c /home/ros/sigyn_microros_ws/firmware/mcu_ws/build/builtin_interfaces/rosidl_typesupport_c/builtin_interfaces/msg/time__type_support.cpp
[ 68%] [32mBuilding C object CMakeFiles/builtin_interfaces__rosidl_typesupport_introspection_c.dir/rosidl_typesupport_introspection_c/builtin_interfaces/msg/detail/duration__type_support.c.obj[0m
[ 68%] [32mBuilding C object CMakeFiles/builtin_interfaces__rosidl_typesupport_introspection_c.dir/rosidl_typesupport_introspection_c/builtin_interfaces/msg/detail/time__type_support.c.obj[0m
/home/ros/aa-arduino-1.8.19/hardware/tools/arm/bin/arm-none-eabi-gcc -DROS_PACKAGE_NAME=\"builtin_interfaces\" -I/home/ros/sigyn_microros_ws/firmware/mcu_ws/build/builtin_interfaces/rosidl_typesupport_introspection_c -I/home/ros/sigyn_microros_ws/firmware/mcu_ws/build/builtin_interfaces/rosidl_generator_c -isystem /home/ros/sigyn_microros_ws/firmware/mcu_ws/install/include/rosidl_runtime_c -isystem /home/ros/sigyn_microros_ws/firmware/mcu_ws/install/include/rcutils -isystem /home/ros/sigyn_microros_ws/firmware/mcu_ws/install/include/rosidl_typesupport_interface -isystem /home/ros/sigyn_microros_ws/firmware/mcu_ws/install/include/rosidl_typesupport_introspection_c -std=c11 -O2 -mfloat-abi=hard -mfpu=fpv5-d16 -ffunction-sections -fdata-sections -fno-exceptions -nostdlib -mcpu=cortex-m7 -mthumb -D'RCUTILS_LOG_MIN_SEVERITY=RCUTILS_LOG_MIN_SEVERITY_NONE' -DCLOCK_MONOTONIC=0 -D'__attribute__(x)=' -O3 -DNDEBUG -Wall -MD -MT CMakeFiles/builtin_interfaces__rosidl_typesupport_introspection_c.dir/rosidl_typesupport_introspection_c/builtin_interfaces/msg/detail/duration__type_support.c.obj -MF CMakeFiles/builtin_interfaces__rosidl_typesupport_introspection_c.dir/rosidl_typesupport_introspection_c/builtin_interfaces/msg/detail/duration__type_support.c.obj.d -o CMakeFiles/builtin_interfaces__rosidl_typesupport_introspection_c.dir/rosidl_typesupport_introspection_c/builtin_interfaces/msg/detail/duration__type_support.c.obj -c /home/ros/sigyn_microros_ws/firmware/mcu_ws/build/builtin_interfaces/rosidl_typesupport_introspection_c/builtin_interfaces/msg/detail/duration__type_support.c
/home/ros/aa-arduino-1.8.19/hardware/tools/arm/bin/arm-none-eabi-gcc -DROS_PACKAGE_NAME=\"builtin_interfaces\" -I/home/ros/sigyn_microros_ws/firmware/mcu_ws/build/builtin_interfaces/rosidl_typesupport_introspection_c -I/home/ros/sigyn_microros_ws/firmware/mcu_ws/build/builtin_interfaces/rosidl_generator_c -isystem /home/ros/sigyn_microros_ws/firmware/mcu_ws/install/include/rosidl_runtime_c -isystem /home/ros/sigyn_microros_ws/firmware/mcu_ws/install/include/rcutils -isystem /home/ros/sigyn_microros_ws/firmware/mcu_ws/install/include/rosidl_typesupport_interface -isystem /home/ros/sigyn_microros_ws/firmware/mcu_ws/install/include/rosidl_typesupport_introspection_c -std=c11 -O2 -mfloat-abi=hard -mfpu=fpv5-d16 -ffunction-sections -fdata-sections -fno-exceptions -nostdlib -mcpu=cortex-m7 -mthumb -D'RCUTILS_LOG_MIN_SEVERITY=RCUTILS_LOG_MIN_SEVERITY_NONE' -DCLOCK_MONOTONIC=0 -D'__attribute__(x)=' -O3 -DNDEBUG -Wall -MD -MT CMakeFiles/builtin_interfaces__rosidl_typesupport_introspection_c.dir/rosidl_typesupport_introspection_c/builtin_interfaces/msg/detail/time__type_support.c.obj -MF CMakeFiles/builtin_interfaces__rosidl_typesupport_introspection_c.dir/rosidl_typesupport_introspection_c/builtin_interfaces/msg/detail/time__type_support.c.obj.d -o CMakeFiles/builtin_interfaces__rosidl_typesupport_introspection_c.dir/rosidl_typesupport_introspection_c/builtin_interfaces/msg/detail/time__type_support.c.obj -c /home/ros/sigyn_microros_ws/firmware/mcu_ws/build/builtin_interfaces/rosidl_typesupport_introspection_c/builtin_interfaces/msg/detail/time__type_support.c
[ 75%] [32m[1mLinking CXX static library libbuiltin_interfaces__rosidl_typesupport_c.a[0m
/usr/bin/cmake -P CMakeFiles/builtin_interfaces__rosidl_typesupport_c.dir/cmake_clean_target.cmake
/usr/bin/cmake -E cmake_link_script CMakeFiles/builtin_interfaces__rosidl_typesupport_c.dir/link.txt --verbose=1
[ 81%] [32m[1mLinking C static library libbuiltin_interfaces__rosidl_typesupport_introspection_c.a[0m
cd /home/ros/sigyn_microros_ws/firmware/mcu_ws/build/builtin_interfaces && /usr/bin/cmake -E cmake_depends "Unix Makefiles" /home/ros/sigyn_microros_ws/firmware/mcu_ws/ros2/rcl_interfaces/builtin_interfaces /home/ros/sigyn_microros_ws/firmware/mcu_ws/ros2/rcl_interfaces/builtin_interfaces /home/ros/sigyn_microros_ws/firmware/mcu_ws/build/builtin_interfaces /home/ros/sigyn_microros_ws/firmware/mcu_ws/build/builtin_interfaces /home/ros/sigyn_microros_ws/firmware/mcu_ws/build/builtin_interfaces/CMakeFiles/builtin_interfaces__rosidl_typesupport_microxrcedds_c.dir/DependInfo.cmake --color=
/usr/bin/cmake -P CMakeFiles/builtin_interfaces__rosidl_typesupport_introspection_c.dir/cmake_clean_target.cmake
/usr/bin/ar qc libbuiltin_interfaces__rosidl_typesupport_c.a CMakeFiles/builtin_interfaces__rosidl_typesupport_c.dir/rosidl_typesupport_c/builtin_interfaces/msg/duration__type_support.cpp.obj CMakeFiles/builtin_interfaces__rosidl_typesupport_c.dir/rosidl_typesupport_c/builtin_interfaces/msg/time__type_support.cpp.obj
gmake[2]: Leaving directory '/home/ros/sigyn_microros_ws/firmware/mcu_ws/build/builtin_interfaces'
/usr/bin/gmake  -f CMakeFiles/builtin_interfaces__rosidl_typesupport_microxrcedds_c.dir/build.make CMakeFiles/builtin_interfaces__rosidl_typesupport_microxrcedds_c.dir/build
/usr/bin/cmake -E cmake_link_script CMakeFiles/builtin_interfaces__rosidl_typesupport_introspection_c.dir/link.txt --verbose=1
gmake[2]: Entering directory '/home/ros/sigyn_microros_ws/firmware/mcu_ws/build/builtin_interfaces'
/usr/bin/ar qc libbuiltin_interfaces__rosidl_typesupport_introspection_c.a CMakeFiles/builtin_interfaces__rosidl_typesupport_introspection_c.dir/rosidl_typesupport_introspection_c/builtin_interfaces/msg/detail/duration__type_support.c.obj CMakeFiles/builtin_interfaces__rosidl_typesupport_introspection_c.dir/rosidl_typesupport_introspection_c/builtin_interfaces/msg/detail/time__type_support.c.obj
[ 87%] [32mBuilding C object CMakeFiles/builtin_interfaces__rosidl_typesupport_microxrcedds_c.dir/rosidl_typesupport_microxrcedds_c/builtin_interfaces/msg/detail/microxrcedds/duration__type_support_c.c.obj[0m
/home/ros/aa-arduino-1.8.19/hardware/tools/arm/bin/arm-none-eabi-gcc -DROS_PACKAGE_NAME=\"builtin_interfaces\" -I/home/ros/sigyn_microros_ws/firmware/mcu_ws/build/builtin_interfaces/rosidl_generator_c -I/home/ros/sigyn_microros_ws/firmware/mcu_ws/build/builtin_interfaces/rosidl_typesupport_microxrcedds_c -isystem /home/ros/sigyn_microros_ws/firmware/mcu_ws/install/include/rmw -isystem /home/ros/sigyn_microros_ws/firmware/mcu_ws/install/include/rosidl_runtime_c -isystem /home/ros/sigyn_microros_ws/firmware/mcu_ws/install/include -isystem /home/ros/sigyn_microros_ws/firmware/mcu_ws/install/include/rosidl_typesupport_interface -isystem /home/ros/sigyn_microros_ws/firmware/mcu_ws/install/include/rcutils -std=c11 -O2 -mfloat-abi=hard -mfpu=fpv5-d16 -ffunction-sections -fdata-sections -fno-exceptions -nostdlib -mcpu=cortex-m7 -mthumb -D'RCUTILS_LOG_MIN_SEVERITY=RCUTILS_LOG_MIN_SEVERITY_NONE' -DCLOCK_MONOTONIC=0 -D'__attribute__(x)=' -O3 -DNDEBUG -Wall -Wextra -Wpedantic -std=gnu99 -MD -MT CMakeFiles/builtin_interfaces__rosidl_typesupport_microxrcedds_c.dir/rosidl_typesupport_microxrcedds_c/builtin_interfaces/msg/detail/microxrcedds/duration__type_support_c.c.obj -MF CMakeFiles/builtin_interfaces__rosidl_typesupport_microxrcedds_c.dir/rosidl_typesupport_microxrcedds_c/builtin_interfaces/msg/detail/microxrcedds/duration__type_support_c.c.obj.d -o CMakeFiles/builtin_interfaces__rosidl_typesupport_microxrcedds_c.dir/rosidl_typesupport_microxrcedds_c/builtin_interfaces/msg/detail/microxrcedds/duration__type_support_c.c.obj -c /home/ros/sigyn_microros_ws/firmware/mcu_ws/build/builtin_interfaces/rosidl_typesupport_microxrcedds_c/builtin_interfaces/msg/detail/microxrcedds/duration__type_support_c.c
[ 93%] [32mBuilding C object CMakeFiles/builtin_interfaces__rosidl_typesupport_microxrcedds_c.dir/rosidl_typesupport_microxrcedds_c/builtin_interfaces/msg/detail/microxrcedds/time__type_support_c.c.obj[0m
/home/ros/aa-arduino-1.8.19/hardware/tools/arm/bin/arm-none-eabi-gcc -DROS_PACKAGE_NAME=\"builtin_interfaces\" -I/home/ros/sigyn_microros_ws/firmware/mcu_ws/build/builtin_interfaces/rosidl_generator_c -I/home/ros/sigyn_microros_ws/firmware/mcu_ws/build/builtin_interfaces/rosidl_typesupport_microxrcedds_c -isystem /home/ros/sigyn_microros_ws/firmware/mcu_ws/install/include/rmw -isystem /home/ros/sigyn_microros_ws/firmware/mcu_ws/install/include/rosidl_runtime_c -isystem /home/ros/sigyn_microros_ws/firmware/mcu_ws/install/include -isystem /home/ros/sigyn_microros_ws/firmware/mcu_ws/install/include/rosidl_typesupport_interface -isystem /home/ros/sigyn_microros_ws/firmware/mcu_ws/install/include/rcutils -std=c11 -O2 -mfloat-abi=hard -mfpu=fpv5-d16 -ffunction-sections -fdata-sections -fno-exceptions -nostdlib -mcpu=cortex-m7 -mthumb -D'RCUTILS_LOG_MIN_SEVERITY=RCUTILS_LOG_MIN_SEVERITY_NONE' -DCLOCK_MONOTONIC=0 -D'__attribute__(x)=' -O3 -DNDEBUG -Wall -Wextra -Wpedantic -std=gnu99 -MD -MT CMakeFiles/builtin_interfaces__rosidl_typesupport_microxrcedds_c.dir/rosidl_typesupport_microxrcedds_c/builtin_interfaces/msg/detail/microxrcedds/time__type_support_c.c.obj -MF CMakeFiles/builtin_interfaces__rosidl_typesupport_microxrcedds_c.dir/rosidl_typesupport_microxrcedds_c/builtin_interfaces/msg/detail/microxrcedds/time__type_support_c.c.obj.d -o CMakeFiles/builtin_interfaces__rosidl_typesupport_microxrcedds_c.dir/rosidl_typesupport_microxrcedds_c/builtin_interfaces/msg/detail/microxrcedds/time__type_support_c.c.obj -c /home/ros/sigyn_microros_ws/firmware/mcu_ws/build/builtin_interfaces/rosidl_typesupport_microxrcedds_c/builtin_interfaces/msg/detail/microxrcedds/time__type_support_c.c
/usr/bin/ranlib libbuiltin_interfaces__rosidl_typesupport_c.a
/usr/bin/ranlib libbuiltin_interfaces__rosidl_typesupport_introspection_c.a
gmake[2]: Leaving directory '/home/ros/sigyn_microros_ws/firmware/mcu_ws/build/builtin_interfaces'
[ 93%] Built target builtin_interfaces__rosidl_typesupport_c
gmake[2]: Leaving directory '/home/ros/sigyn_microros_ws/firmware/mcu_ws/build/builtin_interfaces'
[100%] [32m[1mLinking C static library libbuiltin_interfaces__rosidl_typesupport_microxrcedds_c.a[0m
/usr/bin/cmake -P CMakeFiles/builtin_interfaces__rosidl_typesupport_microxrcedds_c.dir/cmake_clean_target.cmake
[100%] Built target builtin_interfaces__rosidl_typesupport_introspection_c
/usr/bin/cmake -E cmake_link_script CMakeFiles/builtin_interfaces__rosidl_typesupport_microxrcedds_c.dir/link.txt --verbose=1
/usr/bin/ar qc libbuiltin_interfaces__rosidl_typesupport_microxrcedds_c.a CMakeFiles/builtin_interfaces__rosidl_typesupport_microxrcedds_c.dir/rosidl_typesupport_microxrcedds_c/builtin_interfaces/msg/detail/microxrcedds/duration__type_support_c.c.obj CMakeFiles/builtin_interfaces__rosidl_typesupport_microxrcedds_c.dir/rosidl_typesupport_microxrcedds_c/builtin_interfaces/msg/detail/microxrcedds/time__type_support_c.c.obj
/usr/bin/ranlib libbuiltin_interfaces__rosidl_typesupport_microxrcedds_c.a
gmake[2]: Leaving directory '/home/ros/sigyn_microros_ws/firmware/mcu_ws/build/builtin_interfaces'
[100%] Built target builtin_interfaces__rosidl_typesupport_microxrcedds_c
/usr/bin/gmake  -f CMakeFiles/builtin_interfaces.dir/build.make CMakeFiles/builtin_interfaces.dir/depend
gmake[2]: Entering directory '/home/ros/sigyn_microros_ws/firmware/mcu_ws/build/builtin_interfaces'
cd /home/ros/sigyn_microros_ws/firmware/mcu_ws/build/builtin_interfaces && /usr/bin/cmake -E cmake_depends "Unix Makefiles" /home/ros/sigyn_microros_ws/firmware/mcu_ws/ros2/rcl_interfaces/builtin_interfaces /home/ros/sigyn_microros_ws/firmware/mcu_ws/ros2/rcl_interfaces/builtin_interfaces /home/ros/sigyn_microros_ws/firmware/mcu_ws/build/builtin_interfaces /home/ros/sigyn_microros_ws/firmware/mcu_ws/build/builtin_interfaces /home/ros/sigyn_microros_ws/firmware/mcu_ws/build/builtin_interfaces/CMakeFiles/builtin_interfaces.dir/DependInfo.cmake --color=
gmake[2]: Leaving directory '/home/ros/sigyn_microros_ws/firmware/mcu_ws/build/builtin_interfaces'
/usr/bin/gmake  -f CMakeFiles/builtin_interfaces.dir/build.make CMakeFiles/builtin_interfaces.dir/build
gmake[2]: Entering directory '/home/ros/sigyn_microros_ws/firmware/mcu_ws/build/builtin_interfaces'
gmake[2]: Nothing to be done for 'CMakeFiles/builtin_interfaces.dir/build'.
gmake[2]: Leaving directory '/home/ros/sigyn_microros_ws/firmware/mcu_ws/build/builtin_interfaces'
[100%] Built target builtin_interfaces
gmake[1]: Leaving directory '/home/ros/sigyn_microros_ws/firmware/mcu_ws/build/builtin_interfaces'
/usr/bin/cmake -E cmake_progress_start /home/ros/sigyn_microros_ws/firmware/mcu_ws/build/builtin_interfaces/CMakeFiles 0
-- Install configuration: "Release"
-- Installing: /home/ros/sigyn_microros_ws/firmware/mcu_ws/install/share/ament_index/resource_index/rosidl_interfaces/builtin_interfaces
-- Installing: /home/ros/sigyn_microros_ws/firmware/mcu_ws/install/include/builtin_interfaces/builtin_interfaces
-- Installing: /home/ros/sigyn_microros_ws/firmware/mcu_ws/install/include/builtin_interfaces/builtin_interfaces/msg
-- Installing: /home/ros/sigyn_microros_ws/firmware/mcu_ws/install/include/builtin_interfaces/builtin_interfaces/msg/time.h
-- Installing: /home/ros/sigyn_microros_ws/firmware/mcu_ws/install/include/builtin_interfaces/builtin_interfaces/msg/detail
-- Installing: /home/ros/sigyn_microros_ws/firmware/mcu_ws/install/include/builtin_interfaces/builtin_interfaces/msg/detail/time__struct.h
-- Installing: /home/ros/sigyn_microros_ws/firmware/mcu_ws/install/include/builtin_interfaces/builtin_interfaces/msg/detail/duration__struct.h
-- Installing: /home/ros/sigyn_microros_ws/firmware/mcu_ws/install/include/builtin_interfaces/builtin_interfaces/msg/detail/time__type_support.h
-- Installing: /home/ros/sigyn_microros_ws/firmware/mcu_ws/install/include/builtin_interfaces/builtin_interfaces/msg/detail/time__functions.c
-- Installing: /home/ros/sigyn_microros_ws/firmware/mcu_ws/install/include/builtin_interfaces/builtin_interfaces/msg/detail/duration__functions.h
-- Installing: /home/ros/sigyn_microros_ws/firmware/mcu_ws/install/include/builtin_interfaces/builtin_interfaces/msg/detail/time__functions.h
-- Installing: /home/ros/sigyn_microros_ws/firmware/mcu_ws/install/include/builtin_interfaces/builtin_interfaces/msg/detail/duration__type_support.h
-- Installing: /home/ros/sigyn_microros_ws/firmware/mcu_ws/install/include/builtin_interfaces/builtin_interfaces/msg/detail/duration__functions.c
-- Installing: /home/ros/sigyn_microros_ws/firmware/mcu_ws/install/include/builtin_interfaces/builtin_interfaces/msg/duration.h
-- Installing: /home/ros/sigyn_microros_ws/firmware/mcu_ws/install/include/builtin_interfaces/builtin_interfaces/msg/rosidl_generator_c__visibility_control.h
-- Installing: /home/ros/sigyn_microros_ws/firmware/mcu_ws/install/share/builtin_interfaces/environment/library_path.sh
-- Installing: /home/ros/sigyn_microros_ws/firmware/mcu_ws/install/share/builtin_interfaces/environment/library_path.dsv
-- Installing: /home/ros/sigyn_microros_ws/firmware/mcu_ws/install/lib/libbuiltin_interfaces__rosidl_generator_c.a
-- Up-to-date: /home/ros/sigyn_microros_ws/firmware/mcu_ws/install/include/builtin_interfaces/builtin_interfaces
-- Up-to-date: /home/ros/sigyn_microros_ws/firmware/mcu_ws/install/include/builtin_interfaces/builtin_interfaces/msg
-- Installing: /home/ros/sigyn_microros_ws/firmware/mcu_ws/install/include/builtin_interfaces/builtin_interfaces/msg/rosidl_typesupport_introspection_c__visibility_control.h
-- Up-to-date: /home/ros/sigyn_microros_ws/firmware/mcu_ws/install/include/builtin_interfaces/builtin_interfaces/msg/detail
-- Installing: /home/ros/sigyn_microros_ws/firmware/mcu_ws/install/include/builtin_interfaces/builtin_interfaces/msg/detail/duration__rosidl_typesupport_introspection_c.h
-- Installing: /home/ros/sigyn_microros_ws/firmware/mcu_ws/install/include/builtin_interfaces/builtin_interfaces/msg/detail/time__type_support.c
-- Installing: /home/ros/sigyn_microros_ws/firmware/mcu_ws/install/include/builtin_interfaces/builtin_interfaces/msg/detail/duration__type_support.c
-- Installing: /home/ros/sigyn_microros_ws/firmware/mcu_ws/install/include/builtin_interfaces/builtin_interfaces/msg/detail/time__rosidl_typesupport_introspection_c.h
-- Installing: /home/ros/sigyn_microros_ws/firmware/mcu_ws/install/lib/libbuiltin_interfaces__rosidl_typesupport_introspection_c.a
-- Up-to-date: /home/ros/sigyn_microros_ws/firmware/mcu_ws/install/include/builtin_interfaces
-- Installing: /home/ros/sigyn_microros_ws/firmware/mcu_ws/install/include/builtin_interfaces/msg
-- Installing: /home/ros/sigyn_microros_ws/firmware/mcu_ws/install/include/builtin_interfaces/msg/detail
-- Installing: /home/ros/sigyn_microros_ws/firmware/mcu_ws/install/include/builtin_interfaces/msg/detail/time__rosidl_typesupport_microxrcedds_c.h
-- Installing: /home/ros/sigyn_microros_ws/firmware/mcu_ws/install/include/builtin_interfaces/msg/detail/microxrcedds
-- Installing: /home/ros/sigyn_microros_ws/firmware/mcu_ws/install/include/builtin_interfaces/msg/detail/duration__rosidl_typesupport_microxrcedds_c.h
-- Installing: /home/ros/sigyn_microros_ws/firmware/mcu_ws/install/include/builtin_interfaces/msg/rosidl_typesupport_microxrcedds_c__visibility_control.h
-- Installing: /home/ros/sigyn_microros_ws/firmware/mcu_ws/install/lib/libbuiltin_interfaces__rosidl_typesupport_microxrcedds_c.a
-- Installing: /home/ros/sigyn_microros_ws/firmware/mcu_ws/install/lib/libbuiltin_interfaces__rosidl_typesupport_c.a
-- Installing: /home/ros/sigyn_microros_ws/firmware/mcu_ws/install/share/builtin_interfaces/msg/Duration.idl
-- Installing: /home/ros/sigyn_microros_ws/firmware/mcu_ws/install/share/builtin_interfaces/msg/Time.idl
-- Installing: /home/ros/sigyn_microros_ws/firmware/mcu_ws/install/share/builtin_interfaces/msg/Duration.msg
-- Installing: /home/ros/sigyn_microros_ws/firmware/mcu_ws/install/share/builtin_interfaces/msg/Time.msg
-- Installing: /home/ros/sigyn_microros_ws/firmware/mcu_ws/install/share/ament_index/resource_index/package_run_dependencies/builtin_interfaces
-- Installing: /home/ros/sigyn_microros_ws/firmware/mcu_ws/install/share/ament_index/resource_index/parent_prefix_path/builtin_interfaces
-- Installing: /home/ros/sigyn_microros_ws/firmware/mcu_ws/install/share/builtin_interfaces/environment/ament_prefix_path.sh
-- Installing: /home/ros/sigyn_microros_ws/firmware/mcu_ws/install/share/builtin_interfaces/environment/ament_prefix_path.dsv
-- Installing: /home/ros/sigyn_microros_ws/firmware/mcu_ws/install/share/builtin_interfaces/environment/path.sh
-- Installing: /home/ros/sigyn_microros_ws/firmware/mcu_ws/install/share/builtin_interfaces/environment/path.dsv
-- Installing: /home/ros/sigyn_microros_ws/firmware/mcu_ws/install/share/builtin_interfaces/local_setup.bash
-- Installing: /home/ros/sigyn_microros_ws/firmware/mcu_ws/install/share/builtin_interfaces/local_setup.sh
-- Installing: /home/ros/sigyn_microros_ws/firmware/mcu_ws/install/share/builtin_interfaces/local_setup.zsh
-- Installing: /home/ros/sigyn_microros_ws/firmware/mcu_ws/install/share/builtin_interfaces/local_setup.dsv
-- Installing: /home/ros/sigyn_microros_ws/firmware/mcu_ws/install/share/builtin_interfaces/package.dsv
-- Installing: /home/ros/sigyn_microros_ws/firmware/mcu_ws/install/share/ament_index/resource_index/packages/builtin_interfaces
-- Installing: /home/ros/sigyn_microros_ws/firmware/mcu_ws/install/share/builtin_interfaces/cmake/export_builtin_interfaces__rosidl_generator_cExport.cmake
-- Installing: /home/ros/sigyn_microros_ws/firmware/mcu_ws/install/share/builtin_interfaces/cmake/export_builtin_interfaces__rosidl_generator_cExport-release.cmake
-- Installing: /home/ros/sigyn_microros_ws/firmware/mcu_ws/install/share/builtin_interfaces/cmake/builtin_interfaces__rosidl_typesupport_introspection_cExport.cmake
-- Installing: /home/ros/sigyn_microros_ws/firmware/mcu_ws/install/share/builtin_interfaces/cmake/builtin_interfaces__rosidl_typesupport_introspection_cExport-release.cmake
-- Installing: /home/ros/sigyn_microros_ws/firmware/mcu_ws/install/share/builtin_interfaces/cmake/builtin_interfaces__rosidl_typesupport_cExport.cmake
-- Installing: /home/ros/sigyn_microros_ws/firmware/mcu_ws/install/share/builtin_interfaces/cmake/builtin_interfaces__rosidl_typesupport_cExport-release.cmake
-- Installing: /home/ros/sigyn_microros_ws/firmware/mcu_ws/install/share/builtin_interfaces/cmake/rosidl_cmake-extras.cmake
-- Installing: /home/ros/sigyn_microros_ws/firmware/mcu_ws/install/share/builtin_interfaces/cmake/ament_cmake_export_include_directories-extras.cmake
-- Installing: /home/ros/sigyn_microros_ws/firmware/mcu_ws/install/share/builtin_interfaces/cmake/ament_cmake_export_libraries-extras.cmake
-- Installing: /home/ros/sigyn_microros_ws/firmware/mcu_ws/install/share/builtin_interfaces/cmake/ament_cmake_export_targets-extras.cmake
-- Installing: /home/ros/sigyn_microros_ws/firmware/mcu_ws/install/share/builtin_interfaces/cmake/rosidl_cmake_export_typesupport_targets-extras.cmake
-- Installing: /home/ros/sigyn_microros_ws/firmware/mcu_ws/install/share/builtin_interfaces/cmake/ament_cmake_export_dependencies-extras.cmake
-- Installing: /home/ros/sigyn_microros_ws/firmware/mcu_ws/install/share/builtin_interfaces/cmake/rosidl_cmake_export_typesupport_libraries-extras.cmake
-- Installing: /home/ros/sigyn_microros_ws/firmware/mcu_ws/install/share/builtin_interfaces/cmake/builtin_interfacesConfig.cmake
-- Installing: /home/ros/sigyn_microros_ws/firmware/mcu_ws/install/share/builtin_interfaces/cmake/builtin_interfacesConfig-version.cmake
-- Installing: /home/ros/sigyn_microros_ws/firmware/mcu_ws/install/share/builtin_interfaces/package.xml
