[33mCMake Warning at /home/ros/sigyn_microros_ws/firmware/mcu_ws/install/share/rcutils/cmake/ament_cmake_export_libraries-extras.cmake:116 (message):
  Package 'rcutils' exports library 'dl' which couldn't be found
Call Stack (most recent call first):
  /home/ros/sigyn_microros_ws/firmware/mcu_ws/install/share/rcutils/cmake/rcutilsConfig.cmake:41 (include)
  /home/ros/sigyn_microros_ws/firmware/mcu_ws/install/share/rosidl_runtime_c/cmake/ament_cmake_export_dependencies-extras.cmake:21 (find_package)
  /home/ros/sigyn_microros_ws/firmware/mcu_ws/install/share/rosidl_runtime_c/cmake/rosidl_runtime_cConfig.cmake:41 (include)
  /home/ros/sigyn_microros_ws/firmware/mcu_ws/install/share/lifecycle_msgs/cmake/ament_cmake_export_dependencies-extras.cmake:21 (find_package)
  /home/ros/sigyn_microros_ws/firmware/mcu_ws/install/share/lifecycle_msgs/cmake/lifecycle_msgsConfig.cmake:41 (include)
  CMakeLists.txt:8 (find_package)

[0m
[01m[K/home/ros/sigyn_microros_ws/firmware/mcu_ws/uros/rcl/rcl_lifecycle/src/rcl_lifecycle.c:[m[K In function '[01m[Krcl_lifecycle_state_machine_fini[m[K':
[01m[K/home/ros/sigyn_microros_ws/firmware/mcu_ws/uros/rcl/rcl_lifecycle/src/rcl_lifecycle.c:265:24:[m[K [01;35m[Kwarning: [m[Kunused variable '[01m[Kerror_string[m[K' [-Wunused-variable]
     rcl_error_string_t error_string = rcl_get_error_string();
[01;32m[K                        ^[m[K
[01m[K/home/ros/sigyn_microros_ws/firmware/mcu_ws/uros/rcl/rcl_lifecycle/src/rcl_lifecycle.c:275:24:[m[K [01;35m[Kwarning: [m[Kunused variable '[01m[Kerror_string[m[K' [-Wunused-variable]
     rcl_error_string_t error_string = rcl_get_error_string();
[01;32m[K                        ^[m[K
[01m[K/home/ros/sigyn_microros_ws/firmware/mcu_ws/uros/rcl/rcl_lifecycle/src/rcl_lifecycle.c:[m[K In function '[01m[K_trigger_transition[m[K':
[01m[K/home/ros/sigyn_microros_ws/firmware/mcu_ws/uros/rcl/rcl_lifecycle/src/rcl_lifecycle.c:366:26:[m[K [01;35m[Kwarning: [m[Kunused variable '[01m[Kerror_string[m[K' [-Wunused-variable]
       rcl_error_string_t error_string = rcl_get_error_string();
[01;32m[K                          ^[m[K
