[0.363s] Invoking command in '/home/ros/sigyn_microros_ws/firmware/mcu_ws/build/libyaml_vendor': CMAKE_PREFIX_PATH=${CMAKE_PREFIX_PATH}:/home/ros/sigyn_microros_ws/firmware/dev_ws/install/ament_uncrustify:/home/ros/sigyn_microros_ws/firmware/dev_ws/install/domain_coordinator:/home/ros/sigyn_microros_ws/firmware/dev_ws/install/ament_xmllint:/home/ros/sigyn_microros_ws/firmware/dev_ws/install/ament_pyflakes:/home/ros/sigyn_microros_ws/firmware/dev_ws/install/ament_pycodestyle:/home/ros/sigyn_microros_ws/firmware/dev_ws/install/ament_pep257:/home/ros/sigyn_microros_ws/firmware/dev_ws/install/ament_pclint:/home/ros/sigyn_microros_ws/firmware/dev_ws/install/ament_package:/home/ros/sigyn_microros_ws/firmware/dev_ws/install/ament_mypy:/home/ros/sigyn_microros_ws/firmware/dev_ws/install/ament_lint_cmake:/home/ros/sigyn_microros_ws/firmware/dev_ws/install/ament_flake8:/home/ros/sigyn_microros_ws/firmware/dev_ws/install/ament_copyright:/home/ros/sigyn_microros_ws/firmware/dev_ws/install/ament_lint:/home/ros/sigyn_microros_ws/firmware/dev_ws/install/ament_index_python:/home/ros/sigyn_microros_ws/firmware/dev_ws/install/ament_cpplint:/home/ros/sigyn_microros_ws/firmware/dev_ws/install/ament_cppcheck:/home/ros/sigyn_microros_ws/firmware/dev_ws/install/ament_clang_tidy:/home/ros/sigyn_microros_ws/firmware/dev_ws/install/ament_clang_format /usr/bin/cmake /home/ros/sigyn_microros_ws/firmware/mcu_ws/ros2/libyaml_vendor --no-warn-unused-cli -DCMAKE_POSITION_INDEPENDENT_CODE:BOOL=OFF -DTHIRDPARTY=ON -DBUILD_SHARED_LIBS=OFF -DBUILD_TESTING=OFF -DCMAKE_BUILD_TYPE=Release -DCMAKE_TOOLCHAIN_FILE=/home/ros/sigyn_microros_ws/sigyn_toolchain.cmake -DCMAKE_VERBOSE_MAKEFILE=ON -DCMAKE_INSTALL_PREFIX=/home/ros/sigyn_microros_ws/firmware/mcu_ws/install
[0.367s] Not searching for unused variables given on the command line.
[0.460s] -- The C compiler identification is GNU 5.4.1
[0.548s] -- The CXX compiler identification is GNU 5.4.1
[0.553s] -- Detecting C compiler ABI info
[0.620s] -- Detecting C compiler ABI info - done
[0.622s] -- Check for working C compiler: /home/ros/aa-arduino-1.8.19/hardware/tools/arm/bin/arm-none-eabi-gcc - skipped
[0.622s] -- Detecting C compile features
[0.622s] -- Detecting C compile features - done
[0.624s] -- Detecting CXX compiler ABI info
[0.693s] -- Detecting CXX compiler ABI info - done
[0.696s] -- Check for working CXX compiler: /home/ros/aa-arduino-1.8.19/hardware/tools/arm/bin/arm-none-eabi-g++ - skipped
[0.696s] -- Detecting CXX compile features
[0.697s] -- Detecting CXX compile features - done
[0.698s] -- Found ament_cmake: 1.3.10 (/home/ros/sigyn_microros_ws/firmware/dev_ws/install/ament_cmake/share/ament_cmake/cmake)
[0.786s] -- Found Python3: /usr/bin/python3 (found version "3.10.12") found components: Interpreter 
[0.937s] -- Configuring done
[0.940s] -- Generating done
[0.941s] -- Build files have been written to: /home/ros/sigyn_microros_ws/firmware/mcu_ws/build/libyaml_vendor
[0.995s] Invoked command in '/home/ros/sigyn_microros_ws/firmware/mcu_ws/build/libyaml_vendor' returned '0': CMAKE_PREFIX_PATH=${CMAKE_PREFIX_PATH}:/home/ros/sigyn_microros_ws/firmware/dev_ws/install/ament_uncrustify:/home/ros/sigyn_microros_ws/firmware/dev_ws/install/domain_coordinator:/home/ros/sigyn_microros_ws/firmware/dev_ws/install/ament_xmllint:/home/ros/sigyn_microros_ws/firmware/dev_ws/install/ament_pyflakes:/home/ros/sigyn_microros_ws/firmware/dev_ws/install/ament_pycodestyle:/home/ros/sigyn_microros_ws/firmware/dev_ws/install/ament_pep257:/home/ros/sigyn_microros_ws/firmware/dev_ws/install/ament_pclint:/home/ros/sigyn_microros_ws/firmware/dev_ws/install/ament_package:/home/ros/sigyn_microros_ws/firmware/dev_ws/install/ament_mypy:/home/ros/sigyn_microros_ws/firmware/dev_ws/install/ament_lint_cmake:/home/ros/sigyn_microros_ws/firmware/dev_ws/install/ament_flake8:/home/ros/sigyn_microros_ws/firmware/dev_ws/install/ament_copyright:/home/ros/sigyn_microros_ws/firmware/dev_ws/install/ament_lint:/home/ros/sigyn_microros_ws/firmware/dev_ws/install/ament_index_python:/home/ros/sigyn_microros_ws/firmware/dev_ws/install/ament_cpplint:/home/ros/sigyn_microros_ws/firmware/dev_ws/install/ament_cppcheck:/home/ros/sigyn_microros_ws/firmware/dev_ws/install/ament_clang_tidy:/home/ros/sigyn_microros_ws/firmware/dev_ws/install/ament_clang_format /usr/bin/cmake /home/ros/sigyn_microros_ws/firmware/mcu_ws/ros2/libyaml_vendor --no-warn-unused-cli -DCMAKE_POSITION_INDEPENDENT_CODE:BOOL=OFF -DTHIRDPARTY=ON -DBUILD_SHARED_LIBS=OFF -DBUILD_TESTING=OFF -DCMAKE_BUILD_TYPE=Release -DCMAKE_TOOLCHAIN_FILE=/home/ros/sigyn_microros_ws/sigyn_toolchain.cmake -DCMAKE_VERBOSE_MAKEFILE=ON -DCMAKE_INSTALL_PREFIX=/home/ros/sigyn_microros_ws/firmware/mcu_ws/install
[0.996s] Invoking command in '/home/ros/sigyn_microros_ws/firmware/mcu_ws/build/libyaml_vendor': CMAKE_PREFIX_PATH=${CMAKE_PREFIX_PATH}:/home/ros/sigyn_microros_ws/firmware/dev_ws/install/ament_uncrustify:/home/ros/sigyn_microros_ws/firmware/dev_ws/install/domain_coordinator:/home/ros/sigyn_microros_ws/firmware/dev_ws/install/ament_xmllint:/home/ros/sigyn_microros_ws/firmware/dev_ws/install/ament_pyflakes:/home/ros/sigyn_microros_ws/firmware/dev_ws/install/ament_pycodestyle:/home/ros/sigyn_microros_ws/firmware/dev_ws/install/ament_pep257:/home/ros/sigyn_microros_ws/firmware/dev_ws/install/ament_pclint:/home/ros/sigyn_microros_ws/firmware/dev_ws/install/ament_package:/home/ros/sigyn_microros_ws/firmware/dev_ws/install/ament_mypy:/home/ros/sigyn_microros_ws/firmware/dev_ws/install/ament_lint_cmake:/home/ros/sigyn_microros_ws/firmware/dev_ws/install/ament_flake8:/home/ros/sigyn_microros_ws/firmware/dev_ws/install/ament_copyright:/home/ros/sigyn_microros_ws/firmware/dev_ws/install/ament_lint:/home/ros/sigyn_microros_ws/firmware/dev_ws/install/ament_index_python:/home/ros/sigyn_microros_ws/firmware/dev_ws/install/ament_cpplint:/home/ros/sigyn_microros_ws/firmware/dev_ws/install/ament_cppcheck:/home/ros/sigyn_microros_ws/firmware/dev_ws/install/ament_clang_tidy:/home/ros/sigyn_microros_ws/firmware/dev_ws/install/ament_clang_format /usr/bin/cmake --build /home/ros/sigyn_microros_ws/firmware/mcu_ws/build/libyaml_vendor -- -j24 -l24
[1.007s] /usr/bin/cmake -S/home/ros/sigyn_microros_ws/firmware/mcu_ws/ros2/libyaml_vendor -B/home/ros/sigyn_microros_ws/firmware/mcu_ws/build/libyaml_vendor --check-build-system CMakeFiles/Makefile.cmake 0
[1.013s] /usr/bin/cmake -E cmake_progress_start /home/ros/sigyn_microros_ws/firmware/mcu_ws/build/libyaml_vendor/CMakeFiles /home/ros/sigyn_microros_ws/firmware/mcu_ws/build/libyaml_vendor//CMakeFiles/progress.marks
[1.019s] /usr/bin/gmake  -f CMakeFiles/Makefile2 all
[1.019s] gmake[1]: Entering directory '/home/ros/sigyn_microros_ws/firmware/mcu_ws/build/libyaml_vendor'
[1.019s] /usr/bin/gmake  -f CMakeFiles/libyaml-0.2.5.dir/build.make CMakeFiles/libyaml-0.2.5.dir/depend
[1.021s] gmake[2]: Entering directory '/home/ros/sigyn_microros_ws/firmware/mcu_ws/build/libyaml_vendor'
[1.021s] cd /home/ros/sigyn_microros_ws/firmware/mcu_ws/build/libyaml_vendor && /usr/bin/cmake -E cmake_depends "Unix Makefiles" /home/ros/sigyn_microros_ws/firmware/mcu_ws/ros2/libyaml_vendor /home/ros/sigyn_microros_ws/firmware/mcu_ws/ros2/libyaml_vendor /home/ros/sigyn_microros_ws/firmware/mcu_ws/build/libyaml_vendor /home/ros/sigyn_microros_ws/firmware/mcu_ws/build/libyaml_vendor /home/ros/sigyn_microros_ws/firmware/mcu_ws/build/libyaml_vendor/CMakeFiles/libyaml-0.2.5.dir/DependInfo.cmake --color=
[1.028s] gmake[2]: Leaving directory '/home/ros/sigyn_microros_ws/firmware/mcu_ws/build/libyaml_vendor'
[1.028s] /usr/bin/gmake  -f CMakeFiles/libyaml-0.2.5.dir/build.make CMakeFiles/libyaml-0.2.5.dir/build
[1.028s] gmake[2]: Entering directory '/home/ros/sigyn_microros_ws/firmware/mcu_ws/build/libyaml_vendor'
[1.032s] [ 12%] [34m[1mCreating directories for 'libyaml-0.2.5'[0m
[1.033s] /usr/bin/cmake -E make_directory /home/ros/sigyn_microros_ws/firmware/mcu_ws/build/libyaml_vendor/libyaml-0.2.5-prefix/src/libyaml-0.2.5
[1.038s] /usr/bin/cmake -E make_directory /home/ros/sigyn_microros_ws/firmware/mcu_ws/build/libyaml_vendor/libyaml-0.2.5-prefix/src/libyaml-0.2.5-build
[1.043s] /usr/bin/cmake -E make_directory /home/ros/sigyn_microros_ws/firmware/mcu_ws/build/libyaml_vendor/libyaml-0.2.5-prefix
[1.048s] /usr/bin/cmake -E make_directory /home/ros/sigyn_microros_ws/firmware/mcu_ws/build/libyaml_vendor/libyaml-0.2.5-prefix/tmp
[1.052s] /usr/bin/cmake -E make_directory /home/ros/sigyn_microros_ws/firmware/mcu_ws/build/libyaml_vendor/libyaml-0.2.5-prefix/src/libyaml-0.2.5-stamp
[1.057s] /usr/bin/cmake -E make_directory /home/ros/sigyn_microros_ws/firmware/mcu_ws/build/libyaml_vendor/libyaml-0.2.5-prefix/src
[1.062s] /usr/bin/cmake -E make_directory /home/ros/sigyn_microros_ws/firmware/mcu_ws/build/libyaml_vendor/libyaml-0.2.5-prefix/src/libyaml-0.2.5-stamp
[1.066s] /usr/bin/cmake -E touch /home/ros/sigyn_microros_ws/firmware/mcu_ws/build/libyaml_vendor/libyaml-0.2.5-prefix/src/libyaml-0.2.5-stamp/libyaml-0.2.5-mkdir
[1.076s] [ 25%] [34m[1mPerforming download step (git clone) for 'libyaml-0.2.5'[0m
[1.076s] cd /home/ros/sigyn_microros_ws/firmware/mcu_ws/build/libyaml_vendor/libyaml-0.2.5-prefix/src && /usr/bin/cmake -P /home/ros/sigyn_microros_ws/firmware/mcu_ws/build/libyaml_vendor/libyaml-0.2.5-prefix/tmp/libyaml-0.2.5-gitclone.cmake
[1.088s] Cloning into 'libyaml-0.2.5'...
[3.202s] HEAD is now at 2c891fc Changes for v0.2.5 release
[3.229s] cd /home/ros/sigyn_microros_ws/firmware/mcu_ws/build/libyaml_vendor/libyaml-0.2.5-prefix/src && /usr/bin/cmake -E touch /home/ros/sigyn_microros_ws/firmware/mcu_ws/build/libyaml_vendor/libyaml-0.2.5-prefix/src/libyaml-0.2.5-stamp/libyaml-0.2.5-download
[3.238s] [ 37%] [34m[1mNo update step for 'libyaml-0.2.5'[0m
[3.239s] cd /home/ros/sigyn_microros_ws/firmware/mcu_ws/build/libyaml_vendor/libyaml-0.2.5-prefix/src/libyaml-0.2.5 && /usr/bin/cmake -E echo_append
[3.244s] cd /home/ros/sigyn_microros_ws/firmware/mcu_ws/build/libyaml_vendor/libyaml-0.2.5-prefix/src/libyaml-0.2.5 && /usr/bin/cmake -E touch /home/ros/sigyn_microros_ws/firmware/mcu_ws/build/libyaml_vendor/libyaml-0.2.5-prefix/src/libyaml-0.2.5-stamp/libyaml-0.2.5-update
[3.252s] [ 50%] [34m[1mPerforming patch step for 'libyaml-0.2.5'[0m
[3.253s] cd /home/ros/sigyn_microros_ws/firmware/mcu_ws/build/libyaml_vendor/libyaml-0.2.5-prefix/src/libyaml-0.2.5 && /usr/bin/cmake -E chdir /home/ros/sigyn_microros_ws/firmware/mcu_ws/build/libyaml_vendor/libyaml-0.2.5-prefix/src/libyaml-0.2.5 git apply -p1 --ignore-space-change --whitespace=nowarn /home/ros/sigyn_microros_ws/firmware/mcu_ws/ros2/libyaml_vendor/0001-Install-yaml.h-to-INSTALL_INCLUDE_DIR.patch
[3.260s] cd /home/ros/sigyn_microros_ws/firmware/mcu_ws/build/libyaml_vendor/libyaml-0.2.5-prefix/src/libyaml-0.2.5 && /usr/bin/cmake -E touch /home/ros/sigyn_microros_ws/firmware/mcu_ws/build/libyaml_vendor/libyaml-0.2.5-prefix/src/libyaml-0.2.5-stamp/libyaml-0.2.5-patch
[3.269s] [ 62%] [34m[1mPerforming configure step for 'libyaml-0.2.5'[0m
[3.270s] cd /home/ros/sigyn_microros_ws/firmware/mcu_ws/build/libyaml_vendor/libyaml-0.2.5-prefix/src/libyaml-0.2.5-build && /usr/bin/cmake -DCMAKE_INSTALL_PREFIX=/home/ros/sigyn_microros_ws/firmware/mcu_ws/build/libyaml_vendor/libyaml_install -DINSTALL_INCLUDE_DIR:STRING=include/libyaml_vendor -DCMAKE_BUILD_TYPE=Release -DBUILD_SHARED_LIBS=ON -DBUILD_TESTING=OFF "-DCMAKE_C_FLAGS=-std=c11 -O2 -mfloat-abi=hard -mfpu=fpv5-d16 -ffunction-sections -fdata-sections -fno-exceptions -nostdlib -mcpu=cortex-m7 -mthumb -D'RCUTILS_LOG_MIN_SEVERITY=RCUTILS_LOG_MIN_SEVERITY_NONE' -DCLOCK_MONOTONIC=0 -D'__attribute__(x)='" -DCMAKE_TOOLCHAIN_FILE=/home/ros/sigyn_microros_ws/sigyn_toolchain.cmake "-GUnix Makefiles" /home/ros/sigyn_microros_ws/firmware/mcu_ws/build/libyaml_vendor/libyaml-0.2.5-prefix/src/libyaml-0.2.5
[3.274s] Re-run cmake no build system arguments
[3.379s] -- The C compiler identification is GNU 5.4.1
[3.385s] -- Detecting C compiler ABI info
[3.452s] -- Detecting C compiler ABI info - done
[3.455s] -- Check for working C compiler: /home/ros/aa-arduino-1.8.19/hardware/tools/arm/bin/arm-none-eabi-gcc - skipped
[3.455s] -- Detecting C compile features
[3.456s] -- Detecting C compile features - done
[3.456s] [33mCMake Warning (dev) at CMakeLists.txt:56 (add_library):
[3.456s]   ADD_LIBRARY called with SHARED option but the target platform does not
[3.456s]   support dynamic linking.  Building a STATIC library instead.  This may lead
[3.456s]   to problems.
[3.456s] This warning is for project developers.  Use -Wno-dev to suppress it.
[3.456s] [0m
[3.457s] -- Configuring done
[3.460s] -- Generating done
[3.460s] -- Build files have been written to: /home/ros/sigyn_microros_ws/firmware/mcu_ws/build/libyaml_vendor/libyaml-0.2.5-prefix/src/libyaml-0.2.5-build
[3.463s] cd /home/ros/sigyn_microros_ws/firmware/mcu_ws/build/libyaml_vendor/libyaml-0.2.5-prefix/src/libyaml-0.2.5-build && /usr/bin/cmake -E touch /home/ros/sigyn_microros_ws/firmware/mcu_ws/build/libyaml_vendor/libyaml-0.2.5-prefix/src/libyaml-0.2.5-stamp/libyaml-0.2.5-configure
[3.475s] [ 75%] [34m[1mPerforming build step for 'libyaml-0.2.5'[0m
[3.475s] cd /home/ros/sigyn_microros_ws/firmware/mcu_ws/build/libyaml_vendor/libyaml-0.2.5-prefix/src/libyaml-0.2.5-build && /usr/bin/gmake
[3.477s] gmake[3]: Entering directory '/home/ros/sigyn_microros_ws/firmware/mcu_ws/build/libyaml_vendor/libyaml-0.2.5-prefix/src/libyaml-0.2.5-build'
[3.477s] /usr/bin/cmake -S/home/ros/sigyn_microros_ws/firmware/mcu_ws/build/libyaml_vendor/libyaml-0.2.5-prefix/src/libyaml-0.2.5 -B/home/ros/sigyn_microros_ws/firmware/mcu_ws/build/libyaml_vendor/libyaml-0.2.5-prefix/src/libyaml-0.2.5-build --check-build-system CMakeFiles/Makefile.cmake 0
[3.482s] /usr/bin/cmake -E cmake_progress_start /home/ros/sigyn_microros_ws/firmware/mcu_ws/build/libyaml_vendor/libyaml-0.2.5-prefix/src/libyaml-0.2.5-build/CMakeFiles /home/ros/sigyn_microros_ws/firmware/mcu_ws/build/libyaml_vendor/libyaml-0.2.5-prefix/src/libyaml-0.2.5-build//CMakeFiles/progress.marks
[3.487s] /usr/bin/gmake  -f CMakeFiles/Makefile2 all
[3.488s] gmake[4]: Entering directory '/home/ros/sigyn_microros_ws/firmware/mcu_ws/build/libyaml_vendor/libyaml-0.2.5-prefix/src/libyaml-0.2.5-build'
[3.488s] /usr/bin/gmake  -f CMakeFiles/yaml.dir/build.make CMakeFiles/yaml.dir/depend
[3.489s] gmake[5]: Entering directory '/home/ros/sigyn_microros_ws/firmware/mcu_ws/build/libyaml_vendor/libyaml-0.2.5-prefix/src/libyaml-0.2.5-build'
[3.489s] cd /home/ros/sigyn_microros_ws/firmware/mcu_ws/build/libyaml_vendor/libyaml-0.2.5-prefix/src/libyaml-0.2.5-build && /usr/bin/cmake -E cmake_depends "Unix Makefiles" /home/ros/sigyn_microros_ws/firmware/mcu_ws/build/libyaml_vendor/libyaml-0.2.5-prefix/src/libyaml-0.2.5 /home/ros/sigyn_microros_ws/firmware/mcu_ws/build/libyaml_vendor/libyaml-0.2.5-prefix/src/libyaml-0.2.5 /home/ros/sigyn_microros_ws/firmware/mcu_ws/build/libyaml_vendor/libyaml-0.2.5-prefix/src/libyaml-0.2.5-build /home/ros/sigyn_microros_ws/firmware/mcu_ws/build/libyaml_vendor/libyaml-0.2.5-prefix/src/libyaml-0.2.5-build /home/ros/sigyn_microros_ws/firmware/mcu_ws/build/libyaml_vendor/libyaml-0.2.5-prefix/src/libyaml-0.2.5-build/CMakeFiles/yaml.dir/DependInfo.cmake --color=
[3.495s] gmake[5]: Leaving directory '/home/ros/sigyn_microros_ws/firmware/mcu_ws/build/libyaml_vendor/libyaml-0.2.5-prefix/src/libyaml-0.2.5-build'
[3.495s] /usr/bin/gmake  -f CMakeFiles/yaml.dir/build.make CMakeFiles/yaml.dir/build
[3.496s] gmake[5]: Entering directory '/home/ros/sigyn_microros_ws/firmware/mcu_ws/build/libyaml_vendor/libyaml-0.2.5-prefix/src/libyaml-0.2.5-build'
[3.501s] [ 11%] [32mBuilding C object CMakeFiles/yaml.dir/src/api.c.obj[0m
[3.501s] [ 33%] [32mBuilding C object CMakeFiles/yaml.dir/src/emitter.c.obj[0m
[3.501s] [ 66%] [32mBuilding C object CMakeFiles/yaml.dir/src/reader.c.obj[0m
[3.501s] [ 66%] [32mBuilding C object CMakeFiles/yaml.dir/src/scanner.c.obj[0m
[3.501s] [ 66%] [32mBuilding C object CMakeFiles/yaml.dir/src/parser.c.obj[0m
[3.501s] [ 66%] [32mBuilding C object CMakeFiles/yaml.dir/src/dumper.c.obj[0m
[3.501s] [ 77%] [32mBuilding C object CMakeFiles/yaml.dir/src/writer.c.obj[0m
[3.501s] [ 88%] [32mBuilding C object CMakeFiles/yaml.dir/src/loader.c.obj[0m
[3.502s] /home/ros/aa-arduino-1.8.19/hardware/tools/arm/bin/arm-none-eabi-gcc -DHAVE_CONFIG_H -I/home/ros/sigyn_microros_ws/firmware/mcu_ws/build/libyaml_vendor/libyaml-0.2.5-prefix/src/libyaml-0.2.5/include -I/home/ros/sigyn_microros_ws/firmware/mcu_ws/build/libyaml_vendor/libyaml-0.2.5-prefix/src/libyaml-0.2.5-build/include -std=c11 -O2 -mfloat-abi=hard -mfpu=fpv5-d16 -ffunction-sections -fdata-sections -fno-exceptions -nostdlib -mcpu=cortex-m7 -mthumb -D'RCUTILS_LOG_MIN_SEVERITY=RCUTILS_LOG_MIN_SEVERITY_NONE' -DCLOCK_MONOTONIC=0 -D'__attribute__(x)=' -O3 -DNDEBUG -MD -MT CMakeFiles/yaml.dir/src/api.c.obj -MF CMakeFiles/yaml.dir/src/api.c.obj.d -o CMakeFiles/yaml.dir/src/api.c.obj -c /home/ros/sigyn_microros_ws/firmware/mcu_ws/build/libyaml_vendor/libyaml-0.2.5-prefix/src/libyaml-0.2.5/src/api.c
[3.502s] /home/ros/aa-arduino-1.8.19/hardware/tools/arm/bin/arm-none-eabi-gcc -DHAVE_CONFIG_H -I/home/ros/sigyn_microros_ws/firmware/mcu_ws/build/libyaml_vendor/libyaml-0.2.5-prefix/src/libyaml-0.2.5/include -I/home/ros/sigyn_microros_ws/firmware/mcu_ws/build/libyaml_vendor/libyaml-0.2.5-prefix/src/libyaml-0.2.5-build/include -std=c11 -O2 -mfloat-abi=hard -mfpu=fpv5-d16 -ffunction-sections -fdata-sections -fno-exceptions -nostdlib -mcpu=cortex-m7 -mthumb -D'RCUTILS_LOG_MIN_SEVERITY=RCUTILS_LOG_MIN_SEVERITY_NONE' -DCLOCK_MONOTONIC=0 -D'__attribute__(x)=' -O3 -DNDEBUG -MD -MT CMakeFiles/yaml.dir/src/emitter.c.obj -MF CMakeFiles/yaml.dir/src/emitter.c.obj.d -o CMakeFiles/yaml.dir/src/emitter.c.obj -c /home/ros/sigyn_microros_ws/firmware/mcu_ws/build/libyaml_vendor/libyaml-0.2.5-prefix/src/libyaml-0.2.5/src/emitter.c
[3.502s] /home/ros/aa-arduino-1.8.19/hardware/tools/arm/bin/arm-none-eabi-gcc -DHAVE_CONFIG_H -I/home/ros/sigyn_microros_ws/firmware/mcu_ws/build/libyaml_vendor/libyaml-0.2.5-prefix/src/libyaml-0.2.5/include -I/home/ros/sigyn_microros_ws/firmware/mcu_ws/build/libyaml_vendor/libyaml-0.2.5-prefix/src/libyaml-0.2.5-build/include -std=c11 -O2 -mfloat-abi=hard -mfpu=fpv5-d16 -ffunction-sections -fdata-sections -fno-exceptions -nostdlib -mcpu=cortex-m7 -mthumb -D'RCUTILS_LOG_MIN_SEVERITY=RCUTILS_LOG_MIN_SEVERITY_NONE' -DCLOCK_MONOTONIC=0 -D'__attribute__(x)=' -O3 -DNDEBUG -MD -MT CMakeFiles/yaml.dir/src/parser.c.obj -MF CMakeFiles/yaml.dir/src/parser.c.obj.d -o CMakeFiles/yaml.dir/src/parser.c.obj -c /home/ros/sigyn_microros_ws/firmware/mcu_ws/build/libyaml_vendor/libyaml-0.2.5-prefix/src/libyaml-0.2.5/src/parser.c
[3.502s] /home/ros/aa-arduino-1.8.19/hardware/tools/arm/bin/arm-none-eabi-gcc -DHAVE_CONFIG_H -I/home/ros/sigyn_microros_ws/firmware/mcu_ws/build/libyaml_vendor/libyaml-0.2.5-prefix/src/libyaml-0.2.5/include -I/home/ros/sigyn_microros_ws/firmware/mcu_ws/build/libyaml_vendor/libyaml-0.2.5-prefix/src/libyaml-0.2.5-build/include -std=c11 -O2 -mfloat-abi=hard -mfpu=fpv5-d16 -ffunction-sections -fdata-sections -fno-exceptions -nostdlib -mcpu=cortex-m7 -mthumb -D'RCUTILS_LOG_MIN_SEVERITY=RCUTILS_LOG_MIN_SEVERITY_NONE' -DCLOCK_MONOTONIC=0 -D'__attribute__(x)=' -O3 -DNDEBUG -MD -MT CMakeFiles/yaml.dir/src/dumper.c.obj -MF CMakeFiles/yaml.dir/src/dumper.c.obj.d -o CMakeFiles/yaml.dir/src/dumper.c.obj -c /home/ros/sigyn_microros_ws/firmware/mcu_ws/build/libyaml_vendor/libyaml-0.2.5-prefix/src/libyaml-0.2.5/src/dumper.c
[3.502s] /home/ros/aa-arduino-1.8.19/hardware/tools/arm/bin/arm-none-eabi-gcc -DHAVE_CONFIG_H -I/home/ros/sigyn_microros_ws/firmware/mcu_ws/build/libyaml_vendor/libyaml-0.2.5-prefix/src/libyaml-0.2.5/include -I/home/ros/sigyn_microros_ws/firmware/mcu_ws/build/libyaml_vendor/libyaml-0.2.5-prefix/src/libyaml-0.2.5-build/include -std=c11 -O2 -mfloat-abi=hard -mfpu=fpv5-d16 -ffunction-sections -fdata-sections -fno-exceptions -nostdlib -mcpu=cortex-m7 -mthumb -D'RCUTILS_LOG_MIN_SEVERITY=RCUTILS_LOG_MIN_SEVERITY_NONE' -DCLOCK_MONOTONIC=0 -D'__attribute__(x)=' -O3 -DNDEBUG -MD -MT CMakeFiles/yaml.dir/src/reader.c.obj -MF CMakeFiles/yaml.dir/src/reader.c.obj.d -o CMakeFiles/yaml.dir/src/reader.c.obj -c /home/ros/sigyn_microros_ws/firmware/mcu_ws/build/libyaml_vendor/libyaml-0.2.5-prefix/src/libyaml-0.2.5/src/reader.c
[3.502s] /home/ros/aa-arduino-1.8.19/hardware/tools/arm/bin/arm-none-eabi-gcc -DHAVE_CONFIG_H -I/home/ros/sigyn_microros_ws/firmware/mcu_ws/build/libyaml_vendor/libyaml-0.2.5-prefix/src/libyaml-0.2.5/include -I/home/ros/sigyn_microros_ws/firmware/mcu_ws/build/libyaml_vendor/libyaml-0.2.5-prefix/src/libyaml-0.2.5-build/include -std=c11 -O2 -mfloat-abi=hard -mfpu=fpv5-d16 -ffunction-sections -fdata-sections -fno-exceptions -nostdlib -mcpu=cortex-m7 -mthumb -D'RCUTILS_LOG_MIN_SEVERITY=RCUTILS_LOG_MIN_SEVERITY_NONE' -DCLOCK_MONOTONIC=0 -D'__attribute__(x)=' -O3 -DNDEBUG -MD -MT CMakeFiles/yaml.dir/src/loader.c.obj -MF CMakeFiles/yaml.dir/src/loader.c.obj.d -o CMakeFiles/yaml.dir/src/loader.c.obj -c /home/ros/sigyn_microros_ws/firmware/mcu_ws/build/libyaml_vendor/libyaml-0.2.5-prefix/src/libyaml-0.2.5/src/loader.c
[3.503s] /home/ros/aa-arduino-1.8.19/hardware/tools/arm/bin/arm-none-eabi-gcc -DHAVE_CONFIG_H -I/home/ros/sigyn_microros_ws/firmware/mcu_ws/build/libyaml_vendor/libyaml-0.2.5-prefix/src/libyaml-0.2.5/include -I/home/ros/sigyn_microros_ws/firmware/mcu_ws/build/libyaml_vendor/libyaml-0.2.5-prefix/src/libyaml-0.2.5-build/include -std=c11 -O2 -mfloat-abi=hard -mfpu=fpv5-d16 -ffunction-sections -fdata-sections -fno-exceptions -nostdlib -mcpu=cortex-m7 -mthumb -D'RCUTILS_LOG_MIN_SEVERITY=RCUTILS_LOG_MIN_SEVERITY_NONE' -DCLOCK_MONOTONIC=0 -D'__attribute__(x)=' -O3 -DNDEBUG -MD -MT CMakeFiles/yaml.dir/src/scanner.c.obj -MF CMakeFiles/yaml.dir/src/scanner.c.obj.d -o CMakeFiles/yaml.dir/src/scanner.c.obj -c /home/ros/sigyn_microros_ws/firmware/mcu_ws/build/libyaml_vendor/libyaml-0.2.5-prefix/src/libyaml-0.2.5/src/scanner.c
[3.503s] /home/ros/aa-arduino-1.8.19/hardware/tools/arm/bin/arm-none-eabi-gcc -DHAVE_CONFIG_H -I/home/ros/sigyn_microros_ws/firmware/mcu_ws/build/libyaml_vendor/libyaml-0.2.5-prefix/src/libyaml-0.2.5/include -I/home/ros/sigyn_microros_ws/firmware/mcu_ws/build/libyaml_vendor/libyaml-0.2.5-prefix/src/libyaml-0.2.5-build/include -std=c11 -O2 -mfloat-abi=hard -mfpu=fpv5-d16 -ffunction-sections -fdata-sections -fno-exceptions -nostdlib -mcpu=cortex-m7 -mthumb -D'RCUTILS_LOG_MIN_SEVERITY=RCUTILS_LOG_MIN_SEVERITY_NONE' -DCLOCK_MONOTONIC=0 -D'__attribute__(x)=' -O3 -DNDEBUG -MD -MT CMakeFiles/yaml.dir/src/writer.c.obj -MF CMakeFiles/yaml.dir/src/writer.c.obj.d -o CMakeFiles/yaml.dir/src/writer.c.obj -c /home/ros/sigyn_microros_ws/firmware/mcu_ws/build/libyaml_vendor/libyaml-0.2.5-prefix/src/libyaml-0.2.5/src/writer.c
[3.512s] [01m[K/home/ros/sigyn_microros_ws/firmware/mcu_ws/build/libyaml_vendor/libyaml-0.2.5-prefix/src/libyaml-0.2.5/src/api.c:[m[K In function '[01m[Kyaml_strdup[m[K':
[3.512s] [01m[K/home/ros/sigyn_microros_ws/firmware/mcu_ws/build/libyaml_vendor/libyaml-0.2.5-prefix/src/libyaml-0.2.5/src/api.c:66:27:[m[K [01;35m[Kwarning: [m[Kimplicit declaration of function '[01m[Kstrdup[m[K' [-Wimplicit-function-declaration]
[3.512s]      return (yaml_char_t *)strdup((char *)str);
[3.512s] [01;32m[K                           ^[m[K
[4.025s] [100%] [32m[1mLinking C static library libyaml.a[0m
[4.025s] /usr/bin/cmake -P CMakeFiles/yaml.dir/cmake_clean_target.cmake
[4.031s] /usr/bin/cmake -E cmake_link_script CMakeFiles/yaml.dir/link.txt --verbose=1
[4.035s] /usr/bin/ar qc libyaml.a CMakeFiles/yaml.dir/src/api.c.obj CMakeFiles/yaml.dir/src/dumper.c.obj CMakeFiles/yaml.dir/src/emitter.c.obj CMakeFiles/yaml.dir/src/loader.c.obj CMakeFiles/yaml.dir/src/parser.c.obj CMakeFiles/yaml.dir/src/reader.c.obj CMakeFiles/yaml.dir/src/scanner.c.obj CMakeFiles/yaml.dir/src/writer.c.obj
[4.048s] /usr/bin/ranlib libyaml.a
[4.063s] gmake[5]: Leaving directory '/home/ros/sigyn_microros_ws/firmware/mcu_ws/build/libyaml_vendor/libyaml-0.2.5-prefix/src/libyaml-0.2.5-build'
[4.068s] [100%] Built target yaml
[4.069s] gmake[4]: Leaving directory '/home/ros/sigyn_microros_ws/firmware/mcu_ws/build/libyaml_vendor/libyaml-0.2.5-prefix/src/libyaml-0.2.5-build'
[4.069s] /usr/bin/cmake -E cmake_progress_start /home/ros/sigyn_microros_ws/firmware/mcu_ws/build/libyaml_vendor/libyaml-0.2.5-prefix/src/libyaml-0.2.5-build/CMakeFiles 0
[4.074s] gmake[3]: Leaving directory '/home/ros/sigyn_microros_ws/firmware/mcu_ws/build/libyaml_vendor/libyaml-0.2.5-prefix/src/libyaml-0.2.5-build'
[4.074s] cd /home/ros/sigyn_microros_ws/firmware/mcu_ws/build/libyaml_vendor/libyaml-0.2.5-prefix/src/libyaml-0.2.5-build && /usr/bin/cmake -E touch /home/ros/sigyn_microros_ws/firmware/mcu_ws/build/libyaml_vendor/libyaml-0.2.5-prefix/src/libyaml-0.2.5-stamp/libyaml-0.2.5-build
[4.083s] [ 87%] [34m[1mPerforming install step for 'libyaml-0.2.5'[0m
[4.084s] cd /home/ros/sigyn_microros_ws/firmware/mcu_ws/build/libyaml_vendor/libyaml-0.2.5-prefix/src/libyaml-0.2.5-build && /usr/bin/gmake install
[4.085s] gmake[3]: Entering directory '/home/ros/sigyn_microros_ws/firmware/mcu_ws/build/libyaml_vendor/libyaml-0.2.5-prefix/src/libyaml-0.2.5-build'
[4.085s] /usr/bin/cmake -S/home/ros/sigyn_microros_ws/firmware/mcu_ws/build/libyaml_vendor/libyaml-0.2.5-prefix/src/libyaml-0.2.5 -B/home/ros/sigyn_microros_ws/firmware/mcu_ws/build/libyaml_vendor/libyaml-0.2.5-prefix/src/libyaml-0.2.5-build --check-build-system CMakeFiles/Makefile.cmake 0
[4.091s] /usr/bin/cmake -E cmake_progress_start /home/ros/sigyn_microros_ws/firmware/mcu_ws/build/libyaml_vendor/libyaml-0.2.5-prefix/src/libyaml-0.2.5-build/CMakeFiles /home/ros/sigyn_microros_ws/firmware/mcu_ws/build/libyaml_vendor/libyaml-0.2.5-prefix/src/libyaml-0.2.5-build//CMakeFiles/progress.marks
[4.096s] /usr/bin/gmake  -f CMakeFiles/Makefile2 all
[4.096s] gmake[4]: Entering directory '/home/ros/sigyn_microros_ws/firmware/mcu_ws/build/libyaml_vendor/libyaml-0.2.5-prefix/src/libyaml-0.2.5-build'
[4.096s] /usr/bin/gmake  -f CMakeFiles/yaml.dir/build.make CMakeFiles/yaml.dir/depend
[4.097s] gmake[5]: Entering directory '/home/ros/sigyn_microros_ws/firmware/mcu_ws/build/libyaml_vendor/libyaml-0.2.5-prefix/src/libyaml-0.2.5-build'
[4.097s] cd /home/ros/sigyn_microros_ws/firmware/mcu_ws/build/libyaml_vendor/libyaml-0.2.5-prefix/src/libyaml-0.2.5-build && /usr/bin/cmake -E cmake_depends "Unix Makefiles" /home/ros/sigyn_microros_ws/firmware/mcu_ws/build/libyaml_vendor/libyaml-0.2.5-prefix/src/libyaml-0.2.5 /home/ros/sigyn_microros_ws/firmware/mcu_ws/build/libyaml_vendor/libyaml-0.2.5-prefix/src/libyaml-0.2.5 /home/ros/sigyn_microros_ws/firmware/mcu_ws/build/libyaml_vendor/libyaml-0.2.5-prefix/src/libyaml-0.2.5-build /home/ros/sigyn_microros_ws/firmware/mcu_ws/build/libyaml_vendor/libyaml-0.2.5-prefix/src/libyaml-0.2.5-build /home/ros/sigyn_microros_ws/firmware/mcu_ws/build/libyaml_vendor/libyaml-0.2.5-prefix/src/libyaml-0.2.5-build/CMakeFiles/yaml.dir/DependInfo.cmake --color=
[4.102s] Dependencies file "CMakeFiles/yaml.dir/src/api.c.obj.d" is newer than depends file "/home/ros/sigyn_microros_ws/firmware/mcu_ws/build/libyaml_vendor/libyaml-0.2.5-prefix/src/libyaml-0.2.5-build/CMakeFiles/yaml.dir/compiler_depend.internal".
[4.102s] Dependencies file "CMakeFiles/yaml.dir/src/dumper.c.obj.d" is newer than depends file "/home/ros/sigyn_microros_ws/firmware/mcu_ws/build/libyaml_vendor/libyaml-0.2.5-prefix/src/libyaml-0.2.5-build/CMakeFiles/yaml.dir/compiler_depend.internal".
[4.102s] Dependencies file "CMakeFiles/yaml.dir/src/emitter.c.obj.d" is newer than depends file "/home/ros/sigyn_microros_ws/firmware/mcu_ws/build/libyaml_vendor/libyaml-0.2.5-prefix/src/libyaml-0.2.5-build/CMakeFiles/yaml.dir/compiler_depend.internal".
[4.102s] Dependencies file "CMakeFiles/yaml.dir/src/loader.c.obj.d" is newer than depends file "/home/ros/sigyn_microros_ws/firmware/mcu_ws/build/libyaml_vendor/libyaml-0.2.5-prefix/src/libyaml-0.2.5-build/CMakeFiles/yaml.dir/compiler_depend.internal".
[4.102s] Dependencies file "CMakeFiles/yaml.dir/src/parser.c.obj.d" is newer than depends file "/home/ros/sigyn_microros_ws/firmware/mcu_ws/build/libyaml_vendor/libyaml-0.2.5-prefix/src/libyaml-0.2.5-build/CMakeFiles/yaml.dir/compiler_depend.internal".
[4.102s] Dependencies file "CMakeFiles/yaml.dir/src/reader.c.obj.d" is newer than depends file "/home/ros/sigyn_microros_ws/firmware/mcu_ws/build/libyaml_vendor/libyaml-0.2.5-prefix/src/libyaml-0.2.5-build/CMakeFiles/yaml.dir/compiler_depend.internal".
[4.103s] Dependencies file "CMakeFiles/yaml.dir/src/scanner.c.obj.d" is newer than depends file "/home/ros/sigyn_microros_ws/firmware/mcu_ws/build/libyaml_vendor/libyaml-0.2.5-prefix/src/libyaml-0.2.5-build/CMakeFiles/yaml.dir/compiler_depend.internal".
[4.103s] Dependencies file "CMakeFiles/yaml.dir/src/writer.c.obj.d" is newer than depends file "/home/ros/sigyn_microros_ws/firmware/mcu_ws/build/libyaml_vendor/libyaml-0.2.5-prefix/src/libyaml-0.2.5-build/CMakeFiles/yaml.dir/compiler_depend.internal".
[4.103s] [35m[1mConsolidate compiler generated dependencies of target yaml[0m
[4.104s] gmake[5]: Leaving directory '/home/ros/sigyn_microros_ws/firmware/mcu_ws/build/libyaml_vendor/libyaml-0.2.5-prefix/src/libyaml-0.2.5-build'
[4.104s] /usr/bin/gmake  -f CMakeFiles/yaml.dir/build.make CMakeFiles/yaml.dir/build
[4.105s] gmake[5]: Entering directory '/home/ros/sigyn_microros_ws/firmware/mcu_ws/build/libyaml_vendor/libyaml-0.2.5-prefix/src/libyaml-0.2.5-build'
[4.105s] gmake[5]: Nothing to be done for 'CMakeFiles/yaml.dir/build'.
[4.105s] gmake[5]: Leaving directory '/home/ros/sigyn_microros_ws/firmware/mcu_ws/build/libyaml_vendor/libyaml-0.2.5-prefix/src/libyaml-0.2.5-build'
[4.110s] [100%] Built target yaml
[4.111s] gmake[4]: Leaving directory '/home/ros/sigyn_microros_ws/firmware/mcu_ws/build/libyaml_vendor/libyaml-0.2.5-prefix/src/libyaml-0.2.5-build'
[4.111s] /usr/bin/cmake -E cmake_progress_start /home/ros/sigyn_microros_ws/firmware/mcu_ws/build/libyaml_vendor/libyaml-0.2.5-prefix/src/libyaml-0.2.5-build/CMakeFiles 0
[4.116s] /usr/bin/gmake  -f CMakeFiles/Makefile2 preinstall
[4.117s] gmake[4]: Entering directory '/home/ros/sigyn_microros_ws/firmware/mcu_ws/build/libyaml_vendor/libyaml-0.2.5-prefix/src/libyaml-0.2.5-build'
[4.117s] gmake[4]: Nothing to be done for 'preinstall'.
[4.117s] gmake[4]: Leaving directory '/home/ros/sigyn_microros_ws/firmware/mcu_ws/build/libyaml_vendor/libyaml-0.2.5-prefix/src/libyaml-0.2.5-build'
[4.122s] [36mInstall the project...[0m
[4.123s] /usr/bin/cmake -P cmake_install.cmake
[4.127s] -- Install configuration: "Release"
[4.128s] -- Installing: /home/ros/sigyn_microros_ws/firmware/mcu_ws/build/libyaml_vendor/libyaml_install/include/libyaml_vendor/yaml.h
[4.128s] -- Installing: /home/ros/sigyn_microros_ws/firmware/mcu_ws/build/libyaml_vendor/libyaml_install/lib/libyaml.a
[4.128s] -- Installing: /home/ros/sigyn_microros_ws/firmware/mcu_ws/build/libyaml_vendor/libyaml_install/cmake/yamlConfig.cmake
[4.128s] -- Installing: /home/ros/sigyn_microros_ws/firmware/mcu_ws/build/libyaml_vendor/libyaml_install/cmake/yamlTargets.cmake
[4.128s] -- Installing: /home/ros/sigyn_microros_ws/firmware/mcu_ws/build/libyaml_vendor/libyaml_install/cmake/yamlTargets-release.cmake
[4.128s] -- Installing: /home/ros/sigyn_microros_ws/firmware/mcu_ws/build/libyaml_vendor/libyaml_install/cmake/yamlConfigVersion.cmake
[4.129s] gmake[3]: Leaving directory '/home/ros/sigyn_microros_ws/firmware/mcu_ws/build/libyaml_vendor/libyaml-0.2.5-prefix/src/libyaml-0.2.5-build'
[4.129s] cd /home/ros/sigyn_microros_ws/firmware/mcu_ws/build/libyaml_vendor/libyaml-0.2.5-prefix/src/libyaml-0.2.5-build && /usr/bin/cmake -E touch /home/ros/sigyn_microros_ws/firmware/mcu_ws/build/libyaml_vendor/libyaml-0.2.5-prefix/src/libyaml-0.2.5-stamp/libyaml-0.2.5-install
[4.140s] [100%] [34m[1mCompleted 'libyaml-0.2.5'[0m
[4.140s] /usr/bin/cmake -E make_directory /home/ros/sigyn_microros_ws/firmware/mcu_ws/build/libyaml_vendor/CMakeFiles
[4.146s] /usr/bin/cmake -E touch /home/ros/sigyn_microros_ws/firmware/mcu_ws/build/libyaml_vendor/CMakeFiles/libyaml-0.2.5-complete
[4.150s] /usr/bin/cmake -E touch /home/ros/sigyn_microros_ws/firmware/mcu_ws/build/libyaml_vendor/libyaml-0.2.5-prefix/src/libyaml-0.2.5-stamp/libyaml-0.2.5-done
[4.155s] gmake[2]: Leaving directory '/home/ros/sigyn_microros_ws/firmware/mcu_ws/build/libyaml_vendor'
[4.160s] [100%] Built target libyaml-0.2.5
[4.161s] gmake[1]: Leaving directory '/home/ros/sigyn_microros_ws/firmware/mcu_ws/build/libyaml_vendor'
[4.161s] /usr/bin/cmake -E cmake_progress_start /home/ros/sigyn_microros_ws/firmware/mcu_ws/build/libyaml_vendor/CMakeFiles 0
[4.169s] Invoked command in '/home/ros/sigyn_microros_ws/firmware/mcu_ws/build/libyaml_vendor' returned '0': CMAKE_PREFIX_PATH=${CMAKE_PREFIX_PATH}:/home/ros/sigyn_microros_ws/firmware/dev_ws/install/ament_uncrustify:/home/ros/sigyn_microros_ws/firmware/dev_ws/install/domain_coordinator:/home/ros/sigyn_microros_ws/firmware/dev_ws/install/ament_xmllint:/home/ros/sigyn_microros_ws/firmware/dev_ws/install/ament_pyflakes:/home/ros/sigyn_microros_ws/firmware/dev_ws/install/ament_pycodestyle:/home/ros/sigyn_microros_ws/firmware/dev_ws/install/ament_pep257:/home/ros/sigyn_microros_ws/firmware/dev_ws/install/ament_pclint:/home/ros/sigyn_microros_ws/firmware/dev_ws/install/ament_package:/home/ros/sigyn_microros_ws/firmware/dev_ws/install/ament_mypy:/home/ros/sigyn_microros_ws/firmware/dev_ws/install/ament_lint_cmake:/home/ros/sigyn_microros_ws/firmware/dev_ws/install/ament_flake8:/home/ros/sigyn_microros_ws/firmware/dev_ws/install/ament_copyright:/home/ros/sigyn_microros_ws/firmware/dev_ws/install/ament_lint:/home/ros/sigyn_microros_ws/firmware/dev_ws/install/ament_index_python:/home/ros/sigyn_microros_ws/firmware/dev_ws/install/ament_cpplint:/home/ros/sigyn_microros_ws/firmware/dev_ws/install/ament_cppcheck:/home/ros/sigyn_microros_ws/firmware/dev_ws/install/ament_clang_tidy:/home/ros/sigyn_microros_ws/firmware/dev_ws/install/ament_clang_format /usr/bin/cmake --build /home/ros/sigyn_microros_ws/firmware/mcu_ws/build/libyaml_vendor -- -j24 -l24
[4.190s] Invoking command in '/home/ros/sigyn_microros_ws/firmware/mcu_ws/build/libyaml_vendor': CMAKE_PREFIX_PATH=${CMAKE_PREFIX_PATH}:/home/ros/sigyn_microros_ws/firmware/dev_ws/install/ament_uncrustify:/home/ros/sigyn_microros_ws/firmware/dev_ws/install/domain_coordinator:/home/ros/sigyn_microros_ws/firmware/dev_ws/install/ament_xmllint:/home/ros/sigyn_microros_ws/firmware/dev_ws/install/ament_pyflakes:/home/ros/sigyn_microros_ws/firmware/dev_ws/install/ament_pycodestyle:/home/ros/sigyn_microros_ws/firmware/dev_ws/install/ament_pep257:/home/ros/sigyn_microros_ws/firmware/dev_ws/install/ament_pclint:/home/ros/sigyn_microros_ws/firmware/dev_ws/install/ament_package:/home/ros/sigyn_microros_ws/firmware/dev_ws/install/ament_mypy:/home/ros/sigyn_microros_ws/firmware/dev_ws/install/ament_lint_cmake:/home/ros/sigyn_microros_ws/firmware/dev_ws/install/ament_flake8:/home/ros/sigyn_microros_ws/firmware/dev_ws/install/ament_copyright:/home/ros/sigyn_microros_ws/firmware/dev_ws/install/ament_lint:/home/ros/sigyn_microros_ws/firmware/dev_ws/install/ament_index_python:/home/ros/sigyn_microros_ws/firmware/dev_ws/install/ament_cpplint:/home/ros/sigyn_microros_ws/firmware/dev_ws/install/ament_cppcheck:/home/ros/sigyn_microros_ws/firmware/dev_ws/install/ament_clang_tidy:/home/ros/sigyn_microros_ws/firmware/dev_ws/install/ament_clang_format /usr/bin/cmake --install /home/ros/sigyn_microros_ws/firmware/mcu_ws/build/libyaml_vendor
[4.194s] -- Install configuration: "Release"
[4.194s] -- Up-to-date: /home/ros/sigyn_microros_ws/firmware/mcu_ws/install
[4.194s] -- Up-to-date: /home/ros/sigyn_microros_ws/firmware/mcu_ws/install/include
[4.194s] -- Installing: /home/ros/sigyn_microros_ws/firmware/mcu_ws/install/include/libyaml_vendor
[4.194s] -- Installing: /home/ros/sigyn_microros_ws/firmware/mcu_ws/install/include/libyaml_vendor/yaml.h
[4.195s] -- Up-to-date: /home/ros/sigyn_microros_ws/firmware/mcu_ws/install/lib
[4.195s] -- Installing: /home/ros/sigyn_microros_ws/firmware/mcu_ws/install/lib/libyaml.a
[4.195s] -- Installing: /home/ros/sigyn_microros_ws/firmware/mcu_ws/install/cmake
[4.195s] -- Installing: /home/ros/sigyn_microros_ws/firmware/mcu_ws/install/cmake/yamlTargets-release.cmake
[4.195s] -- Installing: /home/ros/sigyn_microros_ws/firmware/mcu_ws/install/cmake/yamlConfigVersion.cmake
[4.195s] -- Installing: /home/ros/sigyn_microros_ws/firmware/mcu_ws/install/cmake/yamlTargets.cmake
[4.195s] -- Installing: /home/ros/sigyn_microros_ws/firmware/mcu_ws/install/cmake/yamlConfig.cmake
[4.196s] -- Installing: /home/ros/sigyn_microros_ws/firmware/mcu_ws/install/share/libyaml_vendor/environment/library_path.sh
[4.196s] -- Installing: /home/ros/sigyn_microros_ws/firmware/mcu_ws/install/share/libyaml_vendor/environment/library_path.dsv
[4.196s] -- Installing: /home/ros/sigyn_microros_ws/firmware/mcu_ws/install/share/ament_index/resource_index/package_run_dependencies/libyaml_vendor
[4.196s] -- Installing: /home/ros/sigyn_microros_ws/firmware/mcu_ws/install/share/ament_index/resource_index/parent_prefix_path/libyaml_vendor
[4.196s] -- Installing: /home/ros/sigyn_microros_ws/firmware/mcu_ws/install/share/libyaml_vendor/environment/ament_prefix_path.sh
[4.196s] -- Installing: /home/ros/sigyn_microros_ws/firmware/mcu_ws/install/share/libyaml_vendor/environment/ament_prefix_path.dsv
[4.196s] -- Installing: /home/ros/sigyn_microros_ws/firmware/mcu_ws/install/share/libyaml_vendor/environment/path.sh
[4.196s] -- Installing: /home/ros/sigyn_microros_ws/firmware/mcu_ws/install/share/libyaml_vendor/environment/path.dsv
[4.196s] -- Installing: /home/ros/sigyn_microros_ws/firmware/mcu_ws/install/share/libyaml_vendor/local_setup.bash
[4.197s] -- Installing: /home/ros/sigyn_microros_ws/firmware/mcu_ws/install/share/libyaml_vendor/local_setup.sh
[4.197s] -- Installing: /home/ros/sigyn_microros_ws/firmware/mcu_ws/install/share/libyaml_vendor/local_setup.zsh
[4.197s] -- Installing: /home/ros/sigyn_microros_ws/firmware/mcu_ws/install/share/libyaml_vendor/local_setup.dsv
[4.197s] -- Installing: /home/ros/sigyn_microros_ws/firmware/mcu_ws/install/share/libyaml_vendor/package.dsv
[4.197s] -- Installing: /home/ros/sigyn_microros_ws/firmware/mcu_ws/install/share/ament_index/resource_index/packages/libyaml_vendor
[4.197s] -- Installing: /home/ros/sigyn_microros_ws/firmware/mcu_ws/install/share/libyaml_vendor/cmake/libyaml_vendor-extras.cmake
[4.197s] -- Installing: /home/ros/sigyn_microros_ws/firmware/mcu_ws/install/share/libyaml_vendor/cmake/ament_cmake_export_libraries-extras.cmake
[4.197s] -- Installing: /home/ros/sigyn_microros_ws/firmware/mcu_ws/install/share/libyaml_vendor/cmake/ament_cmake_export_dependencies-extras.cmake
[4.197s] -- Installing: /home/ros/sigyn_microros_ws/firmware/mcu_ws/install/share/libyaml_vendor/cmake/libyaml_vendorConfig.cmake
[4.198s] -- Installing: /home/ros/sigyn_microros_ws/firmware/mcu_ws/install/share/libyaml_vendor/cmake/libyaml_vendorConfig-version.cmake
[4.198s] -- Installing: /home/ros/sigyn_microros_ws/firmware/mcu_ws/install/share/libyaml_vendor/package.xml
[4.199s] Invoked command in '/home/ros/sigyn_microros_ws/firmware/mcu_ws/build/libyaml_vendor' returned '0': CMAKE_PREFIX_PATH=${CMAKE_PREFIX_PATH}:/home/ros/sigyn_microros_ws/firmware/dev_ws/install/ament_uncrustify:/home/ros/sigyn_microros_ws/firmware/dev_ws/install/domain_coordinator:/home/ros/sigyn_microros_ws/firmware/dev_ws/install/ament_xmllint:/home/ros/sigyn_microros_ws/firmware/dev_ws/install/ament_pyflakes:/home/ros/sigyn_microros_ws/firmware/dev_ws/install/ament_pycodestyle:/home/ros/sigyn_microros_ws/firmware/dev_ws/install/ament_pep257:/home/ros/sigyn_microros_ws/firmware/dev_ws/install/ament_pclint:/home/ros/sigyn_microros_ws/firmware/dev_ws/install/ament_package:/home/ros/sigyn_microros_ws/firmware/dev_ws/install/ament_mypy:/home/ros/sigyn_microros_ws/firmware/dev_ws/install/ament_lint_cmake:/home/ros/sigyn_microros_ws/firmware/dev_ws/install/ament_flake8:/home/ros/sigyn_microros_ws/firmware/dev_ws/install/ament_copyright:/home/ros/sigyn_microros_ws/firmware/dev_ws/install/ament_lint:/home/ros/sigyn_microros_ws/firmware/dev_ws/install/ament_index_python:/home/ros/sigyn_microros_ws/firmware/dev_ws/install/ament_cpplint:/home/ros/sigyn_microros_ws/firmware/dev_ws/install/ament_cppcheck:/home/ros/sigyn_microros_ws/firmware/dev_ws/install/ament_clang_tidy:/home/ros/sigyn_microros_ws/firmware/dev_ws/install/ament_clang_format /usr/bin/cmake --install /home/ros/sigyn_microros_ws/firmware/mcu_ws/build/libyaml_vendor
