[01m[K/home/ros/sigyn_microros_ws/firmware/mcu_ws/uros/rcutils/src/env.c:[m[K In function '[01m[Krcutils_set_env[m[K':
[01m[K/home/ros/sigyn_microros_ws/firmware/mcu_ws/uros/rcutils/src/env.c:45:14:[m[K [01;35m[Kwarning: [m[Kimplicit declaration of function '[01m[Kunsetenv[m[K' [-Wimplicit-function-declaration]
     if (0 != unsetenv(env_name)) {
[01;32m[K              ^[m[K
[01m[K/home/ros/sigyn_microros_ws/firmware/mcu_ws/uros/rcutils/src/env.c:50:14:[m[K [01;35m[Kwarning: [m[Kimplicit declaration of function '[01m[Ksetenv[m[K' [-Wimplicit-function-declaration]
     if (0 != setenv(env_name, env_value, 1)) {
[01;32m[K              ^[m[K
[01m[K/home/ros/sigyn_microros_ws/firmware/mcu_ws/uros/rcutils/src/strcasecmp.c:[m[K In function '[01m[Krcutils_strcasecmp[m[K':
[01m[K/home/ros/sigyn_microros_ws/firmware/mcu_ws/uros/rcutils/src/strcasecmp.c:35:12:[m[K [01;35m[Kwarning: [m[Kimplicit declaration of function '[01m[Kstrcasecmp[m[K' [-Wimplicit-function-declaration]
   *value = strcasecmp(s1, s2);
[01;32m[K            ^[m[K
[01m[K/home/ros/sigyn_microros_ws/firmware/mcu_ws/uros/rcutils/src/strcasecmp.c:[m[K In function '[01m[Krcutils_strncasecmp[m[K':
[01m[K/home/ros/sigyn_microros_ws/firmware/mcu_ws/uros/rcutils/src/strcasecmp.c:53:12:[m[K [01;35m[Kwarning: [m[Kimplicit declaration of function '[01m[Kstrncasecmp[m[K' [-Wimplicit-function-declaration]
   *value = strncasecmp(s1, s2, n);
[01;32m[K            ^[m[K
In file included from [01m[K/home/ros/sigyn_microros_ws/firmware/mcu_ws/uros/rcutils/src/error_handling.c:35:0[m[K:
[01m[K/home/ros/sigyn_microros_ws/firmware/mcu_ws/uros/rcutils/src/./error_handling_helpers.h:[m[K In function '[01m[K__rcutils_convert_uint64_t_into_c_str[m[K':
[01m[K/home/ros/sigyn_microros_ws/firmware/mcu_ws/uros/rcutils/src/./error_handling_helpers.h:109:48:[m[K [01;35m[Kwarning: [m[Kunused parameter '[01m[Knumber[m[K' [-Wunused-parameter]
 __rcutils_convert_uint64_t_into_c_str(uint64_t number, char * buffer, size_t buffer_size)
[01;32m[K                                                ^[m[K
[01m[K/home/ros/sigyn_microros_ws/firmware/mcu_ws/uros/rcutils/src/./error_handling_helpers.h:109:63:[m[K [01;35m[Kwarning: [m[Kunused parameter '[01m[Kbuffer[m[K' [-Wunused-parameter]
 __rcutils_convert_uint64_t_into_c_str(uint64_t number, char * buffer, size_t buffer_size)
[01;32m[K                                                               ^[m[K
[01m[K/home/ros/sigyn_microros_ws/firmware/mcu_ws/uros/rcutils/src/./error_handling_helpers.h:109:78:[m[K [01;35m[Kwarning: [m[Kunused parameter '[01m[Kbuffer_size[m[K' [-Wunused-parameter]
 __rcutils_convert_uint64_t_into_c_str(uint64_t number, char * buffer, size_t buffer_size)
[01;32m[K                                                                              ^[m[K
[01m[K/home/ros/sigyn_microros_ws/firmware/mcu_ws/uros/rcutils/src/./error_handling_helpers.h:[m[K In function '[01m[K__rcutils_format_error_string[m[K':
[01m[K/home/ros/sigyn_microros_ws/firmware/mcu_ws/uros/rcutils/src/./error_handling_helpers.h:142:28:[m[K [01;35m[Kwarning: [m[Kunused parameter '[01m[Kerror_string[m[K' [-Wunused-parameter]
   rcutils_error_string_t * error_string,
[01;32m[K                            ^[m[K
[01m[K/home/ros/sigyn_microros_ws/firmware/mcu_ws/uros/rcutils/src/./error_handling_helpers.h:143:33:[m[K [01;35m[Kwarning: [m[Kunused parameter '[01m[Kerror_state[m[K' [-Wunused-parameter]
   const rcutils_error_state_t * error_state)
[01;32m[K                                 ^[m[K
[01m[K/home/ros/sigyn_microros_ws/firmware/mcu_ws/uros/rcutils/src/error_handling.c:[m[K In function '[01m[Krcutils_set_error_state[m[K':
[01m[K/home/ros/sigyn_microros_ws/firmware/mcu_ws/uros/rcutils/src/error_handling.c:201:34:[m[K [01;35m[Kwarning: [m[Kimplicit declaration of function '[01m[Kstrnlen[m[K' [-Wimplicit-function-declaration]
   size_t characters_to_compare = strnlen(error_string, RCUTILS_ERROR_MESSAGE_MAX_LENGTH);
[01;32m[K                                  ^[m[K
[01m[K/home/ros/sigyn_microros_ws/firmware/mcu_ws/uros/rcutils/src/error_handling.c:[m[K In function '[01m[Krcutils_get_error_string[m[K':
[01m[K/home/ros/sigyn_microros_ws/firmware/mcu_ws/uros/rcutils/src/error_handling.c:240:38:[m[K [01;35m[Kwarning: [m[Kinitializer-string for array of chars is too long
     return (rcutils_error_string_t) {"error not set"};  // NOLINT(readability/braces)
[01;32m[K                                      ^[m[K
[01m[K/home/ros/sigyn_microros_ws/firmware/mcu_ws/uros/rcutils/src/error_handling.c:240:38:[m[K [01;36m[Knote: [m[K(near initialization for '[01m[K(anonymous).str[m[K')
In file included from [01m[K/home/ros/sigyn_microros_ws/firmware/mcu_ws/uros/rcutils/src/error_handling.c:35:0[m[K:
[01m[K/home/ros/sigyn_microros_ws/firmware/mcu_ws/uros/rcutils/src/error_handling.c:[m[K At top level:
[01m[K/home/ros/sigyn_microros_ws/firmware/mcu_ws/uros/rcutils/src/./error_handling_helpers.h:91:1:[m[K [01;35m[Kwarning: [m[K'[01m[K__rcutils_reverse_str[m[K' defined but not used [-Wunused-function]
 __rcutils_reverse_str(char * string_in, size_t string_len)
[01;32m[K ^[m[K
[01m[K/home/ros/sigyn_microros_ws/firmware/mcu_ws/uros/rcutils/src/./error_handling_helpers.h:109:1:[m[K [01;35m[Kwarning: [m[K'[01m[K__rcutils_convert_uint64_t_into_c_str[m[K' defined but not used [-Wunused-function]
 __rcutils_convert_uint64_t_into_c_str(uint64_t number, char * buffer, size_t buffer_size)
[01;32m[K ^[m[K
[01m[K/home/ros/sigyn_microros_ws/firmware/mcu_ws/uros/rcutils/src/strerror.c:[m[K In function '[01m[Krcutils_strerror[m[K':
[01m[K/home/ros/sigyn_microros_ws/firmware/mcu_ws/uros/rcutils/src/strerror.c:39:22:[m[K [01;35m[Kwarning: [m[Kimplicit declaration of function '[01m[Kstrerror_r[m[K' [-Wimplicit-function-declaration]
   int error_status = strerror_r(errno, buffer, buffer_length);
[01;32m[K                      ^[m[K
[01m[K/home/ros/sigyn_microros_ws/firmware/mcu_ws/uros/rcutils/src/logging.c:[m[K In function '[01m[Krcutils_get_env_var_zero_or_one[m[K':
[01m[K/home/ros/sigyn_microros_ws/firmware/mcu_ws/uros/rcutils/src/logging.c:130:35:[m[K [01;35m[Kwarning: [m[Kunused parameter '[01m[Kzero_semantic[m[K' [-Wunused-parameter]
   const char * name, const char * zero_semantic,
[01;32m[K                                   ^[m[K
[01m[K/home/ros/sigyn_microros_ws/firmware/mcu_ws/uros/rcutils/src/logging.c:131:16:[m[K [01;35m[Kwarning: [m[Kunused parameter '[01m[Kone_semantic[m[K' [-Wunused-parameter]
   const char * one_semantic)
[01;32m[K                ^[m[K
[01m[K/home/ros/sigyn_microros_ws/firmware/mcu_ws/uros/rcutils/src/logging.c:[m[K In function '[01m[Krcutils_logging_console_output_handler[m[K':
[01m[K/home/ros/sigyn_microros_ws/firmware/mcu_ws/uros/rcutils/src/logging.c:794:42:[m[K [01;35m[Kwarning: [m[Kimplicit declaration of function '[01m[Kfileno[m[K' [-Wimplicit-function-declaration]
 # define IS_STREAM_A_TTY(stream) (isatty(fileno(stream)) != 0)
[01;32m[K                                          ^[m[K
[01m[K/home/ros/sigyn_microros_ws/firmware/mcu_ws/uros/rcutils/src/logging.c:804:22:[m[K [01;36m[Knote: [m[Kin expansion of macro '[01m[KIS_STREAM_A_TTY[m[K'
       is_colorized = IS_STREAM_A_TTY(g_output_stream); \
[01;32m[K                      ^[m[K
[01m[K/home/ros/sigyn_microros_ws/firmware/mcu_ws/uros/rcutils/src/logging.c:928:3:[m[K [01;36m[Knote: [m[Kin expansion of macro '[01m[KIS_OUTPUT_COLORIZED[m[K'
   IS_OUTPUT_COLORIZED(is_colorized)
[01;32m[K   ^[m[K
[01m[K/home/ros/sigyn_microros_ws/firmware/mcu_ws/uros/rcutils/src/time_unix.c:52:4:[m[K [01;35m[Kwarning: [m[K#warning is a GCC extension
 #  warning no monotonic clock function available
[01;32m[K    ^[m[K
[01m[K/home/ros/sigyn_microros_ws/firmware/mcu_ws/uros/rcutils/src/time_unix.c:52:4:[m[K [01;35m[Kwarning: [m[K#warning no monotonic clock function available [-Wcpp]
[01m[K/home/ros/sigyn_microros_ws/firmware/mcu_ws/uros/rcutils/src/time_unix.c:[m[K In function '[01m[Krcutils_system_time_now[m[K':
[01m[K/home/ros/sigyn_microros_ws/firmware/mcu_ws/uros/rcutils/src/time_unix.c:74:3:[m[K [01;35m[Kwarning: [m[Kimplicit declaration of function '[01m[Kclock_gettime[m[K' [-Wimplicit-function-declaration]
   clock_gettime(CLOCK_REALTIME, &timespec_now);
[01;32m[K   ^[m[K
