Not searching for unused variables given on the command line.
-- The C compiler identification is GNU 5.4.1
-- The CXX compiler identification is GNU 5.4.1
-- Detecting C compiler ABI info
-- Detecting C compiler ABI info - done
-- Check for working C compiler: /home/ros/aa-arduino-1.8.19/hardware/tools/arm/bin/arm-none-eabi-gcc - skipped
-- Detecting C compile features
-- Detecting C compile features - done
-- Detecting CXX compiler ABI info
-- Detecting CXX compiler ABI info - done
-- Check for working CXX compiler: /home/ros/aa-arduino-1.8.19/hardware/tools/arm/bin/arm-none-eabi-g++ - skipped
-- Detecting CXX compile features
-- Detecting CXX compile features - done
-- Found ament_cmake_python: 1.3.10 (/home/ros/sigyn_microros_ws/firmware/dev_ws/install/ament_cmake_python/share/ament_cmake_python/cmake)
-- Found ament_cmake_ros: 0.10.0 (/home/ros/sigyn_microros_ws/firmware/dev_ws/install/ament_cmake_ros/share/ament_cmake_ros/cmake)
-- Found Python3: /usr/bin/python3 (found version "3.10.12") found components: Interpreter 
-- Configuring done
-- Generating done
-- Build files have been written to: /home/ros/sigyn_microros_ws/firmware/mcu_ws/build/rcutils
/usr/bin/cmake -S/home/ros/sigyn_microros_ws/firmware/mcu_ws/uros/rcutils -B/home/ros/sigyn_microros_ws/firmware/mcu_ws/build/rcutils --check-build-system CMakeFiles/Makefile.cmake 0
/usr/bin/cmake -E cmake_progress_start /home/ros/sigyn_microros_ws/firmware/mcu_ws/build/rcutils/CMakeFiles /home/ros/sigyn_microros_ws/firmware/mcu_ws/build/rcutils//CMakeFiles/progress.marks
/usr/bin/gmake  -f CMakeFiles/Makefile2 all
gmake[1]: Entering directory '/home/ros/sigyn_microros_ws/firmware/mcu_ws/build/rcutils'
/usr/bin/gmake  -f CMakeFiles/ament_cmake_python_copy_rcutils.dir/build.make CMakeFiles/ament_cmake_python_copy_rcutils.dir/depend
/usr/bin/gmake  -f CMakeFiles/rcutils.dir/build.make CMakeFiles/rcutils.dir/depend
gmake[2]: Entering directory '/home/ros/sigyn_microros_ws/firmware/mcu_ws/build/rcutils'
cd /home/ros/sigyn_microros_ws/firmware/mcu_ws/build/rcutils && /usr/bin/cmake -E cmake_depends "Unix Makefiles" /home/ros/sigyn_microros_ws/firmware/mcu_ws/uros/rcutils /home/ros/sigyn_microros_ws/firmware/mcu_ws/uros/rcutils /home/ros/sigyn_microros_ws/firmware/mcu_ws/build/rcutils /home/ros/sigyn_microros_ws/firmware/mcu_ws/build/rcutils /home/ros/sigyn_microros_ws/firmware/mcu_ws/build/rcutils/CMakeFiles/ament_cmake_python_copy_rcutils.dir/DependInfo.cmake --color=
gmake[2]: Entering directory '/home/ros/sigyn_microros_ws/firmware/mcu_ws/build/rcutils'
[  3%] [34m[1mExpanding logging_macros.h.em[0m
/usr/bin/cmake -E make_directory include/rcutils
gmake[2]: Leaving directory '/home/ros/sigyn_microros_ws/firmware/mcu_ws/build/rcutils'
/usr/bin/gmake  -f CMakeFiles/ament_cmake_python_copy_rcutils.dir/build.make CMakeFiles/ament_cmake_python_copy_rcutils.dir/build
gmake[2]: Entering directory '/home/ros/sigyn_microros_ws/firmware/mcu_ws/build/rcutils'
/usr/bin/cmake -E copy_directory /home/ros/sigyn_microros_ws/firmware/mcu_ws/uros/rcutils/rcutils /home/ros/sigyn_microros_ws/firmware/mcu_ws/build/rcutils/ament_cmake_python/rcutils/rcutils
/usr/bin/python3 -c "import em;em.invoke(   [     '-o', 'include/rcutils/logging_macros.h',     '-D', 'rcutils_module_path=\"/home/ros/sigyn_microros_ws/firmware/mcu_ws/uros/rcutils\"',     '/home/ros/sigyn_microros_ws/firmware/mcu_ws/uros/rcutils/resource/logging_macros.h.em'   ] )"
gmake[2]: Leaving directory '/home/ros/sigyn_microros_ws/firmware/mcu_ws/build/rcutils'
[  3%] Built target ament_cmake_python_copy_rcutils
/usr/bin/gmake  -f CMakeFiles/ament_cmake_python_build_rcutils_egg.dir/build.make CMakeFiles/ament_cmake_python_build_rcutils_egg.dir/depend
gmake[2]: Entering directory '/home/ros/sigyn_microros_ws/firmware/mcu_ws/build/rcutils'
cd /home/ros/sigyn_microros_ws/firmware/mcu_ws/build/rcutils && /usr/bin/cmake -E cmake_depends "Unix Makefiles" /home/ros/sigyn_microros_ws/firmware/mcu_ws/uros/rcutils /home/ros/sigyn_microros_ws/firmware/mcu_ws/uros/rcutils /home/ros/sigyn_microros_ws/firmware/mcu_ws/build/rcutils /home/ros/sigyn_microros_ws/firmware/mcu_ws/build/rcutils /home/ros/sigyn_microros_ws/firmware/mcu_ws/build/rcutils/CMakeFiles/ament_cmake_python_build_rcutils_egg.dir/DependInfo.cmake --color=
gmake[2]: Leaving directory '/home/ros/sigyn_microros_ws/firmware/mcu_ws/build/rcutils'
/usr/bin/gmake  -f CMakeFiles/ament_cmake_python_build_rcutils_egg.dir/build.make CMakeFiles/ament_cmake_python_build_rcutils_egg.dir/build
gmake[2]: Entering directory '/home/ros/sigyn_microros_ws/firmware/mcu_ws/build/rcutils'
cd /home/ros/sigyn_microros_ws/firmware/mcu_ws/build/rcutils/ament_cmake_python/rcutils && /usr/bin/python3 setup.py egg_info
cd /home/ros/sigyn_microros_ws/firmware/mcu_ws/build/rcutils && /usr/bin/cmake -E cmake_depends "Unix Makefiles" /home/ros/sigyn_microros_ws/firmware/mcu_ws/uros/rcutils /home/ros/sigyn_microros_ws/firmware/mcu_ws/uros/rcutils /home/ros/sigyn_microros_ws/firmware/mcu_ws/build/rcutils /home/ros/sigyn_microros_ws/firmware/mcu_ws/build/rcutils /home/ros/sigyn_microros_ws/firmware/mcu_ws/build/rcutils/CMakeFiles/rcutils.dir/DependInfo.cmake --color=
gmake[2]: Leaving directory '/home/ros/sigyn_microros_ws/firmware/mcu_ws/build/rcutils'
/usr/bin/gmake  -f CMakeFiles/rcutils.dir/build.make CMakeFiles/rcutils.dir/build
gmake[2]: Entering directory '/home/ros/sigyn_microros_ws/firmware/mcu_ws/build/rcutils'
[  6%] [32mBuilding C object CMakeFiles/rcutils.dir/src/char_array.c.obj[0m
[ 13%] [32mBuilding C object CMakeFiles/rcutils.dir/src/error_handling.c.obj[0m
[ 13%] [32mBuilding C object CMakeFiles/rcutils.dir/src/array_list.c.obj[0m
[ 17%] [32mBuilding C object CMakeFiles/rcutils.dir/src/filesystem.c.obj[0m
/home/ros/aa-arduino-1.8.19/hardware/tools/arm/bin/arm-none-eabi-gcc -DRCUTILS_BUILDING_DLL -DROS_PACKAGE_NAME=\"rcutils\" -I/home/ros/sigyn_microros_ws/firmware/mcu_ws/uros/rcutils/include -I/home/ros/sigyn_microros_ws/firmware/mcu_ws/build/rcutils/include -std=c11 -O2 -mfloat-abi=hard -mfpu=fpv5-d16 -ffunction-sections -fdata-sections -fno-exceptions -nostdlib -mcpu=cortex-m7 -mthumb -D'RCUTILS_LOG_MIN_SEVERITY=RCUTILS_LOG_MIN_SEVERITY_NONE' -DCLOCK_MONOTONIC=0 -D'__attribute__(x)=' -O3 -DNDEBUG -Wall -Wextra -Wconversion -Wno-sign-conversion -Wpedantic -MD -MT CMakeFiles/rcutils.dir/src/char_array.c.obj -MF CMakeFiles/rcutils.dir/src/char_array.c.obj.d -o CMakeFiles/rcutils.dir/src/char_array.c.obj -c /home/ros/sigyn_microros_ws/firmware/mcu_ws/uros/rcutils/src/char_array.c
[ 20%] [32mBuilding C object CMakeFiles/rcutils.dir/src/allocator.c.obj[0m
[ 24%] [32mBuilding C object CMakeFiles/rcutils.dir/src/hash_map.c.obj[0m
[ 37%] [32mBuilding C object CMakeFiles/rcutils.dir/src/logging.c.obj[0m
[ 37%] [32mBuilding C object CMakeFiles/rcutils.dir/src/process.c.obj[0m
[ 37%] [32mBuilding C object CMakeFiles/rcutils.dir/src/cmdline_parser.c.obj[0m
[ 37%] [32mBuilding C object CMakeFiles/rcutils.dir/src/qsort.c.obj[0m
[ 41%] [32mBuilding C object CMakeFiles/rcutils.dir/src/format_string.c.obj[0m
[ 44%] [32mBuilding C object CMakeFiles/rcutils.dir/src/snprintf.c.obj[0m
[ 48%] [32mBuilding C object CMakeFiles/rcutils.dir/src/repl_str.c.obj[0m
[ 55%] [32mBuilding C object CMakeFiles/rcutils.dir/src/env.c.obj[0m
[ 55%] [32mBuilding C object CMakeFiles/rcutils.dir/src/split.c.obj[0m
[ 58%] [32mBuilding C object CMakeFiles/rcutils.dir/src/strcasecmp.c.obj[0m
/home/ros/aa-arduino-1.8.19/hardware/tools/arm/bin/arm-none-eabi-gcc -DRCUTILS_BUILDING_DLL -DROS_PACKAGE_NAME=\"rcutils\" -I/home/ros/sigyn_microros_ws/firmware/mcu_ws/uros/rcutils/include -I/home/ros/sigyn_microros_ws/firmware/mcu_ws/build/rcutils/include -std=c11 -O2 -mfloat-abi=hard -mfpu=fpv5-d16 -ffunction-sections -fdata-sections -fno-exceptions -nostdlib -mcpu=cortex-m7 -mthumb -D'RCUTILS_LOG_MIN_SEVERITY=RCUTILS_LOG_MIN_SEVERITY_NONE' -DCLOCK_MONOTONIC=0 -D'__attribute__(x)=' -O3 -DNDEBUG -Wall -Wextra -Wconversion -Wno-sign-conversion -Wpedantic -MD -MT CMakeFiles/rcutils.dir/src/allocator.c.obj -MF CMakeFiles/rcutils.dir/src/allocator.c.obj.d -o CMakeFiles/rcutils.dir/src/allocator.c.obj -c /home/ros/sigyn_microros_ws/firmware/mcu_ws/uros/rcutils/src/allocator.c
/home/ros/aa-arduino-1.8.19/hardware/tools/arm/bin/arm-none-eabi-gcc -DRCUTILS_BUILDING_DLL -DROS_PACKAGE_NAME=\"rcutils\" -I/home/ros/sigyn_microros_ws/firmware/mcu_ws/uros/rcutils/include -I/home/ros/sigyn_microros_ws/firmware/mcu_ws/build/rcutils/include -std=c11 -O2 -mfloat-abi=hard -mfpu=fpv5-d16 -ffunction-sections -fdata-sections -fno-exceptions -nostdlib -mcpu=cortex-m7 -mthumb -D'RCUTILS_LOG_MIN_SEVERITY=RCUTILS_LOG_MIN_SEVERITY_NONE' -DCLOCK_MONOTONIC=0 -D'__attribute__(x)=' -O3 -DNDEBUG -Wall -Wextra -Wconversion -Wno-sign-conversion -Wpedantic -MD -MT CMakeFiles/rcutils.dir/src/array_list.c.obj -MF CMakeFiles/rcutils.dir/src/array_list.c.obj.d -o CMakeFiles/rcutils.dir/src/array_list.c.obj -c /home/ros/sigyn_microros_ws/firmware/mcu_ws/uros/rcutils/src/array_list.c
[ 62%] [32mBuilding C object CMakeFiles/rcutils.dir/src/shared_library.c.obj[0m
[ 65%] [32mBuilding C object CMakeFiles/rcutils.dir/src/find.c.obj[0m
/home/ros/aa-arduino-1.8.19/hardware/tools/arm/bin/arm-none-eabi-gcc -DRCUTILS_BUILDING_DLL -DROS_PACKAGE_NAME=\"rcutils\" -I/home/ros/sigyn_microros_ws/firmware/mcu_ws/uros/rcutils/include -I/home/ros/sigyn_microros_ws/firmware/mcu_ws/build/rcutils/include -std=c11 -O2 -mfloat-abi=hard -mfpu=fpv5-d16 -ffunction-sections -fdata-sections -fno-exceptions -nostdlib -mcpu=cortex-m7 -mthumb -D'RCUTILS_LOG_MIN_SEVERITY=RCUTILS_LOG_MIN_SEVERITY_NONE' -DCLOCK_MONOTONIC=0 -D'__attribute__(x)=' -O3 -DNDEBUG -Wall -Wextra -Wconversion -Wno-sign-conversion -Wpedantic -MD -MT CMakeFiles/rcutils.dir/src/cmdline_parser.c.obj -MF CMakeFiles/rcutils.dir/src/cmdline_parser.c.obj.d -o CMakeFiles/rcutils.dir/src/cmdline_parser.c.obj -c /home/ros/sigyn_microros_ws/firmware/mcu_ws/uros/rcutils/src/cmdline_parser.c
[ 68%] [32mBuilding C object CMakeFiles/rcutils.dir/src/strdup.c.obj[0m
/home/ros/aa-arduino-1.8.19/hardware/tools/arm/bin/arm-none-eabi-gcc -DRCUTILS_BUILDING_DLL -DROS_PACKAGE_NAME=\"rcutils\" -I/home/ros/sigyn_microros_ws/firmware/mcu_ws/uros/rcutils/include -I/home/ros/sigyn_microros_ws/firmware/mcu_ws/build/rcutils/include -std=c11 -O2 -mfloat-abi=hard -mfpu=fpv5-d16 -ffunction-sections -fdata-sections -fno-exceptions -nostdlib -mcpu=cortex-m7 -mthumb -D'RCUTILS_LOG_MIN_SEVERITY=RCUTILS_LOG_MIN_SEVERITY_NONE' -DCLOCK_MONOTONIC=0 -D'__attribute__(x)=' -O3 -DNDEBUG -Wall -Wextra -Wconversion -Wno-sign-conversion -Wpedantic -MD -MT CMakeFiles/rcutils.dir/src/error_handling.c.obj -MF CMakeFiles/rcutils.dir/src/error_handling.c.obj.d -o CMakeFiles/rcutils.dir/src/error_handling.c.obj -c /home/ros/sigyn_microros_ws/firmware/mcu_ws/uros/rcutils/src/error_handling.c
/home/ros/aa-arduino-1.8.19/hardware/tools/arm/bin/arm-none-eabi-gcc -DRCUTILS_BUILDING_DLL -DROS_PACKAGE_NAME=\"rcutils\" -I/home/ros/sigyn_microros_ws/firmware/mcu_ws/uros/rcutils/include -I/home/ros/sigyn_microros_ws/firmware/mcu_ws/build/rcutils/include -std=c11 -O2 -mfloat-abi=hard -mfpu=fpv5-d16 -ffunction-sections -fdata-sections -fno-exceptions -nostdlib -mcpu=cortex-m7 -mthumb -D'RCUTILS_LOG_MIN_SEVERITY=RCUTILS_LOG_MIN_SEVERITY_NONE' -DCLOCK_MONOTONIC=0 -D'__attribute__(x)=' -O3 -DNDEBUG -Wall -Wextra -Wconversion -Wno-sign-conversion -Wpedantic -MD -MT CMakeFiles/rcutils.dir/src/filesystem.c.obj -MF CMakeFiles/rcutils.dir/src/filesystem.c.obj.d -o CMakeFiles/rcutils.dir/src/filesystem.c.obj -c /home/ros/sigyn_microros_ws/firmware/mcu_ws/uros/rcutils/src/filesystem.c
/home/ros/aa-arduino-1.8.19/hardware/tools/arm/bin/arm-none-eabi-gcc -DRCUTILS_BUILDING_DLL -DROS_PACKAGE_NAME=\"rcutils\" -I/home/ros/sigyn_microros_ws/firmware/mcu_ws/uros/rcutils/include -I/home/ros/sigyn_microros_ws/firmware/mcu_ws/build/rcutils/include -std=c11 -O2 -mfloat-abi=hard -mfpu=fpv5-d16 -ffunction-sections -fdata-sections -fno-exceptions -nostdlib -mcpu=cortex-m7 -mthumb -D'RCUTILS_LOG_MIN_SEVERITY=RCUTILS_LOG_MIN_SEVERITY_NONE' -DCLOCK_MONOTONIC=0 -D'__attribute__(x)=' -O3 -DNDEBUG -Wall -Wextra -Wconversion -Wno-sign-conversion -Wpedantic -MD -MT CMakeFiles/rcutils.dir/src/env.c.obj -MF CMakeFiles/rcutils.dir/src/env.c.obj.d -o CMakeFiles/rcutils.dir/src/env.c.obj -c /home/ros/sigyn_microros_ws/firmware/mcu_ws/uros/rcutils/src/env.c
/home/ros/aa-arduino-1.8.19/hardware/tools/arm/bin/arm-none-eabi-gcc -DRCUTILS_BUILDING_DLL -DROS_PACKAGE_NAME=\"rcutils\" -I/home/ros/sigyn_microros_ws/firmware/mcu_ws/uros/rcutils/include -I/home/ros/sigyn_microros_ws/firmware/mcu_ws/build/rcutils/include -std=c11 -O2 -mfloat-abi=hard -mfpu=fpv5-d16 -ffunction-sections -fdata-sections -fno-exceptions -nostdlib -mcpu=cortex-m7 -mthumb -D'RCUTILS_LOG_MIN_SEVERITY=RCUTILS_LOG_MIN_SEVERITY_NONE' -DCLOCK_MONOTONIC=0 -D'__attribute__(x)=' -O3 -DNDEBUG -Wall -Wextra -Wconversion -Wno-sign-conversion -Wpedantic -MD -MT CMakeFiles/rcutils.dir/src/format_string.c.obj -MF CMakeFiles/rcutils.dir/src/format_string.c.obj.d -o CMakeFiles/rcutils.dir/src/format_string.c.obj -c /home/ros/sigyn_microros_ws/firmware/mcu_ws/uros/rcutils/src/format_string.c
/home/ros/aa-arduino-1.8.19/hardware/tools/arm/bin/arm-none-eabi-gcc -DRCUTILS_BUILDING_DLL -DROS_PACKAGE_NAME=\"rcutils\" -I/home/ros/sigyn_microros_ws/firmware/mcu_ws/uros/rcutils/include -I/home/ros/sigyn_microros_ws/firmware/mcu_ws/build/rcutils/include -std=c11 -O2 -mfloat-abi=hard -mfpu=fpv5-d16 -ffunction-sections -fdata-sections -fno-exceptions -nostdlib -mcpu=cortex-m7 -mthumb -D'RCUTILS_LOG_MIN_SEVERITY=RCUTILS_LOG_MIN_SEVERITY_NONE' -DCLOCK_MONOTONIC=0 -D'__attribute__(x)=' -O3 -DNDEBUG -Wall -Wextra -Wconversion -Wno-sign-conversion -Wpedantic -MD -MT CMakeFiles/rcutils.dir/src/find.c.obj -MF CMakeFiles/rcutils.dir/src/find.c.obj.d -o CMakeFiles/rcutils.dir/src/find.c.obj -c /home/ros/sigyn_microros_ws/firmware/mcu_ws/uros/rcutils/src/find.c
/home/ros/aa-arduino-1.8.19/hardware/tools/arm/bin/arm-none-eabi-gcc -DRCUTILS_BUILDING_DLL -DROS_PACKAGE_NAME=\"rcutils\" -I/home/ros/sigyn_microros_ws/firmware/mcu_ws/uros/rcutils/include -I/home/ros/sigyn_microros_ws/firmware/mcu_ws/build/rcutils/include -std=c11 -O2 -mfloat-abi=hard -mfpu=fpv5-d16 -ffunction-sections -fdata-sections -fno-exceptions -nostdlib -mcpu=cortex-m7 -mthumb -D'RCUTILS_LOG_MIN_SEVERITY=RCUTILS_LOG_MIN_SEVERITY_NONE' -DCLOCK_MONOTONIC=0 -D'__attribute__(x)=' -O3 -DNDEBUG -Wall -Wextra -Wconversion -Wno-sign-conversion -Wpedantic -MD -MT CMakeFiles/rcutils.dir/src/hash_map.c.obj -MF CMakeFiles/rcutils.dir/src/hash_map.c.obj.d -o CMakeFiles/rcutils.dir/src/hash_map.c.obj -c /home/ros/sigyn_microros_ws/firmware/mcu_ws/uros/rcutils/src/hash_map.c
/home/ros/aa-arduino-1.8.19/hardware/tools/arm/bin/arm-none-eabi-gcc -DRCUTILS_BUILDING_DLL -DROS_PACKAGE_NAME=\"rcutils\" -I/home/ros/sigyn_microros_ws/firmware/mcu_ws/uros/rcutils/include -I/home/ros/sigyn_microros_ws/firmware/mcu_ws/build/rcutils/include -std=c11 -O2 -mfloat-abi=hard -mfpu=fpv5-d16 -ffunction-sections -fdata-sections -fno-exceptions -nostdlib -mcpu=cortex-m7 -mthumb -D'RCUTILS_LOG_MIN_SEVERITY=RCUTILS_LOG_MIN_SEVERITY_NONE' -DCLOCK_MONOTONIC=0 -D'__attribute__(x)=' -O3 -DNDEBUG -Wall -Wextra -Wconversion -Wno-sign-conversion -Wpedantic -MD -MT CMakeFiles/rcutils.dir/src/logging.c.obj -MF CMakeFiles/rcutils.dir/src/logging.c.obj.d -o CMakeFiles/rcutils.dir/src/logging.c.obj -c /home/ros/sigyn_microros_ws/firmware/mcu_ws/uros/rcutils/src/logging.c
[ 72%] [32mBuilding C object CMakeFiles/rcutils.dir/src/string_array.c.obj[0m
[ 75%] [32mBuilding C object CMakeFiles/rcutils.dir/src/strerror.c.obj[0m
/home/ros/aa-arduino-1.8.19/hardware/tools/arm/bin/arm-none-eabi-gcc -DRCUTILS_BUILDING_DLL -DROS_PACKAGE_NAME=\"rcutils\" -I/home/ros/sigyn_microros_ws/firmware/mcu_ws/uros/rcutils/include -I/home/ros/sigyn_microros_ws/firmware/mcu_ws/build/rcutils/include -std=c11 -O2 -mfloat-abi=hard -mfpu=fpv5-d16 -ffunction-sections -fdata-sections -fno-exceptions -nostdlib -mcpu=cortex-m7 -mthumb -D'RCUTILS_LOG_MIN_SEVERITY=RCUTILS_LOG_MIN_SEVERITY_NONE' -DCLOCK_MONOTONIC=0 -D'__attribute__(x)=' -O3 -DNDEBUG -Wall -Wextra -Wconversion -Wno-sign-conversion -Wpedantic -MD -MT CMakeFiles/rcutils.dir/src/process.c.obj -MF CMakeFiles/rcutils.dir/src/process.c.obj.d -o CMakeFiles/rcutils.dir/src/process.c.obj -c /home/ros/sigyn_microros_ws/firmware/mcu_ws/uros/rcutils/src/process.c
/home/ros/aa-arduino-1.8.19/hardware/tools/arm/bin/arm-none-eabi-gcc -DRCUTILS_BUILDING_DLL -DROS_PACKAGE_NAME=\"rcutils\" -I/home/ros/sigyn_microros_ws/firmware/mcu_ws/uros/rcutils/include -I/home/ros/sigyn_microros_ws/firmware/mcu_ws/build/rcutils/include -std=c11 -O2 -mfloat-abi=hard -mfpu=fpv5-d16 -ffunction-sections -fdata-sections -fno-exceptions -nostdlib -mcpu=cortex-m7 -mthumb -D'RCUTILS_LOG_MIN_SEVERITY=RCUTILS_LOG_MIN_SEVERITY_NONE' -DCLOCK_MONOTONIC=0 -D'__attribute__(x)=' -O3 -DNDEBUG -Wall -Wextra -Wconversion -Wno-sign-conversion -Wpedantic -MD -MT CMakeFiles/rcutils.dir/src/qsort.c.obj -MF CMakeFiles/rcutils.dir/src/qsort.c.obj.d -o CMakeFiles/rcutils.dir/src/qsort.c.obj -c /home/ros/sigyn_microros_ws/firmware/mcu_ws/uros/rcutils/src/qsort.c
/home/ros/aa-arduino-1.8.19/hardware/tools/arm/bin/arm-none-eabi-gcc -DRCUTILS_BUILDING_DLL -DROS_PACKAGE_NAME=\"rcutils\" -I/home/ros/sigyn_microros_ws/firmware/mcu_ws/uros/rcutils/include -I/home/ros/sigyn_microros_ws/firmware/mcu_ws/build/rcutils/include -std=c11 -O2 -mfloat-abi=hard -mfpu=fpv5-d16 -ffunction-sections -fdata-sections -fno-exceptions -nostdlib -mcpu=cortex-m7 -mthumb -D'RCUTILS_LOG_MIN_SEVERITY=RCUTILS_LOG_MIN_SEVERITY_NONE' -DCLOCK_MONOTONIC=0 -D'__attribute__(x)=' -O3 -DNDEBUG -Wall -Wextra -Wconversion -Wno-sign-conversion -Wpedantic -MD -MT CMakeFiles/rcutils.dir/src/repl_str.c.obj -MF CMakeFiles/rcutils.dir/src/repl_str.c.obj.d -o CMakeFiles/rcutils.dir/src/repl_str.c.obj -c /home/ros/sigyn_microros_ws/firmware/mcu_ws/uros/rcutils/src/repl_str.c
[ 79%] [32mBuilding C object CMakeFiles/rcutils.dir/src/string_map.c.obj[0m
/home/ros/aa-arduino-1.8.19/hardware/tools/arm/bin/arm-none-eabi-gcc -DRCUTILS_BUILDING_DLL -DROS_PACKAGE_NAME=\"rcutils\" -I/home/ros/sigyn_microros_ws/firmware/mcu_ws/uros/rcutils/include -I/home/ros/sigyn_microros_ws/firmware/mcu_ws/build/rcutils/include -std=c11 -O2 -mfloat-abi=hard -mfpu=fpv5-d16 -ffunction-sections -fdata-sections -fno-exceptions -nostdlib -mcpu=cortex-m7 -mthumb -D'RCUTILS_LOG_MIN_SEVERITY=RCUTILS_LOG_MIN_SEVERITY_NONE' -DCLOCK_MONOTONIC=0 -D'__attribute__(x)=' -O3 -DNDEBUG -Wall -Wextra -Wconversion -Wno-sign-conversion -Wpedantic -MD -MT CMakeFiles/rcutils.dir/src/shared_library.c.obj -MF CMakeFiles/rcutils.dir/src/shared_library.c.obj.d -o CMakeFiles/rcutils.dir/src/shared_library.c.obj -c /home/ros/sigyn_microros_ws/firmware/mcu_ws/uros/rcutils/src/shared_library.c
/home/ros/aa-arduino-1.8.19/hardware/tools/arm/bin/arm-none-eabi-gcc -DRCUTILS_BUILDING_DLL -DROS_PACKAGE_NAME=\"rcutils\" -I/home/ros/sigyn_microros_ws/firmware/mcu_ws/uros/rcutils/include -I/home/ros/sigyn_microros_ws/firmware/mcu_ws/build/rcutils/include -std=c11 -O2 -mfloat-abi=hard -mfpu=fpv5-d16 -ffunction-sections -fdata-sections -fno-exceptions -nostdlib -mcpu=cortex-m7 -mthumb -D'RCUTILS_LOG_MIN_SEVERITY=RCUTILS_LOG_MIN_SEVERITY_NONE' -DCLOCK_MONOTONIC=0 -D'__attribute__(x)=' -O3 -DNDEBUG -Wall -Wextra -Wconversion -Wno-sign-conversion -Wpedantic -MD -MT CMakeFiles/rcutils.dir/src/snprintf.c.obj -MF CMakeFiles/rcutils.dir/src/snprintf.c.obj.d -o CMakeFiles/rcutils.dir/src/snprintf.c.obj -c /home/ros/sigyn_microros_ws/firmware/mcu_ws/uros/rcutils/src/snprintf.c
/home/ros/aa-arduino-1.8.19/hardware/tools/arm/bin/arm-none-eabi-gcc -DRCUTILS_BUILDING_DLL -DROS_PACKAGE_NAME=\"rcutils\" -I/home/ros/sigyn_microros_ws/firmware/mcu_ws/uros/rcutils/include -I/home/ros/sigyn_microros_ws/firmware/mcu_ws/build/rcutils/include -std=c11 -O2 -mfloat-abi=hard -mfpu=fpv5-d16 -ffunction-sections -fdata-sections -fno-exceptions -nostdlib -mcpu=cortex-m7 -mthumb -D'RCUTILS_LOG_MIN_SEVERITY=RCUTILS_LOG_MIN_SEVERITY_NONE' -DCLOCK_MONOTONIC=0 -D'__attribute__(x)=' -O3 -DNDEBUG -Wall -Wextra -Wconversion -Wno-sign-conversion -Wpedantic -MD -MT CMakeFiles/rcutils.dir/src/split.c.obj -MF CMakeFiles/rcutils.dir/src/split.c.obj.d -o CMakeFiles/rcutils.dir/src/split.c.obj -c /home/ros/sigyn_microros_ws/firmware/mcu_ws/uros/rcutils/src/split.c
/home/ros/aa-arduino-1.8.19/hardware/tools/arm/bin/arm-none-eabi-gcc -DRCUTILS_BUILDING_DLL -DROS_PACKAGE_NAME=\"rcutils\" -I/home/ros/sigyn_microros_ws/firmware/mcu_ws/uros/rcutils/include -I/home/ros/sigyn_microros_ws/firmware/mcu_ws/build/rcutils/include -std=c11 -O2 -mfloat-abi=hard -mfpu=fpv5-d16 -ffunction-sections -fdata-sections -fno-exceptions -nostdlib -mcpu=cortex-m7 -mthumb -D'RCUTILS_LOG_MIN_SEVERITY=RCUTILS_LOG_MIN_SEVERITY_NONE' -DCLOCK_MONOTONIC=0 -D'__attribute__(x)=' -O3 -DNDEBUG -Wall -Wextra -Wconversion -Wno-sign-conversion -Wpedantic -MD -MT CMakeFiles/rcutils.dir/src/strcasecmp.c.obj -MF CMakeFiles/rcutils.dir/src/strcasecmp.c.obj.d -o CMakeFiles/rcutils.dir/src/strcasecmp.c.obj -c /home/ros/sigyn_microros_ws/firmware/mcu_ws/uros/rcutils/src/strcasecmp.c
/home/ros/aa-arduino-1.8.19/hardware/tools/arm/bin/arm-none-eabi-gcc -DRCUTILS_BUILDING_DLL -DROS_PACKAGE_NAME=\"rcutils\" -I/home/ros/sigyn_microros_ws/firmware/mcu_ws/uros/rcutils/include -I/home/ros/sigyn_microros_ws/firmware/mcu_ws/build/rcutils/include -std=c11 -O2 -mfloat-abi=hard -mfpu=fpv5-d16 -ffunction-sections -fdata-sections -fno-exceptions -nostdlib -mcpu=cortex-m7 -mthumb -D'RCUTILS_LOG_MIN_SEVERITY=RCUTILS_LOG_MIN_SEVERITY_NONE' -DCLOCK_MONOTONIC=0 -D'__attribute__(x)=' -O3 -DNDEBUG -Wall -Wextra -Wconversion -Wno-sign-conversion -Wpedantic -MD -MT CMakeFiles/rcutils.dir/src/strdup.c.obj -MF CMakeFiles/rcutils.dir/src/strdup.c.obj.d -o CMakeFiles/rcutils.dir/src/strdup.c.obj -c /home/ros/sigyn_microros_ws/firmware/mcu_ws/uros/rcutils/src/strdup.c
/home/ros/aa-arduino-1.8.19/hardware/tools/arm/bin/arm-none-eabi-gcc -DRCUTILS_BUILDING_DLL -DROS_PACKAGE_NAME=\"rcutils\" -I/home/ros/sigyn_microros_ws/firmware/mcu_ws/uros/rcutils/include -I/home/ros/sigyn_microros_ws/firmware/mcu_ws/build/rcutils/include -std=c11 -O2 -mfloat-abi=hard -mfpu=fpv5-d16 -ffunction-sections -fdata-sections -fno-exceptions -nostdlib -mcpu=cortex-m7 -mthumb -D'RCUTILS_LOG_MIN_SEVERITY=RCUTILS_LOG_MIN_SEVERITY_NONE' -DCLOCK_MONOTONIC=0 -D'__attribute__(x)=' -O3 -DNDEBUG -Wall -Wextra -Wconversion -Wno-sign-conversion -Wpedantic -MD -MT CMakeFiles/rcutils.dir/src/strerror.c.obj -MF CMakeFiles/rcutils.dir/src/strerror.c.obj.d -o CMakeFiles/rcutils.dir/src/strerror.c.obj -c /home/ros/sigyn_microros_ws/firmware/mcu_ws/uros/rcutils/src/strerror.c
/home/ros/aa-arduino-1.8.19/hardware/tools/arm/bin/arm-none-eabi-gcc -DRCUTILS_BUILDING_DLL -DROS_PACKAGE_NAME=\"rcutils\" -I/home/ros/sigyn_microros_ws/firmware/mcu_ws/uros/rcutils/include -I/home/ros/sigyn_microros_ws/firmware/mcu_ws/build/rcutils/include -std=c11 -O2 -mfloat-abi=hard -mfpu=fpv5-d16 -ffunction-sections -fdata-sections -fno-exceptions -nostdlib -mcpu=cortex-m7 -mthumb -D'RCUTILS_LOG_MIN_SEVERITY=RCUTILS_LOG_MIN_SEVERITY_NONE' -DCLOCK_MONOTONIC=0 -D'__attribute__(x)=' -O3 -DNDEBUG -Wall -Wextra -Wconversion -Wno-sign-conversion -Wpedantic -MD -MT CMakeFiles/rcutils.dir/src/string_array.c.obj -MF CMakeFiles/rcutils.dir/src/string_array.c.obj.d -o CMakeFiles/rcutils.dir/src/string_array.c.obj -c /home/ros/sigyn_microros_ws/firmware/mcu_ws/uros/rcutils/src/string_array.c
/home/ros/aa-arduino-1.8.19/hardware/tools/arm/bin/arm-none-eabi-gcc -DRCUTILS_BUILDING_DLL -DROS_PACKAGE_NAME=\"rcutils\" -I/home/ros/sigyn_microros_ws/firmware/mcu_ws/uros/rcutils/include -I/home/ros/sigyn_microros_ws/firmware/mcu_ws/build/rcutils/include -std=c11 -O2 -mfloat-abi=hard -mfpu=fpv5-d16 -ffunction-sections -fdata-sections -fno-exceptions -nostdlib -mcpu=cortex-m7 -mthumb -D'RCUTILS_LOG_MIN_SEVERITY=RCUTILS_LOG_MIN_SEVERITY_NONE' -DCLOCK_MONOTONIC=0 -D'__attribute__(x)=' -O3 -DNDEBUG -Wall -Wextra -Wconversion -Wno-sign-conversion -Wpedantic -MD -MT CMakeFiles/rcutils.dir/src/string_map.c.obj -MF CMakeFiles/rcutils.dir/src/string_map.c.obj.d -o CMakeFiles/rcutils.dir/src/string_map.c.obj -c /home/ros/sigyn_microros_ws/firmware/mcu_ws/uros/rcutils/src/string_map.c
[01m[K/home/ros/sigyn_microros_ws/firmware/mcu_ws/uros/rcutils/src/env.c:[m[K In function '[01m[Krcutils_set_env[m[K':
[01m[K/home/ros/sigyn_microros_ws/firmware/mcu_ws/uros/rcutils/src/env.c:45:14:[m[K [01;35m[Kwarning: [m[Kimplicit declaration of function '[01m[Kunsetenv[m[K' [-Wimplicit-function-declaration]
     if (0 != unsetenv(env_name)) {
[01;32m[K              ^[m[K
[01m[K/home/ros/sigyn_microros_ws/firmware/mcu_ws/uros/rcutils/src/env.c:50:14:[m[K [01;35m[Kwarning: [m[Kimplicit declaration of function '[01m[Ksetenv[m[K' [-Wimplicit-function-declaration]
     if (0 != setenv(env_name, env_value, 1)) {
[01;32m[K              ^[m[K
[01m[K/home/ros/sigyn_microros_ws/firmware/mcu_ws/uros/rcutils/src/strcasecmp.c:[m[K In function '[01m[Krcutils_strcasecmp[m[K':
[01m[K/home/ros/sigyn_microros_ws/firmware/mcu_ws/uros/rcutils/src/strcasecmp.c:35:12:[m[K [01;35m[Kwarning: [m[Kimplicit declaration of function '[01m[Kstrcasecmp[m[K' [-Wimplicit-function-declaration]
   *value = strcasecmp(s1, s2);
[01;32m[K            ^[m[K
[01m[K/home/ros/sigyn_microros_ws/firmware/mcu_ws/uros/rcutils/src/strcasecmp.c:[m[K In function '[01m[Krcutils_strncasecmp[m[K':
[01m[K/home/ros/sigyn_microros_ws/firmware/mcu_ws/uros/rcutils/src/strcasecmp.c:53:12:[m[K [01;35m[Kwarning: [m[Kimplicit declaration of function '[01m[Kstrncasecmp[m[K' [-Wimplicit-function-declaration]
   *value = strncasecmp(s1, s2, n);
[01;32m[K            ^[m[K
In file included from [01m[K/home/ros/sigyn_microros_ws/firmware/mcu_ws/uros/rcutils/src/error_handling.c:35:0[m[K:
[01m[K/home/ros/sigyn_microros_ws/firmware/mcu_ws/uros/rcutils/src/./error_handling_helpers.h:[m[K In function '[01m[K__rcutils_convert_uint64_t_into_c_str[m[K':
[01m[K/home/ros/sigyn_microros_ws/firmware/mcu_ws/uros/rcutils/src/./error_handling_helpers.h:109:48:[m[K [01;35m[Kwarning: [m[Kunused parameter '[01m[Knumber[m[K' [-Wunused-parameter]
 __rcutils_convert_uint64_t_into_c_str(uint64_t number, char * buffer, size_t buffer_size)
[01;32m[K                                                ^[m[K
[01m[K/home/ros/sigyn_microros_ws/firmware/mcu_ws/uros/rcutils/src/./error_handling_helpers.h:109:63:[m[K [01;35m[Kwarning: [m[Kunused parameter '[01m[Kbuffer[m[K' [-Wunused-parameter]
 __rcutils_convert_uint64_t_into_c_str(uint64_t number, char * buffer, size_t buffer_size)
[01;32m[K                                                               ^[m[K
[01m[K/home/ros/sigyn_microros_ws/firmware/mcu_ws/uros/rcutils/src/./error_handling_helpers.h:109:78:[m[K [01;35m[Kwarning: [m[Kunused parameter '[01m[Kbuffer_size[m[K' [-Wunused-parameter]
 __rcutils_convert_uint64_t_into_c_str(uint64_t number, char * buffer, size_t buffer_size)
[01;32m[K                                                                              ^[m[K
[01m[K/home/ros/sigyn_microros_ws/firmware/mcu_ws/uros/rcutils/src/./error_handling_helpers.h:[m[K In function '[01m[K__rcutils_format_error_string[m[K':
[01m[K/home/ros/sigyn_microros_ws/firmware/mcu_ws/uros/rcutils/src/./error_handling_helpers.h:142:28:[m[K [01;35m[Kwarning: [m[Kunused parameter '[01m[Kerror_string[m[K' [-Wunused-parameter]
   rcutils_error_string_t * error_string,
[01;32m[K                            ^[m[K
[01m[K/home/ros/sigyn_microros_ws/firmware/mcu_ws/uros/rcutils/src/./error_handling_helpers.h:143:33:[m[K [01;35m[Kwarning: [m[Kunused parameter '[01m[Kerror_state[m[K' [-Wunused-parameter]
   const rcutils_error_state_t * error_state)
[01;32m[K                                 ^[m[K
[01m[K/home/ros/sigyn_microros_ws/firmware/mcu_ws/uros/rcutils/src/error_handling.c:[m[K In function '[01m[Krcutils_set_error_state[m[K':
[01m[K/home/ros/sigyn_microros_ws/firmware/mcu_ws/uros/rcutils/src/error_handling.c:201:34:[m[K [01;35m[Kwarning: [m[Kimplicit declaration of function '[01m[Kstrnlen[m[K' [-Wimplicit-function-declaration]
   size_t characters_to_compare = strnlen(error_string, RCUTILS_ERROR_MESSAGE_MAX_LENGTH);
[01;32m[K                                  ^[m[K
[01m[K/home/ros/sigyn_microros_ws/firmware/mcu_ws/uros/rcutils/src/error_handling.c:[m[K In function '[01m[Krcutils_get_error_string[m[K':
[01m[K/home/ros/sigyn_microros_ws/firmware/mcu_ws/uros/rcutils/src/error_handling.c:240:38:[m[K [01;35m[Kwarning: [m[Kinitializer-string for array of chars is too long
     return (rcutils_error_string_t) {"error not set"};  // NOLINT(readability/braces)
[01;32m[K                                      ^[m[K
[01m[K/home/ros/sigyn_microros_ws/firmware/mcu_ws/uros/rcutils/src/error_handling.c:240:38:[m[K [01;36m[Knote: [m[K(near initialization for '[01m[K(anonymous).str[m[K')
In file included from [01m[K/home/ros/sigyn_microros_ws/firmware/mcu_ws/uros/rcutils/src/error_handling.c:35:0[m[K:
[01m[K/home/ros/sigyn_microros_ws/firmware/mcu_ws/uros/rcutils/src/error_handling.c:[m[K At top level:
[01m[K/home/ros/sigyn_microros_ws/firmware/mcu_ws/uros/rcutils/src/./error_handling_helpers.h:91:1:[m[K [01;35m[Kwarning: [m[K'[01m[K__rcutils_reverse_str[m[K' defined but not used [-Wunused-function]
 __rcutils_reverse_str(char * string_in, size_t string_len)
[01;32m[K ^[m[K
[01m[K/home/ros/sigyn_microros_ws/firmware/mcu_ws/uros/rcutils/src/./error_handling_helpers.h:109:1:[m[K [01;35m[Kwarning: [m[K'[01m[K__rcutils_convert_uint64_t_into_c_str[m[K' defined but not used [-Wunused-function]
 __rcutils_convert_uint64_t_into_c_str(uint64_t number, char * buffer, size_t buffer_size)
[01;32m[K ^[m[K
[ 82%] [32mBuilding C object CMakeFiles/rcutils.dir/src/testing/fault_injection.c.obj[0m
/home/ros/aa-arduino-1.8.19/hardware/tools/arm/bin/arm-none-eabi-gcc -DRCUTILS_BUILDING_DLL -DROS_PACKAGE_NAME=\"rcutils\" -I/home/ros/sigyn_microros_ws/firmware/mcu_ws/uros/rcutils/include -I/home/ros/sigyn_microros_ws/firmware/mcu_ws/build/rcutils/include -std=c11 -O2 -mfloat-abi=hard -mfpu=fpv5-d16 -ffunction-sections -fdata-sections -fno-exceptions -nostdlib -mcpu=cortex-m7 -mthumb -D'RCUTILS_LOG_MIN_SEVERITY=RCUTILS_LOG_MIN_SEVERITY_NONE' -DCLOCK_MONOTONIC=0 -D'__attribute__(x)=' -O3 -DNDEBUG -Wall -Wextra -Wconversion -Wno-sign-conversion -Wpedantic -MD -MT CMakeFiles/rcutils.dir/src/testing/fault_injection.c.obj -MF CMakeFiles/rcutils.dir/src/testing/fault_injection.c.obj.d -o CMakeFiles/rcutils.dir/src/testing/fault_injection.c.obj -c /home/ros/sigyn_microros_ws/firmware/mcu_ws/uros/rcutils/src/testing/fault_injection.c
[01m[K/home/ros/sigyn_microros_ws/firmware/mcu_ws/uros/rcutils/src/strerror.c:[m[K In function '[01m[Krcutils_strerror[m[K':
[01m[K/home/ros/sigyn_microros_ws/firmware/mcu_ws/uros/rcutils/src/strerror.c:39:22:[m[K [01;35m[Kwarning: [m[Kimplicit declaration of function '[01m[Kstrerror_r[m[K' [-Wimplicit-function-declaration]
   int error_status = strerror_r(errno, buffer, buffer_length);
[01;32m[K                      ^[m[K
[01m[K/home/ros/sigyn_microros_ws/firmware/mcu_ws/uros/rcutils/src/logging.c:[m[K In function '[01m[Krcutils_get_env_var_zero_or_one[m[K':
[01m[K/home/ros/sigyn_microros_ws/firmware/mcu_ws/uros/rcutils/src/logging.c:130:35:[m[K [01;35m[Kwarning: [m[Kunused parameter '[01m[Kzero_semantic[m[K' [-Wunused-parameter]
   const char * name, const char * zero_semantic,
[01;32m[K                                   ^[m[K
[01m[K/home/ros/sigyn_microros_ws/firmware/mcu_ws/uros/rcutils/src/logging.c:131:16:[m[K [01;35m[Kwarning: [m[Kunused parameter '[01m[Kone_semantic[m[K' [-Wunused-parameter]
   const char * one_semantic)
[01;32m[K                ^[m[K
[01m[K/home/ros/sigyn_microros_ws/firmware/mcu_ws/uros/rcutils/src/logging.c:[m[K In function '[01m[Krcutils_logging_console_output_handler[m[K':
[01m[K/home/ros/sigyn_microros_ws/firmware/mcu_ws/uros/rcutils/src/logging.c:794:42:[m[K [01;35m[Kwarning: [m[Kimplicit declaration of function '[01m[Kfileno[m[K' [-Wimplicit-function-declaration]
 # define IS_STREAM_A_TTY(stream) (isatty(fileno(stream)) != 0)
[01;32m[K                                          ^[m[K
[01m[K/home/ros/sigyn_microros_ws/firmware/mcu_ws/uros/rcutils/src/logging.c:804:22:[m[K [01;36m[Knote: [m[Kin expansion of macro '[01m[KIS_STREAM_A_TTY[m[K'
       is_colorized = IS_STREAM_A_TTY(g_output_stream); \
[01;32m[K                      ^[m[K
[01m[K/home/ros/sigyn_microros_ws/firmware/mcu_ws/uros/rcutils/src/logging.c:928:3:[m[K [01;36m[Knote: [m[Kin expansion of macro '[01m[KIS_OUTPUT_COLORIZED[m[K'
   IS_OUTPUT_COLORIZED(is_colorized)
[01;32m[K   ^[m[K
[ 86%] [32mBuilding C object CMakeFiles/rcutils.dir/src/time_unix.c.obj[0m
[ 89%] [32mBuilding C object CMakeFiles/rcutils.dir/src/time.c.obj[0m
/home/ros/aa-arduino-1.8.19/hardware/tools/arm/bin/arm-none-eabi-gcc -DRCUTILS_BUILDING_DLL -DROS_PACKAGE_NAME=\"rcutils\" -I/home/ros/sigyn_microros_ws/firmware/mcu_ws/uros/rcutils/include -I/home/ros/sigyn_microros_ws/firmware/mcu_ws/build/rcutils/include -std=c11 -O2 -mfloat-abi=hard -mfpu=fpv5-d16 -ffunction-sections -fdata-sections -fno-exceptions -nostdlib -mcpu=cortex-m7 -mthumb -D'RCUTILS_LOG_MIN_SEVERITY=RCUTILS_LOG_MIN_SEVERITY_NONE' -DCLOCK_MONOTONIC=0 -D'__attribute__(x)=' -O3 -DNDEBUG -Wall -Wextra -Wconversion -Wno-sign-conversion -Wpedantic -MD -MT CMakeFiles/rcutils.dir/src/time_unix.c.obj -MF CMakeFiles/rcutils.dir/src/time_unix.c.obj.d -o CMakeFiles/rcutils.dir/src/time_unix.c.obj -c /home/ros/sigyn_microros_ws/firmware/mcu_ws/uros/rcutils/src/time_unix.c
/home/ros/aa-arduino-1.8.19/hardware/tools/arm/bin/arm-none-eabi-gcc -DRCUTILS_BUILDING_DLL -DROS_PACKAGE_NAME=\"rcutils\" -I/home/ros/sigyn_microros_ws/firmware/mcu_ws/uros/rcutils/include -I/home/ros/sigyn_microros_ws/firmware/mcu_ws/build/rcutils/include -std=c11 -O2 -mfloat-abi=hard -mfpu=fpv5-d16 -ffunction-sections -fdata-sections -fno-exceptions -nostdlib -mcpu=cortex-m7 -mthumb -D'RCUTILS_LOG_MIN_SEVERITY=RCUTILS_LOG_MIN_SEVERITY_NONE' -DCLOCK_MONOTONIC=0 -D'__attribute__(x)=' -O3 -DNDEBUG -Wall -Wextra -Wconversion -Wno-sign-conversion -Wpedantic -MD -MT CMakeFiles/rcutils.dir/src/time.c.obj -MF CMakeFiles/rcutils.dir/src/time.c.obj.d -o CMakeFiles/rcutils.dir/src/time.c.obj -c /home/ros/sigyn_microros_ws/firmware/mcu_ws/uros/rcutils/src/time.c
[ 93%] [32mBuilding C object CMakeFiles/rcutils.dir/src/uint8_array.c.obj[0m
[ 96%] [32mBuilding C object CMakeFiles/rcutils.dir/src/atomic_64bits.c.obj[0m
/home/ros/aa-arduino-1.8.19/hardware/tools/arm/bin/arm-none-eabi-gcc -DRCUTILS_BUILDING_DLL -DROS_PACKAGE_NAME=\"rcutils\" -I/home/ros/sigyn_microros_ws/firmware/mcu_ws/uros/rcutils/include -I/home/ros/sigyn_microros_ws/firmware/mcu_ws/build/rcutils/include -std=c11 -O2 -mfloat-abi=hard -mfpu=fpv5-d16 -ffunction-sections -fdata-sections -fno-exceptions -nostdlib -mcpu=cortex-m7 -mthumb -D'RCUTILS_LOG_MIN_SEVERITY=RCUTILS_LOG_MIN_SEVERITY_NONE' -DCLOCK_MONOTONIC=0 -D'__attribute__(x)=' -O3 -DNDEBUG -Wall -Wextra -Wconversion -Wno-sign-conversion -Wpedantic -MD -MT CMakeFiles/rcutils.dir/src/uint8_array.c.obj -MF CMakeFiles/rcutils.dir/src/uint8_array.c.obj.d -o CMakeFiles/rcutils.dir/src/uint8_array.c.obj -c /home/ros/sigyn_microros_ws/firmware/mcu_ws/uros/rcutils/src/uint8_array.c
/home/ros/aa-arduino-1.8.19/hardware/tools/arm/bin/arm-none-eabi-gcc -DRCUTILS_BUILDING_DLL -DROS_PACKAGE_NAME=\"rcutils\" -I/home/ros/sigyn_microros_ws/firmware/mcu_ws/uros/rcutils/include -I/home/ros/sigyn_microros_ws/firmware/mcu_ws/build/rcutils/include -std=c11 -O2 -mfloat-abi=hard -mfpu=fpv5-d16 -ffunction-sections -fdata-sections -fno-exceptions -nostdlib -mcpu=cortex-m7 -mthumb -D'RCUTILS_LOG_MIN_SEVERITY=RCUTILS_LOG_MIN_SEVERITY_NONE' -DCLOCK_MONOTONIC=0 -D'__attribute__(x)=' -O3 -DNDEBUG -Wall -Wextra -Wconversion -Wno-sign-conversion -Wpedantic -MD -MT CMakeFiles/rcutils.dir/src/atomic_64bits.c.obj -MF CMakeFiles/rcutils.dir/src/atomic_64bits.c.obj.d -o CMakeFiles/rcutils.dir/src/atomic_64bits.c.obj -c /home/ros/sigyn_microros_ws/firmware/mcu_ws/uros/rcutils/src/atomic_64bits.c
[01m[K/home/ros/sigyn_microros_ws/firmware/mcu_ws/uros/rcutils/src/time_unix.c:52:4:[m[K [01;35m[Kwarning: [m[K#warning is a GCC extension
 #  warning no monotonic clock function available
[01;32m[K    ^[m[K
[01m[K/home/ros/sigyn_microros_ws/firmware/mcu_ws/uros/rcutils/src/time_unix.c:52:4:[m[K [01;35m[Kwarning: [m[K#warning no monotonic clock function available [-Wcpp]
[01m[K/home/ros/sigyn_microros_ws/firmware/mcu_ws/uros/rcutils/src/time_unix.c:[m[K In function '[01m[Krcutils_system_time_now[m[K':
[01m[K/home/ros/sigyn_microros_ws/firmware/mcu_ws/uros/rcutils/src/time_unix.c:74:3:[m[K [01;35m[Kwarning: [m[Kimplicit declaration of function '[01m[Kclock_gettime[m[K' [-Wimplicit-function-declaration]
   clock_gettime(CLOCK_REALTIME, &timespec_now);
[01;32m[K   ^[m[K
running egg_info
creating rcutils.egg-info
writing rcutils.egg-info/PKG-INFO
writing dependency_links to rcutils.egg-info/dependency_links.txt
writing top-level names to rcutils.egg-info/top_level.txt
writing manifest file 'rcutils.egg-info/SOURCES.txt'
reading manifest file 'rcutils.egg-info/SOURCES.txt'
writing manifest file 'rcutils.egg-info/SOURCES.txt'
gmake[2]: Leaving directory '/home/ros/sigyn_microros_ws/firmware/mcu_ws/build/rcutils'
[ 96%] Built target ament_cmake_python_build_rcutils_egg
[100%] [32m[1mLinking C static library librcutils.a[0m
/usr/bin/cmake -P CMakeFiles/rcutils.dir/cmake_clean_target.cmake
/usr/bin/cmake -E cmake_link_script CMakeFiles/rcutils.dir/link.txt --verbose=1
/usr/bin/ar qc librcutils.a CMakeFiles/rcutils.dir/src/allocator.c.obj CMakeFiles/rcutils.dir/src/array_list.c.obj CMakeFiles/rcutils.dir/src/char_array.c.obj CMakeFiles/rcutils.dir/src/cmdline_parser.c.obj CMakeFiles/rcutils.dir/src/env.c.obj CMakeFiles/rcutils.dir/src/error_handling.c.obj CMakeFiles/rcutils.dir/src/filesystem.c.obj CMakeFiles/rcutils.dir/src/find.c.obj CMakeFiles/rcutils.dir/src/format_string.c.obj CMakeFiles/rcutils.dir/src/hash_map.c.obj CMakeFiles/rcutils.dir/src/logging.c.obj CMakeFiles/rcutils.dir/src/process.c.obj CMakeFiles/rcutils.dir/src/qsort.c.obj CMakeFiles/rcutils.dir/src/repl_str.c.obj CMakeFiles/rcutils.dir/src/shared_library.c.obj CMakeFiles/rcutils.dir/src/snprintf.c.obj CMakeFiles/rcutils.dir/src/split.c.obj CMakeFiles/rcutils.dir/src/strcasecmp.c.obj CMakeFiles/rcutils.dir/src/strdup.c.obj CMakeFiles/rcutils.dir/src/strerror.c.obj CMakeFiles/rcutils.dir/src/string_array.c.obj CMakeFiles/rcutils.dir/src/string_map.c.obj CMakeFiles/rcutils.dir/src/testing/fault_injection.c.obj CMakeFiles/rcutils.dir/src/time.c.obj CMakeFiles/rcutils.dir/src/time_unix.c.obj CMakeFiles/rcutils.dir/src/uint8_array.c.obj CMakeFiles/rcutils.dir/src/atomic_64bits.c.obj
/usr/bin/ranlib librcutils.a
gmake[2]: Leaving directory '/home/ros/sigyn_microros_ws/firmware/mcu_ws/build/rcutils'
[100%] Built target rcutils
gmake[1]: Leaving directory '/home/ros/sigyn_microros_ws/firmware/mcu_ws/build/rcutils'
/usr/bin/cmake -E cmake_progress_start /home/ros/sigyn_microros_ws/firmware/mcu_ws/build/rcutils/CMakeFiles 0
-- Install configuration: "Release"
-- Installing: /home/ros/sigyn_microros_ws/firmware/mcu_ws/install/share/rcutils/environment/pythonpath.sh
-- Installing: /home/ros/sigyn_microros_ws/firmware/mcu_ws/install/share/rcutils/environment/pythonpath.dsv
-- Installing: /home/ros/sigyn_microros_ws/firmware/mcu_ws/install/local/lib/python3.10/dist-packages/rcutils-5.1.6-py3.10.egg-info
-- Installing: /home/ros/sigyn_microros_ws/firmware/mcu_ws/install/local/lib/python3.10/dist-packages/rcutils-5.1.6-py3.10.egg-info/top_level.txt
-- Installing: /home/ros/sigyn_microros_ws/firmware/mcu_ws/install/local/lib/python3.10/dist-packages/rcutils-5.1.6-py3.10.egg-info/dependency_links.txt
-- Installing: /home/ros/sigyn_microros_ws/firmware/mcu_ws/install/local/lib/python3.10/dist-packages/rcutils-5.1.6-py3.10.egg-info/SOURCES.txt
-- Installing: /home/ros/sigyn_microros_ws/firmware/mcu_ws/install/local/lib/python3.10/dist-packages/rcutils-5.1.6-py3.10.egg-info/PKG-INFO
-- Installing: /home/ros/sigyn_microros_ws/firmware/mcu_ws/install/local/lib/python3.10/dist-packages/rcutils
-- Installing: /home/ros/sigyn_microros_ws/firmware/mcu_ws/install/local/lib/python3.10/dist-packages/rcutils/__init__.py
-- Installing: /home/ros/sigyn_microros_ws/firmware/mcu_ws/install/local/lib/python3.10/dist-packages/rcutils/logging.py
Listing '/home/ros/sigyn_microros_ws/firmware/mcu_ws/install/local/lib/python3.10/dist-packages/rcutils'...
Compiling '/home/ros/sigyn_microros_ws/firmware/mcu_ws/install/local/lib/python3.10/dist-packages/rcutils/__init__.py'...
Compiling '/home/ros/sigyn_microros_ws/firmware/mcu_ws/install/local/lib/python3.10/dist-packages/rcutils/logging.py'...
-- Installing: /home/ros/sigyn_microros_ws/firmware/mcu_ws/install/lib/librcutils.a
-- Installing: /home/ros/sigyn_microros_ws/firmware/mcu_ws/install/share/rcutils/environment/library_path.sh
-- Installing: /home/ros/sigyn_microros_ws/firmware/mcu_ws/install/share/rcutils/environment/library_path.dsv
-- Installing: /home/ros/sigyn_microros_ws/firmware/mcu_ws/install/share/ament_index/resource_index/package_run_dependencies/rcutils
-- Installing: /home/ros/sigyn_microros_ws/firmware/mcu_ws/install/share/ament_index/resource_index/parent_prefix_path/rcutils
-- Installing: /home/ros/sigyn_microros_ws/firmware/mcu_ws/install/share/rcutils/environment/ament_prefix_path.sh
-- Installing: /home/ros/sigyn_microros_ws/firmware/mcu_ws/install/share/rcutils/environment/ament_prefix_path.dsv
-- Installing: /home/ros/sigyn_microros_ws/firmware/mcu_ws/install/share/rcutils/environment/path.sh
-- Installing: /home/ros/sigyn_microros_ws/firmware/mcu_ws/install/share/rcutils/environment/path.dsv
-- Installing: /home/ros/sigyn_microros_ws/firmware/mcu_ws/install/share/rcutils/local_setup.bash
-- Installing: /home/ros/sigyn_microros_ws/firmware/mcu_ws/install/share/rcutils/local_setup.sh
-- Installing: /home/ros/sigyn_microros_ws/firmware/mcu_ws/install/share/rcutils/local_setup.zsh
-- Installing: /home/ros/sigyn_microros_ws/firmware/mcu_ws/install/share/rcutils/local_setup.dsv
-- Installing: /home/ros/sigyn_microros_ws/firmware/mcu_ws/install/share/rcutils/package.dsv
-- Installing: /home/ros/sigyn_microros_ws/firmware/mcu_ws/install/share/ament_index/resource_index/packages/rcutils
-- Installing: /home/ros/sigyn_microros_ws/firmware/mcu_ws/install/share/rcutils/cmake/rcutilsExport.cmake
-- Installing: /home/ros/sigyn_microros_ws/firmware/mcu_ws/install/share/rcutils/cmake/rcutilsExport-release.cmake
-- Installing: /home/ros/sigyn_microros_ws/firmware/mcu_ws/install/share/rcutils/cmake/ament_cmake_export_include_directories-extras.cmake
-- Installing: /home/ros/sigyn_microros_ws/firmware/mcu_ws/install/share/rcutils/cmake/ament_cmake_export_libraries-extras.cmake
-- Installing: /home/ros/sigyn_microros_ws/firmware/mcu_ws/install/share/rcutils/cmake/ament_cmake_export_targets-extras.cmake
-- Installing: /home/ros/sigyn_microros_ws/firmware/mcu_ws/install/share/rcutils/cmake/ament_cmake_export_dependencies-extras.cmake
-- Installing: /home/ros/sigyn_microros_ws/firmware/mcu_ws/install/share/rcutils/cmake/rcutilsConfig.cmake
-- Installing: /home/ros/sigyn_microros_ws/firmware/mcu_ws/install/share/rcutils/cmake/rcutilsConfig-version.cmake
-- Installing: /home/ros/sigyn_microros_ws/firmware/mcu_ws/install/share/rcutils/package.xml
-- Installing: /home/ros/sigyn_microros_ws/firmware/mcu_ws/install/include/rcutils
-- Installing: /home/ros/sigyn_microros_ws/firmware/mcu_ws/install/include/rcutils/rcutils
-- Installing: /home/ros/sigyn_microros_ws/firmware/mcu_ws/install/include/rcutils/rcutils/stdatomic_helper
-- Installing: /home/ros/sigyn_microros_ws/firmware/mcu_ws/install/include/rcutils/rcutils/stdatomic_helper/win32
-- Installing: /home/ros/sigyn_microros_ws/firmware/mcu_ws/install/include/rcutils/rcutils/stdatomic_helper/win32/stdatomic.h
-- Installing: /home/ros/sigyn_microros_ws/firmware/mcu_ws/install/include/rcutils/rcutils/stdatomic_helper/gcc
-- Installing: /home/ros/sigyn_microros_ws/firmware/mcu_ws/install/include/rcutils/rcutils/stdatomic_helper/gcc/stdatomic.h
-- Installing: /home/ros/sigyn_microros_ws/firmware/mcu_ws/install/include/rcutils/rcutils/allocator.h
-- Installing: /home/ros/sigyn_microros_ws/firmware/mcu_ws/install/include/rcutils/rcutils/logging.h
-- Installing: /home/ros/sigyn_microros_ws/firmware/mcu_ws/install/include/rcutils/rcutils/testing
-- Installing: /home/ros/sigyn_microros_ws/firmware/mcu_ws/install/include/rcutils/rcutils/testing/fault_injection.h
-- Installing: /home/ros/sigyn_microros_ws/firmware/mcu_ws/install/include/rcutils/rcutils/repl_str.h
-- Installing: /home/ros/sigyn_microros_ws/firmware/mcu_ws/install/include/rcutils/rcutils/visibility_control_macros.h
-- Installing: /home/ros/sigyn_microros_ws/firmware/mcu_ws/install/include/rcutils/rcutils/error_handling.h
-- Installing: /home/ros/sigyn_microros_ws/firmware/mcu_ws/install/include/rcutils/rcutils/get_env.h
-- Installing: /home/ros/sigyn_microros_ws/firmware/mcu_ws/install/include/rcutils/rcutils/types.h
-- Installing: /home/ros/sigyn_microros_ws/firmware/mcu_ws/install/include/rcutils/rcutils/strcasecmp.h
-- Installing: /home/ros/sigyn_microros_ws/firmware/mcu_ws/install/include/rcutils/rcutils/qsort.h
-- Installing: /home/ros/sigyn_microros_ws/firmware/mcu_ws/install/include/rcutils/rcutils/strdup.h
-- Installing: /home/ros/sigyn_microros_ws/firmware/mcu_ws/install/include/rcutils/rcutils/format_string.h
-- Installing: /home/ros/sigyn_microros_ws/firmware/mcu_ws/install/include/rcutils/rcutils/configuration_flags.h.in
-- Installing: /home/ros/sigyn_microros_ws/firmware/mcu_ws/install/include/rcutils/rcutils/time.h
-- Installing: /home/ros/sigyn_microros_ws/firmware/mcu_ws/install/include/rcutils/rcutils/types
-- Installing: /home/ros/sigyn_microros_ws/firmware/mcu_ws/install/include/rcutils/rcutils/types/hash_map.h
-- Installing: /home/ros/sigyn_microros_ws/firmware/mcu_ws/install/include/rcutils/rcutils/types/array_list.h
-- Installing: /home/ros/sigyn_microros_ws/firmware/mcu_ws/install/include/rcutils/rcutils/types/uint8_array.h
-- Installing: /home/ros/sigyn_microros_ws/firmware/mcu_ws/install/include/rcutils/rcutils/types/rcutils_ret.h
-- Installing: /home/ros/sigyn_microros_ws/firmware/mcu_ws/install/include/rcutils/rcutils/types/string_map.h
-- Installing: /home/ros/sigyn_microros_ws/firmware/mcu_ws/install/include/rcutils/rcutils/types/string_array.h
-- Installing: /home/ros/sigyn_microros_ws/firmware/mcu_ws/install/include/rcutils/rcutils/types/char_array.h
-- Installing: /home/ros/sigyn_microros_ws/firmware/mcu_ws/install/include/rcutils/rcutils/shared_library.h
-- Installing: /home/ros/sigyn_microros_ws/firmware/mcu_ws/install/include/rcutils/rcutils/isalnum_no_locale.h
-- Installing: /home/ros/sigyn_microros_ws/firmware/mcu_ws/install/include/rcutils/rcutils/split.h
-- Installing: /home/ros/sigyn_microros_ws/firmware/mcu_ws/install/include/rcutils/rcutils/find.h
-- Installing: /home/ros/sigyn_microros_ws/firmware/mcu_ws/install/include/rcutils/rcutils/cmdline_parser.h
-- Installing: /home/ros/sigyn_microros_ws/firmware/mcu_ws/install/include/rcutils/rcutils/macros.h
-- Installing: /home/ros/sigyn_microros_ws/firmware/mcu_ws/install/include/rcutils/rcutils/process.h
-- Installing: /home/ros/sigyn_microros_ws/firmware/mcu_ws/install/include/rcutils/rcutils/snprintf.h
-- Installing: /home/ros/sigyn_microros_ws/firmware/mcu_ws/install/include/rcutils/rcutils/env.h
-- Installing: /home/ros/sigyn_microros_ws/firmware/mcu_ws/install/include/rcutils/rcutils/security_directory.h
-- Installing: /home/ros/sigyn_microros_ws/firmware/mcu_ws/install/include/rcutils/rcutils/filesystem.h
-- Installing: /home/ros/sigyn_microros_ws/firmware/mcu_ws/install/include/rcutils/rcutils/stdatomic_helper.h
-- Installing: /home/ros/sigyn_microros_ws/firmware/mcu_ws/install/include/rcutils/rcutils/visibility_control.h
-- Installing: /home/ros/sigyn_microros_ws/firmware/mcu_ws/install/include/rcutils/rcutils/strerror.h
-- Up-to-date: /home/ros/sigyn_microros_ws/firmware/mcu_ws/install/include/rcutils
-- Up-to-date: /home/ros/sigyn_microros_ws/firmware/mcu_ws/install/include/rcutils/rcutils
-- Installing: /home/ros/sigyn_microros_ws/firmware/mcu_ws/install/include/rcutils/rcutils/logging_macros.h
-- Installing: /home/ros/sigyn_microros_ws/firmware/mcu_ws/install/include/rcutils/rcutils/configuration_flags.h
