[0.035s] Invoking command in '/home/ros/sigyn_microros_ws/firmware/mcu_ws/build/rcutils': CMAKE_PREFIX_PATH=${CMAKE_PREFIX_PATH}:/home/ros/sigyn_microros_ws/firmware/dev_ws/install/ament_uncrustify:/home/ros/sigyn_microros_ws/firmware/dev_ws/install/domain_coordinator:/home/ros/sigyn_microros_ws/firmware/dev_ws/install/ament_xmllint:/home/ros/sigyn_microros_ws/firmware/dev_ws/install/ament_pyflakes:/home/ros/sigyn_microros_ws/firmware/dev_ws/install/ament_pycodestyle:/home/ros/sigyn_microros_ws/firmware/dev_ws/install/ament_pep257:/home/ros/sigyn_microros_ws/firmware/dev_ws/install/ament_pclint:/home/ros/sigyn_microros_ws/firmware/dev_ws/install/ament_package:/home/ros/sigyn_microros_ws/firmware/dev_ws/install/ament_mypy:/home/ros/sigyn_microros_ws/firmware/dev_ws/install/ament_lint_cmake:/home/ros/sigyn_microros_ws/firmware/dev_ws/install/ament_flake8:/home/ros/sigyn_microros_ws/firmware/dev_ws/install/ament_copyright:/home/ros/sigyn_microros_ws/firmware/dev_ws/install/ament_lint:/home/ros/sigyn_microros_ws/firmware/dev_ws/install/ament_index_python:/home/ros/sigyn_microros_ws/firmware/dev_ws/install/ament_cpplint:/home/ros/sigyn_microros_ws/firmware/dev_ws/install/ament_cppcheck:/home/ros/sigyn_microros_ws/firmware/dev_ws/install/ament_clang_tidy:/home/ros/sigyn_microros_ws/firmware/dev_ws/install/ament_clang_format /usr/bin/cmake /home/ros/sigyn_microros_ws/firmware/mcu_ws/uros/rcutils --no-warn-unused-cli -DCMAKE_POSITION_INDEPENDENT_CODE:BOOL=OFF -DTHIRDPARTY=ON -DBUILD_SHARED_LIBS=OFF -DBUILD_TESTING=OFF -DCMAKE_BUILD_TYPE=Release -DCMAKE_TOOLCHAIN_FILE=/home/ros/sigyn_microros_ws/sigyn_toolchain.cmake -DCMAKE_VERBOSE_MAKEFILE=ON -DENABLE_TESTING=OFF -DRCUTILS_NO_FILESYSTEM=ON -DRCUTILS_NO_THREAD_SUPPORT=ON -DRCUTILS_NO_64_ATOMIC=ON -DRCUTILS_AVOID_DYNAMIC_ALLOCATION=ON -DCMAKE_INSTALL_PREFIX=/home/ros/sigyn_microros_ws/firmware/mcu_ws/install
[0.387s] Not searching for unused variables given on the command line.
[0.387s] -- The C compiler identification is GNU 5.4.1
[0.388s] -- The CXX compiler identification is GNU 5.4.1
[0.388s] -- Detecting C compiler ABI info
[0.388s] -- Detecting C compiler ABI info - done
[0.388s] -- Check for working C compiler: /home/ros/aa-arduino-1.8.19/hardware/tools/arm/bin/arm-none-eabi-gcc - skipped
[0.388s] -- Detecting C compile features
[0.388s] -- Detecting C compile features - done
[0.388s] -- Detecting CXX compiler ABI info
[0.402s] -- Detecting CXX compiler ABI info - done
[0.407s] -- Check for working CXX compiler: /home/ros/aa-arduino-1.8.19/hardware/tools/arm/bin/arm-none-eabi-g++ - skipped
[0.407s] -- Detecting CXX compile features
[0.407s] -- Detecting CXX compile features - done
[0.411s] -- Found ament_cmake_python: 1.3.10 (/home/ros/sigyn_microros_ws/firmware/dev_ws/install/ament_cmake_python/share/ament_cmake_python/cmake)
[0.412s] -- Found ament_cmake_ros: 0.10.0 (/home/ros/sigyn_microros_ws/firmware/dev_ws/install/ament_cmake_ros/share/ament_cmake_ros/cmake)
[0.512s] -- Found Python3: /usr/bin/python3 (found version "3.10.12") found components: Interpreter 
[0.715s] -- Configuring done
[0.721s] -- Generating done
[0.722s] -- Build files have been written to: /home/ros/sigyn_microros_ws/firmware/mcu_ws/build/rcutils
[0.750s] Invoked command in '/home/ros/sigyn_microros_ws/firmware/mcu_ws/build/rcutils' returned '0': CMAKE_PREFIX_PATH=${CMAKE_PREFIX_PATH}:/home/ros/sigyn_microros_ws/firmware/dev_ws/install/ament_uncrustify:/home/ros/sigyn_microros_ws/firmware/dev_ws/install/domain_coordinator:/home/ros/sigyn_microros_ws/firmware/dev_ws/install/ament_xmllint:/home/ros/sigyn_microros_ws/firmware/dev_ws/install/ament_pyflakes:/home/ros/sigyn_microros_ws/firmware/dev_ws/install/ament_pycodestyle:/home/ros/sigyn_microros_ws/firmware/dev_ws/install/ament_pep257:/home/ros/sigyn_microros_ws/firmware/dev_ws/install/ament_pclint:/home/ros/sigyn_microros_ws/firmware/dev_ws/install/ament_package:/home/ros/sigyn_microros_ws/firmware/dev_ws/install/ament_mypy:/home/ros/sigyn_microros_ws/firmware/dev_ws/install/ament_lint_cmake:/home/ros/sigyn_microros_ws/firmware/dev_ws/install/ament_flake8:/home/ros/sigyn_microros_ws/firmware/dev_ws/install/ament_copyright:/home/ros/sigyn_microros_ws/firmware/dev_ws/install/ament_lint:/home/ros/sigyn_microros_ws/firmware/dev_ws/install/ament_index_python:/home/ros/sigyn_microros_ws/firmware/dev_ws/install/ament_cpplint:/home/ros/sigyn_microros_ws/firmware/dev_ws/install/ament_cppcheck:/home/ros/sigyn_microros_ws/firmware/dev_ws/install/ament_clang_tidy:/home/ros/sigyn_microros_ws/firmware/dev_ws/install/ament_clang_format /usr/bin/cmake /home/ros/sigyn_microros_ws/firmware/mcu_ws/uros/rcutils --no-warn-unused-cli -DCMAKE_POSITION_INDEPENDENT_CODE:BOOL=OFF -DTHIRDPARTY=ON -DBUILD_SHARED_LIBS=OFF -DBUILD_TESTING=OFF -DCMAKE_BUILD_TYPE=Release -DCMAKE_TOOLCHAIN_FILE=/home/ros/sigyn_microros_ws/sigyn_toolchain.cmake -DCMAKE_VERBOSE_MAKEFILE=ON -DENABLE_TESTING=OFF -DRCUTILS_NO_FILESYSTEM=ON -DRCUTILS_NO_THREAD_SUPPORT=ON -DRCUTILS_NO_64_ATOMIC=ON -DRCUTILS_AVOID_DYNAMIC_ALLOCATION=ON -DCMAKE_INSTALL_PREFIX=/home/ros/sigyn_microros_ws/firmware/mcu_ws/install
[0.751s] Invoking command in '/home/ros/sigyn_microros_ws/firmware/mcu_ws/build/rcutils': CMAKE_PREFIX_PATH=${CMAKE_PREFIX_PATH}:/home/ros/sigyn_microros_ws/firmware/dev_ws/install/ament_uncrustify:/home/ros/sigyn_microros_ws/firmware/dev_ws/install/domain_coordinator:/home/ros/sigyn_microros_ws/firmware/dev_ws/install/ament_xmllint:/home/ros/sigyn_microros_ws/firmware/dev_ws/install/ament_pyflakes:/home/ros/sigyn_microros_ws/firmware/dev_ws/install/ament_pycodestyle:/home/ros/sigyn_microros_ws/firmware/dev_ws/install/ament_pep257:/home/ros/sigyn_microros_ws/firmware/dev_ws/install/ament_pclint:/home/ros/sigyn_microros_ws/firmware/dev_ws/install/ament_package:/home/ros/sigyn_microros_ws/firmware/dev_ws/install/ament_mypy:/home/ros/sigyn_microros_ws/firmware/dev_ws/install/ament_lint_cmake:/home/ros/sigyn_microros_ws/firmware/dev_ws/install/ament_flake8:/home/ros/sigyn_microros_ws/firmware/dev_ws/install/ament_copyright:/home/ros/sigyn_microros_ws/firmware/dev_ws/install/ament_lint:/home/ros/sigyn_microros_ws/firmware/dev_ws/install/ament_index_python:/home/ros/sigyn_microros_ws/firmware/dev_ws/install/ament_cpplint:/home/ros/sigyn_microros_ws/firmware/dev_ws/install/ament_cppcheck:/home/ros/sigyn_microros_ws/firmware/dev_ws/install/ament_clang_tidy:/home/ros/sigyn_microros_ws/firmware/dev_ws/install/ament_clang_format /usr/bin/cmake --build /home/ros/sigyn_microros_ws/firmware/mcu_ws/build/rcutils -- -j24 -l24
[0.762s] /usr/bin/cmake -S/home/ros/sigyn_microros_ws/firmware/mcu_ws/uros/rcutils -B/home/ros/sigyn_microros_ws/firmware/mcu_ws/build/rcutils --check-build-system CMakeFiles/Makefile.cmake 0
[0.769s] /usr/bin/cmake -E cmake_progress_start /home/ros/sigyn_microros_ws/firmware/mcu_ws/build/rcutils/CMakeFiles /home/ros/sigyn_microros_ws/firmware/mcu_ws/build/rcutils//CMakeFiles/progress.marks
[0.773s] /usr/bin/gmake  -f CMakeFiles/Makefile2 all
[0.774s] gmake[1]: Entering directory '/home/ros/sigyn_microros_ws/firmware/mcu_ws/build/rcutils'
[0.774s] /usr/bin/gmake  -f CMakeFiles/ament_cmake_python_copy_rcutils.dir/build.make CMakeFiles/ament_cmake_python_copy_rcutils.dir/depend
[0.774s] /usr/bin/gmake  -f CMakeFiles/rcutils.dir/build.make CMakeFiles/rcutils.dir/depend
[0.775s] gmake[2]: Entering directory '/home/ros/sigyn_microros_ws/firmware/mcu_ws/build/rcutils'
[0.775s] cd /home/ros/sigyn_microros_ws/firmware/mcu_ws/build/rcutils && /usr/bin/cmake -E cmake_depends "Unix Makefiles" /home/ros/sigyn_microros_ws/firmware/mcu_ws/uros/rcutils /home/ros/sigyn_microros_ws/firmware/mcu_ws/uros/rcutils /home/ros/sigyn_microros_ws/firmware/mcu_ws/build/rcutils /home/ros/sigyn_microros_ws/firmware/mcu_ws/build/rcutils /home/ros/sigyn_microros_ws/firmware/mcu_ws/build/rcutils/CMakeFiles/ament_cmake_python_copy_rcutils.dir/DependInfo.cmake --color=
[0.775s] gmake[2]: Entering directory '/home/ros/sigyn_microros_ws/firmware/mcu_ws/build/rcutils'
[0.780s] [  3%] [34m[1mExpanding logging_macros.h.em[0m
[0.781s] /usr/bin/cmake -E make_directory include/rcutils
[0.781s] gmake[2]: Leaving directory '/home/ros/sigyn_microros_ws/firmware/mcu_ws/build/rcutils'
[0.781s] /usr/bin/gmake  -f CMakeFiles/ament_cmake_python_copy_rcutils.dir/build.make CMakeFiles/ament_cmake_python_copy_rcutils.dir/build
[0.782s] gmake[2]: Entering directory '/home/ros/sigyn_microros_ws/firmware/mcu_ws/build/rcutils'
[0.782s] /usr/bin/cmake -E copy_directory /home/ros/sigyn_microros_ws/firmware/mcu_ws/uros/rcutils/rcutils /home/ros/sigyn_microros_ws/firmware/mcu_ws/build/rcutils/ament_cmake_python/rcutils/rcutils
[0.786s] /usr/bin/python3 -c "import em;em.invoke(   [     '-o', 'include/rcutils/logging_macros.h',     '-D', 'rcutils_module_path=\"/home/ros/sigyn_microros_ws/firmware/mcu_ws/uros/rcutils\"',     '/home/ros/sigyn_microros_ws/firmware/mcu_ws/uros/rcutils/resource/logging_macros.h.em'   ] )"
[0.788s] gmake[2]: Leaving directory '/home/ros/sigyn_microros_ws/firmware/mcu_ws/build/rcutils'
[0.793s] [  3%] Built target ament_cmake_python_copy_rcutils
[0.793s] /usr/bin/gmake  -f CMakeFiles/ament_cmake_python_build_rcutils_egg.dir/build.make CMakeFiles/ament_cmake_python_build_rcutils_egg.dir/depend
[0.794s] gmake[2]: Entering directory '/home/ros/sigyn_microros_ws/firmware/mcu_ws/build/rcutils'
[0.794s] cd /home/ros/sigyn_microros_ws/firmware/mcu_ws/build/rcutils && /usr/bin/cmake -E cmake_depends "Unix Makefiles" /home/ros/sigyn_microros_ws/firmware/mcu_ws/uros/rcutils /home/ros/sigyn_microros_ws/firmware/mcu_ws/uros/rcutils /home/ros/sigyn_microros_ws/firmware/mcu_ws/build/rcutils /home/ros/sigyn_microros_ws/firmware/mcu_ws/build/rcutils /home/ros/sigyn_microros_ws/firmware/mcu_ws/build/rcutils/CMakeFiles/ament_cmake_python_build_rcutils_egg.dir/DependInfo.cmake --color=
[0.799s] gmake[2]: Leaving directory '/home/ros/sigyn_microros_ws/firmware/mcu_ws/build/rcutils'
[0.799s] /usr/bin/gmake  -f CMakeFiles/ament_cmake_python_build_rcutils_egg.dir/build.make CMakeFiles/ament_cmake_python_build_rcutils_egg.dir/build
[0.800s] gmake[2]: Entering directory '/home/ros/sigyn_microros_ws/firmware/mcu_ws/build/rcutils'
[0.800s] cd /home/ros/sigyn_microros_ws/firmware/mcu_ws/build/rcutils/ament_cmake_python/rcutils && /usr/bin/python3 setup.py egg_info
[0.833s] cd /home/ros/sigyn_microros_ws/firmware/mcu_ws/build/rcutils && /usr/bin/cmake -E cmake_depends "Unix Makefiles" /home/ros/sigyn_microros_ws/firmware/mcu_ws/uros/rcutils /home/ros/sigyn_microros_ws/firmware/mcu_ws/uros/rcutils /home/ros/sigyn_microros_ws/firmware/mcu_ws/build/rcutils /home/ros/sigyn_microros_ws/firmware/mcu_ws/build/rcutils /home/ros/sigyn_microros_ws/firmware/mcu_ws/build/rcutils/CMakeFiles/rcutils.dir/DependInfo.cmake --color=
[0.840s] gmake[2]: Leaving directory '/home/ros/sigyn_microros_ws/firmware/mcu_ws/build/rcutils'
[0.840s] /usr/bin/gmake  -f CMakeFiles/rcutils.dir/build.make CMakeFiles/rcutils.dir/build
[0.841s] gmake[2]: Entering directory '/home/ros/sigyn_microros_ws/firmware/mcu_ws/build/rcutils'
[0.847s] [  6%] [32mBuilding C object CMakeFiles/rcutils.dir/src/allocator.c.obj[0m
[0.848s] [ 20%] [32mBuilding C object CMakeFiles/rcutils.dir/src/array_list.c.obj[0m
[0.848s] [ 20%] [32mBuilding C object CMakeFiles/rcutils.dir/src/char_array.c.obj[0m
[0.848s] [ 20%] [32mBuilding C object CMakeFiles/rcutils.dir/src/env.c.obj[0m
[0.848s] [ 20%] [32mBuilding C object CMakeFiles/rcutils.dir/src/cmdline_parser.c.obj[0m
[0.848s] [ 27%] [32mBuilding C object CMakeFiles/rcutils.dir/src/error_handling.c.obj[0m
[0.848s] [ 27%] [32mBuilding C object CMakeFiles/rcutils.dir/src/filesystem.c.obj[0m
[0.848s] [ 34%] [32mBuilding C object CMakeFiles/rcutils.dir/src/format_string.c.obj[0m
[0.848s] [ 34%] [32mBuilding C object CMakeFiles/rcutils.dir/src/find.c.obj[0m
[0.849s] [ 37%] [32mBuilding C object CMakeFiles/rcutils.dir/src/hash_map.c.obj[0m
[0.849s] [ 44%] [32mBuilding C object CMakeFiles/rcutils.dir/src/process.c.obj[0m
[0.849s] [ 48%] [32mBuilding C object CMakeFiles/rcutils.dir/src/qsort.c.obj[0m
[0.849s] /home/ros/aa-arduino-1.8.19/hardware/tools/arm/bin/arm-none-eabi-gcc -DRCUTILS_BUILDING_DLL -DROS_PACKAGE_NAME=\"rcutils\" -I/home/ros/sigyn_microros_ws/firmware/mcu_ws/uros/rcutils/include -I/home/ros/sigyn_microros_ws/firmware/mcu_ws/build/rcutils/include -std=c11 -O2 -mfloat-abi=hard -mfpu=fpv5-d16 -ffunction-sections -fdata-sections -fno-exceptions -nostdlib -mcpu=cortex-m7 -mthumb -D'RCUTILS_LOG_MIN_SEVERITY=RCUTILS_LOG_MIN_SEVERITY_NONE' -DCLOCK_MONOTONIC=0 -D'__attribute__(x)=' -O3 -DNDEBUG -Wall -Wextra -Wconversion -Wno-sign-conversion -Wpedantic -MD -MT CMakeFiles/rcutils.dir/src/allocator.c.obj -MF CMakeFiles/rcutils.dir/src/allocator.c.obj.d -o CMakeFiles/rcutils.dir/src/allocator.c.obj -c /home/ros/sigyn_microros_ws/firmware/mcu_ws/uros/rcutils/src/allocator.c
[0.849s] [ 51%] [32mBuilding C object CMakeFiles/rcutils.dir/src/repl_str.c.obj[0m
[0.850s] [ 51%] [32mBuilding C object CMakeFiles/rcutils.dir/src/logging.c.obj[0m
[0.850s] /home/ros/aa-arduino-1.8.19/hardware/tools/arm/bin/arm-none-eabi-gcc -DRCUTILS_BUILDING_DLL -DROS_PACKAGE_NAME=\"rcutils\" -I/home/ros/sigyn_microros_ws/firmware/mcu_ws/uros/rcutils/include -I/home/ros/sigyn_microros_ws/firmware/mcu_ws/build/rcutils/include -std=c11 -O2 -mfloat-abi=hard -mfpu=fpv5-d16 -ffunction-sections -fdata-sections -fno-exceptions -nostdlib -mcpu=cortex-m7 -mthumb -D'RCUTILS_LOG_MIN_SEVERITY=RCUTILS_LOG_MIN_SEVERITY_NONE' -DCLOCK_MONOTONIC=0 -D'__attribute__(x)=' -O3 -DNDEBUG -Wall -Wextra -Wconversion -Wno-sign-conversion -Wpedantic -MD -MT CMakeFiles/rcutils.dir/src/array_list.c.obj -MF CMakeFiles/rcutils.dir/src/array_list.c.obj.d -o CMakeFiles/rcutils.dir/src/array_list.c.obj -c /home/ros/sigyn_microros_ws/firmware/mcu_ws/uros/rcutils/src/array_list.c
[0.850s] [ 55%] [32mBuilding C object CMakeFiles/rcutils.dir/src/shared_library.c.obj[0m
[0.850s] /home/ros/aa-arduino-1.8.19/hardware/tools/arm/bin/arm-none-eabi-gcc -DRCUTILS_BUILDING_DLL -DROS_PACKAGE_NAME=\"rcutils\" -I/home/ros/sigyn_microros_ws/firmware/mcu_ws/uros/rcutils/include -I/home/ros/sigyn_microros_ws/firmware/mcu_ws/build/rcutils/include -std=c11 -O2 -mfloat-abi=hard -mfpu=fpv5-d16 -ffunction-sections -fdata-sections -fno-exceptions -nostdlib -mcpu=cortex-m7 -mthumb -D'RCUTILS_LOG_MIN_SEVERITY=RCUTILS_LOG_MIN_SEVERITY_NONE' -DCLOCK_MONOTONIC=0 -D'__attribute__(x)=' -O3 -DNDEBUG -Wall -Wextra -Wconversion -Wno-sign-conversion -Wpedantic -MD -MT CMakeFiles/rcutils.dir/src/char_array.c.obj -MF CMakeFiles/rcutils.dir/src/char_array.c.obj.d -o CMakeFiles/rcutils.dir/src/char_array.c.obj -c /home/ros/sigyn_microros_ws/firmware/mcu_ws/uros/rcutils/src/char_array.c
[0.850s] /home/ros/aa-arduino-1.8.19/hardware/tools/arm/bin/arm-none-eabi-gcc -DRCUTILS_BUILDING_DLL -DROS_PACKAGE_NAME=\"rcutils\" -I/home/ros/sigyn_microros_ws/firmware/mcu_ws/uros/rcutils/include -I/home/ros/sigyn_microros_ws/firmware/mcu_ws/build/rcutils/include -std=c11 -O2 -mfloat-abi=hard -mfpu=fpv5-d16 -ffunction-sections -fdata-sections -fno-exceptions -nostdlib -mcpu=cortex-m7 -mthumb -D'RCUTILS_LOG_MIN_SEVERITY=RCUTILS_LOG_MIN_SEVERITY_NONE' -DCLOCK_MONOTONIC=0 -D'__attribute__(x)=' -O3 -DNDEBUG -Wall -Wextra -Wconversion -Wno-sign-conversion -Wpedantic -MD -MT CMakeFiles/rcutils.dir/src/cmdline_parser.c.obj -MF CMakeFiles/rcutils.dir/src/cmdline_parser.c.obj.d -o CMakeFiles/rcutils.dir/src/cmdline_parser.c.obj -c /home/ros/sigyn_microros_ws/firmware/mcu_ws/uros/rcutils/src/cmdline_parser.c
[0.850s] [ 58%] [32mBuilding C object CMakeFiles/rcutils.dir/src/strdup.c.obj[0m
[0.850s] [ 62%] [32mBuilding C object CMakeFiles/rcutils.dir/src/snprintf.c.obj[0m
[0.850s] /home/ros/aa-arduino-1.8.19/hardware/tools/arm/bin/arm-none-eabi-gcc -DRCUTILS_BUILDING_DLL -DROS_PACKAGE_NAME=\"rcutils\" -I/home/ros/sigyn_microros_ws/firmware/mcu_ws/uros/rcutils/include -I/home/ros/sigyn_microros_ws/firmware/mcu_ws/build/rcutils/include -std=c11 -O2 -mfloat-abi=hard -mfpu=fpv5-d16 -ffunction-sections -fdata-sections -fno-exceptions -nostdlib -mcpu=cortex-m7 -mthumb -D'RCUTILS_LOG_MIN_SEVERITY=RCUTILS_LOG_MIN_SEVERITY_NONE' -DCLOCK_MONOTONIC=0 -D'__attribute__(x)=' -O3 -DNDEBUG -Wall -Wextra -Wconversion -Wno-sign-conversion -Wpedantic -MD -MT CMakeFiles/rcutils.dir/src/env.c.obj -MF CMakeFiles/rcutils.dir/src/env.c.obj.d -o CMakeFiles/rcutils.dir/src/env.c.obj -c /home/ros/sigyn_microros_ws/firmware/mcu_ws/uros/rcutils/src/env.c
[0.850s] /home/ros/aa-arduino-1.8.19/hardware/tools/arm/bin/arm-none-eabi-gcc -DRCUTILS_BUILDING_DLL -DROS_PACKAGE_NAME=\"rcutils\" -I/home/ros/sigyn_microros_ws/firmware/mcu_ws/uros/rcutils/include -I/home/ros/sigyn_microros_ws/firmware/mcu_ws/build/rcutils/include -std=c11 -O2 -mfloat-abi=hard -mfpu=fpv5-d16 -ffunction-sections -fdata-sections -fno-exceptions -nostdlib -mcpu=cortex-m7 -mthumb -D'RCUTILS_LOG_MIN_SEVERITY=RCUTILS_LOG_MIN_SEVERITY_NONE' -DCLOCK_MONOTONIC=0 -D'__attribute__(x)=' -O3 -DNDEBUG -Wall -Wextra -Wconversion -Wno-sign-conversion -Wpedantic -MD -MT CMakeFiles/rcutils.dir/src/error_handling.c.obj -MF CMakeFiles/rcutils.dir/src/error_handling.c.obj.d -o CMakeFiles/rcutils.dir/src/error_handling.c.obj -c /home/ros/sigyn_microros_ws/firmware/mcu_ws/uros/rcutils/src/error_handling.c
[0.851s] /home/ros/aa-arduino-1.8.19/hardware/tools/arm/bin/arm-none-eabi-gcc -DRCUTILS_BUILDING_DLL -DROS_PACKAGE_NAME=\"rcutils\" -I/home/ros/sigyn_microros_ws/firmware/mcu_ws/uros/rcutils/include -I/home/ros/sigyn_microros_ws/firmware/mcu_ws/build/rcutils/include -std=c11 -O2 -mfloat-abi=hard -mfpu=fpv5-d16 -ffunction-sections -fdata-sections -fno-exceptions -nostdlib -mcpu=cortex-m7 -mthumb -D'RCUTILS_LOG_MIN_SEVERITY=RCUTILS_LOG_MIN_SEVERITY_NONE' -DCLOCK_MONOTONIC=0 -D'__attribute__(x)=' -O3 -DNDEBUG -Wall -Wextra -Wconversion -Wno-sign-conversion -Wpedantic -MD -MT CMakeFiles/rcutils.dir/src/filesystem.c.obj -MF CMakeFiles/rcutils.dir/src/filesystem.c.obj.d -o CMakeFiles/rcutils.dir/src/filesystem.c.obj -c /home/ros/sigyn_microros_ws/firmware/mcu_ws/uros/rcutils/src/filesystem.c
[0.851s] /home/ros/aa-arduino-1.8.19/hardware/tools/arm/bin/arm-none-eabi-gcc -DRCUTILS_BUILDING_DLL -DROS_PACKAGE_NAME=\"rcutils\" -I/home/ros/sigyn_microros_ws/firmware/mcu_ws/uros/rcutils/include -I/home/ros/sigyn_microros_ws/firmware/mcu_ws/build/rcutils/include -std=c11 -O2 -mfloat-abi=hard -mfpu=fpv5-d16 -ffunction-sections -fdata-sections -fno-exceptions -nostdlib -mcpu=cortex-m7 -mthumb -D'RCUTILS_LOG_MIN_SEVERITY=RCUTILS_LOG_MIN_SEVERITY_NONE' -DCLOCK_MONOTONIC=0 -D'__attribute__(x)=' -O3 -DNDEBUG -Wall -Wextra -Wconversion -Wno-sign-conversion -Wpedantic -MD -MT CMakeFiles/rcutils.dir/src/find.c.obj -MF CMakeFiles/rcutils.dir/src/find.c.obj.d -o CMakeFiles/rcutils.dir/src/find.c.obj -c /home/ros/sigyn_microros_ws/firmware/mcu_ws/uros/rcutils/src/find.c
[0.851s] /home/ros/aa-arduino-1.8.19/hardware/tools/arm/bin/arm-none-eabi-gcc -DRCUTILS_BUILDING_DLL -DROS_PACKAGE_NAME=\"rcutils\" -I/home/ros/sigyn_microros_ws/firmware/mcu_ws/uros/rcutils/include -I/home/ros/sigyn_microros_ws/firmware/mcu_ws/build/rcutils/include -std=c11 -O2 -mfloat-abi=hard -mfpu=fpv5-d16 -ffunction-sections -fdata-sections -fno-exceptions -nostdlib -mcpu=cortex-m7 -mthumb -D'RCUTILS_LOG_MIN_SEVERITY=RCUTILS_LOG_MIN_SEVERITY_NONE' -DCLOCK_MONOTONIC=0 -D'__attribute__(x)=' -O3 -DNDEBUG -Wall -Wextra -Wconversion -Wno-sign-conversion -Wpedantic -MD -MT CMakeFiles/rcutils.dir/src/format_string.c.obj -MF CMakeFiles/rcutils.dir/src/format_string.c.obj.d -o CMakeFiles/rcutils.dir/src/format_string.c.obj -c /home/ros/sigyn_microros_ws/firmware/mcu_ws/uros/rcutils/src/format_string.c
[0.851s] /home/ros/aa-arduino-1.8.19/hardware/tools/arm/bin/arm-none-eabi-gcc -DRCUTILS_BUILDING_DLL -DROS_PACKAGE_NAME=\"rcutils\" -I/home/ros/sigyn_microros_ws/firmware/mcu_ws/uros/rcutils/include -I/home/ros/sigyn_microros_ws/firmware/mcu_ws/build/rcutils/include -std=c11 -O2 -mfloat-abi=hard -mfpu=fpv5-d16 -ffunction-sections -fdata-sections -fno-exceptions -nostdlib -mcpu=cortex-m7 -mthumb -D'RCUTILS_LOG_MIN_SEVERITY=RCUTILS_LOG_MIN_SEVERITY_NONE' -DCLOCK_MONOTONIC=0 -D'__attribute__(x)=' -O3 -DNDEBUG -Wall -Wextra -Wconversion -Wno-sign-conversion -Wpedantic -MD -MT CMakeFiles/rcutils.dir/src/hash_map.c.obj -MF CMakeFiles/rcutils.dir/src/hash_map.c.obj.d -o CMakeFiles/rcutils.dir/src/hash_map.c.obj -c /home/ros/sigyn_microros_ws/firmware/mcu_ws/uros/rcutils/src/hash_map.c
[0.851s] /home/ros/aa-arduino-1.8.19/hardware/tools/arm/bin/arm-none-eabi-gcc -DRCUTILS_BUILDING_DLL -DROS_PACKAGE_NAME=\"rcutils\" -I/home/ros/sigyn_microros_ws/firmware/mcu_ws/uros/rcutils/include -I/home/ros/sigyn_microros_ws/firmware/mcu_ws/build/rcutils/include -std=c11 -O2 -mfloat-abi=hard -mfpu=fpv5-d16 -ffunction-sections -fdata-sections -fno-exceptions -nostdlib -mcpu=cortex-m7 -mthumb -D'RCUTILS_LOG_MIN_SEVERITY=RCUTILS_LOG_MIN_SEVERITY_NONE' -DCLOCK_MONOTONIC=0 -D'__attribute__(x)=' -O3 -DNDEBUG -Wall -Wextra -Wconversion -Wno-sign-conversion -Wpedantic -MD -MT CMakeFiles/rcutils.dir/src/logging.c.obj -MF CMakeFiles/rcutils.dir/src/logging.c.obj.d -o CMakeFiles/rcutils.dir/src/logging.c.obj -c /home/ros/sigyn_microros_ws/firmware/mcu_ws/uros/rcutils/src/logging.c
[0.851s] [ 65%] [32mBuilding C object CMakeFiles/rcutils.dir/src/split.c.obj[0m
[0.852s] /home/ros/aa-arduino-1.8.19/hardware/tools/arm/bin/arm-none-eabi-gcc -DRCUTILS_BUILDING_DLL -DROS_PACKAGE_NAME=\"rcutils\" -I/home/ros/sigyn_microros_ws/firmware/mcu_ws/uros/rcutils/include -I/home/ros/sigyn_microros_ws/firmware/mcu_ws/build/rcutils/include -std=c11 -O2 -mfloat-abi=hard -mfpu=fpv5-d16 -ffunction-sections -fdata-sections -fno-exceptions -nostdlib -mcpu=cortex-m7 -mthumb -D'RCUTILS_LOG_MIN_SEVERITY=RCUTILS_LOG_MIN_SEVERITY_NONE' -DCLOCK_MONOTONIC=0 -D'__attribute__(x)=' -O3 -DNDEBUG -Wall -Wextra -Wconversion -Wno-sign-conversion -Wpedantic -MD -MT CMakeFiles/rcutils.dir/src/process.c.obj -MF CMakeFiles/rcutils.dir/src/process.c.obj.d -o CMakeFiles/rcutils.dir/src/process.c.obj -c /home/ros/sigyn_microros_ws/firmware/mcu_ws/uros/rcutils/src/process.c
[0.852s] /home/ros/aa-arduino-1.8.19/hardware/tools/arm/bin/arm-none-eabi-gcc -DRCUTILS_BUILDING_DLL -DROS_PACKAGE_NAME=\"rcutils\" -I/home/ros/sigyn_microros_ws/firmware/mcu_ws/uros/rcutils/include -I/home/ros/sigyn_microros_ws/firmware/mcu_ws/build/rcutils/include -std=c11 -O2 -mfloat-abi=hard -mfpu=fpv5-d16 -ffunction-sections -fdata-sections -fno-exceptions -nostdlib -mcpu=cortex-m7 -mthumb -D'RCUTILS_LOG_MIN_SEVERITY=RCUTILS_LOG_MIN_SEVERITY_NONE' -DCLOCK_MONOTONIC=0 -D'__attribute__(x)=' -O3 -DNDEBUG -Wall -Wextra -Wconversion -Wno-sign-conversion -Wpedantic -MD -MT CMakeFiles/rcutils.dir/src/qsort.c.obj -MF CMakeFiles/rcutils.dir/src/qsort.c.obj.d -o CMakeFiles/rcutils.dir/src/qsort.c.obj -c /home/ros/sigyn_microros_ws/firmware/mcu_ws/uros/rcutils/src/qsort.c
[0.852s] /home/ros/aa-arduino-1.8.19/hardware/tools/arm/bin/arm-none-eabi-gcc -DRCUTILS_BUILDING_DLL -DROS_PACKAGE_NAME=\"rcutils\" -I/home/ros/sigyn_microros_ws/firmware/mcu_ws/uros/rcutils/include -I/home/ros/sigyn_microros_ws/firmware/mcu_ws/build/rcutils/include -std=c11 -O2 -mfloat-abi=hard -mfpu=fpv5-d16 -ffunction-sections -fdata-sections -fno-exceptions -nostdlib -mcpu=cortex-m7 -mthumb -D'RCUTILS_LOG_MIN_SEVERITY=RCUTILS_LOG_MIN_SEVERITY_NONE' -DCLOCK_MONOTONIC=0 -D'__attribute__(x)=' -O3 -DNDEBUG -Wall -Wextra -Wconversion -Wno-sign-conversion -Wpedantic -MD -MT CMakeFiles/rcutils.dir/src/repl_str.c.obj -MF CMakeFiles/rcutils.dir/src/repl_str.c.obj.d -o CMakeFiles/rcutils.dir/src/repl_str.c.obj -c /home/ros/sigyn_microros_ws/firmware/mcu_ws/uros/rcutils/src/repl_str.c
[0.853s] /home/ros/aa-arduino-1.8.19/hardware/tools/arm/bin/arm-none-eabi-gcc -DRCUTILS_BUILDING_DLL -DROS_PACKAGE_NAME=\"rcutils\" -I/home/ros/sigyn_microros_ws/firmware/mcu_ws/uros/rcutils/include -I/home/ros/sigyn_microros_ws/firmware/mcu_ws/build/rcutils/include -std=c11 -O2 -mfloat-abi=hard -mfpu=fpv5-d16 -ffunction-sections -fdata-sections -fno-exceptions -nostdlib -mcpu=cortex-m7 -mthumb -D'RCUTILS_LOG_MIN_SEVERITY=RCUTILS_LOG_MIN_SEVERITY_NONE' -DCLOCK_MONOTONIC=0 -D'__attribute__(x)=' -O3 -DNDEBUG -Wall -Wextra -Wconversion -Wno-sign-conversion -Wpedantic -MD -MT CMakeFiles/rcutils.dir/src/shared_library.c.obj -MF CMakeFiles/rcutils.dir/src/shared_library.c.obj.d -o CMakeFiles/rcutils.dir/src/shared_library.c.obj -c /home/ros/sigyn_microros_ws/firmware/mcu_ws/uros/rcutils/src/shared_library.c
[0.853s] [ 68%] [32mBuilding C object CMakeFiles/rcutils.dir/src/strcasecmp.c.obj[0m
[0.853s] /home/ros/aa-arduino-1.8.19/hardware/tools/arm/bin/arm-none-eabi-gcc -DRCUTILS_BUILDING_DLL -DROS_PACKAGE_NAME=\"rcutils\" -I/home/ros/sigyn_microros_ws/firmware/mcu_ws/uros/rcutils/include -I/home/ros/sigyn_microros_ws/firmware/mcu_ws/build/rcutils/include -std=c11 -O2 -mfloat-abi=hard -mfpu=fpv5-d16 -ffunction-sections -fdata-sections -fno-exceptions -nostdlib -mcpu=cortex-m7 -mthumb -D'RCUTILS_LOG_MIN_SEVERITY=RCUTILS_LOG_MIN_SEVERITY_NONE' -DCLOCK_MONOTONIC=0 -D'__attribute__(x)=' -O3 -DNDEBUG -Wall -Wextra -Wconversion -Wno-sign-conversion -Wpedantic -MD -MT CMakeFiles/rcutils.dir/src/snprintf.c.obj -MF CMakeFiles/rcutils.dir/src/snprintf.c.obj.d -o CMakeFiles/rcutils.dir/src/snprintf.c.obj -c /home/ros/sigyn_microros_ws/firmware/mcu_ws/uros/rcutils/src/snprintf.c
[0.854s] /home/ros/aa-arduino-1.8.19/hardware/tools/arm/bin/arm-none-eabi-gcc -DRCUTILS_BUILDING_DLL -DROS_PACKAGE_NAME=\"rcutils\" -I/home/ros/sigyn_microros_ws/firmware/mcu_ws/uros/rcutils/include -I/home/ros/sigyn_microros_ws/firmware/mcu_ws/build/rcutils/include -std=c11 -O2 -mfloat-abi=hard -mfpu=fpv5-d16 -ffunction-sections -fdata-sections -fno-exceptions -nostdlib -mcpu=cortex-m7 -mthumb -D'RCUTILS_LOG_MIN_SEVERITY=RCUTILS_LOG_MIN_SEVERITY_NONE' -DCLOCK_MONOTONIC=0 -D'__attribute__(x)=' -O3 -DNDEBUG -Wall -Wextra -Wconversion -Wno-sign-conversion -Wpedantic -MD -MT CMakeFiles/rcutils.dir/src/split.c.obj -MF CMakeFiles/rcutils.dir/src/split.c.obj.d -o CMakeFiles/rcutils.dir/src/split.c.obj -c /home/ros/sigyn_microros_ws/firmware/mcu_ws/uros/rcutils/src/split.c
[0.855s] [ 75%] [32mBuilding C object CMakeFiles/rcutils.dir/src/string_array.c.obj[0m
[0.855s] [ 75%] [32mBuilding C object CMakeFiles/rcutils.dir/src/strerror.c.obj[0m
[0.855s] [ 79%] [32mBuilding C object CMakeFiles/rcutils.dir/src/string_map.c.obj[0m
[0.856s] /home/ros/aa-arduino-1.8.19/hardware/tools/arm/bin/arm-none-eabi-gcc -DRCUTILS_BUILDING_DLL -DROS_PACKAGE_NAME=\"rcutils\" -I/home/ros/sigyn_microros_ws/firmware/mcu_ws/uros/rcutils/include -I/home/ros/sigyn_microros_ws/firmware/mcu_ws/build/rcutils/include -std=c11 -O2 -mfloat-abi=hard -mfpu=fpv5-d16 -ffunction-sections -fdata-sections -fno-exceptions -nostdlib -mcpu=cortex-m7 -mthumb -D'RCUTILS_LOG_MIN_SEVERITY=RCUTILS_LOG_MIN_SEVERITY_NONE' -DCLOCK_MONOTONIC=0 -D'__attribute__(x)=' -O3 -DNDEBUG -Wall -Wextra -Wconversion -Wno-sign-conversion -Wpedantic -MD -MT CMakeFiles/rcutils.dir/src/strcasecmp.c.obj -MF CMakeFiles/rcutils.dir/src/strcasecmp.c.obj.d -o CMakeFiles/rcutils.dir/src/strcasecmp.c.obj -c /home/ros/sigyn_microros_ws/firmware/mcu_ws/uros/rcutils/src/strcasecmp.c
[0.857s] /home/ros/aa-arduino-1.8.19/hardware/tools/arm/bin/arm-none-eabi-gcc -DRCUTILS_BUILDING_DLL -DROS_PACKAGE_NAME=\"rcutils\" -I/home/ros/sigyn_microros_ws/firmware/mcu_ws/uros/rcutils/include -I/home/ros/sigyn_microros_ws/firmware/mcu_ws/build/rcutils/include -std=c11 -O2 -mfloat-abi=hard -mfpu=fpv5-d16 -ffunction-sections -fdata-sections -fno-exceptions -nostdlib -mcpu=cortex-m7 -mthumb -D'RCUTILS_LOG_MIN_SEVERITY=RCUTILS_LOG_MIN_SEVERITY_NONE' -DCLOCK_MONOTONIC=0 -D'__attribute__(x)=' -O3 -DNDEBUG -Wall -Wextra -Wconversion -Wno-sign-conversion -Wpedantic -MD -MT CMakeFiles/rcutils.dir/src/strdup.c.obj -MF CMakeFiles/rcutils.dir/src/strdup.c.obj.d -o CMakeFiles/rcutils.dir/src/strdup.c.obj -c /home/ros/sigyn_microros_ws/firmware/mcu_ws/uros/rcutils/src/strdup.c
[0.858s] /home/ros/aa-arduino-1.8.19/hardware/tools/arm/bin/arm-none-eabi-gcc -DRCUTILS_BUILDING_DLL -DROS_PACKAGE_NAME=\"rcutils\" -I/home/ros/sigyn_microros_ws/firmware/mcu_ws/uros/rcutils/include -I/home/ros/sigyn_microros_ws/firmware/mcu_ws/build/rcutils/include -std=c11 -O2 -mfloat-abi=hard -mfpu=fpv5-d16 -ffunction-sections -fdata-sections -fno-exceptions -nostdlib -mcpu=cortex-m7 -mthumb -D'RCUTILS_LOG_MIN_SEVERITY=RCUTILS_LOG_MIN_SEVERITY_NONE' -DCLOCK_MONOTONIC=0 -D'__attribute__(x)=' -O3 -DNDEBUG -Wall -Wextra -Wconversion -Wno-sign-conversion -Wpedantic -MD -MT CMakeFiles/rcutils.dir/src/strerror.c.obj -MF CMakeFiles/rcutils.dir/src/strerror.c.obj.d -o CMakeFiles/rcutils.dir/src/strerror.c.obj -c /home/ros/sigyn_microros_ws/firmware/mcu_ws/uros/rcutils/src/strerror.c
[0.858s] /home/ros/aa-arduino-1.8.19/hardware/tools/arm/bin/arm-none-eabi-gcc -DRCUTILS_BUILDING_DLL -DROS_PACKAGE_NAME=\"rcutils\" -I/home/ros/sigyn_microros_ws/firmware/mcu_ws/uros/rcutils/include -I/home/ros/sigyn_microros_ws/firmware/mcu_ws/build/rcutils/include -std=c11 -O2 -mfloat-abi=hard -mfpu=fpv5-d16 -ffunction-sections -fdata-sections -fno-exceptions -nostdlib -mcpu=cortex-m7 -mthumb -D'RCUTILS_LOG_MIN_SEVERITY=RCUTILS_LOG_MIN_SEVERITY_NONE' -DCLOCK_MONOTONIC=0 -D'__attribute__(x)=' -O3 -DNDEBUG -Wall -Wextra -Wconversion -Wno-sign-conversion -Wpedantic -MD -MT CMakeFiles/rcutils.dir/src/string_array.c.obj -MF CMakeFiles/rcutils.dir/src/string_array.c.obj.d -o CMakeFiles/rcutils.dir/src/string_array.c.obj -c /home/ros/sigyn_microros_ws/firmware/mcu_ws/uros/rcutils/src/string_array.c
[0.859s] /home/ros/aa-arduino-1.8.19/hardware/tools/arm/bin/arm-none-eabi-gcc -DRCUTILS_BUILDING_DLL -DROS_PACKAGE_NAME=\"rcutils\" -I/home/ros/sigyn_microros_ws/firmware/mcu_ws/uros/rcutils/include -I/home/ros/sigyn_microros_ws/firmware/mcu_ws/build/rcutils/include -std=c11 -O2 -mfloat-abi=hard -mfpu=fpv5-d16 -ffunction-sections -fdata-sections -fno-exceptions -nostdlib -mcpu=cortex-m7 -mthumb -D'RCUTILS_LOG_MIN_SEVERITY=RCUTILS_LOG_MIN_SEVERITY_NONE' -DCLOCK_MONOTONIC=0 -D'__attribute__(x)=' -O3 -DNDEBUG -Wall -Wextra -Wconversion -Wno-sign-conversion -Wpedantic -MD -MT CMakeFiles/rcutils.dir/src/string_map.c.obj -MF CMakeFiles/rcutils.dir/src/string_map.c.obj.d -o CMakeFiles/rcutils.dir/src/string_map.c.obj -c /home/ros/sigyn_microros_ws/firmware/mcu_ws/uros/rcutils/src/string_map.c
[0.867s] [01m[K/home/ros/sigyn_microros_ws/firmware/mcu_ws/uros/rcutils/src/env.c:[m[K In function '[01m[Krcutils_set_env[m[K':
[0.867s] [01m[K/home/ros/sigyn_microros_ws/firmware/mcu_ws/uros/rcutils/src/env.c:45:14:[m[K [01;35m[Kwarning: [m[Kimplicit declaration of function '[01m[Kunsetenv[m[K' [-Wimplicit-function-declaration]
[0.867s]      if (0 != unsetenv(env_name)) {
[0.867s] [01;32m[K              ^[m[K
[0.867s] [01m[K/home/ros/sigyn_microros_ws/firmware/mcu_ws/uros/rcutils/src/env.c:50:14:[m[K [01;35m[Kwarning: [m[Kimplicit declaration of function '[01m[Ksetenv[m[K' [-Wimplicit-function-declaration]
[0.867s]      if (0 != setenv(env_name, env_value, 1)) {
[0.867s] [01;32m[K              ^[m[K
[0.867s] [01m[K/home/ros/sigyn_microros_ws/firmware/mcu_ws/uros/rcutils/src/strcasecmp.c:[m[K In function '[01m[Krcutils_strcasecmp[m[K':
[0.867s] [01m[K/home/ros/sigyn_microros_ws/firmware/mcu_ws/uros/rcutils/src/strcasecmp.c:35:12:[m[K [01;35m[Kwarning: [m[Kimplicit declaration of function '[01m[Kstrcasecmp[m[K' [-Wimplicit-function-declaration]
[0.867s]    *value = strcasecmp(s1, s2);
[0.867s] [01;32m[K            ^[m[K
[0.867s] [01m[K/home/ros/sigyn_microros_ws/firmware/mcu_ws/uros/rcutils/src/strcasecmp.c:[m[K In function '[01m[Krcutils_strncasecmp[m[K':
[0.867s] [01m[K/home/ros/sigyn_microros_ws/firmware/mcu_ws/uros/rcutils/src/strcasecmp.c:53:12:[m[K [01;35m[Kwarning: [m[Kimplicit declaration of function '[01m[Kstrncasecmp[m[K' [-Wimplicit-function-declaration]
[0.868s]    *value = strncasecmp(s1, s2, n);
[0.868s] [01;32m[K            ^[m[K
[0.869s] [01m[K/home/ros/sigyn_microros_ws/firmware/mcu_ws/uros/rcutils/src/strerror.c:[m[K In function '[01m[Krcutils_strerror[m[K':
[0.869s] [01m[K/home/ros/sigyn_microros_ws/firmware/mcu_ws/uros/rcutils/src/strerror.c:39:22:[m[K [01;35m[Kwarning: [m[Kimplicit declaration of function '[01m[Kstrerror_r[m[K' [-Wimplicit-function-declaration]
[0.869s]    int error_status = strerror_r(errno, buffer, buffer_length);
[0.869s] [01;32m[K                      ^[m[K
[0.878s] In file included from [01m[K/home/ros/sigyn_microros_ws/firmware/mcu_ws/uros/rcutils/src/error_handling.c:35:0[m[K:
[0.878s] [01m[K/home/ros/sigyn_microros_ws/firmware/mcu_ws/uros/rcutils/src/./error_handling_helpers.h:[m[K In function '[01m[K__rcutils_convert_uint64_t_into_c_str[m[K':
[0.878s] [01m[K/home/ros/sigyn_microros_ws/firmware/mcu_ws/uros/rcutils/src/./error_handling_helpers.h:109:48:[m[K [01;35m[Kwarning: [m[Kunused parameter '[01m[Knumber[m[K' [-Wunused-parameter]
[0.878s]  __rcutils_convert_uint64_t_into_c_str(uint64_t number, char * buffer, size_t buffer_size)
[0.878s] [01;32m[K                                                ^[m[K
[0.878s] [01m[K/home/ros/sigyn_microros_ws/firmware/mcu_ws/uros/rcutils/src/./error_handling_helpers.h:109:63:[m[K [01;35m[Kwarning: [m[Kunused parameter '[01m[Kbuffer[m[K' [-Wunused-parameter]
[0.878s]  __rcutils_convert_uint64_t_into_c_str(uint64_t number, char * buffer, size_t buffer_size)
[0.878s] [01;32m[K                                                               ^[m[K
[0.878s] [01m[K/home/ros/sigyn_microros_ws/firmware/mcu_ws/uros/rcutils/src/./error_handling_helpers.h:109:78:[m[K [01;35m[Kwarning: [m[Kunused parameter '[01m[Kbuffer_size[m[K' [-Wunused-parameter]
[0.878s]  __rcutils_convert_uint64_t_into_c_str(uint64_t number, char * buffer, size_t buffer_size)
[0.878s] [01;32m[K                                                                              ^[m[K
[0.878s] [01m[K/home/ros/sigyn_microros_ws/firmware/mcu_ws/uros/rcutils/src/./error_handling_helpers.h:[m[K In function '[01m[K__rcutils_format_error_string[m[K':
[0.878s] [01m[K/home/ros/sigyn_microros_ws/firmware/mcu_ws/uros/rcutils/src/./error_handling_helpers.h:142:28:[m[K [01;35m[Kwarning: [m[Kunused parameter '[01m[Kerror_string[m[K' [-Wunused-parameter]
[0.878s]    rcutils_error_string_t * error_string,
[0.878s] [01;32m[K                            ^[m[K
[0.879s] [01m[K/home/ros/sigyn_microros_ws/firmware/mcu_ws/uros/rcutils/src/./error_handling_helpers.h:143:33:[m[K [01;35m[Kwarning: [m[Kunused parameter '[01m[Kerror_state[m[K' [-Wunused-parameter]
[0.879s]    const rcutils_error_state_t * error_state)
[0.879s] [01;32m[K                                 ^[m[K
[0.879s] [01m[K/home/ros/sigyn_microros_ws/firmware/mcu_ws/uros/rcutils/src/error_handling.c:[m[K In function '[01m[Krcutils_set_error_state[m[K':
[0.879s] [01m[K/home/ros/sigyn_microros_ws/firmware/mcu_ws/uros/rcutils/src/error_handling.c:201:34:[m[K [01;35m[Kwarning: [m[Kimplicit declaration of function '[01m[Kstrnlen[m[K' [-Wimplicit-function-declaration]
[0.879s]    size_t characters_to_compare = strnlen(error_string, RCUTILS_ERROR_MESSAGE_MAX_LENGTH);
[0.879s] [01;32m[K                                  ^[m[K
[0.879s] [01m[K/home/ros/sigyn_microros_ws/firmware/mcu_ws/uros/rcutils/src/error_handling.c:[m[K In function '[01m[Krcutils_get_error_string[m[K':
[0.879s] [01m[K/home/ros/sigyn_microros_ws/firmware/mcu_ws/uros/rcutils/src/error_handling.c:240:38:[m[K [01;35m[Kwarning: [m[Kinitializer-string for array of chars is too long
[0.879s]      return (rcutils_error_string_t) {"error not set"};  // NOLINT(readability/braces)
[0.879s] [01;32m[K                                      ^[m[K
[0.879s] [01m[K/home/ros/sigyn_microros_ws/firmware/mcu_ws/uros/rcutils/src/error_handling.c:240:38:[m[K [01;36m[Knote: [m[K(near initialization for '[01m[K(anonymous).str[m[K')
[0.879s] In file included from [01m[K/home/ros/sigyn_microros_ws/firmware/mcu_ws/uros/rcutils/src/error_handling.c:35:0[m[K:
[0.879s] [01m[K/home/ros/sigyn_microros_ws/firmware/mcu_ws/uros/rcutils/src/error_handling.c:[m[K At top level:
[0.879s] [01m[K/home/ros/sigyn_microros_ws/firmware/mcu_ws/uros/rcutils/src/./error_handling_helpers.h:91:1:[m[K [01;35m[Kwarning: [m[K'[01m[K__rcutils_reverse_str[m[K' defined but not used [-Wunused-function]
[0.879s]  __rcutils_reverse_str(char * string_in, size_t string_len)
[0.879s] [01;32m[K ^[m[K
[0.879s] [01m[K/home/ros/sigyn_microros_ws/firmware/mcu_ws/uros/rcutils/src/./error_handling_helpers.h:109:1:[m[K [01;35m[Kwarning: [m[K'[01m[K__rcutils_convert_uint64_t_into_c_str[m[K' defined but not used [-Wunused-function]
[0.879s]  __rcutils_convert_uint64_t_into_c_str(uint64_t number, char * buffer, size_t buffer_size)
[0.879s] [01;32m[K ^[m[K
[0.880s] [ 82%] [32mBuilding C object CMakeFiles/rcutils.dir/src/testing/fault_injection.c.obj[0m
[0.880s] [01m[K/home/ros/sigyn_microros_ws/firmware/mcu_ws/uros/rcutils/src/logging.c:[m[K In function '[01m[Krcutils_get_env_var_zero_or_one[m[K':
[0.880s] [01m[K/home/ros/sigyn_microros_ws/firmware/mcu_ws/uros/rcutils/src/logging.c:130:35:[m[K [01;35m[Kwarning: [m[Kunused parameter '[01m[Kzero_semantic[m[K' [-Wunused-parameter]
[0.880s]    const char * name, const char * zero_semantic,
[0.880s] [01;32m[K                                   ^[m[K
[0.880s] [01m[K/home/ros/sigyn_microros_ws/firmware/mcu_ws/uros/rcutils/src/logging.c:131:16:[m[K [01;35m[Kwarning: [m[Kunused parameter '[01m[Kone_semantic[m[K' [-Wunused-parameter]
[0.880s]    const char * one_semantic)
[0.880s] [01;32m[K                ^[m[K
[0.882s] /home/ros/aa-arduino-1.8.19/hardware/tools/arm/bin/arm-none-eabi-gcc -DRCUTILS_BUILDING_DLL -DROS_PACKAGE_NAME=\"rcutils\" -I/home/ros/sigyn_microros_ws/firmware/mcu_ws/uros/rcutils/include -I/home/ros/sigyn_microros_ws/firmware/mcu_ws/build/rcutils/include -std=c11 -O2 -mfloat-abi=hard -mfpu=fpv5-d16 -ffunction-sections -fdata-sections -fno-exceptions -nostdlib -mcpu=cortex-m7 -mthumb -D'RCUTILS_LOG_MIN_SEVERITY=RCUTILS_LOG_MIN_SEVERITY_NONE' -DCLOCK_MONOTONIC=0 -D'__attribute__(x)=' -O3 -DNDEBUG -Wall -Wextra -Wconversion -Wno-sign-conversion -Wpedantic -MD -MT CMakeFiles/rcutils.dir/src/testing/fault_injection.c.obj -MF CMakeFiles/rcutils.dir/src/testing/fault_injection.c.obj.d -o CMakeFiles/rcutils.dir/src/testing/fault_injection.c.obj -c /home/ros/sigyn_microros_ws/firmware/mcu_ws/uros/rcutils/src/testing/fault_injection.c
[0.882s] [01m[K/home/ros/sigyn_microros_ws/firmware/mcu_ws/uros/rcutils/src/logging.c:[m[K In function '[01m[Krcutils_logging_console_output_handler[m[K':
[0.882s] [01m[K/home/ros/sigyn_microros_ws/firmware/mcu_ws/uros/rcutils/src/logging.c:794:42:[m[K [01;35m[Kwarning: [m[Kimplicit declaration of function '[01m[Kfileno[m[K' [-Wimplicit-function-declaration]
[0.882s]  # define IS_STREAM_A_TTY(stream) (isatty(fileno(stream)) != 0)
[0.882s] [01;32m[K                                          ^[m[K
[0.882s] [01m[K/home/ros/sigyn_microros_ws/firmware/mcu_ws/uros/rcutils/src/logging.c:804:22:[m[K [01;36m[Knote: [m[Kin expansion of macro '[01m[KIS_STREAM_A_TTY[m[K'
[0.882s]        is_colorized = IS_STREAM_A_TTY(g_output_stream); \
[0.882s] [01;32m[K                      ^[m[K
[0.882s] [01m[K/home/ros/sigyn_microros_ws/firmware/mcu_ws/uros/rcutils/src/logging.c:928:3:[m[K [01;36m[Knote: [m[Kin expansion of macro '[01m[KIS_OUTPUT_COLORIZED[m[K'
[0.882s]    IS_OUTPUT_COLORIZED(is_colorized)
[0.882s] [01;32m[K   ^[m[K
[0.884s] [ 86%] [32mBuilding C object CMakeFiles/rcutils.dir/src/time.c.obj[0m
[0.885s] /home/ros/aa-arduino-1.8.19/hardware/tools/arm/bin/arm-none-eabi-gcc -DRCUTILS_BUILDING_DLL -DROS_PACKAGE_NAME=\"rcutils\" -I/home/ros/sigyn_microros_ws/firmware/mcu_ws/uros/rcutils/include -I/home/ros/sigyn_microros_ws/firmware/mcu_ws/build/rcutils/include -std=c11 -O2 -mfloat-abi=hard -mfpu=fpv5-d16 -ffunction-sections -fdata-sections -fno-exceptions -nostdlib -mcpu=cortex-m7 -mthumb -D'RCUTILS_LOG_MIN_SEVERITY=RCUTILS_LOG_MIN_SEVERITY_NONE' -DCLOCK_MONOTONIC=0 -D'__attribute__(x)=' -O3 -DNDEBUG -Wall -Wextra -Wconversion -Wno-sign-conversion -Wpedantic -MD -MT CMakeFiles/rcutils.dir/src/time.c.obj -MF CMakeFiles/rcutils.dir/src/time.c.obj.d -o CMakeFiles/rcutils.dir/src/time.c.obj -c /home/ros/sigyn_microros_ws/firmware/mcu_ws/uros/rcutils/src/time.c
[0.889s] [ 93%] [32mBuilding C object CMakeFiles/rcutils.dir/src/time_unix.c.obj[0m
[0.889s] [ 93%] [32mBuilding C object CMakeFiles/rcutils.dir/src/uint8_array.c.obj[0m
[0.889s] [ 96%] [32mBuilding C object CMakeFiles/rcutils.dir/src/atomic_64bits.c.obj[0m
[0.890s] /home/ros/aa-arduino-1.8.19/hardware/tools/arm/bin/arm-none-eabi-gcc -DRCUTILS_BUILDING_DLL -DROS_PACKAGE_NAME=\"rcutils\" -I/home/ros/sigyn_microros_ws/firmware/mcu_ws/uros/rcutils/include -I/home/ros/sigyn_microros_ws/firmware/mcu_ws/build/rcutils/include -std=c11 -O2 -mfloat-abi=hard -mfpu=fpv5-d16 -ffunction-sections -fdata-sections -fno-exceptions -nostdlib -mcpu=cortex-m7 -mthumb -D'RCUTILS_LOG_MIN_SEVERITY=RCUTILS_LOG_MIN_SEVERITY_NONE' -DCLOCK_MONOTONIC=0 -D'__attribute__(x)=' -O3 -DNDEBUG -Wall -Wextra -Wconversion -Wno-sign-conversion -Wpedantic -MD -MT CMakeFiles/rcutils.dir/src/atomic_64bits.c.obj -MF CMakeFiles/rcutils.dir/src/atomic_64bits.c.obj.d -o CMakeFiles/rcutils.dir/src/atomic_64bits.c.obj -c /home/ros/sigyn_microros_ws/firmware/mcu_ws/uros/rcutils/src/atomic_64bits.c
[0.890s] /home/ros/aa-arduino-1.8.19/hardware/tools/arm/bin/arm-none-eabi-gcc -DRCUTILS_BUILDING_DLL -DROS_PACKAGE_NAME=\"rcutils\" -I/home/ros/sigyn_microros_ws/firmware/mcu_ws/uros/rcutils/include -I/home/ros/sigyn_microros_ws/firmware/mcu_ws/build/rcutils/include -std=c11 -O2 -mfloat-abi=hard -mfpu=fpv5-d16 -ffunction-sections -fdata-sections -fno-exceptions -nostdlib -mcpu=cortex-m7 -mthumb -D'RCUTILS_LOG_MIN_SEVERITY=RCUTILS_LOG_MIN_SEVERITY_NONE' -DCLOCK_MONOTONIC=0 -D'__attribute__(x)=' -O3 -DNDEBUG -Wall -Wextra -Wconversion -Wno-sign-conversion -Wpedantic -MD -MT CMakeFiles/rcutils.dir/src/time_unix.c.obj -MF CMakeFiles/rcutils.dir/src/time_unix.c.obj.d -o CMakeFiles/rcutils.dir/src/time_unix.c.obj -c /home/ros/sigyn_microros_ws/firmware/mcu_ws/uros/rcutils/src/time_unix.c
[0.891s] /home/ros/aa-arduino-1.8.19/hardware/tools/arm/bin/arm-none-eabi-gcc -DRCUTILS_BUILDING_DLL -DROS_PACKAGE_NAME=\"rcutils\" -I/home/ros/sigyn_microros_ws/firmware/mcu_ws/uros/rcutils/include -I/home/ros/sigyn_microros_ws/firmware/mcu_ws/build/rcutils/include -std=c11 -O2 -mfloat-abi=hard -mfpu=fpv5-d16 -ffunction-sections -fdata-sections -fno-exceptions -nostdlib -mcpu=cortex-m7 -mthumb -D'RCUTILS_LOG_MIN_SEVERITY=RCUTILS_LOG_MIN_SEVERITY_NONE' -DCLOCK_MONOTONIC=0 -D'__attribute__(x)=' -O3 -DNDEBUG -Wall -Wextra -Wconversion -Wno-sign-conversion -Wpedantic -MD -MT CMakeFiles/rcutils.dir/src/uint8_array.c.obj -MF CMakeFiles/rcutils.dir/src/uint8_array.c.obj.d -o CMakeFiles/rcutils.dir/src/uint8_array.c.obj -c /home/ros/sigyn_microros_ws/firmware/mcu_ws/uros/rcutils/src/uint8_array.c
[0.909s] [01m[K/home/ros/sigyn_microros_ws/firmware/mcu_ws/uros/rcutils/src/time_unix.c:52:4:[m[K [01;35m[Kwarning: [m[K#warning is a GCC extension
[0.909s]  #  warning no monotonic clock function available
[0.909s] [01;32m[K    ^[m[K
[0.909s] [01m[K/home/ros/sigyn_microros_ws/firmware/mcu_ws/uros/rcutils/src/time_unix.c:52:4:[m[K [01;35m[Kwarning: [m[K#warning no monotonic clock function available [-Wcpp]
[0.909s] [01m[K/home/ros/sigyn_microros_ws/firmware/mcu_ws/uros/rcutils/src/time_unix.c:[m[K In function '[01m[Krcutils_system_time_now[m[K':
[0.909s] [01m[K/home/ros/sigyn_microros_ws/firmware/mcu_ws/uros/rcutils/src/time_unix.c:74:3:[m[K [01;35m[Kwarning: [m[Kimplicit declaration of function '[01m[Kclock_gettime[m[K' [-Wimplicit-function-declaration]
[0.909s]    clock_gettime(CLOCK_REALTIME, &timespec_now);
[0.909s] [01;32m[K   ^[m[K
[0.930s] running egg_info
[0.930s] creating rcutils.egg-info
[0.931s] writing rcutils.egg-info/PKG-INFO
[0.931s] writing dependency_links to rcutils.egg-info/dependency_links.txt
[0.931s] writing top-level names to rcutils.egg-info/top_level.txt
[0.931s] writing manifest file 'rcutils.egg-info/SOURCES.txt'
[0.932s] reading manifest file 'rcutils.egg-info/SOURCES.txt'
[0.932s] writing manifest file 'rcutils.egg-info/SOURCES.txt'
[0.943s] gmake[2]: Leaving directory '/home/ros/sigyn_microros_ws/firmware/mcu_ws/build/rcutils'
[0.948s] [ 96%] Built target ament_cmake_python_build_rcutils_egg
[0.973s] [100%] [32m[1mLinking C static library librcutils.a[0m
[0.974s] /usr/bin/cmake -P CMakeFiles/rcutils.dir/cmake_clean_target.cmake
[0.978s] /usr/bin/cmake -E cmake_link_script CMakeFiles/rcutils.dir/link.txt --verbose=1
[0.983s] /usr/bin/ar qc librcutils.a CMakeFiles/rcutils.dir/src/allocator.c.obj CMakeFiles/rcutils.dir/src/array_list.c.obj CMakeFiles/rcutils.dir/src/char_array.c.obj CMakeFiles/rcutils.dir/src/cmdline_parser.c.obj CMakeFiles/rcutils.dir/src/env.c.obj CMakeFiles/rcutils.dir/src/error_handling.c.obj CMakeFiles/rcutils.dir/src/filesystem.c.obj CMakeFiles/rcutils.dir/src/find.c.obj CMakeFiles/rcutils.dir/src/format_string.c.obj CMakeFiles/rcutils.dir/src/hash_map.c.obj CMakeFiles/rcutils.dir/src/logging.c.obj CMakeFiles/rcutils.dir/src/process.c.obj CMakeFiles/rcutils.dir/src/qsort.c.obj CMakeFiles/rcutils.dir/src/repl_str.c.obj CMakeFiles/rcutils.dir/src/shared_library.c.obj CMakeFiles/rcutils.dir/src/snprintf.c.obj CMakeFiles/rcutils.dir/src/split.c.obj CMakeFiles/rcutils.dir/src/strcasecmp.c.obj CMakeFiles/rcutils.dir/src/strdup.c.obj CMakeFiles/rcutils.dir/src/strerror.c.obj CMakeFiles/rcutils.dir/src/string_array.c.obj CMakeFiles/rcutils.dir/src/string_map.c.obj CMakeFiles/rcutils.dir/src/testing/fault_injection.c.obj CMakeFiles/rcutils.dir/src/time.c.obj CMakeFiles/rcutils.dir/src/time_unix.c.obj CMakeFiles/rcutils.dir/src/uint8_array.c.obj CMakeFiles/rcutils.dir/src/atomic_64bits.c.obj
[1.000s] /usr/bin/ranlib librcutils.a
[1.017s] gmake[2]: Leaving directory '/home/ros/sigyn_microros_ws/firmware/mcu_ws/build/rcutils'
[1.024s] [100%] Built target rcutils
[1.024s] gmake[1]: Leaving directory '/home/ros/sigyn_microros_ws/firmware/mcu_ws/build/rcutils'
[1.024s] /usr/bin/cmake -E cmake_progress_start /home/ros/sigyn_microros_ws/firmware/mcu_ws/build/rcutils/CMakeFiles 0
[1.036s] Invoked command in '/home/ros/sigyn_microros_ws/firmware/mcu_ws/build/rcutils' returned '0': CMAKE_PREFIX_PATH=${CMAKE_PREFIX_PATH}:/home/ros/sigyn_microros_ws/firmware/dev_ws/install/ament_uncrustify:/home/ros/sigyn_microros_ws/firmware/dev_ws/install/domain_coordinator:/home/ros/sigyn_microros_ws/firmware/dev_ws/install/ament_xmllint:/home/ros/sigyn_microros_ws/firmware/dev_ws/install/ament_pyflakes:/home/ros/sigyn_microros_ws/firmware/dev_ws/install/ament_pycodestyle:/home/ros/sigyn_microros_ws/firmware/dev_ws/install/ament_pep257:/home/ros/sigyn_microros_ws/firmware/dev_ws/install/ament_pclint:/home/ros/sigyn_microros_ws/firmware/dev_ws/install/ament_package:/home/ros/sigyn_microros_ws/firmware/dev_ws/install/ament_mypy:/home/ros/sigyn_microros_ws/firmware/dev_ws/install/ament_lint_cmake:/home/ros/sigyn_microros_ws/firmware/dev_ws/install/ament_flake8:/home/ros/sigyn_microros_ws/firmware/dev_ws/install/ament_copyright:/home/ros/sigyn_microros_ws/firmware/dev_ws/install/ament_lint:/home/ros/sigyn_microros_ws/firmware/dev_ws/install/ament_index_python:/home/ros/sigyn_microros_ws/firmware/dev_ws/install/ament_cpplint:/home/ros/sigyn_microros_ws/firmware/dev_ws/install/ament_cppcheck:/home/ros/sigyn_microros_ws/firmware/dev_ws/install/ament_clang_tidy:/home/ros/sigyn_microros_ws/firmware/dev_ws/install/ament_clang_format /usr/bin/cmake --build /home/ros/sigyn_microros_ws/firmware/mcu_ws/build/rcutils -- -j24 -l24
[1.097s] Invoking command in '/home/ros/sigyn_microros_ws/firmware/mcu_ws/build/rcutils': CMAKE_PREFIX_PATH=${CMAKE_PREFIX_PATH}:/home/ros/sigyn_microros_ws/firmware/dev_ws/install/ament_uncrustify:/home/ros/sigyn_microros_ws/firmware/dev_ws/install/domain_coordinator:/home/ros/sigyn_microros_ws/firmware/dev_ws/install/ament_xmllint:/home/ros/sigyn_microros_ws/firmware/dev_ws/install/ament_pyflakes:/home/ros/sigyn_microros_ws/firmware/dev_ws/install/ament_pycodestyle:/home/ros/sigyn_microros_ws/firmware/dev_ws/install/ament_pep257:/home/ros/sigyn_microros_ws/firmware/dev_ws/install/ament_pclint:/home/ros/sigyn_microros_ws/firmware/dev_ws/install/ament_package:/home/ros/sigyn_microros_ws/firmware/dev_ws/install/ament_mypy:/home/ros/sigyn_microros_ws/firmware/dev_ws/install/ament_lint_cmake:/home/ros/sigyn_microros_ws/firmware/dev_ws/install/ament_flake8:/home/ros/sigyn_microros_ws/firmware/dev_ws/install/ament_copyright:/home/ros/sigyn_microros_ws/firmware/dev_ws/install/ament_lint:/home/ros/sigyn_microros_ws/firmware/dev_ws/install/ament_index_python:/home/ros/sigyn_microros_ws/firmware/dev_ws/install/ament_cpplint:/home/ros/sigyn_microros_ws/firmware/dev_ws/install/ament_cppcheck:/home/ros/sigyn_microros_ws/firmware/dev_ws/install/ament_clang_tidy:/home/ros/sigyn_microros_ws/firmware/dev_ws/install/ament_clang_format /usr/bin/cmake --install /home/ros/sigyn_microros_ws/firmware/mcu_ws/build/rcutils
[1.101s] -- Install configuration: "Release"
[1.101s] -- Installing: /home/ros/sigyn_microros_ws/firmware/mcu_ws/install/share/rcutils/environment/pythonpath.sh
[1.101s] -- Installing: /home/ros/sigyn_microros_ws/firmware/mcu_ws/install/share/rcutils/environment/pythonpath.dsv
[1.101s] -- Installing: /home/ros/sigyn_microros_ws/firmware/mcu_ws/install/local/lib/python3.10/dist-packages/rcutils-5.1.6-py3.10.egg-info
[1.101s] -- Installing: /home/ros/sigyn_microros_ws/firmware/mcu_ws/install/local/lib/python3.10/dist-packages/rcutils-5.1.6-py3.10.egg-info/top_level.txt
[1.101s] -- Installing: /home/ros/sigyn_microros_ws/firmware/mcu_ws/install/local/lib/python3.10/dist-packages/rcutils-5.1.6-py3.10.egg-info/dependency_links.txt
[1.101s] -- Installing: /home/ros/sigyn_microros_ws/firmware/mcu_ws/install/local/lib/python3.10/dist-packages/rcutils-5.1.6-py3.10.egg-info/SOURCES.txt
[1.102s] -- Installing: /home/ros/sigyn_microros_ws/firmware/mcu_ws/install/local/lib/python3.10/dist-packages/rcutils-5.1.6-py3.10.egg-info/PKG-INFO
[1.102s] -- Installing: /home/ros/sigyn_microros_ws/firmware/mcu_ws/install/local/lib/python3.10/dist-packages/rcutils
[1.102s] -- Installing: /home/ros/sigyn_microros_ws/firmware/mcu_ws/install/local/lib/python3.10/dist-packages/rcutils/__init__.py
[1.102s] -- Installing: /home/ros/sigyn_microros_ws/firmware/mcu_ws/install/local/lib/python3.10/dist-packages/rcutils/logging.py
[1.124s] Listing '/home/ros/sigyn_microros_ws/firmware/mcu_ws/install/local/lib/python3.10/dist-packages/rcutils'...
[1.124s] Compiling '/home/ros/sigyn_microros_ws/firmware/mcu_ws/install/local/lib/python3.10/dist-packages/rcutils/__init__.py'...
[1.124s] Compiling '/home/ros/sigyn_microros_ws/firmware/mcu_ws/install/local/lib/python3.10/dist-packages/rcutils/logging.py'...
[1.126s] -- Installing: /home/ros/sigyn_microros_ws/firmware/mcu_ws/install/lib/librcutils.a
[1.127s] -- Installing: /home/ros/sigyn_microros_ws/firmware/mcu_ws/install/share/rcutils/environment/library_path.sh
[1.127s] -- Installing: /home/ros/sigyn_microros_ws/firmware/mcu_ws/install/share/rcutils/environment/library_path.dsv
[1.127s] -- Installing: /home/ros/sigyn_microros_ws/firmware/mcu_ws/install/share/ament_index/resource_index/package_run_dependencies/rcutils
[1.127s] -- Installing: /home/ros/sigyn_microros_ws/firmware/mcu_ws/install/share/ament_index/resource_index/parent_prefix_path/rcutils
[1.127s] -- Installing: /home/ros/sigyn_microros_ws/firmware/mcu_ws/install/share/rcutils/environment/ament_prefix_path.sh
[1.127s] -- Installing: /home/ros/sigyn_microros_ws/firmware/mcu_ws/install/share/rcutils/environment/ament_prefix_path.dsv
[1.127s] -- Installing: /home/ros/sigyn_microros_ws/firmware/mcu_ws/install/share/rcutils/environment/path.sh
[1.127s] -- Installing: /home/ros/sigyn_microros_ws/firmware/mcu_ws/install/share/rcutils/environment/path.dsv
[1.127s] -- Installing: /home/ros/sigyn_microros_ws/firmware/mcu_ws/install/share/rcutils/local_setup.bash
[1.127s] -- Installing: /home/ros/sigyn_microros_ws/firmware/mcu_ws/install/share/rcutils/local_setup.sh
[1.128s] -- Installing: /home/ros/sigyn_microros_ws/firmware/mcu_ws/install/share/rcutils/local_setup.zsh
[1.128s] -- Installing: /home/ros/sigyn_microros_ws/firmware/mcu_ws/install/share/rcutils/local_setup.dsv
[1.128s] -- Installing: /home/ros/sigyn_microros_ws/firmware/mcu_ws/install/share/rcutils/package.dsv
[1.128s] -- Installing: /home/ros/sigyn_microros_ws/firmware/mcu_ws/install/share/ament_index/resource_index/packages/rcutils
[1.128s] -- Installing: /home/ros/sigyn_microros_ws/firmware/mcu_ws/install/share/rcutils/cmake/rcutilsExport.cmake
[1.128s] -- Installing: /home/ros/sigyn_microros_ws/firmware/mcu_ws/install/share/rcutils/cmake/rcutilsExport-release.cmake
[1.128s] -- Installing: /home/ros/sigyn_microros_ws/firmware/mcu_ws/install/share/rcutils/cmake/ament_cmake_export_include_directories-extras.cmake
[1.128s] -- Installing: /home/ros/sigyn_microros_ws/firmware/mcu_ws/install/share/rcutils/cmake/ament_cmake_export_libraries-extras.cmake
[1.128s] -- Installing: /home/ros/sigyn_microros_ws/firmware/mcu_ws/install/share/rcutils/cmake/ament_cmake_export_targets-extras.cmake
[1.128s] -- Installing: /home/ros/sigyn_microros_ws/firmware/mcu_ws/install/share/rcutils/cmake/ament_cmake_export_dependencies-extras.cmake
[1.129s] -- Installing: /home/ros/sigyn_microros_ws/firmware/mcu_ws/install/share/rcutils/cmake/rcutilsConfig.cmake
[1.129s] -- Installing: /home/ros/sigyn_microros_ws/firmware/mcu_ws/install/share/rcutils/cmake/rcutilsConfig-version.cmake
[1.129s] -- Installing: /home/ros/sigyn_microros_ws/firmware/mcu_ws/install/share/rcutils/package.xml
[1.129s] -- Installing: /home/ros/sigyn_microros_ws/firmware/mcu_ws/install/include/rcutils
[1.129s] -- Installing: /home/ros/sigyn_microros_ws/firmware/mcu_ws/install/include/rcutils/rcutils
[1.129s] -- Installing: /home/ros/sigyn_microros_ws/firmware/mcu_ws/install/include/rcutils/rcutils/stdatomic_helper
[1.129s] -- Installing: /home/ros/sigyn_microros_ws/firmware/mcu_ws/install/include/rcutils/rcutils/stdatomic_helper/win32
[1.129s] -- Installing: /home/ros/sigyn_microros_ws/firmware/mcu_ws/install/include/rcutils/rcutils/stdatomic_helper/win32/stdatomic.h
[1.129s] -- Installing: /home/ros/sigyn_microros_ws/firmware/mcu_ws/install/include/rcutils/rcutils/stdatomic_helper/gcc
[1.129s] -- Installing: /home/ros/sigyn_microros_ws/firmware/mcu_ws/install/include/rcutils/rcutils/stdatomic_helper/gcc/stdatomic.h
[1.129s] -- Installing: /home/ros/sigyn_microros_ws/firmware/mcu_ws/install/include/rcutils/rcutils/allocator.h
[1.129s] -- Installing: /home/ros/sigyn_microros_ws/firmware/mcu_ws/install/include/rcutils/rcutils/logging.h
[1.129s] -- Installing: /home/ros/sigyn_microros_ws/firmware/mcu_ws/install/include/rcutils/rcutils/testing
[1.129s] -- Installing: /home/ros/sigyn_microros_ws/firmware/mcu_ws/install/include/rcutils/rcutils/testing/fault_injection.h
[1.129s] -- Installing: /home/ros/sigyn_microros_ws/firmware/mcu_ws/install/include/rcutils/rcutils/repl_str.h
[1.130s] -- Installing: /home/ros/sigyn_microros_ws/firmware/mcu_ws/install/include/rcutils/rcutils/visibility_control_macros.h
[1.130s] -- Installing: /home/ros/sigyn_microros_ws/firmware/mcu_ws/install/include/rcutils/rcutils/error_handling.h
[1.130s] -- Installing: /home/ros/sigyn_microros_ws/firmware/mcu_ws/install/include/rcutils/rcutils/get_env.h
[1.130s] -- Installing: /home/ros/sigyn_microros_ws/firmware/mcu_ws/install/include/rcutils/rcutils/types.h
[1.130s] -- Installing: /home/ros/sigyn_microros_ws/firmware/mcu_ws/install/include/rcutils/rcutils/strcasecmp.h
[1.130s] -- Installing: /home/ros/sigyn_microros_ws/firmware/mcu_ws/install/include/rcutils/rcutils/qsort.h
[1.130s] -- Installing: /home/ros/sigyn_microros_ws/firmware/mcu_ws/install/include/rcutils/rcutils/strdup.h
[1.130s] -- Installing: /home/ros/sigyn_microros_ws/firmware/mcu_ws/install/include/rcutils/rcutils/format_string.h
[1.130s] -- Installing: /home/ros/sigyn_microros_ws/firmware/mcu_ws/install/include/rcutils/rcutils/configuration_flags.h.in
[1.130s] -- Installing: /home/ros/sigyn_microros_ws/firmware/mcu_ws/install/include/rcutils/rcutils/time.h
[1.130s] -- Installing: /home/ros/sigyn_microros_ws/firmware/mcu_ws/install/include/rcutils/rcutils/types
[1.130s] -- Installing: /home/ros/sigyn_microros_ws/firmware/mcu_ws/install/include/rcutils/rcutils/types/hash_map.h
[1.130s] -- Installing: /home/ros/sigyn_microros_ws/firmware/mcu_ws/install/include/rcutils/rcutils/types/array_list.h
[1.130s] -- Installing: /home/ros/sigyn_microros_ws/firmware/mcu_ws/install/include/rcutils/rcutils/types/uint8_array.h
[1.131s] -- Installing: /home/ros/sigyn_microros_ws/firmware/mcu_ws/install/include/rcutils/rcutils/types/rcutils_ret.h
[1.131s] -- Installing: /home/ros/sigyn_microros_ws/firmware/mcu_ws/install/include/rcutils/rcutils/types/string_map.h
[1.131s] -- Installing: /home/ros/sigyn_microros_ws/firmware/mcu_ws/install/include/rcutils/rcutils/types/string_array.h
[1.131s] -- Installing: /home/ros/sigyn_microros_ws/firmware/mcu_ws/install/include/rcutils/rcutils/types/char_array.h
[1.131s] -- Installing: /home/ros/sigyn_microros_ws/firmware/mcu_ws/install/include/rcutils/rcutils/shared_library.h
[1.131s] -- Installing: /home/ros/sigyn_microros_ws/firmware/mcu_ws/install/include/rcutils/rcutils/isalnum_no_locale.h
[1.131s] -- Installing: /home/ros/sigyn_microros_ws/firmware/mcu_ws/install/include/rcutils/rcutils/split.h
[1.131s] -- Installing: /home/ros/sigyn_microros_ws/firmware/mcu_ws/install/include/rcutils/rcutils/find.h
[1.131s] -- Installing: /home/ros/sigyn_microros_ws/firmware/mcu_ws/install/include/rcutils/rcutils/cmdline_parser.h
[1.131s] -- Installing: /home/ros/sigyn_microros_ws/firmware/mcu_ws/install/include/rcutils/rcutils/macros.h
[1.131s] -- Installing: /home/ros/sigyn_microros_ws/firmware/mcu_ws/install/include/rcutils/rcutils/process.h
[1.131s] -- Installing: /home/ros/sigyn_microros_ws/firmware/mcu_ws/install/include/rcutils/rcutils/snprintf.h
[1.131s] -- Installing: /home/ros/sigyn_microros_ws/firmware/mcu_ws/install/include/rcutils/rcutils/env.h
[1.132s] -- Installing: /home/ros/sigyn_microros_ws/firmware/mcu_ws/install/include/rcutils/rcutils/security_directory.h
[1.132s] -- Installing: /home/ros/sigyn_microros_ws/firmware/mcu_ws/install/include/rcutils/rcutils/filesystem.h
[1.132s] -- Installing: /home/ros/sigyn_microros_ws/firmware/mcu_ws/install/include/rcutils/rcutils/stdatomic_helper.h
[1.132s] -- Installing: /home/ros/sigyn_microros_ws/firmware/mcu_ws/install/include/rcutils/rcutils/visibility_control.h
[1.132s] -- Installing: /home/ros/sigyn_microros_ws/firmware/mcu_ws/install/include/rcutils/rcutils/strerror.h
[1.132s] -- Up-to-date: /home/ros/sigyn_microros_ws/firmware/mcu_ws/install/include/rcutils
[1.132s] -- Up-to-date: /home/ros/sigyn_microros_ws/firmware/mcu_ws/install/include/rcutils/rcutils
[1.132s] -- Installing: /home/ros/sigyn_microros_ws/firmware/mcu_ws/install/include/rcutils/rcutils/logging_macros.h
[1.132s] -- Installing: /home/ros/sigyn_microros_ws/firmware/mcu_ws/install/include/rcutils/rcutils/configuration_flags.h
[1.134s] Invoked command in '/home/ros/sigyn_microros_ws/firmware/mcu_ws/build/rcutils' returned '0': CMAKE_PREFIX_PATH=${CMAKE_PREFIX_PATH}:/home/ros/sigyn_microros_ws/firmware/dev_ws/install/ament_uncrustify:/home/ros/sigyn_microros_ws/firmware/dev_ws/install/domain_coordinator:/home/ros/sigyn_microros_ws/firmware/dev_ws/install/ament_xmllint:/home/ros/sigyn_microros_ws/firmware/dev_ws/install/ament_pyflakes:/home/ros/sigyn_microros_ws/firmware/dev_ws/install/ament_pycodestyle:/home/ros/sigyn_microros_ws/firmware/dev_ws/install/ament_pep257:/home/ros/sigyn_microros_ws/firmware/dev_ws/install/ament_pclint:/home/ros/sigyn_microros_ws/firmware/dev_ws/install/ament_package:/home/ros/sigyn_microros_ws/firmware/dev_ws/install/ament_mypy:/home/ros/sigyn_microros_ws/firmware/dev_ws/install/ament_lint_cmake:/home/ros/sigyn_microros_ws/firmware/dev_ws/install/ament_flake8:/home/ros/sigyn_microros_ws/firmware/dev_ws/install/ament_copyright:/home/ros/sigyn_microros_ws/firmware/dev_ws/install/ament_lint:/home/ros/sigyn_microros_ws/firmware/dev_ws/install/ament_index_python:/home/ros/sigyn_microros_ws/firmware/dev_ws/install/ament_cpplint:/home/ros/sigyn_microros_ws/firmware/dev_ws/install/ament_cppcheck:/home/ros/sigyn_microros_ws/firmware/dev_ws/install/ament_clang_tidy:/home/ros/sigyn_microros_ws/firmware/dev_ws/install/ament_clang_format /usr/bin/cmake --install /home/ros/sigyn_microros_ws/firmware/mcu_ws/build/rcutils
