Not searching for unused variables given on the command line.
-- The C compiler identification is GNU 5.4.1
-- The CXX compiler identification is GNU 5.4.1
-- Detecting C compiler ABI info
-- Detecting C compiler ABI info - done
-- Check for working C compiler: /home/ros/aa-arduino-1.8.19/hardware/tools/arm/bin/arm-none-eabi-gcc - skipped
-- Detecting C compile features
-- Detecting C compile features - done
-- Detecting CXX compiler ABI info
-- Detecting CXX compiler ABI info - done
-- Check for working CXX compiler: /home/ros/aa-arduino-1.8.19/hardware/tools/arm/bin/arm-none-eabi-g++ - skipped
-- Detecting CXX compile features
-- Detecting CXX compile features - done
-- Found ament_cmake: 1.3.10 (/home/ros/sigyn_microros_ws/firmware/dev_ws/install/ament_cmake/share/ament_cmake/cmake)
-- Found Python3: /usr/bin/python3 (found version "3.10.12") found components: Interpreter 
-- Found rosidl_typesupport_introspection_c: 3.1.5 (/home/ros/sigyn_microros_ws/firmware/mcu_ws/install/share/rosidl_typesupport_introspection_c/cmake)
-- Found rosidl_adapter: 3.1.5 (/home/ros/sigyn_microros_ws/firmware/mcu_ws/install/share/rosidl_adapter/cmake)
[33mCMake Warning at /home/ros/sigyn_microros_ws/firmware/mcu_ws/install/share/rcutils/cmake/ament_cmake_export_libraries-extras.cmake:116 (message):
  Package 'rcutils' exports library 'dl' which couldn't be found
Call Stack (most recent call first):
  /home/ros/sigyn_microros_ws/firmware/mcu_ws/install/share/rcutils/cmake/rcutilsConfig.cmake:41 (include)
  /home/ros/sigyn_microros_ws/firmware/mcu_ws/install/share/rosidl_runtime_c/cmake/ament_cmake_export_dependencies-extras.cmake:21 (find_package)
  /home/ros/sigyn_microros_ws/firmware/mcu_ws/install/share/rosidl_runtime_c/cmake/rosidl_runtime_cConfig.cmake:41 (include)
  /home/ros/sigyn_microros_ws/firmware/mcu_ws/install/share/rosidl_typesupport_introspection_c/cmake/ament_cmake_export_dependencies-extras.cmake:21 (find_package)
  /home/ros/sigyn_microros_ws/firmware/mcu_ws/install/share/rosidl_typesupport_introspection_c/cmake/rosidl_typesupport_introspection_cConfig.cmake:41 (include)
  CMakeLists.txt:18 (find_package)

[0m
-- Configuring done
-- Generating done
-- Build files have been written to: /home/ros/sigyn_microros_ws/firmware/mcu_ws/build/micro_ros_utilities
/usr/bin/cmake -S/home/ros/sigyn_microros_ws/firmware/mcu_ws/uros/micro_ros_utilities -B/home/ros/sigyn_microros_ws/firmware/mcu_ws/build/micro_ros_utilities --check-build-system CMakeFiles/Makefile.cmake 0
/usr/bin/cmake -E cmake_progress_start /home/ros/sigyn_microros_ws/firmware/mcu_ws/build/micro_ros_utilities/CMakeFiles /home/ros/sigyn_microros_ws/firmware/mcu_ws/build/micro_ros_utilities//CMakeFiles/progress.marks
/usr/bin/gmake  -f CMakeFiles/Makefile2 all
gmake[1]: Entering directory '/home/ros/sigyn_microros_ws/firmware/mcu_ws/build/micro_ros_utilities'
/usr/bin/gmake  -f CMakeFiles/micro_ros_utilities.dir/build.make CMakeFiles/micro_ros_utilities.dir/depend
gmake[2]: Entering directory '/home/ros/sigyn_microros_ws/firmware/mcu_ws/build/micro_ros_utilities'
cd /home/ros/sigyn_microros_ws/firmware/mcu_ws/build/micro_ros_utilities && /usr/bin/cmake -E cmake_depends "Unix Makefiles" /home/ros/sigyn_microros_ws/firmware/mcu_ws/uros/micro_ros_utilities /home/ros/sigyn_microros_ws/firmware/mcu_ws/uros/micro_ros_utilities /home/ros/sigyn_microros_ws/firmware/mcu_ws/build/micro_ros_utilities /home/ros/sigyn_microros_ws/firmware/mcu_ws/build/micro_ros_utilities /home/ros/sigyn_microros_ws/firmware/mcu_ws/build/micro_ros_utilities/CMakeFiles/micro_ros_utilities.dir/DependInfo.cmake --color=
gmake[2]: Leaving directory '/home/ros/sigyn_microros_ws/firmware/mcu_ws/build/micro_ros_utilities'
/usr/bin/gmake  -f CMakeFiles/micro_ros_utilities.dir/build.make CMakeFiles/micro_ros_utilities.dir/build
gmake[2]: Entering directory '/home/ros/sigyn_microros_ws/firmware/mcu_ws/build/micro_ros_utilities'
[ 66%] [32mBuilding C object CMakeFiles/micro_ros_utilities.dir/src/string_utilities.c.obj[0m
[ 66%] [32mBuilding C object CMakeFiles/micro_ros_utilities.dir/src/type_utilities.c.obj[0m
/home/ros/aa-arduino-1.8.19/hardware/tools/arm/bin/arm-none-eabi-gcc  -I/home/ros/sigyn_microros_ws/firmware/mcu_ws/uros/micro_ros_utilities/include -I/home/ros/sigyn_microros_ws/firmware/mcu_ws/uros/micro_ros_utilities/src -isystem /home/ros/sigyn_microros_ws/firmware/mcu_ws/install/include/rosidl_typesupport_introspection_c -isystem /home/ros/sigyn_microros_ws/firmware/mcu_ws/install/include/rosidl_runtime_c -isystem /home/ros/sigyn_microros_ws/firmware/mcu_ws/install/include/rcutils -isystem /home/ros/sigyn_microros_ws/firmware/mcu_ws/install/include/rosidl_typesupport_interface -std=c11 -O2 -mfloat-abi=hard -mfpu=fpv5-d16 -ffunction-sections -fdata-sections -fno-exceptions -nostdlib -mcpu=cortex-m7 -mthumb -D'RCUTILS_LOG_MIN_SEVERITY=RCUTILS_LOG_MIN_SEVERITY_NONE' -DCLOCK_MONOTONIC=0 -D'__attribute__(x)=' -O3 -DNDEBUG -Wall -Wextra -Wpedantic -MD -MT CMakeFiles/micro_ros_utilities.dir/src/string_utilities.c.obj -MF CMakeFiles/micro_ros_utilities.dir/src/string_utilities.c.obj.d -o CMakeFiles/micro_ros_utilities.dir/src/string_utilities.c.obj -c /home/ros/sigyn_microros_ws/firmware/mcu_ws/uros/micro_ros_utilities/src/string_utilities.c
/home/ros/aa-arduino-1.8.19/hardware/tools/arm/bin/arm-none-eabi-gcc  -I/home/ros/sigyn_microros_ws/firmware/mcu_ws/uros/micro_ros_utilities/include -I/home/ros/sigyn_microros_ws/firmware/mcu_ws/uros/micro_ros_utilities/src -isystem /home/ros/sigyn_microros_ws/firmware/mcu_ws/install/include/rosidl_typesupport_introspection_c -isystem /home/ros/sigyn_microros_ws/firmware/mcu_ws/install/include/rosidl_runtime_c -isystem /home/ros/sigyn_microros_ws/firmware/mcu_ws/install/include/rcutils -isystem /home/ros/sigyn_microros_ws/firmware/mcu_ws/install/include/rosidl_typesupport_interface -std=c11 -O2 -mfloat-abi=hard -mfpu=fpv5-d16 -ffunction-sections -fdata-sections -fno-exceptions -nostdlib -mcpu=cortex-m7 -mthumb -D'RCUTILS_LOG_MIN_SEVERITY=RCUTILS_LOG_MIN_SEVERITY_NONE' -DCLOCK_MONOTONIC=0 -D'__attribute__(x)=' -O3 -DNDEBUG -Wall -Wextra -Wpedantic -MD -MT CMakeFiles/micro_ros_utilities.dir/src/type_utilities.c.obj -MF CMakeFiles/micro_ros_utilities.dir/src/type_utilities.c.obj.d -o CMakeFiles/micro_ros_utilities.dir/src/type_utilities.c.obj -c /home/ros/sigyn_microros_ws/firmware/mcu_ws/uros/micro_ros_utilities/src/type_utilities.c
[01m[K/home/ros/sigyn_microros_ws/firmware/mcu_ws/uros/micro_ros_utilities/src/type_utilities.c:[m[K In function '[01m[Kprint_type_info[m[K':
[01m[K/home/ros/sigyn_microros_ws/firmware/mcu_ws/uros/micro_ros_utilities/src/type_utilities.c:96:31:[m[K [01;35m[Kwarning: [m[Kformat '[01m[K%u[m[K' expects argument of type '[01m[Kunsigned int[m[K', but argument 7 has type '[01m[Kuint32_t {aka const long unsigned int}[m[K' [-Wformat=]
       buffer, sizeof(buffer), "%sIntrospection for %s/%s - %u members, %zu B\n",
[01;32m[K                               ^[m[K
[100%] [32m[1mLinking C static library libmicro_ros_utilities.a[0m
/usr/bin/cmake -P CMakeFiles/micro_ros_utilities.dir/cmake_clean_target.cmake
/usr/bin/cmake -E cmake_link_script CMakeFiles/micro_ros_utilities.dir/link.txt --verbose=1
/usr/bin/ar qc libmicro_ros_utilities.a CMakeFiles/micro_ros_utilities.dir/src/string_utilities.c.obj CMakeFiles/micro_ros_utilities.dir/src/type_utilities.c.obj
/usr/bin/ranlib libmicro_ros_utilities.a
gmake[2]: Leaving directory '/home/ros/sigyn_microros_ws/firmware/mcu_ws/build/micro_ros_utilities'
[100%] Built target micro_ros_utilities
gmake[1]: Leaving directory '/home/ros/sigyn_microros_ws/firmware/mcu_ws/build/micro_ros_utilities'
/usr/bin/cmake -E cmake_progress_start /home/ros/sigyn_microros_ws/firmware/mcu_ws/build/micro_ros_utilities/CMakeFiles 0
-- Install configuration: "Release"
-- Up-to-date: /home/ros/sigyn_microros_ws/firmware/mcu_ws/install/include
-- Installing: /home/ros/sigyn_microros_ws/firmware/mcu_ws/install/include/micro_ros_utilities
-- Installing: /home/ros/sigyn_microros_ws/firmware/mcu_ws/install/include/micro_ros_utilities/type_utilities.h
-- Installing: /home/ros/sigyn_microros_ws/firmware/mcu_ws/install/include/micro_ros_utilities/string_utilities.h
-- Installing: /home/ros/sigyn_microros_ws/firmware/mcu_ws/install/include/micro_ros_utilities/visibility_control.h
-- Installing: /home/ros/sigyn_microros_ws/firmware/mcu_ws/install/lib/libmicro_ros_utilities.a
-- Installing: /home/ros/sigyn_microros_ws/firmware/mcu_ws/install/share/micro_ros_utilities/environment/library_path.sh
-- Installing: /home/ros/sigyn_microros_ws/firmware/mcu_ws/install/share/micro_ros_utilities/environment/library_path.dsv
-- Installing: /home/ros/sigyn_microros_ws/firmware/mcu_ws/install/share/ament_index/resource_index/package_run_dependencies/micro_ros_utilities
-- Installing: /home/ros/sigyn_microros_ws/firmware/mcu_ws/install/share/ament_index/resource_index/parent_prefix_path/micro_ros_utilities
-- Installing: /home/ros/sigyn_microros_ws/firmware/mcu_ws/install/share/micro_ros_utilities/environment/ament_prefix_path.sh
-- Installing: /home/ros/sigyn_microros_ws/firmware/mcu_ws/install/share/micro_ros_utilities/environment/ament_prefix_path.dsv
-- Installing: /home/ros/sigyn_microros_ws/firmware/mcu_ws/install/share/micro_ros_utilities/environment/path.sh
-- Installing: /home/ros/sigyn_microros_ws/firmware/mcu_ws/install/share/micro_ros_utilities/environment/path.dsv
-- Installing: /home/ros/sigyn_microros_ws/firmware/mcu_ws/install/share/micro_ros_utilities/local_setup.bash
-- Installing: /home/ros/sigyn_microros_ws/firmware/mcu_ws/install/share/micro_ros_utilities/local_setup.sh
-- Installing: /home/ros/sigyn_microros_ws/firmware/mcu_ws/install/share/micro_ros_utilities/local_setup.zsh
-- Installing: /home/ros/sigyn_microros_ws/firmware/mcu_ws/install/share/micro_ros_utilities/local_setup.dsv
-- Installing: /home/ros/sigyn_microros_ws/firmware/mcu_ws/install/share/micro_ros_utilities/package.dsv
-- Installing: /home/ros/sigyn_microros_ws/firmware/mcu_ws/install/share/ament_index/resource_index/packages/micro_ros_utilities
-- Installing: /home/ros/sigyn_microros_ws/firmware/mcu_ws/install/share/micro_ros_utilities/cmake/ament_cmake_export_include_directories-extras.cmake
-- Installing: /home/ros/sigyn_microros_ws/firmware/mcu_ws/install/share/micro_ros_utilities/cmake/ament_cmake_export_libraries-extras.cmake
-- Installing: /home/ros/sigyn_microros_ws/firmware/mcu_ws/install/share/micro_ros_utilities/cmake/ament_cmake_export_dependencies-extras.cmake
-- Installing: /home/ros/sigyn_microros_ws/firmware/mcu_ws/install/share/micro_ros_utilities/cmake/micro_ros_utilitiesConfig.cmake
-- Installing: /home/ros/sigyn_microros_ws/firmware/mcu_ws/install/share/micro_ros_utilities/cmake/micro_ros_utilitiesConfig-version.cmake
-- Installing: /home/ros/sigyn_microros_ws/firmware/mcu_ws/install/share/micro_ros_utilities/package.xml
