[0.011s] Invoking command in '/home/ros/sigyn_microros_ws/build/micro_ros_msgs': CMAKE_PREFIX_PATH=${CMAKE_PREFIX_PATH}:/home/ros/s_ws/install/py_scripts:/home/ros/s_ws/install/nav2_simple_commander:/opt/ros/humble /usr/bin/cmake /home/ros/sigyn_microros_ws/src/uros/micro_ros_msgs -DUAGENT_BUILD_EXECUTABLE=OFF -DUAGENT_P2P_PROFILE=OFF --no-warn-unused-cli -DCMAKE_INSTALL_PREFIX=/home/ros/sigyn_microros_ws/install/micro_ros_msgs
[0.019s] Not searching for unused variables given on the command line.
[0.061s] -- The C compiler identification is GNU 11.4.0
[0.103s] -- The CXX compiler identification is GNU 11.4.0
[0.109s] -- Detecting C compiler ABI info
[0.176s] -- Detecting C compiler ABI info - done
[0.181s] -- Check for working C compiler: /usr/bin/cc - skipped
[0.181s] -- Detecting C compile features
[0.181s] -- Detecting C compile features - done
[0.183s] -- Detecting CXX compiler ABI info
[0.256s] -- Detecting CXX compiler ABI info - done
[0.260s] -- Check for working CXX compiler: /usr/bin/c++ - skipped
[0.260s] -- Detecting CXX compile features
[0.261s] -- Detecting CXX compile features - done
[0.267s] -- Found ament_cmake: 1.3.10 (/opt/ros/humble/share/ament_cmake/cmake)
[0.388s] -- Found Python3: /usr/bin/python3 (found version "3.10.12") found components: Interpreter 
[0.506s] -- Found rosidl_default_generators: 1.2.0 (/opt/ros/humble/share/rosidl_default_generators/cmake)
[0.514s] -- Using all available rosidl_typesupport_c: rosidl_typesupport_fastrtps_c;rosidl_typesupport_introspection_c
[0.528s] -- Found rosidl_adapter: 3.1.5 (/opt/ros/humble/share/rosidl_adapter/cmake)
[0.582s] -- Using all available rosidl_typesupport_cpp: rosidl_typesupport_fastrtps_cpp;rosidl_typesupport_introspection_cpp
[0.623s] -- Found ament_lint_auto: 0.12.11 (/opt/ros/humble/share/ament_lint_auto/cmake)
[0.808s] -- Found ament_cmake_ros: 0.10.0 (/opt/ros/humble/share/ament_cmake_ros/cmake)
[0.928s] -- Using all available rosidl_typesupport_c: rosidl_typesupport_fastrtps_c;rosidl_typesupport_introspection_c
[1.067s] -- Using all available rosidl_typesupport_cpp: rosidl_typesupport_fastrtps_cpp;rosidl_typesupport_introspection_cpp
[1.082s] -- Found PythonInterp: /usr/bin/python3 (found suitable version "3.10.12", minimum required is "3.6") 
[1.087s] -- Found python_cmake_module: 0.10.0 (/opt/ros/humble/share/python_cmake_module/cmake)
[1.105s] -- Found PythonLibs: /usr/lib/x86_64-linux-gnu/libpython3.10.so (found suitable version "3.10.12", minimum required is "3.5") 
[1.105s] -- Using PYTHON_EXECUTABLE: /usr/bin/python3
[1.105s] -- Using PYTHON_INCLUDE_DIRS: /usr/include/python3.10
[1.105s] -- Using PYTHON_LIBRARIES: /usr/lib/x86_64-linux-gnu/libpython3.10.so
[1.118s] -- Found PythonExtra: .so  
[1.148s] -- Added test 'copyright' to check source files copyright and LICENSE
[1.153s] -- Added test 'lint_cmake' to check CMake code style
[1.156s] -- Added test 'xmllint' to check XML markup files
[1.160s] -- Configuring done
[1.175s] -- Generating done
[1.176s] -- Build files have been written to: /home/ros/sigyn_microros_ws/build/micro_ros_msgs
[1.181s] Invoked command in '/home/ros/sigyn_microros_ws/build/micro_ros_msgs' returned '0': CMAKE_PREFIX_PATH=${CMAKE_PREFIX_PATH}:/home/ros/s_ws/install/py_scripts:/home/ros/s_ws/install/nav2_simple_commander:/opt/ros/humble /usr/bin/cmake /home/ros/sigyn_microros_ws/src/uros/micro_ros_msgs -DUAGENT_BUILD_EXECUTABLE=OFF -DUAGENT_P2P_PROFILE=OFF --no-warn-unused-cli -DCMAKE_INSTALL_PREFIX=/home/ros/sigyn_microros_ws/install/micro_ros_msgs
[1.182s] Invoking command in '/home/ros/sigyn_microros_ws/build/micro_ros_msgs': CMAKE_PREFIX_PATH=${CMAKE_PREFIX_PATH}:/home/ros/s_ws/install/py_scripts:/home/ros/s_ws/install/nav2_simple_commander:/opt/ros/humble /usr/bin/cmake --build /home/ros/sigyn_microros_ws/build/micro_ros_msgs -- -j24 -l24
[1.220s] [  2%] [34m[1mGenerating C code for ROS interfaces[0m
[1.230s] [  4%] [34m[1mGenerating C++ code for ROS interfaces[0m
[1.238s] [  4%] Built target ament_cmake_python_copy_micro_ros_msgs
[1.365s] running egg_info
[1.365s] creating micro_ros_msgs.egg-info
[1.365s] writing micro_ros_msgs.egg-info/PKG-INFO
[1.365s] writing dependency_links to micro_ros_msgs.egg-info/dependency_links.txt
[1.365s] writing top-level names to micro_ros_msgs.egg-info/top_level.txt
[1.365s] writing manifest file 'micro_ros_msgs.egg-info/SOURCES.txt'
[1.366s] reading manifest file 'micro_ros_msgs.egg-info/SOURCES.txt'
[1.366s] writing manifest file 'micro_ros_msgs.egg-info/SOURCES.txt'
[1.383s] [  4%] Built target ament_cmake_python_build_micro_ros_msgs_egg
[1.399s] [  4%] Built target micro_ros_msgs__cpp
[1.410s] [  8%] [34m[1mGenerating C++ type support dispatch for ROS interfaces[0m
[1.410s] [  8%] [34m[1mGenerating C++ type support for eProsima Fast-RTPS[0m
[1.411s] [ 10%] [34m[1mGenerating C++ introspection for ROS interfaces[0m
[1.415s] [ 12%] [32mBuilding C object CMakeFiles/micro_ros_msgs__rosidl_generator_c.dir/rosidl_generator_c/micro_ros_msgs/msg/detail/graph__functions.c.o[0m
[1.415s] [ 14%] [32mBuilding C object CMakeFiles/micro_ros_msgs__rosidl_generator_c.dir/rosidl_generator_c/micro_ros_msgs/msg/detail/node__functions.c.o[0m
[1.416s] [ 17%] [32mBuilding C object CMakeFiles/micro_ros_msgs__rosidl_generator_c.dir/rosidl_generator_c/micro_ros_msgs/msg/detail/entity__functions.c.o[0m
[1.450s] [ 19%] [32m[1mLinking C shared library libmicro_ros_msgs__rosidl_generator_c.so[0m
[1.479s] [ 19%] Built target micro_ros_msgs__rosidl_generator_c
[1.489s] [ 23%] [34m[1mGenerating C introspection for ROS interfaces[0m
[1.489s] [ 23%] [34m[1mGenerating C type support dispatch for ROS interfaces[0m
[1.492s] [ 25%] [34m[1mGenerating C type support for eProsima Fast-RTPS[0m
[1.565s] [ 27%] [32mBuilding CXX object CMakeFiles/micro_ros_msgs__rosidl_typesupport_cpp.dir/rosidl_typesupport_cpp/micro_ros_msgs/msg/graph__type_support.cpp.o[0m
[1.565s] [ 29%] [32mBuilding CXX object CMakeFiles/micro_ros_msgs__rosidl_typesupport_cpp.dir/rosidl_typesupport_cpp/micro_ros_msgs/msg/entity__type_support.cpp.o[0m
[1.565s] [ 31%] [32mBuilding CXX object CMakeFiles/micro_ros_msgs__rosidl_typesupport_cpp.dir/rosidl_typesupport_cpp/micro_ros_msgs/msg/node__type_support.cpp.o[0m
[1.575s] [ 34%] [32mBuilding CXX object CMakeFiles/micro_ros_msgs__rosidl_typesupport_introspection_cpp.dir/rosidl_typesupport_introspection_cpp/micro_ros_msgs/msg/detail/graph__type_support.cpp.o[0m
[1.575s] [ 36%] [32mBuilding CXX object CMakeFiles/micro_ros_msgs__rosidl_typesupport_introspection_cpp.dir/rosidl_typesupport_introspection_cpp/micro_ros_msgs/msg/detail/node__type_support.cpp.o[0m
[1.575s] [ 38%] [32mBuilding CXX object CMakeFiles/micro_ros_msgs__rosidl_typesupport_introspection_cpp.dir/rosidl_typesupport_introspection_cpp/micro_ros_msgs/msg/detail/entity__type_support.cpp.o[0m
[1.583s] [ 40%] [32mBuilding CXX object CMakeFiles/micro_ros_msgs__rosidl_typesupport_fastrtps_cpp.dir/rosidl_typesupport_fastrtps_cpp/micro_ros_msgs/msg/detail/dds_fastrtps/graph__type_support.cpp.o[0m
[1.583s] [ 44%] [32mBuilding CXX object CMakeFiles/micro_ros_msgs__rosidl_typesupport_fastrtps_cpp.dir/rosidl_typesupport_fastrtps_cpp/micro_ros_msgs/msg/detail/dds_fastrtps/entity__type_support.cpp.o[0m
[1.583s] [ 44%] [32mBuilding CXX object CMakeFiles/micro_ros_msgs__rosidl_typesupport_fastrtps_cpp.dir/rosidl_typesupport_fastrtps_cpp/micro_ros_msgs/msg/detail/dds_fastrtps/node__type_support.cpp.o[0m
[1.661s] [ 46%] [32mBuilding CXX object CMakeFiles/micro_ros_msgs__rosidl_typesupport_c.dir/rosidl_typesupport_c/micro_ros_msgs/msg/node__type_support.cpp.o[0m
[1.661s] [ 48%] [32mBuilding CXX object CMakeFiles/micro_ros_msgs__rosidl_typesupport_c.dir/rosidl_typesupport_c/micro_ros_msgs/msg/entity__type_support.cpp.o[0m
[1.664s] [ 51%] [32mBuilding CXX object CMakeFiles/micro_ros_msgs__rosidl_typesupport_c.dir/rosidl_typesupport_c/micro_ros_msgs/msg/graph__type_support.cpp.o[0m
[1.674s] [ 53%] [32mBuilding C object CMakeFiles/micro_ros_msgs__rosidl_typesupport_introspection_c.dir/rosidl_typesupport_introspection_c/micro_ros_msgs/msg/detail/graph__type_support.c.o[0m
[1.677s] [ 55%] [32mBuilding C object CMakeFiles/micro_ros_msgs__rosidl_typesupport_introspection_c.dir/rosidl_typesupport_introspection_c/micro_ros_msgs/msg/detail/node__type_support.c.o[0m
[1.677s] [ 57%] [32mBuilding C object CMakeFiles/micro_ros_msgs__rosidl_typesupport_introspection_c.dir/rosidl_typesupport_introspection_c/micro_ros_msgs/msg/detail/entity__type_support.c.o[0m
[1.683s] [ 59%] [32mBuilding CXX object CMakeFiles/micro_ros_msgs__rosidl_typesupport_fastrtps_c.dir/rosidl_typesupport_fastrtps_c/micro_ros_msgs/msg/detail/node__type_support_c.cpp.o[0m
[1.684s] [ 61%] [32mBuilding CXX object CMakeFiles/micro_ros_msgs__rosidl_typesupport_fastrtps_c.dir/rosidl_typesupport_fastrtps_c/micro_ros_msgs/msg/detail/graph__type_support_c.cpp.o[0m
[1.686s] [ 63%] [32mBuilding CXX object CMakeFiles/micro_ros_msgs__rosidl_typesupport_fastrtps_c.dir/rosidl_typesupport_fastrtps_c/micro_ros_msgs/msg/detail/entity__type_support_c.cpp.o[0m
[1.702s] [ 65%] [32m[1mLinking CXX shared library libmicro_ros_msgs__rosidl_typesupport_c.so[0m
[1.714s] [ 68%] [32m[1mLinking C shared library libmicro_ros_msgs__rosidl_typesupport_introspection_c.so[0m
[1.717s] [ 70%] [32m[1mLinking CXX shared library libmicro_ros_msgs__rosidl_typesupport_cpp.so[0m
[1.740s] [ 70%] Built target micro_ros_msgs__rosidl_typesupport_c
[1.744s] [ 70%] Built target micro_ros_msgs__rosidl_typesupport_introspection_c
[1.751s] [ 70%] Built target micro_ros_msgs__rosidl_typesupport_cpp
[1.828s] [ 72%] [32m[1mLinking CXX shared library libmicro_ros_msgs__rosidl_typesupport_fastrtps_cpp.so[0m
[1.848s] [ 74%] [32m[1mLinking CXX shared library libmicro_ros_msgs__rosidl_typesupport_introspection_cpp.so[0m
[1.875s] [ 76%] [32m[1mLinking CXX shared library libmicro_ros_msgs__rosidl_typesupport_fastrtps_c.so[0m
[1.880s] [ 76%] Built target micro_ros_msgs__rosidl_typesupport_fastrtps_cpp
[1.902s] [ 76%] Built target micro_ros_msgs__rosidl_typesupport_introspection_cpp
[1.922s] [ 76%] Built target micro_ros_msgs__rosidl_typesupport_fastrtps_c
[1.942s] [ 76%] Built target micro_ros_msgs
[1.962s] [ 78%] [34m[1mGenerating Python code for ROS interfaces[0m
[2.204s] [ 78%] Built target micro_ros_msgs__py
[2.224s] [ 80%] [32mBuilding C object CMakeFiles/micro_ros_msgs__rosidl_generator_py.dir/rosidl_generator_py/micro_ros_msgs/msg/_graph_s.c.o[0m
[2.225s] [ 82%] [32mBuilding C object CMakeFiles/micro_ros_msgs__rosidl_generator_py.dir/rosidl_generator_py/micro_ros_msgs/msg/_node_s.c.o[0m
[2.225s] [ 85%] [32mBuilding C object CMakeFiles/micro_ros_msgs__rosidl_generator_py.dir/rosidl_generator_py/micro_ros_msgs/msg/_entity_s.c.o[0m
[2.284s] [ 87%] [32m[1mLinking C shared library rosidl_generator_py/micro_ros_msgs/libmicro_ros_msgs__rosidl_generator_py.so[0m
[2.316s] [ 87%] Built target micro_ros_msgs__rosidl_generator_py
[2.337s] [ 89%] [32mBuilding C object CMakeFiles/micro_ros_msgs__rosidl_typesupport_fastrtps_c__pyext.dir/rosidl_generator_py/micro_ros_msgs/_micro_ros_msgs_s.ep.rosidl_typesupport_fastrtps_c.c.o[0m
[2.337s] [ 91%] [32mBuilding C object CMakeFiles/micro_ros_msgs__rosidl_typesupport_introspection_c__pyext.dir/rosidl_generator_py/micro_ros_msgs/_micro_ros_msgs_s.ep.rosidl_typesupport_introspection_c.c.o[0m
[2.338s] [ 93%] [32mBuilding C object CMakeFiles/micro_ros_msgs__rosidl_typesupport_c__pyext.dir/rosidl_generator_py/micro_ros_msgs/_micro_ros_msgs_s.ep.rosidl_typesupport_c.c.o[0m
[2.394s] [ 95%] [32m[1mLinking C shared library rosidl_generator_py/micro_ros_msgs/micro_ros_msgs_s__rosidl_typesupport_c.cpython-310-x86_64-linux-gnu.so[0m
[2.394s] [ 97%] [32m[1mLinking C shared library rosidl_generator_py/micro_ros_msgs/micro_ros_msgs_s__rosidl_typesupport_introspection_c.cpython-310-x86_64-linux-gnu.so[0m
[2.395s] [100%] [32m[1mLinking C shared library rosidl_generator_py/micro_ros_msgs/micro_ros_msgs_s__rosidl_typesupport_fastrtps_c.cpython-310-x86_64-linux-gnu.so[0m
[2.423s] [100%] Built target micro_ros_msgs__rosidl_typesupport_introspection_c__pyext
[2.423s] [100%] Built target micro_ros_msgs__rosidl_typesupport_c__pyext
[2.424s] [100%] Built target micro_ros_msgs__rosidl_typesupport_fastrtps_c__pyext
[2.434s] Invoked command in '/home/ros/sigyn_microros_ws/build/micro_ros_msgs' returned '0': CMAKE_PREFIX_PATH=${CMAKE_PREFIX_PATH}:/home/ros/s_ws/install/py_scripts:/home/ros/s_ws/install/nav2_simple_commander:/opt/ros/humble /usr/bin/cmake --build /home/ros/sigyn_microros_ws/build/micro_ros_msgs -- -j24 -l24
[2.577s] Invoking command in '/home/ros/sigyn_microros_ws/build/micro_ros_msgs': CMAKE_PREFIX_PATH=${CMAKE_PREFIX_PATH}:/home/ros/s_ws/install/py_scripts:/home/ros/s_ws/install/nav2_simple_commander:/opt/ros/humble /usr/bin/cmake --install /home/ros/sigyn_microros_ws/build/micro_ros_msgs
[2.584s] -- Install configuration: ""
[2.584s] -- Installing: /home/ros/sigyn_microros_ws/install/micro_ros_msgs/share/ament_index/resource_index/rosidl_interfaces/micro_ros_msgs
[2.584s] -- Installing: /home/ros/sigyn_microros_ws/install/micro_ros_msgs/include/micro_ros_msgs/micro_ros_msgs
[2.584s] -- Installing: /home/ros/sigyn_microros_ws/install/micro_ros_msgs/include/micro_ros_msgs/micro_ros_msgs/msg
[2.585s] -- Installing: /home/ros/sigyn_microros_ws/install/micro_ros_msgs/include/micro_ros_msgs/micro_ros_msgs/msg/entity.h
[2.585s] -- Installing: /home/ros/sigyn_microros_ws/install/micro_ros_msgs/include/micro_ros_msgs/micro_ros_msgs/msg/node.h
[2.585s] -- Installing: /home/ros/sigyn_microros_ws/install/micro_ros_msgs/include/micro_ros_msgs/micro_ros_msgs/msg/detail
[2.585s] -- Installing: /home/ros/sigyn_microros_ws/install/micro_ros_msgs/include/micro_ros_msgs/micro_ros_msgs/msg/detail/entity__type_support.h
[2.585s] -- Installing: /home/ros/sigyn_microros_ws/install/micro_ros_msgs/include/micro_ros_msgs/micro_ros_msgs/msg/detail/graph__functions.c
[2.585s] -- Installing: /home/ros/sigyn_microros_ws/install/micro_ros_msgs/include/micro_ros_msgs/micro_ros_msgs/msg/detail/node__type_support.h
[2.585s] -- Installing: /home/ros/sigyn_microros_ws/install/micro_ros_msgs/include/micro_ros_msgs/micro_ros_msgs/msg/detail/graph__type_support.h
[2.585s] -- Installing: /home/ros/sigyn_microros_ws/install/micro_ros_msgs/include/micro_ros_msgs/micro_ros_msgs/msg/detail/node__struct.h
[2.585s] -- Installing: /home/ros/sigyn_microros_ws/install/micro_ros_msgs/include/micro_ros_msgs/micro_ros_msgs/msg/detail/entity__functions.c
[2.585s] -- Installing: /home/ros/sigyn_microros_ws/install/micro_ros_msgs/include/micro_ros_msgs/micro_ros_msgs/msg/detail/node__functions.h
[2.585s] -- Installing: /home/ros/sigyn_microros_ws/install/micro_ros_msgs/include/micro_ros_msgs/micro_ros_msgs/msg/detail/entity__struct.h
[2.585s] -- Installing: /home/ros/sigyn_microros_ws/install/micro_ros_msgs/include/micro_ros_msgs/micro_ros_msgs/msg/detail/graph__struct.h
[2.585s] -- Installing: /home/ros/sigyn_microros_ws/install/micro_ros_msgs/include/micro_ros_msgs/micro_ros_msgs/msg/detail/graph__functions.h
[2.585s] -- Installing: /home/ros/sigyn_microros_ws/install/micro_ros_msgs/include/micro_ros_msgs/micro_ros_msgs/msg/detail/entity__functions.h
[2.585s] -- Installing: /home/ros/sigyn_microros_ws/install/micro_ros_msgs/include/micro_ros_msgs/micro_ros_msgs/msg/detail/node__functions.c
[2.585s] -- Installing: /home/ros/sigyn_microros_ws/install/micro_ros_msgs/include/micro_ros_msgs/micro_ros_msgs/msg/graph.h
[2.586s] -- Installing: /home/ros/sigyn_microros_ws/install/micro_ros_msgs/include/micro_ros_msgs/micro_ros_msgs/msg/rosidl_generator_c__visibility_control.h
[2.586s] -- Installing: /home/ros/sigyn_microros_ws/install/micro_ros_msgs/share/micro_ros_msgs/environment/library_path.sh
[2.586s] -- Installing: /home/ros/sigyn_microros_ws/install/micro_ros_msgs/share/micro_ros_msgs/environment/library_path.dsv
[2.586s] -- Installing: /home/ros/sigyn_microros_ws/install/micro_ros_msgs/lib/libmicro_ros_msgs__rosidl_generator_c.so
[2.586s] -- Set runtime path of "/home/ros/sigyn_microros_ws/install/micro_ros_msgs/lib/libmicro_ros_msgs__rosidl_generator_c.so" to ""
[2.586s] -- Up-to-date: /home/ros/sigyn_microros_ws/install/micro_ros_msgs/include/micro_ros_msgs/micro_ros_msgs
[2.586s] -- Up-to-date: /home/ros/sigyn_microros_ws/install/micro_ros_msgs/include/micro_ros_msgs/micro_ros_msgs/msg
[2.586s] -- Up-to-date: /home/ros/sigyn_microros_ws/install/micro_ros_msgs/include/micro_ros_msgs/micro_ros_msgs/msg/detail
[2.586s] -- Installing: /home/ros/sigyn_microros_ws/install/micro_ros_msgs/include/micro_ros_msgs/micro_ros_msgs/msg/detail/entity__rosidl_typesupport_fastrtps_c.h
[2.586s] -- Installing: /home/ros/sigyn_microros_ws/install/micro_ros_msgs/include/micro_ros_msgs/micro_ros_msgs/msg/detail/node__rosidl_typesupport_fastrtps_c.h
[2.586s] -- Installing: /home/ros/sigyn_microros_ws/install/micro_ros_msgs/include/micro_ros_msgs/micro_ros_msgs/msg/detail/graph__rosidl_typesupport_fastrtps_c.h
[2.586s] -- Installing: /home/ros/sigyn_microros_ws/install/micro_ros_msgs/include/micro_ros_msgs/micro_ros_msgs/msg/rosidl_typesupport_fastrtps_c__visibility_control.h
[2.586s] -- Installing: /home/ros/sigyn_microros_ws/install/micro_ros_msgs/lib/libmicro_ros_msgs__rosidl_typesupport_fastrtps_c.so
[2.587s] -- Set runtime path of "/home/ros/sigyn_microros_ws/install/micro_ros_msgs/lib/libmicro_ros_msgs__rosidl_typesupport_fastrtps_c.so" to ""
[2.587s] -- Up-to-date: /home/ros/sigyn_microros_ws/install/micro_ros_msgs/include/micro_ros_msgs/micro_ros_msgs
[2.587s] -- Up-to-date: /home/ros/sigyn_microros_ws/install/micro_ros_msgs/include/micro_ros_msgs/micro_ros_msgs/msg
[2.587s] -- Installing: /home/ros/sigyn_microros_ws/install/micro_ros_msgs/include/micro_ros_msgs/micro_ros_msgs/msg/rosidl_typesupport_introspection_c__visibility_control.h
[2.587s] -- Up-to-date: /home/ros/sigyn_microros_ws/install/micro_ros_msgs/include/micro_ros_msgs/micro_ros_msgs/msg/detail
[2.587s] -- Installing: /home/ros/sigyn_microros_ws/install/micro_ros_msgs/include/micro_ros_msgs/micro_ros_msgs/msg/detail/node__type_support.c
[2.587s] -- Installing: /home/ros/sigyn_microros_ws/install/micro_ros_msgs/include/micro_ros_msgs/micro_ros_msgs/msg/detail/graph__rosidl_typesupport_introspection_c.h
[2.587s] -- Installing: /home/ros/sigyn_microros_ws/install/micro_ros_msgs/include/micro_ros_msgs/micro_ros_msgs/msg/detail/entity__rosidl_typesupport_introspection_c.h
[2.587s] -- Installing: /home/ros/sigyn_microros_ws/install/micro_ros_msgs/include/micro_ros_msgs/micro_ros_msgs/msg/detail/graph__type_support.c
[2.587s] -- Installing: /home/ros/sigyn_microros_ws/install/micro_ros_msgs/include/micro_ros_msgs/micro_ros_msgs/msg/detail/entity__type_support.c
[2.587s] -- Installing: /home/ros/sigyn_microros_ws/install/micro_ros_msgs/include/micro_ros_msgs/micro_ros_msgs/msg/detail/node__rosidl_typesupport_introspection_c.h
[2.587s] -- Installing: /home/ros/sigyn_microros_ws/install/micro_ros_msgs/lib/libmicro_ros_msgs__rosidl_typesupport_introspection_c.so
[2.587s] -- Set runtime path of "/home/ros/sigyn_microros_ws/install/micro_ros_msgs/lib/libmicro_ros_msgs__rosidl_typesupport_introspection_c.so" to ""
[2.587s] -- Installing: /home/ros/sigyn_microros_ws/install/micro_ros_msgs/lib/libmicro_ros_msgs__rosidl_typesupport_c.so
[2.588s] -- Set runtime path of "/home/ros/sigyn_microros_ws/install/micro_ros_msgs/lib/libmicro_ros_msgs__rosidl_typesupport_c.so" to ""
[2.588s] -- Up-to-date: /home/ros/sigyn_microros_ws/install/micro_ros_msgs/include/micro_ros_msgs/micro_ros_msgs
[2.588s] -- Up-to-date: /home/ros/sigyn_microros_ws/install/micro_ros_msgs/include/micro_ros_msgs/micro_ros_msgs/msg
[2.588s] -- Installing: /home/ros/sigyn_microros_ws/install/micro_ros_msgs/include/micro_ros_msgs/micro_ros_msgs/msg/node.hpp
[2.588s] -- Installing: /home/ros/sigyn_microros_ws/install/micro_ros_msgs/include/micro_ros_msgs/micro_ros_msgs/msg/entity.hpp
[2.588s] -- Up-to-date: /home/ros/sigyn_microros_ws/install/micro_ros_msgs/include/micro_ros_msgs/micro_ros_msgs/msg/detail
[2.588s] -- Installing: /home/ros/sigyn_microros_ws/install/micro_ros_msgs/include/micro_ros_msgs/micro_ros_msgs/msg/detail/node__traits.hpp
[2.588s] -- Installing: /home/ros/sigyn_microros_ws/install/micro_ros_msgs/include/micro_ros_msgs/micro_ros_msgs/msg/detail/entity__traits.hpp
[2.588s] -- Installing: /home/ros/sigyn_microros_ws/install/micro_ros_msgs/include/micro_ros_msgs/micro_ros_msgs/msg/detail/graph__struct.hpp
[2.588s] -- Installing: /home/ros/sigyn_microros_ws/install/micro_ros_msgs/include/micro_ros_msgs/micro_ros_msgs/msg/detail/node__builder.hpp
[2.588s] -- Installing: /home/ros/sigyn_microros_ws/install/micro_ros_msgs/include/micro_ros_msgs/micro_ros_msgs/msg/detail/node__struct.hpp
[2.588s] -- Installing: /home/ros/sigyn_microros_ws/install/micro_ros_msgs/include/micro_ros_msgs/micro_ros_msgs/msg/detail/graph__traits.hpp
[2.588s] -- Installing: /home/ros/sigyn_microros_ws/install/micro_ros_msgs/include/micro_ros_msgs/micro_ros_msgs/msg/detail/graph__builder.hpp
[2.588s] -- Installing: /home/ros/sigyn_microros_ws/install/micro_ros_msgs/include/micro_ros_msgs/micro_ros_msgs/msg/detail/entity__struct.hpp
[2.588s] -- Installing: /home/ros/sigyn_microros_ws/install/micro_ros_msgs/include/micro_ros_msgs/micro_ros_msgs/msg/detail/entity__builder.hpp
[2.588s] -- Installing: /home/ros/sigyn_microros_ws/install/micro_ros_msgs/include/micro_ros_msgs/micro_ros_msgs/msg/graph.hpp
[2.588s] -- Up-to-date: /home/ros/sigyn_microros_ws/install/micro_ros_msgs/include/micro_ros_msgs/micro_ros_msgs
[2.589s] -- Up-to-date: /home/ros/sigyn_microros_ws/install/micro_ros_msgs/include/micro_ros_msgs/micro_ros_msgs/msg
[2.589s] -- Installing: /home/ros/sigyn_microros_ws/install/micro_ros_msgs/include/micro_ros_msgs/micro_ros_msgs/msg/rosidl_typesupport_fastrtps_cpp__visibility_control.h
[2.589s] -- Up-to-date: /home/ros/sigyn_microros_ws/install/micro_ros_msgs/include/micro_ros_msgs/micro_ros_msgs/msg/detail
[2.589s] -- Installing: /home/ros/sigyn_microros_ws/install/micro_ros_msgs/include/micro_ros_msgs/micro_ros_msgs/msg/detail/node__rosidl_typesupport_fastrtps_cpp.hpp
[2.589s] -- Installing: /home/ros/sigyn_microros_ws/install/micro_ros_msgs/include/micro_ros_msgs/micro_ros_msgs/msg/detail/graph__rosidl_typesupport_fastrtps_cpp.hpp
[2.589s] -- Installing: /home/ros/sigyn_microros_ws/install/micro_ros_msgs/include/micro_ros_msgs/micro_ros_msgs/msg/detail/entity__rosidl_typesupport_fastrtps_cpp.hpp
[2.589s] -- Installing: /home/ros/sigyn_microros_ws/install/micro_ros_msgs/include/micro_ros_msgs/micro_ros_msgs/msg/detail/dds_fastrtps
[2.589s] -- Installing: /home/ros/sigyn_microros_ws/install/micro_ros_msgs/lib/libmicro_ros_msgs__rosidl_typesupport_fastrtps_cpp.so
[2.589s] -- Set runtime path of "/home/ros/sigyn_microros_ws/install/micro_ros_msgs/lib/libmicro_ros_msgs__rosidl_typesupport_fastrtps_cpp.so" to ""
[2.589s] -- Up-to-date: /home/ros/sigyn_microros_ws/install/micro_ros_msgs/include/micro_ros_msgs/micro_ros_msgs
[2.589s] -- Up-to-date: /home/ros/sigyn_microros_ws/install/micro_ros_msgs/include/micro_ros_msgs/micro_ros_msgs/msg
[2.589s] -- Up-to-date: /home/ros/sigyn_microros_ws/install/micro_ros_msgs/include/micro_ros_msgs/micro_ros_msgs/msg/detail
[2.589s] -- Installing: /home/ros/sigyn_microros_ws/install/micro_ros_msgs/include/micro_ros_msgs/micro_ros_msgs/msg/detail/entity__type_support.cpp
[2.589s] -- Installing: /home/ros/sigyn_microros_ws/install/micro_ros_msgs/include/micro_ros_msgs/micro_ros_msgs/msg/detail/graph__rosidl_typesupport_introspection_cpp.hpp
[2.589s] -- Installing: /home/ros/sigyn_microros_ws/install/micro_ros_msgs/include/micro_ros_msgs/micro_ros_msgs/msg/detail/entity__rosidl_typesupport_introspection_cpp.hpp
[2.589s] -- Installing: /home/ros/sigyn_microros_ws/install/micro_ros_msgs/include/micro_ros_msgs/micro_ros_msgs/msg/detail/node__type_support.cpp
[2.589s] -- Installing: /home/ros/sigyn_microros_ws/install/micro_ros_msgs/include/micro_ros_msgs/micro_ros_msgs/msg/detail/node__rosidl_typesupport_introspection_cpp.hpp
[2.590s] -- Installing: /home/ros/sigyn_microros_ws/install/micro_ros_msgs/include/micro_ros_msgs/micro_ros_msgs/msg/detail/graph__type_support.cpp
[2.590s] -- Installing: /home/ros/sigyn_microros_ws/install/micro_ros_msgs/lib/libmicro_ros_msgs__rosidl_typesupport_introspection_cpp.so
[2.590s] -- Set runtime path of "/home/ros/sigyn_microros_ws/install/micro_ros_msgs/lib/libmicro_ros_msgs__rosidl_typesupport_introspection_cpp.so" to ""
[2.590s] -- Installing: /home/ros/sigyn_microros_ws/install/micro_ros_msgs/lib/libmicro_ros_msgs__rosidl_typesupport_cpp.so
[2.590s] -- Set runtime path of "/home/ros/sigyn_microros_ws/install/micro_ros_msgs/lib/libmicro_ros_msgs__rosidl_typesupport_cpp.so" to ""
[2.590s] -- Installing: /home/ros/sigyn_microros_ws/install/micro_ros_msgs/share/micro_ros_msgs/environment/pythonpath.sh
[2.590s] -- Installing: /home/ros/sigyn_microros_ws/install/micro_ros_msgs/share/micro_ros_msgs/environment/pythonpath.dsv
[2.590s] -- Installing: /home/ros/sigyn_microros_ws/install/micro_ros_msgs/local/lib/python3.10/dist-packages/micro_ros_msgs-3.0.1-py3.10.egg-info
[2.590s] -- Installing: /home/ros/sigyn_microros_ws/install/micro_ros_msgs/local/lib/python3.10/dist-packages/micro_ros_msgs-3.0.1-py3.10.egg-info/top_level.txt
[2.590s] -- Installing: /home/ros/sigyn_microros_ws/install/micro_ros_msgs/local/lib/python3.10/dist-packages/micro_ros_msgs-3.0.1-py3.10.egg-info/dependency_links.txt
[2.591s] -- Installing: /home/ros/sigyn_microros_ws/install/micro_ros_msgs/local/lib/python3.10/dist-packages/micro_ros_msgs-3.0.1-py3.10.egg-info/SOURCES.txt
[2.591s] -- Installing: /home/ros/sigyn_microros_ws/install/micro_ros_msgs/local/lib/python3.10/dist-packages/micro_ros_msgs-3.0.1-py3.10.egg-info/PKG-INFO
[2.591s] -- Installing: /home/ros/sigyn_microros_ws/install/micro_ros_msgs/local/lib/python3.10/dist-packages/micro_ros_msgs
[2.591s] -- Installing: /home/ros/sigyn_microros_ws/install/micro_ros_msgs/local/lib/python3.10/dist-packages/micro_ros_msgs/msg
[2.591s] -- Installing: /home/ros/sigyn_microros_ws/install/micro_ros_msgs/local/lib/python3.10/dist-packages/micro_ros_msgs/msg/_graph_s.c
[2.591s] -- Installing: /home/ros/sigyn_microros_ws/install/micro_ros_msgs/local/lib/python3.10/dist-packages/micro_ros_msgs/msg/__init__.py
[2.591s] -- Installing: /home/ros/sigyn_microros_ws/install/micro_ros_msgs/local/lib/python3.10/dist-packages/micro_ros_msgs/msg/_entity_s.c
[2.591s] -- Installing: /home/ros/sigyn_microros_ws/install/micro_ros_msgs/local/lib/python3.10/dist-packages/micro_ros_msgs/msg/_graph.py
[2.591s] -- Installing: /home/ros/sigyn_microros_ws/install/micro_ros_msgs/local/lib/python3.10/dist-packages/micro_ros_msgs/msg/_node.py
[2.591s] -- Installing: /home/ros/sigyn_microros_ws/install/micro_ros_msgs/local/lib/python3.10/dist-packages/micro_ros_msgs/msg/_node_s.c
[2.591s] -- Installing: /home/ros/sigyn_microros_ws/install/micro_ros_msgs/local/lib/python3.10/dist-packages/micro_ros_msgs/msg/_entity.py
[2.591s] -- Installing: /home/ros/sigyn_microros_ws/install/micro_ros_msgs/local/lib/python3.10/dist-packages/micro_ros_msgs/_micro_ros_msgs_s.ep.rosidl_typesupport_fastrtps_c.c
[2.591s] -- Installing: /home/ros/sigyn_microros_ws/install/micro_ros_msgs/local/lib/python3.10/dist-packages/micro_ros_msgs/__init__.py
[2.591s] -- Installing: /home/ros/sigyn_microros_ws/install/micro_ros_msgs/local/lib/python3.10/dist-packages/micro_ros_msgs/_micro_ros_msgs_s.ep.rosidl_typesupport_c.c
[2.591s] -- Installing: /home/ros/sigyn_microros_ws/install/micro_ros_msgs/local/lib/python3.10/dist-packages/micro_ros_msgs/micro_ros_msgs_s__rosidl_typesupport_introspection_c.cpython-310-x86_64-linux-gnu.so
[2.592s] -- Installing: /home/ros/sigyn_microros_ws/install/micro_ros_msgs/local/lib/python3.10/dist-packages/micro_ros_msgs/libmicro_ros_msgs__rosidl_generator_py.so
[2.592s] -- Installing: /home/ros/sigyn_microros_ws/install/micro_ros_msgs/local/lib/python3.10/dist-packages/micro_ros_msgs/micro_ros_msgs_s__rosidl_typesupport_fastrtps_c.cpython-310-x86_64-linux-gnu.so
[2.592s] -- Installing: /home/ros/sigyn_microros_ws/install/micro_ros_msgs/local/lib/python3.10/dist-packages/micro_ros_msgs/_micro_ros_msgs_s.ep.rosidl_typesupport_introspection_c.c
[2.592s] -- Installing: /home/ros/sigyn_microros_ws/install/micro_ros_msgs/local/lib/python3.10/dist-packages/micro_ros_msgs/micro_ros_msgs_s__rosidl_typesupport_c.cpython-310-x86_64-linux-gnu.so
[2.613s] Listing '/home/ros/sigyn_microros_ws/install/micro_ros_msgs/local/lib/python3.10/dist-packages/micro_ros_msgs'...
[2.613s] Compiling '/home/ros/sigyn_microros_ws/install/micro_ros_msgs/local/lib/python3.10/dist-packages/micro_ros_msgs/__init__.py'...
[2.613s] Listing '/home/ros/sigyn_microros_ws/install/micro_ros_msgs/local/lib/python3.10/dist-packages/micro_ros_msgs/msg'...
[2.613s] Compiling '/home/ros/sigyn_microros_ws/install/micro_ros_msgs/local/lib/python3.10/dist-packages/micro_ros_msgs/msg/__init__.py'...
[2.613s] Compiling '/home/ros/sigyn_microros_ws/install/micro_ros_msgs/local/lib/python3.10/dist-packages/micro_ros_msgs/msg/_entity.py'...
[2.613s] Compiling '/home/ros/sigyn_microros_ws/install/micro_ros_msgs/local/lib/python3.10/dist-packages/micro_ros_msgs/msg/_graph.py'...
[2.613s] Compiling '/home/ros/sigyn_microros_ws/install/micro_ros_msgs/local/lib/python3.10/dist-packages/micro_ros_msgs/msg/_node.py'...
[2.615s] -- Installing: /home/ros/sigyn_microros_ws/install/micro_ros_msgs/local/lib/python3.10/dist-packages/micro_ros_msgs/micro_ros_msgs_s__rosidl_typesupport_fastrtps_c.cpython-310-x86_64-linux-gnu.so
[2.615s] -- Set runtime path of "/home/ros/sigyn_microros_ws/install/micro_ros_msgs/local/lib/python3.10/dist-packages/micro_ros_msgs/micro_ros_msgs_s__rosidl_typesupport_fastrtps_c.cpython-310-x86_64-linux-gnu.so" to ""
[2.615s] -- Installing: /home/ros/sigyn_microros_ws/install/micro_ros_msgs/local/lib/python3.10/dist-packages/micro_ros_msgs/micro_ros_msgs_s__rosidl_typesupport_introspection_c.cpython-310-x86_64-linux-gnu.so
[2.615s] -- Set runtime path of "/home/ros/sigyn_microros_ws/install/micro_ros_msgs/local/lib/python3.10/dist-packages/micro_ros_msgs/micro_ros_msgs_s__rosidl_typesupport_introspection_c.cpython-310-x86_64-linux-gnu.so" to ""
[2.615s] -- Installing: /home/ros/sigyn_microros_ws/install/micro_ros_msgs/local/lib/python3.10/dist-packages/micro_ros_msgs/micro_ros_msgs_s__rosidl_typesupport_c.cpython-310-x86_64-linux-gnu.so
[2.616s] -- Set runtime path of "/home/ros/sigyn_microros_ws/install/micro_ros_msgs/local/lib/python3.10/dist-packages/micro_ros_msgs/micro_ros_msgs_s__rosidl_typesupport_c.cpython-310-x86_64-linux-gnu.so" to ""
[2.616s] -- Installing: /home/ros/sigyn_microros_ws/install/micro_ros_msgs/lib/libmicro_ros_msgs__rosidl_generator_py.so
[2.616s] -- Set runtime path of "/home/ros/sigyn_microros_ws/install/micro_ros_msgs/lib/libmicro_ros_msgs__rosidl_generator_py.so" to ""
[2.616s] -- Installing: /home/ros/sigyn_microros_ws/install/micro_ros_msgs/share/micro_ros_msgs/msg/Graph.idl
[2.616s] -- Installing: /home/ros/sigyn_microros_ws/install/micro_ros_msgs/share/micro_ros_msgs/msg/Node.idl
[2.616s] -- Installing: /home/ros/sigyn_microros_ws/install/micro_ros_msgs/share/micro_ros_msgs/msg/Entity.idl
[2.616s] -- Installing: /home/ros/sigyn_microros_ws/install/micro_ros_msgs/share/micro_ros_msgs/msg/Graph.msg
[2.616s] -- Installing: /home/ros/sigyn_microros_ws/install/micro_ros_msgs/share/micro_ros_msgs/msg/Node.msg
[2.617s] -- Installing: /home/ros/sigyn_microros_ws/install/micro_ros_msgs/share/micro_ros_msgs/msg/Entity.msg
[2.617s] -- Installing: /home/ros/sigyn_microros_ws/install/micro_ros_msgs/share/ament_index/resource_index/package_run_dependencies/micro_ros_msgs
[2.617s] -- Installing: /home/ros/sigyn_microros_ws/install/micro_ros_msgs/share/ament_index/resource_index/parent_prefix_path/micro_ros_msgs
[2.617s] -- Installing: /home/ros/sigyn_microros_ws/install/micro_ros_msgs/share/micro_ros_msgs/environment/ament_prefix_path.sh
[2.617s] -- Installing: /home/ros/sigyn_microros_ws/install/micro_ros_msgs/share/micro_ros_msgs/environment/ament_prefix_path.dsv
[2.617s] -- Installing: /home/ros/sigyn_microros_ws/install/micro_ros_msgs/share/micro_ros_msgs/environment/path.sh
[2.617s] -- Installing: /home/ros/sigyn_microros_ws/install/micro_ros_msgs/share/micro_ros_msgs/environment/path.dsv
[2.617s] -- Installing: /home/ros/sigyn_microros_ws/install/micro_ros_msgs/share/micro_ros_msgs/local_setup.bash
[2.617s] -- Installing: /home/ros/sigyn_microros_ws/install/micro_ros_msgs/share/micro_ros_msgs/local_setup.sh
[2.617s] -- Installing: /home/ros/sigyn_microros_ws/install/micro_ros_msgs/share/micro_ros_msgs/local_setup.zsh
[2.617s] -- Installing: /home/ros/sigyn_microros_ws/install/micro_ros_msgs/share/micro_ros_msgs/local_setup.dsv
[2.617s] -- Installing: /home/ros/sigyn_microros_ws/install/micro_ros_msgs/share/micro_ros_msgs/package.dsv
[2.618s] -- Installing: /home/ros/sigyn_microros_ws/install/micro_ros_msgs/share/ament_index/resource_index/packages/micro_ros_msgs
[2.618s] -- Installing: /home/ros/sigyn_microros_ws/install/micro_ros_msgs/share/micro_ros_msgs/cmake/export_micro_ros_msgs__rosidl_generator_cExport.cmake
[2.618s] -- Installing: /home/ros/sigyn_microros_ws/install/micro_ros_msgs/share/micro_ros_msgs/cmake/export_micro_ros_msgs__rosidl_generator_cExport-noconfig.cmake
[2.618s] -- Installing: /home/ros/sigyn_microros_ws/install/micro_ros_msgs/share/micro_ros_msgs/cmake/export_micro_ros_msgs__rosidl_typesupport_fastrtps_cExport.cmake
[2.618s] -- Installing: /home/ros/sigyn_microros_ws/install/micro_ros_msgs/share/micro_ros_msgs/cmake/export_micro_ros_msgs__rosidl_typesupport_fastrtps_cExport-noconfig.cmake
[2.618s] -- Installing: /home/ros/sigyn_microros_ws/install/micro_ros_msgs/share/micro_ros_msgs/cmake/micro_ros_msgs__rosidl_typesupport_introspection_cExport.cmake
[2.618s] -- Installing: /home/ros/sigyn_microros_ws/install/micro_ros_msgs/share/micro_ros_msgs/cmake/micro_ros_msgs__rosidl_typesupport_introspection_cExport-noconfig.cmake
[2.618s] -- Installing: /home/ros/sigyn_microros_ws/install/micro_ros_msgs/share/micro_ros_msgs/cmake/micro_ros_msgs__rosidl_typesupport_cExport.cmake
[2.618s] -- Installing: /home/ros/sigyn_microros_ws/install/micro_ros_msgs/share/micro_ros_msgs/cmake/micro_ros_msgs__rosidl_typesupport_cExport-noconfig.cmake
[2.618s] -- Installing: /home/ros/sigyn_microros_ws/install/micro_ros_msgs/share/micro_ros_msgs/cmake/export_micro_ros_msgs__rosidl_generator_cppExport.cmake
[2.618s] -- Installing: /home/ros/sigyn_microros_ws/install/micro_ros_msgs/share/micro_ros_msgs/cmake/export_micro_ros_msgs__rosidl_typesupport_fastrtps_cppExport.cmake
[2.619s] -- Installing: /home/ros/sigyn_microros_ws/install/micro_ros_msgs/share/micro_ros_msgs/cmake/export_micro_ros_msgs__rosidl_typesupport_fastrtps_cppExport-noconfig.cmake
[2.619s] -- Installing: /home/ros/sigyn_microros_ws/install/micro_ros_msgs/share/micro_ros_msgs/cmake/micro_ros_msgs__rosidl_typesupport_introspection_cppExport.cmake
[2.619s] -- Installing: /home/ros/sigyn_microros_ws/install/micro_ros_msgs/share/micro_ros_msgs/cmake/micro_ros_msgs__rosidl_typesupport_introspection_cppExport-noconfig.cmake
[2.619s] -- Installing: /home/ros/sigyn_microros_ws/install/micro_ros_msgs/share/micro_ros_msgs/cmake/micro_ros_msgs__rosidl_typesupport_cppExport.cmake
[2.619s] -- Installing: /home/ros/sigyn_microros_ws/install/micro_ros_msgs/share/micro_ros_msgs/cmake/micro_ros_msgs__rosidl_typesupport_cppExport-noconfig.cmake
[2.619s] -- Installing: /home/ros/sigyn_microros_ws/install/micro_ros_msgs/share/micro_ros_msgs/cmake/export_micro_ros_msgs__rosidl_generator_pyExport.cmake
[2.619s] -- Installing: /home/ros/sigyn_microros_ws/install/micro_ros_msgs/share/micro_ros_msgs/cmake/export_micro_ros_msgs__rosidl_generator_pyExport-noconfig.cmake
[2.619s] -- Installing: /home/ros/sigyn_microros_ws/install/micro_ros_msgs/share/micro_ros_msgs/cmake/rosidl_cmake-extras.cmake
[2.619s] -- Installing: /home/ros/sigyn_microros_ws/install/micro_ros_msgs/share/micro_ros_msgs/cmake/ament_cmake_export_include_directories-extras.cmake
[2.619s] -- Installing: /home/ros/sigyn_microros_ws/install/micro_ros_msgs/share/micro_ros_msgs/cmake/ament_cmake_export_libraries-extras.cmake
[2.619s] -- Installing: /home/ros/sigyn_microros_ws/install/micro_ros_msgs/share/micro_ros_msgs/cmake/ament_cmake_export_targets-extras.cmake
[2.619s] -- Installing: /home/ros/sigyn_microros_ws/install/micro_ros_msgs/share/micro_ros_msgs/cmake/rosidl_cmake_export_typesupport_targets-extras.cmake
[2.619s] -- Installing: /home/ros/sigyn_microros_ws/install/micro_ros_msgs/share/micro_ros_msgs/cmake/ament_cmake_export_dependencies-extras.cmake
[2.620s] -- Installing: /home/ros/sigyn_microros_ws/install/micro_ros_msgs/share/micro_ros_msgs/cmake/rosidl_cmake_export_typesupport_libraries-extras.cmake
[2.620s] -- Installing: /home/ros/sigyn_microros_ws/install/micro_ros_msgs/share/micro_ros_msgs/cmake/micro_ros_msgsConfig.cmake
[2.620s] -- Installing: /home/ros/sigyn_microros_ws/install/micro_ros_msgs/share/micro_ros_msgs/cmake/micro_ros_msgsConfig-version.cmake
[2.620s] -- Installing: /home/ros/sigyn_microros_ws/install/micro_ros_msgs/share/micro_ros_msgs/package.xml
[2.622s] Invoked command in '/home/ros/sigyn_microros_ws/build/micro_ros_msgs' returned '0': CMAKE_PREFIX_PATH=${CMAKE_PREFIX_PATH}:/home/ros/s_ws/install/py_scripts:/home/ros/s_ws/install/nav2_simple_commander:/opt/ros/humble /usr/bin/cmake --install /home/ros/sigyn_microros_ws/build/micro_ros_msgs
