[0.436s] Invoking command in '/home/ros/sigyn_microros_ws/firmware/mcu_ws/uros/tracetools/ros2trace': AMENT_PREFIX_PATH=/home/ros/sigyn_microros_ws/firmware/mcu_ws/install:${AMENT_PREFIX_PATH} CMAKE_PREFIX_PATH=/home/ros/sigyn_microros_ws/firmware/mcu_ws/install:${CMAKE_PREFIX_PATH} PATH=/home/ros/sigyn_microros_ws/firmware/mcu_ws/install/bin:${PATH} PYTHONPATH=/home/ros/sigyn_microros_ws/firmware/mcu_ws/build/ros2trace/prefix_override:/usr/lib/python3/dist-packages/colcon_core/task/python/colcon_distutils_commands:/home/ros/sigyn_microros_ws/firmware/mcu_ws/install/lib/python3.10/site-packages:/home/ros/sigyn_microros_ws/firmware/mcu_ws/install/lib/python3.10/site-packages:${PYTHONPATH} /usr/bin/python3 -W ignore:setup.py install is deprecated setup.py egg_info --egg-base ../../../build/ros2trace build --build-base /home/ros/sigyn_microros_ws/firmware/mcu_ws/build/ros2trace/build install --record /home/ros/sigyn_microros_ws/firmware/mcu_ws/build/ros2trace/install.log --single-version-externally-managed install_data
[0.541s] running egg_info
[0.541s] creating ../../../build/ros2trace/ros2trace.egg-info
[0.541s] writing ../../../build/ros2trace/ros2trace.egg-info/PKG-INFO
[0.541s] writing dependency_links to ../../../build/ros2trace/ros2trace.egg-info/dependency_links.txt
[0.541s] writing entry points to ../../../build/ros2trace/ros2trace.egg-info/entry_points.txt
[0.541s] writing requirements to ../../../build/ros2trace/ros2trace.egg-info/requires.txt
[0.541s] writing top-level names to ../../../build/ros2trace/ros2trace.egg-info/top_level.txt
[0.542s] writing manifest file '../../../build/ros2trace/ros2trace.egg-info/SOURCES.txt'
[0.543s] reading manifest file '../../../build/ros2trace/ros2trace.egg-info/SOURCES.txt'
[0.543s] writing manifest file '../../../build/ros2trace/ros2trace.egg-info/SOURCES.txt'
[0.544s] running build
[0.544s] running build_py
[0.544s] creating /home/ros/sigyn_microros_ws/firmware/mcu_ws/build/ros2trace/build
[0.544s] creating /home/ros/sigyn_microros_ws/firmware/mcu_ws/build/ros2trace/build/lib
[0.544s] creating /home/ros/sigyn_microros_ws/firmware/mcu_ws/build/ros2trace/build/lib/ros2trace
[0.548s] copying ros2trace/__init__.py -> /home/ros/sigyn_microros_ws/firmware/mcu_ws/build/ros2trace/build/lib/ros2trace
[0.549s] creating /home/ros/sigyn_microros_ws/firmware/mcu_ws/build/ros2trace/build/lib/ros2trace/api
[0.549s] copying ros2trace/api/__init__.py -> /home/ros/sigyn_microros_ws/firmware/mcu_ws/build/ros2trace/build/lib/ros2trace/api
[0.549s] creating /home/ros/sigyn_microros_ws/firmware/mcu_ws/build/ros2trace/build/lib/ros2trace/command
[0.549s] copying ros2trace/command/trace.py -> /home/ros/sigyn_microros_ws/firmware/mcu_ws/build/ros2trace/build/lib/ros2trace/command
[0.549s] copying ros2trace/command/__init__.py -> /home/ros/sigyn_microros_ws/firmware/mcu_ws/build/ros2trace/build/lib/ros2trace/command
[0.549s] running install
[0.549s] running install_lib
[0.549s] creating /home/ros/sigyn_microros_ws/firmware/mcu_ws/install/lib/python3.10/site-packages/ros2trace
[0.549s] copying /home/ros/sigyn_microros_ws/firmware/mcu_ws/build/ros2trace/build/lib/ros2trace/__init__.py -> /home/ros/sigyn_microros_ws/firmware/mcu_ws/install/lib/python3.10/site-packages/ros2trace
[0.549s] creating /home/ros/sigyn_microros_ws/firmware/mcu_ws/install/lib/python3.10/site-packages/ros2trace/api
[0.549s] copying /home/ros/sigyn_microros_ws/firmware/mcu_ws/build/ros2trace/build/lib/ros2trace/api/__init__.py -> /home/ros/sigyn_microros_ws/firmware/mcu_ws/install/lib/python3.10/site-packages/ros2trace/api
[0.549s] creating /home/ros/sigyn_microros_ws/firmware/mcu_ws/install/lib/python3.10/site-packages/ros2trace/command
[0.550s] copying /home/ros/sigyn_microros_ws/firmware/mcu_ws/build/ros2trace/build/lib/ros2trace/command/trace.py -> /home/ros/sigyn_microros_ws/firmware/mcu_ws/install/lib/python3.10/site-packages/ros2trace/command
[0.550s] copying /home/ros/sigyn_microros_ws/firmware/mcu_ws/build/ros2trace/build/lib/ros2trace/command/__init__.py -> /home/ros/sigyn_microros_ws/firmware/mcu_ws/install/lib/python3.10/site-packages/ros2trace/command
[0.550s] byte-compiling /home/ros/sigyn_microros_ws/firmware/mcu_ws/install/lib/python3.10/site-packages/ros2trace/__init__.py to __init__.cpython-310.pyc
[0.550s] byte-compiling /home/ros/sigyn_microros_ws/firmware/mcu_ws/install/lib/python3.10/site-packages/ros2trace/api/__init__.py to __init__.cpython-310.pyc
[0.550s] byte-compiling /home/ros/sigyn_microros_ws/firmware/mcu_ws/install/lib/python3.10/site-packages/ros2trace/command/trace.py to trace.cpython-310.pyc
[0.550s] byte-compiling /home/ros/sigyn_microros_ws/firmware/mcu_ws/install/lib/python3.10/site-packages/ros2trace/command/__init__.py to __init__.cpython-310.pyc
[0.550s] running install_data
[0.550s] copying package.xml -> /home/ros/sigyn_microros_ws/firmware/mcu_ws/install/share/ros2trace
[0.550s] copying resource/ros2trace -> /home/ros/sigyn_microros_ws/firmware/mcu_ws/install/share/ament_index/resource_index/packages
[0.550s] running install_egg_info
[0.558s] Copying ../../../build/ros2trace/ros2trace.egg-info to /home/ros/sigyn_microros_ws/firmware/mcu_ws/install/lib/python3.10/site-packages/ros2trace-4.1.1-py3.10.egg-info
[0.559s] running install_scripts
[0.566s] writing list of installed files to '/home/ros/sigyn_microros_ws/firmware/mcu_ws/build/ros2trace/install.log'
[0.582s] Invoked command in '/home/ros/sigyn_microros_ws/firmware/mcu_ws/uros/tracetools/ros2trace' returned '0': AMENT_PREFIX_PATH=/home/ros/sigyn_microros_ws/firmware/mcu_ws/install:${AMENT_PREFIX_PATH} CMAKE_PREFIX_PATH=/home/ros/sigyn_microros_ws/firmware/mcu_ws/install:${CMAKE_PREFIX_PATH} PATH=/home/ros/sigyn_microros_ws/firmware/mcu_ws/install/bin:${PATH} PYTHONPATH=/home/ros/sigyn_microros_ws/firmware/mcu_ws/build/ros2trace/prefix_override:/usr/lib/python3/dist-packages/colcon_core/task/python/colcon_distutils_commands:/home/ros/sigyn_microros_ws/firmware/mcu_ws/install/lib/python3.10/site-packages:/home/ros/sigyn_microros_ws/firmware/mcu_ws/install/lib/python3.10/site-packages:${PYTHONPATH} /usr/bin/python3 -W ignore:setup.py install is deprecated setup.py egg_info --egg-base ../../../build/ros2trace build --build-base /home/ros/sigyn_microros_ws/firmware/mcu_ws/build/ros2trace/build install --record /home/ros/sigyn_microros_ws/firmware/mcu_ws/build/ros2trace/install.log --single-version-externally-managed install_data
