[0.135s] Invoking command in '/home/ros/sigyn_microros_ws/firmware/mcu_ws/build/microcdr': /usr/bin/cmake /home/ros/sigyn_microros_ws/firmware/mcu_ws/eProsima/Micro-CDR --no-warn-unused-cli -DCMAKE_POSITION_INDEPENDENT_CODE:BOOL=OFF -DTHIRDPARTY=ON -DBUILD_SHARED_LIBS=OFF -DBUILD_TESTING=OFF -DCMAKE_BUILD_TYPE=Release -DCMAKE_TOOLCHAIN_FILE=/home/ros/sigyn_microros_ws/sigyn_toolchain.cmake -DCMAKE_VERBOSE_MAKEFILE=ON -DUCDR_ISOLATED_INSTALL=OFF -DCMAKE_INSTALL_PREFIX=/home/ros/sigyn_microros_ws/firmware/mcu_ws/install
[0.378s] Not searching for unused variables given on the command line.
[0.378s] -- The C compiler identification is GNU 5.4.1
[0.378s] -- Detecting C compiler ABI info
[0.378s] -- Detecting C compiler ABI info - done
[0.378s] -- Check for working C compiler: /home/ros/aa-arduino-1.8.19/hardware/tools/arm/bin/arm-none-eabi-gcc - skipped
[0.378s] -- Detecting C compile features
[0.378s] -- Detecting C compile features - done
[0.399s] -- The CXX compiler identification is GNU 5.4.1
[0.403s] -- Detecting CXX compiler ABI info
[0.467s] -- Detecting CXX compiler ABI info - done
[0.470s] -- Check for working CXX compiler: /home/ros/aa-arduino-1.8.19/hardware/tools/arm/bin/arm-none-eabi-g++ - skipped
[0.470s] -- Detecting CXX compile features
[0.470s] -- Detecting CXX compile features - done
[0.474s] -- Configuring done
[0.476s] -- Generating done
[0.477s] -- Build files have been written to: /home/ros/sigyn_microros_ws/firmware/mcu_ws/build/microcdr
[0.489s] Invoked command in '/home/ros/sigyn_microros_ws/firmware/mcu_ws/build/microcdr' returned '0': /usr/bin/cmake /home/ros/sigyn_microros_ws/firmware/mcu_ws/eProsima/Micro-CDR --no-warn-unused-cli -DCMAKE_POSITION_INDEPENDENT_CODE:BOOL=OFF -DTHIRDPARTY=ON -DBUILD_SHARED_LIBS=OFF -DBUILD_TESTING=OFF -DCMAKE_BUILD_TYPE=Release -DCMAKE_TOOLCHAIN_FILE=/home/ros/sigyn_microros_ws/sigyn_toolchain.cmake -DCMAKE_VERBOSE_MAKEFILE=ON -DUCDR_ISOLATED_INSTALL=OFF -DCMAKE_INSTALL_PREFIX=/home/ros/sigyn_microros_ws/firmware/mcu_ws/install
[0.490s] Invoking command in '/home/ros/sigyn_microros_ws/firmware/mcu_ws/build/microcdr': /usr/bin/cmake --build /home/ros/sigyn_microros_ws/firmware/mcu_ws/build/microcdr -- -j24 -l24
[0.502s] /usr/bin/cmake -S/home/ros/sigyn_microros_ws/firmware/mcu_ws/eProsima/Micro-CDR -B/home/ros/sigyn_microros_ws/firmware/mcu_ws/build/microcdr --check-build-system CMakeFiles/Makefile.cmake 0
[0.508s] /usr/bin/cmake -E cmake_progress_start /home/ros/sigyn_microros_ws/firmware/mcu_ws/build/microcdr/CMakeFiles /home/ros/sigyn_microros_ws/firmware/mcu_ws/build/microcdr//CMakeFiles/progress.marks
[0.513s] /usr/bin/gmake  -f CMakeFiles/Makefile2 all
[0.514s] gmake[1]: Entering directory '/home/ros/sigyn_microros_ws/firmware/mcu_ws/build/microcdr'
[0.514s] /usr/bin/gmake  -f CMakeFiles/ucdr.dir/build.make CMakeFiles/ucdr.dir/depend
[0.514s] gmake[2]: Entering directory '/home/ros/sigyn_microros_ws/firmware/mcu_ws/build/microcdr'
[0.514s] cd /home/ros/sigyn_microros_ws/firmware/mcu_ws/build/microcdr && /usr/bin/cmake -E cmake_depends "Unix Makefiles" /home/ros/sigyn_microros_ws/firmware/mcu_ws/eProsima/Micro-CDR /home/ros/sigyn_microros_ws/firmware/mcu_ws/eProsima/Micro-CDR /home/ros/sigyn_microros_ws/firmware/mcu_ws/build/microcdr /home/ros/sigyn_microros_ws/firmware/mcu_ws/build/microcdr /home/ros/sigyn_microros_ws/firmware/mcu_ws/build/microcdr/CMakeFiles/ucdr.dir/DependInfo.cmake --color=
[0.520s] gmake[2]: Leaving directory '/home/ros/sigyn_microros_ws/firmware/mcu_ws/build/microcdr'
[0.520s] /usr/bin/gmake  -f CMakeFiles/ucdr.dir/build.make CMakeFiles/ucdr.dir/build
[0.521s] gmake[2]: Entering directory '/home/ros/sigyn_microros_ws/firmware/mcu_ws/build/microcdr'
[0.525s] [ 12%] [34m[1mCreating directories for 'ucdr'[0m
[0.526s] /usr/bin/cmake -E make_directory /home/ros/sigyn_microros_ws/firmware/mcu_ws/eProsima/Micro-CDR
[0.531s] /usr/bin/cmake -E make_directory /home/ros/sigyn_microros_ws/firmware/mcu_ws/build/microcdr
[0.535s] /usr/bin/cmake -E make_directory /home/ros/sigyn_microros_ws/firmware/mcu_ws/build/microcdr/ucdr-prefix
[0.540s] /usr/bin/cmake -E make_directory /home/ros/sigyn_microros_ws/firmware/mcu_ws/build/microcdr/ucdr-prefix/tmp
[0.545s] /usr/bin/cmake -E make_directory /home/ros/sigyn_microros_ws/firmware/mcu_ws/build/microcdr/ucdr-prefix/src/ucdr-stamp
[0.549s] /usr/bin/cmake -E make_directory /home/ros/sigyn_microros_ws/firmware/mcu_ws/build/microcdr/ucdr-prefix/src
[0.554s] /usr/bin/cmake -E make_directory /home/ros/sigyn_microros_ws/firmware/mcu_ws/build/microcdr/ucdr-prefix/src/ucdr-stamp
[0.558s] /usr/bin/cmake -E touch /home/ros/sigyn_microros_ws/firmware/mcu_ws/build/microcdr/ucdr-prefix/src/ucdr-stamp/ucdr-mkdir
[0.567s] [ 25%] [34m[1mNo download step for 'ucdr'[0m
[0.568s] /usr/bin/cmake -E echo_append
[0.574s] /usr/bin/cmake -E touch /home/ros/sigyn_microros_ws/firmware/mcu_ws/build/microcdr/ucdr-prefix/src/ucdr-stamp/ucdr-download
[0.584s] [ 37%] [34m[1mNo update step for 'ucdr'[0m
[0.585s] /usr/bin/cmake -E echo_append
[0.589s] /usr/bin/cmake -E touch /home/ros/sigyn_microros_ws/firmware/mcu_ws/build/microcdr/ucdr-prefix/src/ucdr-stamp/ucdr-update
[0.599s] [ 50%] [34m[1mNo patch step for 'ucdr'[0m
[0.600s] /usr/bin/cmake -E echo_append
[0.605s] /usr/bin/cmake -E touch /home/ros/sigyn_microros_ws/firmware/mcu_ws/build/microcdr/ucdr-prefix/src/ucdr-stamp/ucdr-patch
[0.615s] [ 62%] [34m[1mPerforming configure step for 'ucdr'[0m
[0.616s] /usr/bin/cmake "-GUnix Makefiles" -C/home/ros/sigyn_microros_ws/firmware/mcu_ws/build/microcdr/ucdr-prefix/tmp/ucdr-cache-Release.cmake /home/ros/sigyn_microros_ws/firmware/mcu_ws/eProsima/Micro-CDR
[0.621s] loading initial cache file /home/ros/sigyn_microros_ws/firmware/mcu_ws/build/microcdr/ucdr-prefix/tmp/ucdr-cache-Release.cmake
[0.621s] Re-run cmake no build system arguments
[0.624s] -- Configuring done
[0.627s] -- Generating done
[0.627s] -- Build files have been written to: /home/ros/sigyn_microros_ws/firmware/mcu_ws/build/microcdr
[0.628s] /usr/bin/cmake -E touch /home/ros/sigyn_microros_ws/firmware/mcu_ws/build/microcdr/ucdr-prefix/src/ucdr-stamp/ucdr-configure
[0.638s] [ 75%] [34m[1mPerforming build step for 'ucdr'[0m
[0.638s] /usr/bin/gmake
[0.639s] gmake[3]: Entering directory '/home/ros/sigyn_microros_ws/firmware/mcu_ws/build/microcdr'
[0.639s] /usr/bin/cmake -S/home/ros/sigyn_microros_ws/firmware/mcu_ws/eProsima/Micro-CDR -B/home/ros/sigyn_microros_ws/firmware/mcu_ws/build/microcdr --check-build-system CMakeFiles/Makefile.cmake 0
[0.645s] /usr/bin/cmake -E cmake_progress_start /home/ros/sigyn_microros_ws/firmware/mcu_ws/build/microcdr/CMakeFiles /home/ros/sigyn_microros_ws/firmware/mcu_ws/build/microcdr//CMakeFiles/progress.marks
[0.650s] /usr/bin/gmake  -f CMakeFiles/Makefile2 all
[0.651s] gmake[4]: Entering directory '/home/ros/sigyn_microros_ws/firmware/mcu_ws/build/microcdr'
[0.651s] /usr/bin/gmake  -f CMakeFiles/microcdr.dir/build.make CMakeFiles/microcdr.dir/depend
[0.651s] gmake[5]: Entering directory '/home/ros/sigyn_microros_ws/firmware/mcu_ws/build/microcdr'
[0.651s] cd /home/ros/sigyn_microros_ws/firmware/mcu_ws/build/microcdr && /usr/bin/cmake -E cmake_depends "Unix Makefiles" /home/ros/sigyn_microros_ws/firmware/mcu_ws/eProsima/Micro-CDR /home/ros/sigyn_microros_ws/firmware/mcu_ws/eProsima/Micro-CDR /home/ros/sigyn_microros_ws/firmware/mcu_ws/build/microcdr /home/ros/sigyn_microros_ws/firmware/mcu_ws/build/microcdr /home/ros/sigyn_microros_ws/firmware/mcu_ws/build/microcdr/CMakeFiles/microcdr.dir/DependInfo.cmake --color=
[0.657s] gmake[5]: Leaving directory '/home/ros/sigyn_microros_ws/firmware/mcu_ws/build/microcdr'
[0.657s] /usr/bin/gmake  -f CMakeFiles/microcdr.dir/build.make CMakeFiles/microcdr.dir/build
[0.657s] gmake[5]: Entering directory '/home/ros/sigyn_microros_ws/firmware/mcu_ws/build/microcdr'
[0.662s] [ 33%] [32mBuilding C object CMakeFiles/microcdr.dir/src/c/types/basic.c.obj[0m
[0.662s] [ 33%] [32mBuilding C object CMakeFiles/microcdr.dir/src/c/common.c.obj[0m
[0.662s] [ 50%] [32mBuilding C object CMakeFiles/microcdr.dir/src/c/types/string.c.obj[0m
[0.663s] /home/ros/aa-arduino-1.8.19/hardware/tools/arm/bin/arm-none-eabi-gcc  -I/home/ros/sigyn_microros_ws/firmware/mcu_ws/eProsima/Micro-CDR/include -I/home/ros/sigyn_microros_ws/firmware/mcu_ws/build/microcdr/include -std=c11 -O2 -mfloat-abi=hard -mfpu=fpv5-d16 -ffunction-sections -fdata-sections -fno-exceptions -nostdlib -mcpu=cortex-m7 -mthumb -D'RCUTILS_LOG_MIN_SEVERITY=RCUTILS_LOG_MIN_SEVERITY_NONE' -DCLOCK_MONOTONIC=0 -D'__attribute__(x)=' -O3 -DNDEBUG -fPIC -Wall -Wextra -Wshadow -pedantic -Wcast-align -Wunused -Wconversion -Wdouble-promotion -Wsign-conversion -fdata-sections -ffunction-sections -std=gnu99 -MD -MT CMakeFiles/microcdr.dir/src/c/types/basic.c.obj -MF CMakeFiles/microcdr.dir/src/c/types/basic.c.obj.d -o CMakeFiles/microcdr.dir/src/c/types/basic.c.obj -c /home/ros/sigyn_microros_ws/firmware/mcu_ws/eProsima/Micro-CDR/src/c/types/basic.c
[0.663s] [ 66%] [32mBuilding C object CMakeFiles/microcdr.dir/src/c/types/sequence.c.obj[0m
[0.663s] /home/ros/aa-arduino-1.8.19/hardware/tools/arm/bin/arm-none-eabi-gcc  -I/home/ros/sigyn_microros_ws/firmware/mcu_ws/eProsima/Micro-CDR/include -I/home/ros/sigyn_microros_ws/firmware/mcu_ws/build/microcdr/include -std=c11 -O2 -mfloat-abi=hard -mfpu=fpv5-d16 -ffunction-sections -fdata-sections -fno-exceptions -nostdlib -mcpu=cortex-m7 -mthumb -D'RCUTILS_LOG_MIN_SEVERITY=RCUTILS_LOG_MIN_SEVERITY_NONE' -DCLOCK_MONOTONIC=0 -D'__attribute__(x)=' -O3 -DNDEBUG -fPIC -Wall -Wextra -Wshadow -pedantic -Wcast-align -Wunused -Wconversion -Wdouble-promotion -Wsign-conversion -fdata-sections -ffunction-sections -std=gnu99 -MD -MT CMakeFiles/microcdr.dir/src/c/common.c.obj -MF CMakeFiles/microcdr.dir/src/c/common.c.obj.d -o CMakeFiles/microcdr.dir/src/c/common.c.obj -c /home/ros/sigyn_microros_ws/firmware/mcu_ws/eProsima/Micro-CDR/src/c/common.c
[0.663s] /home/ros/aa-arduino-1.8.19/hardware/tools/arm/bin/arm-none-eabi-gcc  -I/home/ros/sigyn_microros_ws/firmware/mcu_ws/eProsima/Micro-CDR/include -I/home/ros/sigyn_microros_ws/firmware/mcu_ws/build/microcdr/include -std=c11 -O2 -mfloat-abi=hard -mfpu=fpv5-d16 -ffunction-sections -fdata-sections -fno-exceptions -nostdlib -mcpu=cortex-m7 -mthumb -D'RCUTILS_LOG_MIN_SEVERITY=RCUTILS_LOG_MIN_SEVERITY_NONE' -DCLOCK_MONOTONIC=0 -D'__attribute__(x)=' -O3 -DNDEBUG -fPIC -Wall -Wextra -Wshadow -pedantic -Wcast-align -Wunused -Wconversion -Wdouble-promotion -Wsign-conversion -fdata-sections -ffunction-sections -std=gnu99 -MD -MT CMakeFiles/microcdr.dir/src/c/types/string.c.obj -MF CMakeFiles/microcdr.dir/src/c/types/string.c.obj.d -o CMakeFiles/microcdr.dir/src/c/types/string.c.obj -c /home/ros/sigyn_microros_ws/firmware/mcu_ws/eProsima/Micro-CDR/src/c/types/string.c
[0.663s] [ 83%] [32mBuilding C object CMakeFiles/microcdr.dir/src/c/types/array.c.obj[0m
[0.664s] /home/ros/aa-arduino-1.8.19/hardware/tools/arm/bin/arm-none-eabi-gcc  -I/home/ros/sigyn_microros_ws/firmware/mcu_ws/eProsima/Micro-CDR/include -I/home/ros/sigyn_microros_ws/firmware/mcu_ws/build/microcdr/include -std=c11 -O2 -mfloat-abi=hard -mfpu=fpv5-d16 -ffunction-sections -fdata-sections -fno-exceptions -nostdlib -mcpu=cortex-m7 -mthumb -D'RCUTILS_LOG_MIN_SEVERITY=RCUTILS_LOG_MIN_SEVERITY_NONE' -DCLOCK_MONOTONIC=0 -D'__attribute__(x)=' -O3 -DNDEBUG -fPIC -Wall -Wextra -Wshadow -pedantic -Wcast-align -Wunused -Wconversion -Wdouble-promotion -Wsign-conversion -fdata-sections -ffunction-sections -std=gnu99 -MD -MT CMakeFiles/microcdr.dir/src/c/types/sequence.c.obj -MF CMakeFiles/microcdr.dir/src/c/types/sequence.c.obj.d -o CMakeFiles/microcdr.dir/src/c/types/sequence.c.obj -c /home/ros/sigyn_microros_ws/firmware/mcu_ws/eProsima/Micro-CDR/src/c/types/sequence.c
[0.664s] /home/ros/aa-arduino-1.8.19/hardware/tools/arm/bin/arm-none-eabi-gcc  -I/home/ros/sigyn_microros_ws/firmware/mcu_ws/eProsima/Micro-CDR/include -I/home/ros/sigyn_microros_ws/firmware/mcu_ws/build/microcdr/include -std=c11 -O2 -mfloat-abi=hard -mfpu=fpv5-d16 -ffunction-sections -fdata-sections -fno-exceptions -nostdlib -mcpu=cortex-m7 -mthumb -D'RCUTILS_LOG_MIN_SEVERITY=RCUTILS_LOG_MIN_SEVERITY_NONE' -DCLOCK_MONOTONIC=0 -D'__attribute__(x)=' -O3 -DNDEBUG -fPIC -Wall -Wextra -Wshadow -pedantic -Wcast-align -Wunused -Wconversion -Wdouble-promotion -Wsign-conversion -fdata-sections -ffunction-sections -std=gnu99 -MD -MT CMakeFiles/microcdr.dir/src/c/types/array.c.obj -MF CMakeFiles/microcdr.dir/src/c/types/array.c.obj.d -o CMakeFiles/microcdr.dir/src/c/types/array.c.obj -c /home/ros/sigyn_microros_ws/firmware/mcu_ws/eProsima/Micro-CDR/src/c/types/array.c
[0.889s] [100%] [32m[1mLinking C static library libmicrocdr.a[0m
[0.889s] /usr/bin/cmake -P CMakeFiles/microcdr.dir/cmake_clean_target.cmake
[0.895s] /usr/bin/cmake -E cmake_link_script CMakeFiles/microcdr.dir/link.txt --verbose=1
[0.901s] /usr/bin/ar qc libmicrocdr.a CMakeFiles/microcdr.dir/src/c/common.c.obj CMakeFiles/microcdr.dir/src/c/types/basic.c.obj CMakeFiles/microcdr.dir/src/c/types/string.c.obj CMakeFiles/microcdr.dir/src/c/types/array.c.obj CMakeFiles/microcdr.dir/src/c/types/sequence.c.obj
[0.917s] /usr/bin/ranlib libmicrocdr.a
[0.933s] gmake[5]: Leaving directory '/home/ros/sigyn_microros_ws/firmware/mcu_ws/build/microcdr'
[0.938s] [100%] Built target microcdr
[0.939s] gmake[4]: Leaving directory '/home/ros/sigyn_microros_ws/firmware/mcu_ws/build/microcdr'
[0.939s] /usr/bin/cmake -E cmake_progress_start /home/ros/sigyn_microros_ws/firmware/mcu_ws/build/microcdr/CMakeFiles 0
[0.943s] gmake[3]: Leaving directory '/home/ros/sigyn_microros_ws/firmware/mcu_ws/build/microcdr'
[0.943s] /usr/bin/cmake -E touch /home/ros/sigyn_microros_ws/firmware/mcu_ws/build/microcdr/ucdr-prefix/src/ucdr-stamp/ucdr-build
[0.953s] [34m[1mNo install step for 'ucdr'[0m
[0.953s] /usr/bin/cmake -E echo_append
[0.959s] /usr/bin/cmake -E touch /home/ros/sigyn_microros_ws/firmware/mcu_ws/build/microcdr/ucdr-prefix/src/ucdr-stamp/ucdr-install
[0.969s] [34m[1mCompleted 'ucdr'[0m
[0.969s] /usr/bin/cmake -E make_directory /home/ros/sigyn_microros_ws/firmware/mcu_ws/build/microcdr/CMakeFiles
[0.974s] /usr/bin/cmake -E touch /home/ros/sigyn_microros_ws/firmware/mcu_ws/build/microcdr/CMakeFiles/ucdr-complete
[0.979s] /usr/bin/cmake -E touch /home/ros/sigyn_microros_ws/firmware/mcu_ws/build/microcdr/ucdr-prefix/src/ucdr-stamp/ucdr-done
[0.984s] gmake[2]: Leaving directory '/home/ros/sigyn_microros_ws/firmware/mcu_ws/build/microcdr'
[0.989s] Built target ucdr
[0.989s] gmake[1]: Leaving directory '/home/ros/sigyn_microros_ws/firmware/mcu_ws/build/microcdr'
[0.990s] /usr/bin/cmake -E cmake_progress_start /home/ros/sigyn_microros_ws/firmware/mcu_ws/build/microcdr/CMakeFiles 0
[1.013s] Invoked command in '/home/ros/sigyn_microros_ws/firmware/mcu_ws/build/microcdr' returned '0': /usr/bin/cmake --build /home/ros/sigyn_microros_ws/firmware/mcu_ws/build/microcdr -- -j24 -l24
[1.039s] Invoking command in '/home/ros/sigyn_microros_ws/firmware/mcu_ws/build/microcdr': /usr/bin/cmake --install /home/ros/sigyn_microros_ws/firmware/mcu_ws/build/microcdr
[1.044s] -- Install configuration: "Release"
[1.044s] -- Installing: /home/ros/sigyn_microros_ws/firmware/mcu_ws/install/lib/libmicrocdr.a
[1.045s] -- Installing: /home/ros/sigyn_microros_ws/firmware/mcu_ws/install/include/ucdr
[1.045s] -- Installing: /home/ros/sigyn_microros_ws/firmware/mcu_ws/install/include/ucdr/visibility.h
[1.045s] -- Installing: /home/ros/sigyn_microros_ws/firmware/mcu_ws/install/include/ucdr/microcdr.h
[1.046s] -- Installing: /home/ros/sigyn_microros_ws/firmware/mcu_ws/install/include/ucdr/config.h
[1.046s] -- Installing: /home/ros/sigyn_microros_ws/firmware/mcu_ws/install/share/microcdr/cmake/microcdrTargets.cmake
[1.046s] -- Installing: /home/ros/sigyn_microros_ws/firmware/mcu_ws/install/share/microcdr/cmake/microcdrTargets-release.cmake
[1.046s] -- Installing: /home/ros/sigyn_microros_ws/firmware/mcu_ws/install/share/microcdr/cmake/microcdrConfig.cmake
[1.046s] -- Installing: /home/ros/sigyn_microros_ws/firmware/mcu_ws/install/share/microcdr/cmake/microcdrConfigVersion.cmake
[1.052s] Invoked command in '/home/ros/sigyn_microros_ws/firmware/mcu_ws/build/microcdr' returned '0': /usr/bin/cmake --install /home/ros/sigyn_microros_ws/firmware/mcu_ws/build/microcdr
