Not searching for unused variables given on the command line.
-- The C compiler identification is GNU 5.4.1
-- The CXX compiler identification is GNU 5.4.1
-- Detecting C compiler ABI info
-- Detecting C compiler ABI info - done
-- Check for working C compiler: /home/ros/aa-arduino-1.8.19/hardware/tools/arm/bin/arm-none-eabi-gcc - skipped
-- Detecting C compile features
-- Detecting C compile features - done
-- Detecting CXX compiler ABI info
-- Detecting CXX compiler ABI info - done
-- Check for working CXX compiler: /home/ros/aa-arduino-1.8.19/hardware/tools/arm/bin/arm-none-eabi-g++ - skipped
-- Detecting CXX compile features
-- Detecting CXX compile features - done
-- Found ament_cmake_ros: 0.10.0 (/home/ros/sigyn_microros_ws/firmware/dev_ws/install/ament_cmake_ros/share/ament_cmake_ros/cmake)
-- Found Python3: /usr/bin/python3 (found version "3.10.12") found components: Interpreter 
-- Found rcl_logging_interface: 2.3.1 (/home/ros/sigyn_microros_ws/firmware/mcu_ws/install/share/rcl_logging_interface/cmake)
-- Configuring done
-- Generating done
-- Build files have been written to: /home/ros/sigyn_microros_ws/firmware/mcu_ws/build/rcl_logging_noop
/usr/bin/cmake -S/home/ros/sigyn_microros_ws/firmware/mcu_ws/ros2/rcl_logging/rcl_logging_noop -B/home/ros/sigyn_microros_ws/firmware/mcu_ws/build/rcl_logging_noop --check-build-system CMakeFiles/Makefile.cmake 0
/usr/bin/cmake -E cmake_progress_start /home/ros/sigyn_microros_ws/firmware/mcu_ws/build/rcl_logging_noop/CMakeFiles /home/ros/sigyn_microros_ws/firmware/mcu_ws/build/rcl_logging_noop//CMakeFiles/progress.marks
/usr/bin/gmake  -f CMakeFiles/Makefile2 all
gmake[1]: Entering directory '/home/ros/sigyn_microros_ws/firmware/mcu_ws/build/rcl_logging_noop'
/usr/bin/gmake  -f CMakeFiles/rcl_logging_noop.dir/build.make CMakeFiles/rcl_logging_noop.dir/depend
gmake[2]: Entering directory '/home/ros/sigyn_microros_ws/firmware/mcu_ws/build/rcl_logging_noop'
cd /home/ros/sigyn_microros_ws/firmware/mcu_ws/build/rcl_logging_noop && /usr/bin/cmake -E cmake_depends "Unix Makefiles" /home/ros/sigyn_microros_ws/firmware/mcu_ws/ros2/rcl_logging/rcl_logging_noop /home/ros/sigyn_microros_ws/firmware/mcu_ws/ros2/rcl_logging/rcl_logging_noop /home/ros/sigyn_microros_ws/firmware/mcu_ws/build/rcl_logging_noop /home/ros/sigyn_microros_ws/firmware/mcu_ws/build/rcl_logging_noop /home/ros/sigyn_microros_ws/firmware/mcu_ws/build/rcl_logging_noop/CMakeFiles/rcl_logging_noop.dir/DependInfo.cmake --color=
gmake[2]: Leaving directory '/home/ros/sigyn_microros_ws/firmware/mcu_ws/build/rcl_logging_noop'
/usr/bin/gmake  -f CMakeFiles/rcl_logging_noop.dir/build.make CMakeFiles/rcl_logging_noop.dir/build
gmake[2]: Entering directory '/home/ros/sigyn_microros_ws/firmware/mcu_ws/build/rcl_logging_noop'
[ 50%] [32mBuilding CXX object CMakeFiles/rcl_logging_noop.dir/src/rcl_logging_noop/rcl_logging_noop.cpp.obj[0m
/home/ros/aa-arduino-1.8.19/hardware/tools/arm/bin/arm-none-eabi-g++ -DRCL_LOGGING_INTERFACE_BUILDING_DLL -DROS_PACKAGE_NAME=\"rcl_logging_noop\" -isystem /home/ros/sigyn_microros_ws/firmware/mcu_ws/install/include/rcutils -isystem /home/ros/sigyn_microros_ws/firmware/mcu_ws/install/include/rcl_logging_interface -std=c++14 -O2 -mfloat-abi=hard -mfpu=fpv5-d16 -ffunction-sections -fdata-sections -fno-exceptions -nostdlib -mcpu=cortex-m7 -mthumb -D'RCUTILS_LOG_MIN_SEVERITY=RCUTILS_LOG_MIN_SEVERITY_NONE' -fno-rtti -DCLOCK_MONOTONIC=0 -D'__attribute__(x)=' -O3 -DNDEBUG -Wall -Wextra -Wpedantic -std=gnu++14 -MD -MT CMakeFiles/rcl_logging_noop.dir/src/rcl_logging_noop/rcl_logging_noop.cpp.obj -MF CMakeFiles/rcl_logging_noop.dir/src/rcl_logging_noop/rcl_logging_noop.cpp.obj.d -o CMakeFiles/rcl_logging_noop.dir/src/rcl_logging_noop/rcl_logging_noop.cpp.obj -c /home/ros/sigyn_microros_ws/firmware/mcu_ws/ros2/rcl_logging/rcl_logging_noop/src/rcl_logging_noop/rcl_logging_noop.cpp
[100%] [32m[1mLinking CXX static library librcl_logging_noop.a[0m
/usr/bin/cmake -P CMakeFiles/rcl_logging_noop.dir/cmake_clean_target.cmake
/usr/bin/cmake -E cmake_link_script CMakeFiles/rcl_logging_noop.dir/link.txt --verbose=1
/usr/bin/ar qc librcl_logging_noop.a CMakeFiles/rcl_logging_noop.dir/src/rcl_logging_noop/rcl_logging_noop.cpp.obj
/usr/bin/ranlib librcl_logging_noop.a
gmake[2]: Leaving directory '/home/ros/sigyn_microros_ws/firmware/mcu_ws/build/rcl_logging_noop'
[100%] Built target rcl_logging_noop
gmake[1]: Leaving directory '/home/ros/sigyn_microros_ws/firmware/mcu_ws/build/rcl_logging_noop'
/usr/bin/cmake -E cmake_progress_start /home/ros/sigyn_microros_ws/firmware/mcu_ws/build/rcl_logging_noop/CMakeFiles 0
-- Install configuration: "Release"
-- Installing: /home/ros/sigyn_microros_ws/firmware/mcu_ws/install/lib/librcl_logging_noop.a
-- Installing: /home/ros/sigyn_microros_ws/firmware/mcu_ws/install/share/rcl_logging_noop/environment/library_path.sh
-- Installing: /home/ros/sigyn_microros_ws/firmware/mcu_ws/install/share/rcl_logging_noop/environment/library_path.dsv
-- Installing: /home/ros/sigyn_microros_ws/firmware/mcu_ws/install/share/ament_index/resource_index/package_run_dependencies/rcl_logging_noop
-- Installing: /home/ros/sigyn_microros_ws/firmware/mcu_ws/install/share/ament_index/resource_index/parent_prefix_path/rcl_logging_noop
-- Installing: /home/ros/sigyn_microros_ws/firmware/mcu_ws/install/share/rcl_logging_noop/environment/ament_prefix_path.sh
-- Installing: /home/ros/sigyn_microros_ws/firmware/mcu_ws/install/share/rcl_logging_noop/environment/ament_prefix_path.dsv
-- Installing: /home/ros/sigyn_microros_ws/firmware/mcu_ws/install/share/rcl_logging_noop/environment/path.sh
-- Installing: /home/ros/sigyn_microros_ws/firmware/mcu_ws/install/share/rcl_logging_noop/environment/path.dsv
-- Installing: /home/ros/sigyn_microros_ws/firmware/mcu_ws/install/share/rcl_logging_noop/local_setup.bash
-- Installing: /home/ros/sigyn_microros_ws/firmware/mcu_ws/install/share/rcl_logging_noop/local_setup.sh
-- Installing: /home/ros/sigyn_microros_ws/firmware/mcu_ws/install/share/rcl_logging_noop/local_setup.zsh
-- Installing: /home/ros/sigyn_microros_ws/firmware/mcu_ws/install/share/rcl_logging_noop/local_setup.dsv
-- Installing: /home/ros/sigyn_microros_ws/firmware/mcu_ws/install/share/rcl_logging_noop/package.dsv
-- Installing: /home/ros/sigyn_microros_ws/firmware/mcu_ws/install/share/ament_index/resource_index/packages/rcl_logging_noop
-- Installing: /home/ros/sigyn_microros_ws/firmware/mcu_ws/install/share/rcl_logging_noop/cmake/rcl_logging_noopExport.cmake
-- Installing: /home/ros/sigyn_microros_ws/firmware/mcu_ws/install/share/rcl_logging_noop/cmake/rcl_logging_noopExport-release.cmake
-- Installing: /home/ros/sigyn_microros_ws/firmware/mcu_ws/install/share/rcl_logging_noop/cmake/ament_cmake_export_dependencies-extras.cmake
-- Installing: /home/ros/sigyn_microros_ws/firmware/mcu_ws/install/share/rcl_logging_noop/cmake/ament_cmake_export_libraries-extras.cmake
-- Installing: /home/ros/sigyn_microros_ws/firmware/mcu_ws/install/share/rcl_logging_noop/cmake/ament_cmake_export_targets-extras.cmake
-- Installing: /home/ros/sigyn_microros_ws/firmware/mcu_ws/install/share/rcl_logging_noop/cmake/rcl_logging_noopConfig.cmake
-- Installing: /home/ros/sigyn_microros_ws/firmware/mcu_ws/install/share/rcl_logging_noop/cmake/rcl_logging_noopConfig-version.cmake
-- Installing: /home/ros/sigyn_microros_ws/firmware/mcu_ws/install/share/rcl_logging_noop/package.xml
