[0.362s] Invoking command in '/home/ros/sigyn_microros_ws/firmware/mcu_ws/build/libyaml_vendor': CMAKE_PREFIX_PATH=${CMAKE_PREFIX_PATH}:/home/ros/sigyn_microros_ws/firmware/dev_ws/install/ament_uncrustify:/home/ros/sigyn_microros_ws/firmware/dev_ws/install/domain_coordinator:/home/ros/sigyn_microros_ws/firmware/dev_ws/install/ament_xmllint:/home/ros/sigyn_microros_ws/firmware/dev_ws/install/ament_pyflakes:/home/ros/sigyn_microros_ws/firmware/dev_ws/install/ament_pycodestyle:/home/ros/sigyn_microros_ws/firmware/dev_ws/install/ament_pep257:/home/ros/sigyn_microros_ws/firmware/dev_ws/install/ament_pclint:/home/ros/sigyn_microros_ws/firmware/dev_ws/install/ament_package:/home/ros/sigyn_microros_ws/firmware/dev_ws/install/ament_mypy:/home/ros/sigyn_microros_ws/firmware/dev_ws/install/ament_lint_cmake:/home/ros/sigyn_microros_ws/firmware/dev_ws/install/ament_flake8:/home/ros/sigyn_microros_ws/firmware/dev_ws/install/ament_copyright:/home/ros/sigyn_microros_ws/firmware/dev_ws/install/ament_lint:/home/ros/sigyn_microros_ws/firmware/dev_ws/install/ament_index_python:/home/ros/sigyn_microros_ws/firmware/dev_ws/install/ament_cpplint:/home/ros/sigyn_microros_ws/firmware/dev_ws/install/ament_cppcheck:/home/ros/sigyn_microros_ws/firmware/dev_ws/install/ament_clang_tidy:/home/ros/sigyn_microros_ws/firmware/dev_ws/install/ament_clang_format /usr/bin/cmake /home/ros/sigyn_microros_ws/firmware/mcu_ws/ros2/libyaml_vendor --no-warn-unused-cli -DCMAKE_POSITION_INDEPENDENT_CODE:BOOL=OFF -DTHIRDPARTY=ON -DBUILD_SHARED_LIBS=OFF -DBUILD_TESTING=OFF -DCMAKE_BUILD_TYPE=Release -DCMAKE_TOOLCHAIN_FILE=/home/ros/sigyn_microros_ws/sigyn_toolchain.cmake -DCMAKE_VERBOSE_MAKEFILE=ON -DCMAKE_INSTALL_PREFIX=/home/ros/sigyn_microros_ws/firmware/mcu_ws/install
[0.366s] Not searching for unused variables given on the command line.
[0.458s] -- The C compiler identification is GNU 5.4.1
[0.545s] -- The CXX compiler identification is GNU 5.4.1
[0.551s] -- Detecting C compiler ABI info
[0.616s] -- Detecting C compiler ABI info - done
[0.620s] -- Check for working C compiler: /home/ros/aa-arduino-1.8.19/hardware/tools/arm/bin/arm-none-eabi-gcc - skipped
[0.620s] -- Detecting C compile features
[0.621s] -- Detecting C compile features - done
[0.623s] -- Detecting CXX compiler ABI info
[0.693s] -- Detecting CXX compiler ABI info - done
[0.696s] -- Check for working CXX compiler: /home/ros/aa-arduino-1.8.19/hardware/tools/arm/bin/arm-none-eabi-g++ - skipped
[0.696s] -- Detecting CXX compile features
[0.696s] -- Detecting CXX compile features - done
[0.698s] -- Found ament_cmake: 1.3.10 (/home/ros/sigyn_microros_ws/firmware/dev_ws/install/ament_cmake/share/ament_cmake/cmake)
[0.781s] -- Found Python3: /usr/bin/python3 (found version "3.10.12") found components: Interpreter 
[0.895s] -- Configuring done
[0.898s] -- Generating done
[0.899s] -- Build files have been written to: /home/ros/sigyn_microros_ws/firmware/mcu_ws/build/libyaml_vendor
[0.924s] Invoked command in '/home/ros/sigyn_microros_ws/firmware/mcu_ws/build/libyaml_vendor' returned '0': CMAKE_PREFIX_PATH=${CMAKE_PREFIX_PATH}:/home/ros/sigyn_microros_ws/firmware/dev_ws/install/ament_uncrustify:/home/ros/sigyn_microros_ws/firmware/dev_ws/install/domain_coordinator:/home/ros/sigyn_microros_ws/firmware/dev_ws/install/ament_xmllint:/home/ros/sigyn_microros_ws/firmware/dev_ws/install/ament_pyflakes:/home/ros/sigyn_microros_ws/firmware/dev_ws/install/ament_pycodestyle:/home/ros/sigyn_microros_ws/firmware/dev_ws/install/ament_pep257:/home/ros/sigyn_microros_ws/firmware/dev_ws/install/ament_pclint:/home/ros/sigyn_microros_ws/firmware/dev_ws/install/ament_package:/home/ros/sigyn_microros_ws/firmware/dev_ws/install/ament_mypy:/home/ros/sigyn_microros_ws/firmware/dev_ws/install/ament_lint_cmake:/home/ros/sigyn_microros_ws/firmware/dev_ws/install/ament_flake8:/home/ros/sigyn_microros_ws/firmware/dev_ws/install/ament_copyright:/home/ros/sigyn_microros_ws/firmware/dev_ws/install/ament_lint:/home/ros/sigyn_microros_ws/firmware/dev_ws/install/ament_index_python:/home/ros/sigyn_microros_ws/firmware/dev_ws/install/ament_cpplint:/home/ros/sigyn_microros_ws/firmware/dev_ws/install/ament_cppcheck:/home/ros/sigyn_microros_ws/firmware/dev_ws/install/ament_clang_tidy:/home/ros/sigyn_microros_ws/firmware/dev_ws/install/ament_clang_format /usr/bin/cmake /home/ros/sigyn_microros_ws/firmware/mcu_ws/ros2/libyaml_vendor --no-warn-unused-cli -DCMAKE_POSITION_INDEPENDENT_CODE:BOOL=OFF -DTHIRDPARTY=ON -DBUILD_SHARED_LIBS=OFF -DBUILD_TESTING=OFF -DCMAKE_BUILD_TYPE=Release -DCMAKE_TOOLCHAIN_FILE=/home/ros/sigyn_microros_ws/sigyn_toolchain.cmake -DCMAKE_VERBOSE_MAKEFILE=ON -DCMAKE_INSTALL_PREFIX=/home/ros/sigyn_microros_ws/firmware/mcu_ws/install
[0.924s] Invoking command in '/home/ros/sigyn_microros_ws/firmware/mcu_ws/build/libyaml_vendor': CMAKE_PREFIX_PATH=${CMAKE_PREFIX_PATH}:/home/ros/sigyn_microros_ws/firmware/dev_ws/install/ament_uncrustify:/home/ros/sigyn_microros_ws/firmware/dev_ws/install/domain_coordinator:/home/ros/sigyn_microros_ws/firmware/dev_ws/install/ament_xmllint:/home/ros/sigyn_microros_ws/firmware/dev_ws/install/ament_pyflakes:/home/ros/sigyn_microros_ws/firmware/dev_ws/install/ament_pycodestyle:/home/ros/sigyn_microros_ws/firmware/dev_ws/install/ament_pep257:/home/ros/sigyn_microros_ws/firmware/dev_ws/install/ament_pclint:/home/ros/sigyn_microros_ws/firmware/dev_ws/install/ament_package:/home/ros/sigyn_microros_ws/firmware/dev_ws/install/ament_mypy:/home/ros/sigyn_microros_ws/firmware/dev_ws/install/ament_lint_cmake:/home/ros/sigyn_microros_ws/firmware/dev_ws/install/ament_flake8:/home/ros/sigyn_microros_ws/firmware/dev_ws/install/ament_copyright:/home/ros/sigyn_microros_ws/firmware/dev_ws/install/ament_lint:/home/ros/sigyn_microros_ws/firmware/dev_ws/install/ament_index_python:/home/ros/sigyn_microros_ws/firmware/dev_ws/install/ament_cpplint:/home/ros/sigyn_microros_ws/firmware/dev_ws/install/ament_cppcheck:/home/ros/sigyn_microros_ws/firmware/dev_ws/install/ament_clang_tidy:/home/ros/sigyn_microros_ws/firmware/dev_ws/install/ament_clang_format /usr/bin/cmake --build /home/ros/sigyn_microros_ws/firmware/mcu_ws/build/libyaml_vendor -- -j24 -l24
[0.934s] /usr/bin/cmake -S/home/ros/sigyn_microros_ws/firmware/mcu_ws/ros2/libyaml_vendor -B/home/ros/sigyn_microros_ws/firmware/mcu_ws/build/libyaml_vendor --check-build-system CMakeFiles/Makefile.cmake 0
[0.940s] /usr/bin/cmake -E cmake_progress_start /home/ros/sigyn_microros_ws/firmware/mcu_ws/build/libyaml_vendor/CMakeFiles /home/ros/sigyn_microros_ws/firmware/mcu_ws/build/libyaml_vendor//CMakeFiles/progress.marks
[0.944s] /usr/bin/gmake  -f CMakeFiles/Makefile2 all
[0.946s] gmake[1]: Entering directory '/home/ros/sigyn_microros_ws/firmware/mcu_ws/build/libyaml_vendor'
[0.946s] /usr/bin/gmake  -f CMakeFiles/libyaml-0.2.5.dir/build.make CMakeFiles/libyaml-0.2.5.dir/depend
[0.946s] gmake[2]: Entering directory '/home/ros/sigyn_microros_ws/firmware/mcu_ws/build/libyaml_vendor'
[0.946s] cd /home/ros/sigyn_microros_ws/firmware/mcu_ws/build/libyaml_vendor && /usr/bin/cmake -E cmake_depends "Unix Makefiles" /home/ros/sigyn_microros_ws/firmware/mcu_ws/ros2/libyaml_vendor /home/ros/sigyn_microros_ws/firmware/mcu_ws/ros2/libyaml_vendor /home/ros/sigyn_microros_ws/firmware/mcu_ws/build/libyaml_vendor /home/ros/sigyn_microros_ws/firmware/mcu_ws/build/libyaml_vendor /home/ros/sigyn_microros_ws/firmware/mcu_ws/build/libyaml_vendor/CMakeFiles/libyaml-0.2.5.dir/DependInfo.cmake --color=
[0.952s] gmake[2]: Leaving directory '/home/ros/sigyn_microros_ws/firmware/mcu_ws/build/libyaml_vendor'
[0.952s] /usr/bin/gmake  -f CMakeFiles/libyaml-0.2.5.dir/build.make CMakeFiles/libyaml-0.2.5.dir/build
[0.953s] gmake[2]: Entering directory '/home/ros/sigyn_microros_ws/firmware/mcu_ws/build/libyaml_vendor'
[0.957s] [ 12%] [34m[1mCreating directories for 'libyaml-0.2.5'[0m
[0.958s] /usr/bin/cmake -E make_directory /home/ros/sigyn_microros_ws/firmware/mcu_ws/build/libyaml_vendor/libyaml-0.2.5-prefix/src/libyaml-0.2.5
[0.962s] /usr/bin/cmake -E make_directory /home/ros/sigyn_microros_ws/firmware/mcu_ws/build/libyaml_vendor/libyaml-0.2.5-prefix/src/libyaml-0.2.5-build
[0.967s] /usr/bin/cmake -E make_directory /home/ros/sigyn_microros_ws/firmware/mcu_ws/build/libyaml_vendor/libyaml-0.2.5-prefix
[0.971s] /usr/bin/cmake -E make_directory /home/ros/sigyn_microros_ws/firmware/mcu_ws/build/libyaml_vendor/libyaml-0.2.5-prefix/tmp
[0.975s] /usr/bin/cmake -E make_directory /home/ros/sigyn_microros_ws/firmware/mcu_ws/build/libyaml_vendor/libyaml-0.2.5-prefix/src/libyaml-0.2.5-stamp
[0.979s] /usr/bin/cmake -E make_directory /home/ros/sigyn_microros_ws/firmware/mcu_ws/build/libyaml_vendor/libyaml-0.2.5-prefix/src
[0.984s] /usr/bin/cmake -E make_directory /home/ros/sigyn_microros_ws/firmware/mcu_ws/build/libyaml_vendor/libyaml-0.2.5-prefix/src/libyaml-0.2.5-stamp
[0.988s] /usr/bin/cmake -E touch /home/ros/sigyn_microros_ws/firmware/mcu_ws/build/libyaml_vendor/libyaml-0.2.5-prefix/src/libyaml-0.2.5-stamp/libyaml-0.2.5-mkdir
[0.996s] [ 25%] [34m[1mPerforming download step (git clone) for 'libyaml-0.2.5'[0m
[0.997s] cd /home/ros/sigyn_microros_ws/firmware/mcu_ws/build/libyaml_vendor/libyaml-0.2.5-prefix/src && /usr/bin/cmake -P /home/ros/sigyn_microros_ws/firmware/mcu_ws/build/libyaml_vendor/libyaml-0.2.5-prefix/tmp/libyaml-0.2.5-gitclone.cmake
[1.013s] Cloning into 'libyaml-0.2.5'...
[2.615s] HEAD is now at 2c891fc Changes for v0.2.5 release
[2.640s] cd /home/ros/sigyn_microros_ws/firmware/mcu_ws/build/libyaml_vendor/libyaml-0.2.5-prefix/src && /usr/bin/cmake -E touch /home/ros/sigyn_microros_ws/firmware/mcu_ws/build/libyaml_vendor/libyaml-0.2.5-prefix/src/libyaml-0.2.5-stamp/libyaml-0.2.5-download
[2.651s] [ 37%] [34m[1mNo update step for 'libyaml-0.2.5'[0m
[2.651s] cd /home/ros/sigyn_microros_ws/firmware/mcu_ws/build/libyaml_vendor/libyaml-0.2.5-prefix/src/libyaml-0.2.5 && /usr/bin/cmake -E echo_append
[2.656s] cd /home/ros/sigyn_microros_ws/firmware/mcu_ws/build/libyaml_vendor/libyaml-0.2.5-prefix/src/libyaml-0.2.5 && /usr/bin/cmake -E touch /home/ros/sigyn_microros_ws/firmware/mcu_ws/build/libyaml_vendor/libyaml-0.2.5-prefix/src/libyaml-0.2.5-stamp/libyaml-0.2.5-update
[2.665s] [ 50%] [34m[1mPerforming patch step for 'libyaml-0.2.5'[0m
[2.666s] cd /home/ros/sigyn_microros_ws/firmware/mcu_ws/build/libyaml_vendor/libyaml-0.2.5-prefix/src/libyaml-0.2.5 && /usr/bin/cmake -E chdir /home/ros/sigyn_microros_ws/firmware/mcu_ws/build/libyaml_vendor/libyaml-0.2.5-prefix/src/libyaml-0.2.5 git apply -p1 --ignore-space-change --whitespace=nowarn /home/ros/sigyn_microros_ws/firmware/mcu_ws/ros2/libyaml_vendor/0001-Install-yaml.h-to-INSTALL_INCLUDE_DIR.patch
[2.673s] cd /home/ros/sigyn_microros_ws/firmware/mcu_ws/build/libyaml_vendor/libyaml-0.2.5-prefix/src/libyaml-0.2.5 && /usr/bin/cmake -E touch /home/ros/sigyn_microros_ws/firmware/mcu_ws/build/libyaml_vendor/libyaml-0.2.5-prefix/src/libyaml-0.2.5-stamp/libyaml-0.2.5-patch
[2.682s] [ 62%] [34m[1mPerforming configure step for 'libyaml-0.2.5'[0m
[2.683s] cd /home/ros/sigyn_microros_ws/firmware/mcu_ws/build/libyaml_vendor/libyaml-0.2.5-prefix/src/libyaml-0.2.5-build && /usr/bin/cmake -DCMAKE_INSTALL_PREFIX=/home/ros/sigyn_microros_ws/firmware/mcu_ws/build/libyaml_vendor/libyaml_install -DINSTALL_INCLUDE_DIR:STRING=include/libyaml_vendor -DCMAKE_BUILD_TYPE=Release -DBUILD_SHARED_LIBS=ON -DBUILD_TESTING=OFF "-DCMAKE_C_FLAGS=-std=c11 -O2 -mfloat-abi=hard -mfpu=fpv5-d16 -ffunction-sections -fdata-sections -fno-exceptions -nostdlib -mcpu=cortex-m7 -mthumb -D'RCUTILS_LOG_MIN_SEVERITY=RCUTILS_LOG_MIN_SEVERITY_NONE' -DCLOCK_MONOTONIC=0 -D'__attribute__(x)='" -DCMAKE_TOOLCHAIN_FILE=/home/ros/sigyn_microros_ws/sigyn_toolchain.cmake "-GUnix Makefiles" /home/ros/sigyn_microros_ws/firmware/mcu_ws/build/libyaml_vendor/libyaml-0.2.5-prefix/src/libyaml-0.2.5
[2.687s] Re-run cmake no build system arguments
[2.796s] -- The C compiler identification is GNU 5.4.1
[2.802s] -- Detecting C compiler ABI info
[2.874s] -- Detecting C compiler ABI info - done
[2.878s] -- Check for working C compiler: /home/ros/aa-arduino-1.8.19/hardware/tools/arm/bin/arm-none-eabi-gcc - skipped
[2.878s] -- Detecting C compile features
[2.878s] -- Detecting C compile features - done
[2.878s] [33mCMake Warning (dev) at CMakeLists.txt:56 (add_library):
[2.878s]   ADD_LIBRARY called with SHARED option but the target platform does not
[2.879s]   support dynamic linking.  Building a STATIC library instead.  This may lead
[2.879s]   to problems.
[2.879s] This warning is for project developers.  Use -Wno-dev to suppress it.
[2.879s] [0m
[2.880s] -- Configuring done
[2.882s] -- Generating done
[2.882s] -- Build files have been written to: /home/ros/sigyn_microros_ws/firmware/mcu_ws/build/libyaml_vendor/libyaml-0.2.5-prefix/src/libyaml-0.2.5-build
[2.886s] cd /home/ros/sigyn_microros_ws/firmware/mcu_ws/build/libyaml_vendor/libyaml-0.2.5-prefix/src/libyaml-0.2.5-build && /usr/bin/cmake -E touch /home/ros/sigyn_microros_ws/firmware/mcu_ws/build/libyaml_vendor/libyaml-0.2.5-prefix/src/libyaml-0.2.5-stamp/libyaml-0.2.5-configure
[2.895s] [ 75%] [34m[1mPerforming build step for 'libyaml-0.2.5'[0m
[2.895s] cd /home/ros/sigyn_microros_ws/firmware/mcu_ws/build/libyaml_vendor/libyaml-0.2.5-prefix/src/libyaml-0.2.5-build && /usr/bin/gmake
[2.896s] gmake[3]: Entering directory '/home/ros/sigyn_microros_ws/firmware/mcu_ws/build/libyaml_vendor/libyaml-0.2.5-prefix/src/libyaml-0.2.5-build'
[2.897s] /usr/bin/cmake -S/home/ros/sigyn_microros_ws/firmware/mcu_ws/build/libyaml_vendor/libyaml-0.2.5-prefix/src/libyaml-0.2.5 -B/home/ros/sigyn_microros_ws/firmware/mcu_ws/build/libyaml_vendor/libyaml-0.2.5-prefix/src/libyaml-0.2.5-build --check-build-system CMakeFiles/Makefile.cmake 0
[2.901s] /usr/bin/cmake -E cmake_progress_start /home/ros/sigyn_microros_ws/firmware/mcu_ws/build/libyaml_vendor/libyaml-0.2.5-prefix/src/libyaml-0.2.5-build/CMakeFiles /home/ros/sigyn_microros_ws/firmware/mcu_ws/build/libyaml_vendor/libyaml-0.2.5-prefix/src/libyaml-0.2.5-build//CMakeFiles/progress.marks
[2.905s] /usr/bin/gmake  -f CMakeFiles/Makefile2 all
[2.906s] gmake[4]: Entering directory '/home/ros/sigyn_microros_ws/firmware/mcu_ws/build/libyaml_vendor/libyaml-0.2.5-prefix/src/libyaml-0.2.5-build'
[2.906s] /usr/bin/gmake  -f CMakeFiles/yaml.dir/build.make CMakeFiles/yaml.dir/depend
[2.906s] gmake[5]: Entering directory '/home/ros/sigyn_microros_ws/firmware/mcu_ws/build/libyaml_vendor/libyaml-0.2.5-prefix/src/libyaml-0.2.5-build'
[2.906s] cd /home/ros/sigyn_microros_ws/firmware/mcu_ws/build/libyaml_vendor/libyaml-0.2.5-prefix/src/libyaml-0.2.5-build && /usr/bin/cmake -E cmake_depends "Unix Makefiles" /home/ros/sigyn_microros_ws/firmware/mcu_ws/build/libyaml_vendor/libyaml-0.2.5-prefix/src/libyaml-0.2.5 /home/ros/sigyn_microros_ws/firmware/mcu_ws/build/libyaml_vendor/libyaml-0.2.5-prefix/src/libyaml-0.2.5 /home/ros/sigyn_microros_ws/firmware/mcu_ws/build/libyaml_vendor/libyaml-0.2.5-prefix/src/libyaml-0.2.5-build /home/ros/sigyn_microros_ws/firmware/mcu_ws/build/libyaml_vendor/libyaml-0.2.5-prefix/src/libyaml-0.2.5-build /home/ros/sigyn_microros_ws/firmware/mcu_ws/build/libyaml_vendor/libyaml-0.2.5-prefix/src/libyaml-0.2.5-build/CMakeFiles/yaml.dir/DependInfo.cmake --color=
[2.912s] gmake[5]: Leaving directory '/home/ros/sigyn_microros_ws/firmware/mcu_ws/build/libyaml_vendor/libyaml-0.2.5-prefix/src/libyaml-0.2.5-build'
[2.912s] /usr/bin/gmake  -f CMakeFiles/yaml.dir/build.make CMakeFiles/yaml.dir/build
[2.913s] gmake[5]: Entering directory '/home/ros/sigyn_microros_ws/firmware/mcu_ws/build/libyaml_vendor/libyaml-0.2.5-prefix/src/libyaml-0.2.5-build'
[2.917s] [ 33%] [32mBuilding C object CMakeFiles/yaml.dir/src/dumper.c.obj[0m
[2.917s] [ 33%] [32mBuilding C object CMakeFiles/yaml.dir/src/api.c.obj[0m
[2.917s] [ 33%] [32mBuilding C object CMakeFiles/yaml.dir/src/loader.c.obj[0m
[2.918s] [ 44%] [32mBuilding C object CMakeFiles/yaml.dir/src/emitter.c.obj[0m
[2.918s] /home/ros/aa-arduino-1.8.19/hardware/tools/arm/bin/arm-none-eabi-gcc -DHAVE_CONFIG_H -I/home/ros/sigyn_microros_ws/firmware/mcu_ws/build/libyaml_vendor/libyaml-0.2.5-prefix/src/libyaml-0.2.5/include -I/home/ros/sigyn_microros_ws/firmware/mcu_ws/build/libyaml_vendor/libyaml-0.2.5-prefix/src/libyaml-0.2.5-build/include -std=c11 -O2 -mfloat-abi=hard -mfpu=fpv5-d16 -ffunction-sections -fdata-sections -fno-exceptions -nostdlib -mcpu=cortex-m7 -mthumb -D'RCUTILS_LOG_MIN_SEVERITY=RCUTILS_LOG_MIN_SEVERITY_NONE' -DCLOCK_MONOTONIC=0 -D'__attribute__(x)=' -O3 -DNDEBUG -MD -MT CMakeFiles/yaml.dir/src/dumper.c.obj -MF CMakeFiles/yaml.dir/src/dumper.c.obj.d -o CMakeFiles/yaml.dir/src/dumper.c.obj -c /home/ros/sigyn_microros_ws/firmware/mcu_ws/build/libyaml_vendor/libyaml-0.2.5-prefix/src/libyaml-0.2.5/src/dumper.c
[2.918s] [ 55%] [32mBuilding C object CMakeFiles/yaml.dir/src/parser.c.obj[0m
[2.918s] /home/ros/aa-arduino-1.8.19/hardware/tools/arm/bin/arm-none-eabi-gcc -DHAVE_CONFIG_H -I/home/ros/sigyn_microros_ws/firmware/mcu_ws/build/libyaml_vendor/libyaml-0.2.5-prefix/src/libyaml-0.2.5/include -I/home/ros/sigyn_microros_ws/firmware/mcu_ws/build/libyaml_vendor/libyaml-0.2.5-prefix/src/libyaml-0.2.5-build/include -std=c11 -O2 -mfloat-abi=hard -mfpu=fpv5-d16 -ffunction-sections -fdata-sections -fno-exceptions -nostdlib -mcpu=cortex-m7 -mthumb -D'RCUTILS_LOG_MIN_SEVERITY=RCUTILS_LOG_MIN_SEVERITY_NONE' -DCLOCK_MONOTONIC=0 -D'__attribute__(x)=' -O3 -DNDEBUG -MD -MT CMakeFiles/yaml.dir/src/api.c.obj -MF CMakeFiles/yaml.dir/src/api.c.obj.d -o CMakeFiles/yaml.dir/src/api.c.obj -c /home/ros/sigyn_microros_ws/firmware/mcu_ws/build/libyaml_vendor/libyaml-0.2.5-prefix/src/libyaml-0.2.5/src/api.c
[2.918s] /home/ros/aa-arduino-1.8.19/hardware/tools/arm/bin/arm-none-eabi-gcc -DHAVE_CONFIG_H -I/home/ros/sigyn_microros_ws/firmware/mcu_ws/build/libyaml_vendor/libyaml-0.2.5-prefix/src/libyaml-0.2.5/include -I/home/ros/sigyn_microros_ws/firmware/mcu_ws/build/libyaml_vendor/libyaml-0.2.5-prefix/src/libyaml-0.2.5-build/include -std=c11 -O2 -mfloat-abi=hard -mfpu=fpv5-d16 -ffunction-sections -fdata-sections -fno-exceptions -nostdlib -mcpu=cortex-m7 -mthumb -D'RCUTILS_LOG_MIN_SEVERITY=RCUTILS_LOG_MIN_SEVERITY_NONE' -DCLOCK_MONOTONIC=0 -D'__attribute__(x)=' -O3 -DNDEBUG -MD -MT CMakeFiles/yaml.dir/src/loader.c.obj -MF CMakeFiles/yaml.dir/src/loader.c.obj.d -o CMakeFiles/yaml.dir/src/loader.c.obj -c /home/ros/sigyn_microros_ws/firmware/mcu_ws/build/libyaml_vendor/libyaml-0.2.5-prefix/src/libyaml-0.2.5/src/loader.c
[2.919s] /home/ros/aa-arduino-1.8.19/hardware/tools/arm/bin/arm-none-eabi-gcc -DHAVE_CONFIG_H -I/home/ros/sigyn_microros_ws/firmware/mcu_ws/build/libyaml_vendor/libyaml-0.2.5-prefix/src/libyaml-0.2.5/include -I/home/ros/sigyn_microros_ws/firmware/mcu_ws/build/libyaml_vendor/libyaml-0.2.5-prefix/src/libyaml-0.2.5-build/include -std=c11 -O2 -mfloat-abi=hard -mfpu=fpv5-d16 -ffunction-sections -fdata-sections -fno-exceptions -nostdlib -mcpu=cortex-m7 -mthumb -D'RCUTILS_LOG_MIN_SEVERITY=RCUTILS_LOG_MIN_SEVERITY_NONE' -DCLOCK_MONOTONIC=0 -D'__attribute__(x)=' -O3 -DNDEBUG -MD -MT CMakeFiles/yaml.dir/src/emitter.c.obj -MF CMakeFiles/yaml.dir/src/emitter.c.obj.d -o CMakeFiles/yaml.dir/src/emitter.c.obj -c /home/ros/sigyn_microros_ws/firmware/mcu_ws/build/libyaml_vendor/libyaml-0.2.5-prefix/src/libyaml-0.2.5/src/emitter.c
[2.919s] [ 77%] [32mBuilding C object CMakeFiles/yaml.dir/src/writer.c.obj[0m
[2.919s] [ 77%] [32mBuilding C object CMakeFiles/yaml.dir/src/reader.c.obj[0m
[2.919s] [ 88%] [32mBuilding C object CMakeFiles/yaml.dir/src/scanner.c.obj[0m
[2.919s] /home/ros/aa-arduino-1.8.19/hardware/tools/arm/bin/arm-none-eabi-gcc -DHAVE_CONFIG_H -I/home/ros/sigyn_microros_ws/firmware/mcu_ws/build/libyaml_vendor/libyaml-0.2.5-prefix/src/libyaml-0.2.5/include -I/home/ros/sigyn_microros_ws/firmware/mcu_ws/build/libyaml_vendor/libyaml-0.2.5-prefix/src/libyaml-0.2.5-build/include -std=c11 -O2 -mfloat-abi=hard -mfpu=fpv5-d16 -ffunction-sections -fdata-sections -fno-exceptions -nostdlib -mcpu=cortex-m7 -mthumb -D'RCUTILS_LOG_MIN_SEVERITY=RCUTILS_LOG_MIN_SEVERITY_NONE' -DCLOCK_MONOTONIC=0 -D'__attribute__(x)=' -O3 -DNDEBUG -MD -MT CMakeFiles/yaml.dir/src/parser.c.obj -MF CMakeFiles/yaml.dir/src/parser.c.obj.d -o CMakeFiles/yaml.dir/src/parser.c.obj -c /home/ros/sigyn_microros_ws/firmware/mcu_ws/build/libyaml_vendor/libyaml-0.2.5-prefix/src/libyaml-0.2.5/src/parser.c
[2.920s] /home/ros/aa-arduino-1.8.19/hardware/tools/arm/bin/arm-none-eabi-gcc -DHAVE_CONFIG_H -I/home/ros/sigyn_microros_ws/firmware/mcu_ws/build/libyaml_vendor/libyaml-0.2.5-prefix/src/libyaml-0.2.5/include -I/home/ros/sigyn_microros_ws/firmware/mcu_ws/build/libyaml_vendor/libyaml-0.2.5-prefix/src/libyaml-0.2.5-build/include -std=c11 -O2 -mfloat-abi=hard -mfpu=fpv5-d16 -ffunction-sections -fdata-sections -fno-exceptions -nostdlib -mcpu=cortex-m7 -mthumb -D'RCUTILS_LOG_MIN_SEVERITY=RCUTILS_LOG_MIN_SEVERITY_NONE' -DCLOCK_MONOTONIC=0 -D'__attribute__(x)=' -O3 -DNDEBUG -MD -MT CMakeFiles/yaml.dir/src/writer.c.obj -MF CMakeFiles/yaml.dir/src/writer.c.obj.d -o CMakeFiles/yaml.dir/src/writer.c.obj -c /home/ros/sigyn_microros_ws/firmware/mcu_ws/build/libyaml_vendor/libyaml-0.2.5-prefix/src/libyaml-0.2.5/src/writer.c
[2.920s] /home/ros/aa-arduino-1.8.19/hardware/tools/arm/bin/arm-none-eabi-gcc -DHAVE_CONFIG_H -I/home/ros/sigyn_microros_ws/firmware/mcu_ws/build/libyaml_vendor/libyaml-0.2.5-prefix/src/libyaml-0.2.5/include -I/home/ros/sigyn_microros_ws/firmware/mcu_ws/build/libyaml_vendor/libyaml-0.2.5-prefix/src/libyaml-0.2.5-build/include -std=c11 -O2 -mfloat-abi=hard -mfpu=fpv5-d16 -ffunction-sections -fdata-sections -fno-exceptions -nostdlib -mcpu=cortex-m7 -mthumb -D'RCUTILS_LOG_MIN_SEVERITY=RCUTILS_LOG_MIN_SEVERITY_NONE' -DCLOCK_MONOTONIC=0 -D'__attribute__(x)=' -O3 -DNDEBUG -MD -MT CMakeFiles/yaml.dir/src/reader.c.obj -MF CMakeFiles/yaml.dir/src/reader.c.obj.d -o CMakeFiles/yaml.dir/src/reader.c.obj -c /home/ros/sigyn_microros_ws/firmware/mcu_ws/build/libyaml_vendor/libyaml-0.2.5-prefix/src/libyaml-0.2.5/src/reader.c
[2.920s] /home/ros/aa-arduino-1.8.19/hardware/tools/arm/bin/arm-none-eabi-gcc -DHAVE_CONFIG_H -I/home/ros/sigyn_microros_ws/firmware/mcu_ws/build/libyaml_vendor/libyaml-0.2.5-prefix/src/libyaml-0.2.5/include -I/home/ros/sigyn_microros_ws/firmware/mcu_ws/build/libyaml_vendor/libyaml-0.2.5-prefix/src/libyaml-0.2.5-build/include -std=c11 -O2 -mfloat-abi=hard -mfpu=fpv5-d16 -ffunction-sections -fdata-sections -fno-exceptions -nostdlib -mcpu=cortex-m7 -mthumb -D'RCUTILS_LOG_MIN_SEVERITY=RCUTILS_LOG_MIN_SEVERITY_NONE' -DCLOCK_MONOTONIC=0 -D'__attribute__(x)=' -O3 -DNDEBUG -MD -MT CMakeFiles/yaml.dir/src/scanner.c.obj -MF CMakeFiles/yaml.dir/src/scanner.c.obj.d -o CMakeFiles/yaml.dir/src/scanner.c.obj -c /home/ros/sigyn_microros_ws/firmware/mcu_ws/build/libyaml_vendor/libyaml-0.2.5-prefix/src/libyaml-0.2.5/src/scanner.c
[2.928s] [01m[K/home/ros/sigyn_microros_ws/firmware/mcu_ws/build/libyaml_vendor/libyaml-0.2.5-prefix/src/libyaml-0.2.5/src/api.c:[m[K In function '[01m[Kyaml_strdup[m[K':
[2.929s] [01m[K/home/ros/sigyn_microros_ws/firmware/mcu_ws/build/libyaml_vendor/libyaml-0.2.5-prefix/src/libyaml-0.2.5/src/api.c:66:27:[m[K [01;35m[Kwarning: [m[Kimplicit declaration of function '[01m[Kstrdup[m[K' [-Wimplicit-function-declaration]
[2.929s]      return (yaml_char_t *)strdup((char *)str);
[2.929s] [01;32m[K                           ^[m[K
[3.445s] [100%] [32m[1mLinking C static library libyaml.a[0m
[3.445s] /usr/bin/cmake -P CMakeFiles/yaml.dir/cmake_clean_target.cmake
[3.450s] /usr/bin/cmake -E cmake_link_script CMakeFiles/yaml.dir/link.txt --verbose=1
[3.454s] /usr/bin/ar qc libyaml.a CMakeFiles/yaml.dir/src/api.c.obj CMakeFiles/yaml.dir/src/dumper.c.obj CMakeFiles/yaml.dir/src/emitter.c.obj CMakeFiles/yaml.dir/src/loader.c.obj CMakeFiles/yaml.dir/src/parser.c.obj CMakeFiles/yaml.dir/src/reader.c.obj CMakeFiles/yaml.dir/src/scanner.c.obj CMakeFiles/yaml.dir/src/writer.c.obj
[3.468s] /usr/bin/ranlib libyaml.a
[3.482s] gmake[5]: Leaving directory '/home/ros/sigyn_microros_ws/firmware/mcu_ws/build/libyaml_vendor/libyaml-0.2.5-prefix/src/libyaml-0.2.5-build'
[3.486s] [100%] Built target yaml
[3.487s] gmake[4]: Leaving directory '/home/ros/sigyn_microros_ws/firmware/mcu_ws/build/libyaml_vendor/libyaml-0.2.5-prefix/src/libyaml-0.2.5-build'
[3.487s] /usr/bin/cmake -E cmake_progress_start /home/ros/sigyn_microros_ws/firmware/mcu_ws/build/libyaml_vendor/libyaml-0.2.5-prefix/src/libyaml-0.2.5-build/CMakeFiles 0
[3.493s] gmake[3]: Leaving directory '/home/ros/sigyn_microros_ws/firmware/mcu_ws/build/libyaml_vendor/libyaml-0.2.5-prefix/src/libyaml-0.2.5-build'
[3.493s] cd /home/ros/sigyn_microros_ws/firmware/mcu_ws/build/libyaml_vendor/libyaml-0.2.5-prefix/src/libyaml-0.2.5-build && /usr/bin/cmake -E touch /home/ros/sigyn_microros_ws/firmware/mcu_ws/build/libyaml_vendor/libyaml-0.2.5-prefix/src/libyaml-0.2.5-stamp/libyaml-0.2.5-build
[3.503s] [ 87%] [34m[1mPerforming install step for 'libyaml-0.2.5'[0m
[3.504s] cd /home/ros/sigyn_microros_ws/firmware/mcu_ws/build/libyaml_vendor/libyaml-0.2.5-prefix/src/libyaml-0.2.5-build && /usr/bin/gmake install
[3.506s] gmake[3]: Entering directory '/home/ros/sigyn_microros_ws/firmware/mcu_ws/build/libyaml_vendor/libyaml-0.2.5-prefix/src/libyaml-0.2.5-build'
[3.506s] /usr/bin/cmake -S/home/ros/sigyn_microros_ws/firmware/mcu_ws/build/libyaml_vendor/libyaml-0.2.5-prefix/src/libyaml-0.2.5 -B/home/ros/sigyn_microros_ws/firmware/mcu_ws/build/libyaml_vendor/libyaml-0.2.5-prefix/src/libyaml-0.2.5-build --check-build-system CMakeFiles/Makefile.cmake 0
[3.510s] /usr/bin/cmake -E cmake_progress_start /home/ros/sigyn_microros_ws/firmware/mcu_ws/build/libyaml_vendor/libyaml-0.2.5-prefix/src/libyaml-0.2.5-build/CMakeFiles /home/ros/sigyn_microros_ws/firmware/mcu_ws/build/libyaml_vendor/libyaml-0.2.5-prefix/src/libyaml-0.2.5-build//CMakeFiles/progress.marks
[3.515s] /usr/bin/gmake  -f CMakeFiles/Makefile2 all
[3.515s] gmake[4]: Entering directory '/home/ros/sigyn_microros_ws/firmware/mcu_ws/build/libyaml_vendor/libyaml-0.2.5-prefix/src/libyaml-0.2.5-build'
[3.515s] /usr/bin/gmake  -f CMakeFiles/yaml.dir/build.make CMakeFiles/yaml.dir/depend
[3.516s] gmake[5]: Entering directory '/home/ros/sigyn_microros_ws/firmware/mcu_ws/build/libyaml_vendor/libyaml-0.2.5-prefix/src/libyaml-0.2.5-build'
[3.516s] cd /home/ros/sigyn_microros_ws/firmware/mcu_ws/build/libyaml_vendor/libyaml-0.2.5-prefix/src/libyaml-0.2.5-build && /usr/bin/cmake -E cmake_depends "Unix Makefiles" /home/ros/sigyn_microros_ws/firmware/mcu_ws/build/libyaml_vendor/libyaml-0.2.5-prefix/src/libyaml-0.2.5 /home/ros/sigyn_microros_ws/firmware/mcu_ws/build/libyaml_vendor/libyaml-0.2.5-prefix/src/libyaml-0.2.5 /home/ros/sigyn_microros_ws/firmware/mcu_ws/build/libyaml_vendor/libyaml-0.2.5-prefix/src/libyaml-0.2.5-build /home/ros/sigyn_microros_ws/firmware/mcu_ws/build/libyaml_vendor/libyaml-0.2.5-prefix/src/libyaml-0.2.5-build /home/ros/sigyn_microros_ws/firmware/mcu_ws/build/libyaml_vendor/libyaml-0.2.5-prefix/src/libyaml-0.2.5-build/CMakeFiles/yaml.dir/DependInfo.cmake --color=
[3.521s] Dependencies file "CMakeFiles/yaml.dir/src/api.c.obj.d" is newer than depends file "/home/ros/sigyn_microros_ws/firmware/mcu_ws/build/libyaml_vendor/libyaml-0.2.5-prefix/src/libyaml-0.2.5-build/CMakeFiles/yaml.dir/compiler_depend.internal".
[3.521s] Dependencies file "CMakeFiles/yaml.dir/src/dumper.c.obj.d" is newer than depends file "/home/ros/sigyn_microros_ws/firmware/mcu_ws/build/libyaml_vendor/libyaml-0.2.5-prefix/src/libyaml-0.2.5-build/CMakeFiles/yaml.dir/compiler_depend.internal".
[3.521s] Dependencies file "CMakeFiles/yaml.dir/src/emitter.c.obj.d" is newer than depends file "/home/ros/sigyn_microros_ws/firmware/mcu_ws/build/libyaml_vendor/libyaml-0.2.5-prefix/src/libyaml-0.2.5-build/CMakeFiles/yaml.dir/compiler_depend.internal".
[3.521s] Dependencies file "CMakeFiles/yaml.dir/src/loader.c.obj.d" is newer than depends file "/home/ros/sigyn_microros_ws/firmware/mcu_ws/build/libyaml_vendor/libyaml-0.2.5-prefix/src/libyaml-0.2.5-build/CMakeFiles/yaml.dir/compiler_depend.internal".
[3.521s] Dependencies file "CMakeFiles/yaml.dir/src/parser.c.obj.d" is newer than depends file "/home/ros/sigyn_microros_ws/firmware/mcu_ws/build/libyaml_vendor/libyaml-0.2.5-prefix/src/libyaml-0.2.5-build/CMakeFiles/yaml.dir/compiler_depend.internal".
[3.521s] Dependencies file "CMakeFiles/yaml.dir/src/reader.c.obj.d" is newer than depends file "/home/ros/sigyn_microros_ws/firmware/mcu_ws/build/libyaml_vendor/libyaml-0.2.5-prefix/src/libyaml-0.2.5-build/CMakeFiles/yaml.dir/compiler_depend.internal".
[3.521s] Dependencies file "CMakeFiles/yaml.dir/src/scanner.c.obj.d" is newer than depends file "/home/ros/sigyn_microros_ws/firmware/mcu_ws/build/libyaml_vendor/libyaml-0.2.5-prefix/src/libyaml-0.2.5-build/CMakeFiles/yaml.dir/compiler_depend.internal".
[3.521s] Dependencies file "CMakeFiles/yaml.dir/src/writer.c.obj.d" is newer than depends file "/home/ros/sigyn_microros_ws/firmware/mcu_ws/build/libyaml_vendor/libyaml-0.2.5-prefix/src/libyaml-0.2.5-build/CMakeFiles/yaml.dir/compiler_depend.internal".
[3.521s] [35m[1mConsolidate compiler generated dependencies of target yaml[0m
[3.522s] gmake[5]: Leaving directory '/home/ros/sigyn_microros_ws/firmware/mcu_ws/build/libyaml_vendor/libyaml-0.2.5-prefix/src/libyaml-0.2.5-build'
[3.522s] /usr/bin/gmake  -f CMakeFiles/yaml.dir/build.make CMakeFiles/yaml.dir/build
[3.523s] gmake[5]: Entering directory '/home/ros/sigyn_microros_ws/firmware/mcu_ws/build/libyaml_vendor/libyaml-0.2.5-prefix/src/libyaml-0.2.5-build'
[3.523s] gmake[5]: Nothing to be done for 'CMakeFiles/yaml.dir/build'.
[3.523s] gmake[5]: Leaving directory '/home/ros/sigyn_microros_ws/firmware/mcu_ws/build/libyaml_vendor/libyaml-0.2.5-prefix/src/libyaml-0.2.5-build'
[3.528s] [100%] Built target yaml
[3.528s] gmake[4]: Leaving directory '/home/ros/sigyn_microros_ws/firmware/mcu_ws/build/libyaml_vendor/libyaml-0.2.5-prefix/src/libyaml-0.2.5-build'
[3.528s] /usr/bin/cmake -E cmake_progress_start /home/ros/sigyn_microros_ws/firmware/mcu_ws/build/libyaml_vendor/libyaml-0.2.5-prefix/src/libyaml-0.2.5-build/CMakeFiles 0
[3.533s] /usr/bin/gmake  -f CMakeFiles/Makefile2 preinstall
[3.534s] gmake[4]: Entering directory '/home/ros/sigyn_microros_ws/firmware/mcu_ws/build/libyaml_vendor/libyaml-0.2.5-prefix/src/libyaml-0.2.5-build'
[3.534s] gmake[4]: Nothing to be done for 'preinstall'.
[3.534s] gmake[4]: Leaving directory '/home/ros/sigyn_microros_ws/firmware/mcu_ws/build/libyaml_vendor/libyaml-0.2.5-prefix/src/libyaml-0.2.5-build'
[3.539s] [36mInstall the project...[0m
[3.540s] /usr/bin/cmake -P cmake_install.cmake
[3.544s] -- Install configuration: "Release"
[3.544s] -- Installing: /home/ros/sigyn_microros_ws/firmware/mcu_ws/build/libyaml_vendor/libyaml_install/include/libyaml_vendor/yaml.h
[3.545s] -- Installing: /home/ros/sigyn_microros_ws/firmware/mcu_ws/build/libyaml_vendor/libyaml_install/lib/libyaml.a
[3.545s] -- Installing: /home/ros/sigyn_microros_ws/firmware/mcu_ws/build/libyaml_vendor/libyaml_install/cmake/yamlConfig.cmake
[3.545s] -- Installing: /home/ros/sigyn_microros_ws/firmware/mcu_ws/build/libyaml_vendor/libyaml_install/cmake/yamlTargets.cmake
[3.545s] -- Installing: /home/ros/sigyn_microros_ws/firmware/mcu_ws/build/libyaml_vendor/libyaml_install/cmake/yamlTargets-release.cmake
[3.545s] -- Installing: /home/ros/sigyn_microros_ws/firmware/mcu_ws/build/libyaml_vendor/libyaml_install/cmake/yamlConfigVersion.cmake
[3.546s] gmake[3]: Leaving directory '/home/ros/sigyn_microros_ws/firmware/mcu_ws/build/libyaml_vendor/libyaml-0.2.5-prefix/src/libyaml-0.2.5-build'
[3.547s] cd /home/ros/sigyn_microros_ws/firmware/mcu_ws/build/libyaml_vendor/libyaml-0.2.5-prefix/src/libyaml-0.2.5-build && /usr/bin/cmake -E touch /home/ros/sigyn_microros_ws/firmware/mcu_ws/build/libyaml_vendor/libyaml-0.2.5-prefix/src/libyaml-0.2.5-stamp/libyaml-0.2.5-install
[3.557s] [100%] [34m[1mCompleted 'libyaml-0.2.5'[0m
[3.557s] /usr/bin/cmake -E make_directory /home/ros/sigyn_microros_ws/firmware/mcu_ws/build/libyaml_vendor/CMakeFiles
[3.562s] /usr/bin/cmake -E touch /home/ros/sigyn_microros_ws/firmware/mcu_ws/build/libyaml_vendor/CMakeFiles/libyaml-0.2.5-complete
[3.566s] /usr/bin/cmake -E touch /home/ros/sigyn_microros_ws/firmware/mcu_ws/build/libyaml_vendor/libyaml-0.2.5-prefix/src/libyaml-0.2.5-stamp/libyaml-0.2.5-done
[3.570s] gmake[2]: Leaving directory '/home/ros/sigyn_microros_ws/firmware/mcu_ws/build/libyaml_vendor'
[3.576s] [100%] Built target libyaml-0.2.5
[3.576s] gmake[1]: Leaving directory '/home/ros/sigyn_microros_ws/firmware/mcu_ws/build/libyaml_vendor'
[3.577s] /usr/bin/cmake -E cmake_progress_start /home/ros/sigyn_microros_ws/firmware/mcu_ws/build/libyaml_vendor/CMakeFiles 0
[3.584s] Invoked command in '/home/ros/sigyn_microros_ws/firmware/mcu_ws/build/libyaml_vendor' returned '0': CMAKE_PREFIX_PATH=${CMAKE_PREFIX_PATH}:/home/ros/sigyn_microros_ws/firmware/dev_ws/install/ament_uncrustify:/home/ros/sigyn_microros_ws/firmware/dev_ws/install/domain_coordinator:/home/ros/sigyn_microros_ws/firmware/dev_ws/install/ament_xmllint:/home/ros/sigyn_microros_ws/firmware/dev_ws/install/ament_pyflakes:/home/ros/sigyn_microros_ws/firmware/dev_ws/install/ament_pycodestyle:/home/ros/sigyn_microros_ws/firmware/dev_ws/install/ament_pep257:/home/ros/sigyn_microros_ws/firmware/dev_ws/install/ament_pclint:/home/ros/sigyn_microros_ws/firmware/dev_ws/install/ament_package:/home/ros/sigyn_microros_ws/firmware/dev_ws/install/ament_mypy:/home/ros/sigyn_microros_ws/firmware/dev_ws/install/ament_lint_cmake:/home/ros/sigyn_microros_ws/firmware/dev_ws/install/ament_flake8:/home/ros/sigyn_microros_ws/firmware/dev_ws/install/ament_copyright:/home/ros/sigyn_microros_ws/firmware/dev_ws/install/ament_lint:/home/ros/sigyn_microros_ws/firmware/dev_ws/install/ament_index_python:/home/ros/sigyn_microros_ws/firmware/dev_ws/install/ament_cpplint:/home/ros/sigyn_microros_ws/firmware/dev_ws/install/ament_cppcheck:/home/ros/sigyn_microros_ws/firmware/dev_ws/install/ament_clang_tidy:/home/ros/sigyn_microros_ws/firmware/dev_ws/install/ament_clang_format /usr/bin/cmake --build /home/ros/sigyn_microros_ws/firmware/mcu_ws/build/libyaml_vendor -- -j24 -l24
[3.605s] Invoking command in '/home/ros/sigyn_microros_ws/firmware/mcu_ws/build/libyaml_vendor': CMAKE_PREFIX_PATH=${CMAKE_PREFIX_PATH}:/home/ros/sigyn_microros_ws/firmware/dev_ws/install/ament_uncrustify:/home/ros/sigyn_microros_ws/firmware/dev_ws/install/domain_coordinator:/home/ros/sigyn_microros_ws/firmware/dev_ws/install/ament_xmllint:/home/ros/sigyn_microros_ws/firmware/dev_ws/install/ament_pyflakes:/home/ros/sigyn_microros_ws/firmware/dev_ws/install/ament_pycodestyle:/home/ros/sigyn_microros_ws/firmware/dev_ws/install/ament_pep257:/home/ros/sigyn_microros_ws/firmware/dev_ws/install/ament_pclint:/home/ros/sigyn_microros_ws/firmware/dev_ws/install/ament_package:/home/ros/sigyn_microros_ws/firmware/dev_ws/install/ament_mypy:/home/ros/sigyn_microros_ws/firmware/dev_ws/install/ament_lint_cmake:/home/ros/sigyn_microros_ws/firmware/dev_ws/install/ament_flake8:/home/ros/sigyn_microros_ws/firmware/dev_ws/install/ament_copyright:/home/ros/sigyn_microros_ws/firmware/dev_ws/install/ament_lint:/home/ros/sigyn_microros_ws/firmware/dev_ws/install/ament_index_python:/home/ros/sigyn_microros_ws/firmware/dev_ws/install/ament_cpplint:/home/ros/sigyn_microros_ws/firmware/dev_ws/install/ament_cppcheck:/home/ros/sigyn_microros_ws/firmware/dev_ws/install/ament_clang_tidy:/home/ros/sigyn_microros_ws/firmware/dev_ws/install/ament_clang_format /usr/bin/cmake --install /home/ros/sigyn_microros_ws/firmware/mcu_ws/build/libyaml_vendor
[3.609s] -- Install configuration: "Release"
[3.609s] -- Up-to-date: /home/ros/sigyn_microros_ws/firmware/mcu_ws/install
[3.609s] -- Up-to-date: /home/ros/sigyn_microros_ws/firmware/mcu_ws/install/include
[3.609s] -- Installing: /home/ros/sigyn_microros_ws/firmware/mcu_ws/install/include/libyaml_vendor
[3.609s] -- Installing: /home/ros/sigyn_microros_ws/firmware/mcu_ws/install/include/libyaml_vendor/yaml.h
[3.609s] -- Up-to-date: /home/ros/sigyn_microros_ws/firmware/mcu_ws/install/lib
[3.609s] -- Installing: /home/ros/sigyn_microros_ws/firmware/mcu_ws/install/lib/libyaml.a
[3.609s] -- Installing: /home/ros/sigyn_microros_ws/firmware/mcu_ws/install/cmake
[3.609s] -- Installing: /home/ros/sigyn_microros_ws/firmware/mcu_ws/install/cmake/yamlTargets-release.cmake
[3.609s] -- Installing: /home/ros/sigyn_microros_ws/firmware/mcu_ws/install/cmake/yamlConfigVersion.cmake
[3.609s] -- Installing: /home/ros/sigyn_microros_ws/firmware/mcu_ws/install/cmake/yamlTargets.cmake
[3.609s] -- Installing: /home/ros/sigyn_microros_ws/firmware/mcu_ws/install/cmake/yamlConfig.cmake
[3.610s] -- Installing: /home/ros/sigyn_microros_ws/firmware/mcu_ws/install/share/libyaml_vendor/environment/library_path.sh
[3.610s] -- Installing: /home/ros/sigyn_microros_ws/firmware/mcu_ws/install/share/libyaml_vendor/environment/library_path.dsv
[3.610s] -- Installing: /home/ros/sigyn_microros_ws/firmware/mcu_ws/install/share/ament_index/resource_index/package_run_dependencies/libyaml_vendor
[3.610s] -- Installing: /home/ros/sigyn_microros_ws/firmware/mcu_ws/install/share/ament_index/resource_index/parent_prefix_path/libyaml_vendor
[3.610s] -- Installing: /home/ros/sigyn_microros_ws/firmware/mcu_ws/install/share/libyaml_vendor/environment/ament_prefix_path.sh
[3.610s] -- Installing: /home/ros/sigyn_microros_ws/firmware/mcu_ws/install/share/libyaml_vendor/environment/ament_prefix_path.dsv
[3.610s] -- Installing: /home/ros/sigyn_microros_ws/firmware/mcu_ws/install/share/libyaml_vendor/environment/path.sh
[3.610s] -- Installing: /home/ros/sigyn_microros_ws/firmware/mcu_ws/install/share/libyaml_vendor/environment/path.dsv
[3.610s] -- Installing: /home/ros/sigyn_microros_ws/firmware/mcu_ws/install/share/libyaml_vendor/local_setup.bash
[3.610s] -- Installing: /home/ros/sigyn_microros_ws/firmware/mcu_ws/install/share/libyaml_vendor/local_setup.sh
[3.610s] -- Installing: /home/ros/sigyn_microros_ws/firmware/mcu_ws/install/share/libyaml_vendor/local_setup.zsh
[3.610s] -- Installing: /home/ros/sigyn_microros_ws/firmware/mcu_ws/install/share/libyaml_vendor/local_setup.dsv
[3.611s] -- Installing: /home/ros/sigyn_microros_ws/firmware/mcu_ws/install/share/libyaml_vendor/package.dsv
[3.611s] -- Installing: /home/ros/sigyn_microros_ws/firmware/mcu_ws/install/share/ament_index/resource_index/packages/libyaml_vendor
[3.611s] -- Installing: /home/ros/sigyn_microros_ws/firmware/mcu_ws/install/share/libyaml_vendor/cmake/libyaml_vendor-extras.cmake
[3.611s] -- Installing: /home/ros/sigyn_microros_ws/firmware/mcu_ws/install/share/libyaml_vendor/cmake/ament_cmake_export_libraries-extras.cmake
[3.611s] -- Installing: /home/ros/sigyn_microros_ws/firmware/mcu_ws/install/share/libyaml_vendor/cmake/ament_cmake_export_dependencies-extras.cmake
[3.611s] -- Installing: /home/ros/sigyn_microros_ws/firmware/mcu_ws/install/share/libyaml_vendor/cmake/libyaml_vendorConfig.cmake
[3.611s] -- Installing: /home/ros/sigyn_microros_ws/firmware/mcu_ws/install/share/libyaml_vendor/cmake/libyaml_vendorConfig-version.cmake
[3.611s] -- Installing: /home/ros/sigyn_microros_ws/firmware/mcu_ws/install/share/libyaml_vendor/package.xml
[3.613s] Invoked command in '/home/ros/sigyn_microros_ws/firmware/mcu_ws/build/libyaml_vendor' returned '0': CMAKE_PREFIX_PATH=${CMAKE_PREFIX_PATH}:/home/ros/sigyn_microros_ws/firmware/dev_ws/install/ament_uncrustify:/home/ros/sigyn_microros_ws/firmware/dev_ws/install/domain_coordinator:/home/ros/sigyn_microros_ws/firmware/dev_ws/install/ament_xmllint:/home/ros/sigyn_microros_ws/firmware/dev_ws/install/ament_pyflakes:/home/ros/sigyn_microros_ws/firmware/dev_ws/install/ament_pycodestyle:/home/ros/sigyn_microros_ws/firmware/dev_ws/install/ament_pep257:/home/ros/sigyn_microros_ws/firmware/dev_ws/install/ament_pclint:/home/ros/sigyn_microros_ws/firmware/dev_ws/install/ament_package:/home/ros/sigyn_microros_ws/firmware/dev_ws/install/ament_mypy:/home/ros/sigyn_microros_ws/firmware/dev_ws/install/ament_lint_cmake:/home/ros/sigyn_microros_ws/firmware/dev_ws/install/ament_flake8:/home/ros/sigyn_microros_ws/firmware/dev_ws/install/ament_copyright:/home/ros/sigyn_microros_ws/firmware/dev_ws/install/ament_lint:/home/ros/sigyn_microros_ws/firmware/dev_ws/install/ament_index_python:/home/ros/sigyn_microros_ws/firmware/dev_ws/install/ament_cpplint:/home/ros/sigyn_microros_ws/firmware/dev_ws/install/ament_cppcheck:/home/ros/sigyn_microros_ws/firmware/dev_ws/install/ament_clang_tidy:/home/ros/sigyn_microros_ws/firmware/dev_ws/install/ament_clang_format /usr/bin/cmake --install /home/ros/sigyn_microros_ws/firmware/mcu_ws/build/libyaml_vendor
