Not searching for unused variables given on the command line.
-- The C compiler identification is GNU 5.4.1
-- The CXX compiler identification is GNU 5.4.1
-- Detecting C compiler ABI info
-- Detecting C compiler ABI info - done
-- Check for working C compiler: /home/ros/aa-arduino-1.8.19/hardware/tools/arm/bin/arm-none-eabi-gcc - skipped
-- Detecting C compile features
-- Detecting C compile features - done
-- Detecting CXX compiler ABI info
-- Detecting CXX compiler ABI info - done
-- Check for working CXX compiler: /home/ros/aa-arduino-1.8.19/hardware/tools/arm/bin/arm-none-eabi-g++ - skipped
-- Detecting CXX compile features
-- Detecting CXX compile features - done
-- Found ament_cmake_ros: 0.10.0 (/home/ros/sigyn_microros_ws/firmware/dev_ws/install/ament_cmake_ros/share/ament_cmake_ros/cmake)
-- Found Python3: /usr/bin/python3 (found version "3.10.12") found components: Interpreter 
-- Found rcutils: 5.1.6 (/home/ros/sigyn_microros_ws/firmware/mcu_ws/install/share/rcutils/cmake)
-- Found rosidl_runtime_c: 3.1.5 (/home/ros/sigyn_microros_ws/firmware/mcu_ws/install/share/rosidl_runtime_c/cmake)
-- Configuring done
-- Generating done
-- Build files have been written to: /home/ros/sigyn_microros_ws/firmware/mcu_ws/build/rosidl_typesupport_c
/usr/bin/cmake -S/home/ros/sigyn_microros_ws/firmware/mcu_ws/uros/rosidl_typesupport/rosidl_typesupport_c -B/home/ros/sigyn_microros_ws/firmware/mcu_ws/build/rosidl_typesupport_c --check-build-system CMakeFiles/Makefile.cmake 0
/usr/bin/cmake -E cmake_progress_start /home/ros/sigyn_microros_ws/firmware/mcu_ws/build/rosidl_typesupport_c/CMakeFiles /home/ros/sigyn_microros_ws/firmware/mcu_ws/build/rosidl_typesupport_c//CMakeFiles/progress.marks
/usr/bin/gmake  -f CMakeFiles/Makefile2 all
gmake[1]: Entering directory '/home/ros/sigyn_microros_ws/firmware/mcu_ws/build/rosidl_typesupport_c'
/usr/bin/gmake  -f CMakeFiles/ament_cmake_python_copy_rosidl_typesupport_c_setup.dir/build.make CMakeFiles/ament_cmake_python_copy_rosidl_typesupport_c_setup.dir/depend
/usr/bin/gmake  -f CMakeFiles/ament_cmake_python_copy_rosidl_typesupport_c.dir/build.make CMakeFiles/ament_cmake_python_copy_rosidl_typesupport_c.dir/depend
/usr/bin/gmake  -f CMakeFiles/rosidl_typesupport_c.dir/build.make CMakeFiles/rosidl_typesupport_c.dir/depend
gmake[2]: Entering directory '/home/ros/sigyn_microros_ws/firmware/mcu_ws/build/rosidl_typesupport_c'
cd /home/ros/sigyn_microros_ws/firmware/mcu_ws/build/rosidl_typesupport_c && /usr/bin/cmake -E cmake_depends "Unix Makefiles" /home/ros/sigyn_microros_ws/firmware/mcu_ws/uros/rosidl_typesupport/rosidl_typesupport_c /home/ros/sigyn_microros_ws/firmware/mcu_ws/uros/rosidl_typesupport/rosidl_typesupport_c /home/ros/sigyn_microros_ws/firmware/mcu_ws/build/rosidl_typesupport_c /home/ros/sigyn_microros_ws/firmware/mcu_ws/build/rosidl_typesupport_c /home/ros/sigyn_microros_ws/firmware/mcu_ws/build/rosidl_typesupport_c/CMakeFiles/ament_cmake_python_copy_rosidl_typesupport_c_setup.dir/DependInfo.cmake --color=
gmake[2]: Entering directory '/home/ros/sigyn_microros_ws/firmware/mcu_ws/build/rosidl_typesupport_c'
cd /home/ros/sigyn_microros_ws/firmware/mcu_ws/build/rosidl_typesupport_c && /usr/bin/cmake -E cmake_depends "Unix Makefiles" /home/ros/sigyn_microros_ws/firmware/mcu_ws/uros/rosidl_typesupport/rosidl_typesupport_c /home/ros/sigyn_microros_ws/firmware/mcu_ws/uros/rosidl_typesupport/rosidl_typesupport_c /home/ros/sigyn_microros_ws/firmware/mcu_ws/build/rosidl_typesupport_c /home/ros/sigyn_microros_ws/firmware/mcu_ws/build/rosidl_typesupport_c /home/ros/sigyn_microros_ws/firmware/mcu_ws/build/rosidl_typesupport_c/CMakeFiles/ament_cmake_python_copy_rosidl_typesupport_c.dir/DependInfo.cmake --color=
gmake[2]: Entering directory '/home/ros/sigyn_microros_ws/firmware/mcu_ws/build/rosidl_typesupport_c'
cd /home/ros/sigyn_microros_ws/firmware/mcu_ws/build/rosidl_typesupport_c && /usr/bin/cmake -E cmake_depends "Unix Makefiles" /home/ros/sigyn_microros_ws/firmware/mcu_ws/uros/rosidl_typesupport/rosidl_typesupport_c /home/ros/sigyn_microros_ws/firmware/mcu_ws/uros/rosidl_typesupport/rosidl_typesupport_c /home/ros/sigyn_microros_ws/firmware/mcu_ws/build/rosidl_typesupport_c /home/ros/sigyn_microros_ws/firmware/mcu_ws/build/rosidl_typesupport_c /home/ros/sigyn_microros_ws/firmware/mcu_ws/build/rosidl_typesupport_c/CMakeFiles/rosidl_typesupport_c.dir/DependInfo.cmake --color=
gmake[2]: Leaving directory '/home/ros/sigyn_microros_ws/firmware/mcu_ws/build/rosidl_typesupport_c'
gmake[2]: Leaving directory '/home/ros/sigyn_microros_ws/firmware/mcu_ws/build/rosidl_typesupport_c'
/usr/bin/gmake  -f CMakeFiles/ament_cmake_python_copy_rosidl_typesupport_c_setup.dir/build.make CMakeFiles/ament_cmake_python_copy_rosidl_typesupport_c_setup.dir/build
/usr/bin/gmake  -f CMakeFiles/rosidl_typesupport_c.dir/build.make CMakeFiles/rosidl_typesupport_c.dir/build
gmake[2]: Entering directory '/home/ros/sigyn_microros_ws/firmware/mcu_ws/build/rosidl_typesupport_c'
/usr/bin/cmake -E copy /home/ros/sigyn_microros_ws/firmware/mcu_ws/uros/rosidl_typesupport/rosidl_typesupport_c/setup.cfg /home/ros/sigyn_microros_ws/firmware/mcu_ws/build/rosidl_typesupport_c/ament_cmake_python/rosidl_typesupport_c/setup.cfg
gmake[2]: Leaving directory '/home/ros/sigyn_microros_ws/firmware/mcu_ws/build/rosidl_typesupport_c'
/usr/bin/gmake  -f CMakeFiles/ament_cmake_python_copy_rosidl_typesupport_c.dir/build.make CMakeFiles/ament_cmake_python_copy_rosidl_typesupport_c.dir/build
gmake[2]: Entering directory '/home/ros/sigyn_microros_ws/firmware/mcu_ws/build/rosidl_typesupport_c'
gmake[2]: Entering directory '/home/ros/sigyn_microros_ws/firmware/mcu_ws/build/rosidl_typesupport_c'
/usr/bin/cmake -E copy_directory /home/ros/sigyn_microros_ws/firmware/mcu_ws/uros/rosidl_typesupport/rosidl_typesupport_c/rosidl_typesupport_c /home/ros/sigyn_microros_ws/firmware/mcu_ws/build/rosidl_typesupport_c/ament_cmake_python/rosidl_typesupport_c/rosidl_typesupport_c
[ 25%] [32mBuilding CXX object CMakeFiles/rosidl_typesupport_c.dir/src/service_type_support_dispatch.cpp.obj[0m
gmake[2]: Leaving directory '/home/ros/sigyn_microros_ws/firmware/mcu_ws/build/rosidl_typesupport_c'
[ 50%] [32mBuilding C object CMakeFiles/rosidl_typesupport_c.dir/src/identifier.c.obj[0m
[ 75%] [32mBuilding CXX object CMakeFiles/rosidl_typesupport_c.dir/src/message_type_support_dispatch.cpp.obj[0m
gmake[2]: Leaving directory '/home/ros/sigyn_microros_ws/firmware/mcu_ws/build/rosidl_typesupport_c'
/home/ros/aa-arduino-1.8.19/hardware/tools/arm/bin/arm-none-eabi-g++ -DROSIDL_TYPESUPPORT_STATIC_TYPESUPPORT -DROS_PACKAGE_NAME=\"rosidl_typesupport_c\" -I/home/ros/sigyn_microros_ws/firmware/mcu_ws/uros/rosidl_typesupport/rosidl_typesupport_c/include -isystem /home/ros/sigyn_microros_ws/firmware/mcu_ws/install/include/rosidl_runtime_c -isystem /home/ros/sigyn_microros_ws/firmware/mcu_ws/install/include/rcutils -isystem /home/ros/sigyn_microros_ws/firmware/mcu_ws/install/include/rosidl_typesupport_interface -std=c++14 -O2 -mfloat-abi=hard -mfpu=fpv5-d16 -ffunction-sections -fdata-sections -fno-exceptions -nostdlib -mcpu=cortex-m7 -mthumb -D'RCUTILS_LOG_MIN_SEVERITY=RCUTILS_LOG_MIN_SEVERITY_NONE' -fno-rtti -DCLOCK_MONOTONIC=0 -D'__attribute__(x)=' -O3 -DNDEBUG -Wall -Wextra -Wpedantic -std=gnu++14 -MD -MT CMakeFiles/rosidl_typesupport_c.dir/src/service_type_support_dispatch.cpp.obj -MF CMakeFiles/rosidl_typesupport_c.dir/src/service_type_support_dispatch.cpp.obj.d -o CMakeFiles/rosidl_typesupport_c.dir/src/service_type_support_dispatch.cpp.obj -c /home/ros/sigyn_microros_ws/firmware/mcu_ws/uros/rosidl_typesupport/rosidl_typesupport_c/src/service_type_support_dispatch.cpp
/home/ros/aa-arduino-1.8.19/hardware/tools/arm/bin/arm-none-eabi-gcc -DROSIDL_TYPESUPPORT_STATIC_TYPESUPPORT -DROS_PACKAGE_NAME=\"rosidl_typesupport_c\" -I/home/ros/sigyn_microros_ws/firmware/mcu_ws/uros/rosidl_typesupport/rosidl_typesupport_c/include -isystem /home/ros/sigyn_microros_ws/firmware/mcu_ws/install/include/rosidl_runtime_c -isystem /home/ros/sigyn_microros_ws/firmware/mcu_ws/install/include/rcutils -isystem /home/ros/sigyn_microros_ws/firmware/mcu_ws/install/include/rosidl_typesupport_interface -std=c11 -O2 -mfloat-abi=hard -mfpu=fpv5-d16 -ffunction-sections -fdata-sections -fno-exceptions -nostdlib -mcpu=cortex-m7 -mthumb -D'RCUTILS_LOG_MIN_SEVERITY=RCUTILS_LOG_MIN_SEVERITY_NONE' -DCLOCK_MONOTONIC=0 -D'__attribute__(x)=' -O3 -DNDEBUG -Wall -Wextra -Wpedantic -MD -MT CMakeFiles/rosidl_typesupport_c.dir/src/identifier.c.obj -MF CMakeFiles/rosidl_typesupport_c.dir/src/identifier.c.obj.d -o CMakeFiles/rosidl_typesupport_c.dir/src/identifier.c.obj -c /home/ros/sigyn_microros_ws/firmware/mcu_ws/uros/rosidl_typesupport/rosidl_typesupport_c/src/identifier.c
/home/ros/aa-arduino-1.8.19/hardware/tools/arm/bin/arm-none-eabi-g++ -DROSIDL_TYPESUPPORT_STATIC_TYPESUPPORT -DROS_PACKAGE_NAME=\"rosidl_typesupport_c\" -I/home/ros/sigyn_microros_ws/firmware/mcu_ws/uros/rosidl_typesupport/rosidl_typesupport_c/include -isystem /home/ros/sigyn_microros_ws/firmware/mcu_ws/install/include/rosidl_runtime_c -isystem /home/ros/sigyn_microros_ws/firmware/mcu_ws/install/include/rcutils -isystem /home/ros/sigyn_microros_ws/firmware/mcu_ws/install/include/rosidl_typesupport_interface -std=c++14 -O2 -mfloat-abi=hard -mfpu=fpv5-d16 -ffunction-sections -fdata-sections -fno-exceptions -nostdlib -mcpu=cortex-m7 -mthumb -D'RCUTILS_LOG_MIN_SEVERITY=RCUTILS_LOG_MIN_SEVERITY_NONE' -fno-rtti -DCLOCK_MONOTONIC=0 -D'__attribute__(x)=' -O3 -DNDEBUG -Wall -Wextra -Wpedantic -std=gnu++14 -MD -MT CMakeFiles/rosidl_typesupport_c.dir/src/message_type_support_dispatch.cpp.obj -MF CMakeFiles/rosidl_typesupport_c.dir/src/message_type_support_dispatch.cpp.obj.d -o CMakeFiles/rosidl_typesupport_c.dir/src/message_type_support_dispatch.cpp.obj -c /home/ros/sigyn_microros_ws/firmware/mcu_ws/uros/rosidl_typesupport/rosidl_typesupport_c/src/message_type_support_dispatch.cpp
[ 75%] Built target ament_cmake_python_copy_rosidl_typesupport_c_setup
[ 75%] Built target ament_cmake_python_copy_rosidl_typesupport_c
/usr/bin/gmake  -f CMakeFiles/ament_cmake_python_build_rosidl_typesupport_c_egg.dir/build.make CMakeFiles/ament_cmake_python_build_rosidl_typesupport_c_egg.dir/depend
gmake[2]: Entering directory '/home/ros/sigyn_microros_ws/firmware/mcu_ws/build/rosidl_typesupport_c'
cd /home/ros/sigyn_microros_ws/firmware/mcu_ws/build/rosidl_typesupport_c && /usr/bin/cmake -E cmake_depends "Unix Makefiles" /home/ros/sigyn_microros_ws/firmware/mcu_ws/uros/rosidl_typesupport/rosidl_typesupport_c /home/ros/sigyn_microros_ws/firmware/mcu_ws/uros/rosidl_typesupport/rosidl_typesupport_c /home/ros/sigyn_microros_ws/firmware/mcu_ws/build/rosidl_typesupport_c /home/ros/sigyn_microros_ws/firmware/mcu_ws/build/rosidl_typesupport_c /home/ros/sigyn_microros_ws/firmware/mcu_ws/build/rosidl_typesupport_c/CMakeFiles/ament_cmake_python_build_rosidl_typesupport_c_egg.dir/DependInfo.cmake --color=
gmake[2]: Leaving directory '/home/ros/sigyn_microros_ws/firmware/mcu_ws/build/rosidl_typesupport_c'
/usr/bin/gmake  -f CMakeFiles/ament_cmake_python_build_rosidl_typesupport_c_egg.dir/build.make CMakeFiles/ament_cmake_python_build_rosidl_typesupport_c_egg.dir/build
gmake[2]: Entering directory '/home/ros/sigyn_microros_ws/firmware/mcu_ws/build/rosidl_typesupport_c'
cd /home/ros/sigyn_microros_ws/firmware/mcu_ws/build/rosidl_typesupport_c/ament_cmake_python/rosidl_typesupport_c && /usr/bin/python3 setup.py egg_info
[100%] [32m[1mLinking CXX static library librosidl_typesupport_c.a[0m
/usr/bin/cmake -P CMakeFiles/rosidl_typesupport_c.dir/cmake_clean_target.cmake
/usr/bin/cmake -E cmake_link_script CMakeFiles/rosidl_typesupport_c.dir/link.txt --verbose=1
/usr/bin/ar qc librosidl_typesupport_c.a CMakeFiles/rosidl_typesupport_c.dir/src/identifier.c.obj CMakeFiles/rosidl_typesupport_c.dir/src/message_type_support_dispatch.cpp.obj CMakeFiles/rosidl_typesupport_c.dir/src/service_type_support_dispatch.cpp.obj
/usr/bin/ranlib librosidl_typesupport_c.a
gmake[2]: Leaving directory '/home/ros/sigyn_microros_ws/firmware/mcu_ws/build/rosidl_typesupport_c'
[100%] Built target rosidl_typesupport_c
running egg_info
creating rosidl_typesupport_c.egg-info
writing rosidl_typesupport_c.egg-info/PKG-INFO
writing dependency_links to rosidl_typesupport_c.egg-info/dependency_links.txt
writing entry points to rosidl_typesupport_c.egg-info/entry_points.txt
writing top-level names to rosidl_typesupport_c.egg-info/top_level.txt
writing manifest file 'rosidl_typesupport_c.egg-info/SOURCES.txt'
reading manifest file 'rosidl_typesupport_c.egg-info/SOURCES.txt'
writing manifest file 'rosidl_typesupport_c.egg-info/SOURCES.txt'
gmake[2]: Leaving directory '/home/ros/sigyn_microros_ws/firmware/mcu_ws/build/rosidl_typesupport_c'
[100%] Built target ament_cmake_python_build_rosidl_typesupport_c_egg
gmake[1]: Leaving directory '/home/ros/sigyn_microros_ws/firmware/mcu_ws/build/rosidl_typesupport_c'
/usr/bin/cmake -E cmake_progress_start /home/ros/sigyn_microros_ws/firmware/mcu_ws/build/rosidl_typesupport_c/CMakeFiles 0
-- Install configuration: "Release"
-- Installing: /home/ros/sigyn_microros_ws/firmware/mcu_ws/install/share/rosidl_typesupport_c/environment/pythonpath.sh
-- Installing: /home/ros/sigyn_microros_ws/firmware/mcu_ws/install/share/rosidl_typesupport_c/environment/pythonpath.dsv
-- Installing: /home/ros/sigyn_microros_ws/firmware/mcu_ws/install/local/lib/python3.10/dist-packages/rosidl_typesupport_c-2.0.1-py3.10.egg-info
-- Installing: /home/ros/sigyn_microros_ws/firmware/mcu_ws/install/local/lib/python3.10/dist-packages/rosidl_typesupport_c-2.0.1-py3.10.egg-info/entry_points.txt
-- Installing: /home/ros/sigyn_microros_ws/firmware/mcu_ws/install/local/lib/python3.10/dist-packages/rosidl_typesupport_c-2.0.1-py3.10.egg-info/top_level.txt
-- Installing: /home/ros/sigyn_microros_ws/firmware/mcu_ws/install/local/lib/python3.10/dist-packages/rosidl_typesupport_c-2.0.1-py3.10.egg-info/dependency_links.txt
-- Installing: /home/ros/sigyn_microros_ws/firmware/mcu_ws/install/local/lib/python3.10/dist-packages/rosidl_typesupport_c-2.0.1-py3.10.egg-info/SOURCES.txt
-- Installing: /home/ros/sigyn_microros_ws/firmware/mcu_ws/install/local/lib/python3.10/dist-packages/rosidl_typesupport_c-2.0.1-py3.10.egg-info/PKG-INFO
-- Installing: /home/ros/sigyn_microros_ws/firmware/mcu_ws/install/local/lib/python3.10/dist-packages/rosidl_typesupport_c
-- Installing: /home/ros/sigyn_microros_ws/firmware/mcu_ws/install/local/lib/python3.10/dist-packages/rosidl_typesupport_c/__init__.py
-- Installing: /home/ros/sigyn_microros_ws/firmware/mcu_ws/install/local/lib/python3.10/dist-packages/rosidl_typesupport_c/cli.py
Listing '/home/ros/sigyn_microros_ws/firmware/mcu_ws/install/local/lib/python3.10/dist-packages/rosidl_typesupport_c'...
Compiling '/home/ros/sigyn_microros_ws/firmware/mcu_ws/install/local/lib/python3.10/dist-packages/rosidl_typesupport_c/__init__.py'...
Compiling '/home/ros/sigyn_microros_ws/firmware/mcu_ws/install/local/lib/python3.10/dist-packages/rosidl_typesupport_c/cli.py'...
-- Installing: /home/ros/sigyn_microros_ws/firmware/mcu_ws/install/share/rosidl_typesupport_c/environment/library_path.sh
-- Installing: /home/ros/sigyn_microros_ws/firmware/mcu_ws/install/share/rosidl_typesupport_c/environment/library_path.dsv
-- Installing: /home/ros/sigyn_microros_ws/firmware/mcu_ws/install/share/ament_index/resource_index/rosidl_runtime_packages/rosidl_typesupport_c
-- Installing: /home/ros/sigyn_microros_ws/firmware/mcu_ws/install/share/ament_index/resource_index/package_run_dependencies/rosidl_typesupport_c
-- Installing: /home/ros/sigyn_microros_ws/firmware/mcu_ws/install/share/ament_index/resource_index/parent_prefix_path/rosidl_typesupport_c
-- Installing: /home/ros/sigyn_microros_ws/firmware/mcu_ws/install/share/rosidl_typesupport_c/environment/ament_prefix_path.sh
-- Installing: /home/ros/sigyn_microros_ws/firmware/mcu_ws/install/share/rosidl_typesupport_c/environment/ament_prefix_path.dsv
-- Installing: /home/ros/sigyn_microros_ws/firmware/mcu_ws/install/share/rosidl_typesupport_c/environment/path.sh
-- Installing: /home/ros/sigyn_microros_ws/firmware/mcu_ws/install/share/rosidl_typesupport_c/environment/path.dsv
-- Installing: /home/ros/sigyn_microros_ws/firmware/mcu_ws/install/share/rosidl_typesupport_c/local_setup.bash
-- Installing: /home/ros/sigyn_microros_ws/firmware/mcu_ws/install/share/rosidl_typesupport_c/local_setup.sh
-- Installing: /home/ros/sigyn_microros_ws/firmware/mcu_ws/install/share/rosidl_typesupport_c/local_setup.zsh
-- Installing: /home/ros/sigyn_microros_ws/firmware/mcu_ws/install/share/rosidl_typesupport_c/local_setup.dsv
-- Installing: /home/ros/sigyn_microros_ws/firmware/mcu_ws/install/share/rosidl_typesupport_c/package.dsv
-- Installing: /home/ros/sigyn_microros_ws/firmware/mcu_ws/install/share/ament_index/resource_index/packages/rosidl_typesupport_c
-- Installing: /home/ros/sigyn_microros_ws/firmware/mcu_ws/install/share/rosidl_typesupport_c/cmake/rosidl_typesupport_cExport.cmake
-- Installing: /home/ros/sigyn_microros_ws/firmware/mcu_ws/install/share/rosidl_typesupport_c/cmake/rosidl_typesupport_cExport-release.cmake
-- Installing: /home/ros/sigyn_microros_ws/firmware/mcu_ws/install/share/rosidl_typesupport_c/cmake/rosidl_typesupport_c-extras.cmake
-- Installing: /home/ros/sigyn_microros_ws/firmware/mcu_ws/install/share/rosidl_typesupport_c/cmake/ament_cmake_export_dependencies-extras.cmake
-- Installing: /home/ros/sigyn_microros_ws/firmware/mcu_ws/install/share/rosidl_typesupport_c/cmake/ament_cmake_export_include_directories-extras.cmake
-- Installing: /home/ros/sigyn_microros_ws/firmware/mcu_ws/install/share/rosidl_typesupport_c/cmake/ament_cmake_export_libraries-extras.cmake
-- Installing: /home/ros/sigyn_microros_ws/firmware/mcu_ws/install/share/rosidl_typesupport_c/cmake/ament_cmake_export_targets-extras.cmake
-- Installing: /home/ros/sigyn_microros_ws/firmware/mcu_ws/install/share/rosidl_typesupport_c/cmake/rosidl_typesupport_cConfig.cmake
-- Installing: /home/ros/sigyn_microros_ws/firmware/mcu_ws/install/share/rosidl_typesupport_c/cmake/rosidl_typesupport_cConfig-version.cmake
-- Installing: /home/ros/sigyn_microros_ws/firmware/mcu_ws/install/share/rosidl_typesupport_c/package.xml
-- Installing: /home/ros/sigyn_microros_ws/firmware/mcu_ws/install/lib/rosidl_typesupport_c/rosidl_typesupport_c
-- Up-to-date: /home/ros/sigyn_microros_ws/firmware/mcu_ws/install/share/rosidl_typesupport_c/cmake
-- Installing: /home/ros/sigyn_microros_ws/firmware/mcu_ws/install/share/rosidl_typesupport_c/cmake/rosidl_typesupport_c_generate_interfaces.cmake
-- Installing: /home/ros/sigyn_microros_ws/firmware/mcu_ws/install/share/rosidl_typesupport_c/cmake/get_used_typesupports.cmake
-- Installing: /home/ros/sigyn_microros_ws/firmware/mcu_ws/install/share/rosidl_typesupport_c/resource
-- Installing: /home/ros/sigyn_microros_ws/firmware/mcu_ws/install/share/rosidl_typesupport_c/resource/idl__type_support.cpp.em
-- Installing: /home/ros/sigyn_microros_ws/firmware/mcu_ws/install/share/rosidl_typesupport_c/resource/srv__type_support.cpp.em
-- Installing: /home/ros/sigyn_microros_ws/firmware/mcu_ws/install/share/rosidl_typesupport_c/resource/msg__type_support.cpp.em
-- Installing: /home/ros/sigyn_microros_ws/firmware/mcu_ws/install/share/rosidl_typesupport_c/resource/action__type_support.c.em
-- Installing: /home/ros/sigyn_microros_ws/firmware/mcu_ws/install/include/rosidl_typesupport_c
-- Installing: /home/ros/sigyn_microros_ws/firmware/mcu_ws/install/include/rosidl_typesupport_c/rosidl_typesupport_c
-- Installing: /home/ros/sigyn_microros_ws/firmware/mcu_ws/install/include/rosidl_typesupport_c/rosidl_typesupport_c/identifier.h
-- Installing: /home/ros/sigyn_microros_ws/firmware/mcu_ws/install/include/rosidl_typesupport_c/rosidl_typesupport_c/type_support_map.h
-- Installing: /home/ros/sigyn_microros_ws/firmware/mcu_ws/install/include/rosidl_typesupport_c/rosidl_typesupport_c/service_type_support_dispatch.h
-- Installing: /home/ros/sigyn_microros_ws/firmware/mcu_ws/install/include/rosidl_typesupport_c/rosidl_typesupport_c/message_type_support_dispatch.h
-- Installing: /home/ros/sigyn_microros_ws/firmware/mcu_ws/install/include/rosidl_typesupport_c/rosidl_typesupport_c/visibility_control.h
-- Installing: /home/ros/sigyn_microros_ws/firmware/mcu_ws/install/lib/librosidl_typesupport_c.a
