[0.538s] Invoking command in '/home/ros/sigyn_microros_ws/firmware/mcu_ws/uros/tracetools/tracetools_trace': PYTHONPATH=/home/ros/sigyn_microros_ws/firmware/mcu_ws/build/tracetools_trace/prefix_override:/usr/lib/python3/dist-packages/colcon_core/task/python/colcon_distutils_commands:/home/ros/sigyn_microros_ws/firmware/mcu_ws/install/lib/python3.10/site-packages:${PYTHONPATH} /usr/bin/python3 -W ignore:setup.py install is deprecated setup.py egg_info --egg-base ../../../build/tracetools_trace build --build-base /home/ros/sigyn_microros_ws/firmware/mcu_ws/build/tracetools_trace/build install --record /home/ros/sigyn_microros_ws/firmware/mcu_ws/build/tracetools_trace/install.log --single-version-externally-managed install_data
[0.643s] running egg_info
[0.643s] creating ../../../build/tracetools_trace/tracetools_trace.egg-info
[0.643s] writing ../../../build/tracetools_trace/tracetools_trace.egg-info/PKG-INFO
[0.643s] writing dependency_links to ../../../build/tracetools_trace/tracetools_trace.egg-info/dependency_links.txt
[0.643s] writing entry points to ../../../build/tracetools_trace/tracetools_trace.egg-info/entry_points.txt
[0.643s] writing requirements to ../../../build/tracetools_trace/tracetools_trace.egg-info/requires.txt
[0.643s] writing top-level names to ../../../build/tracetools_trace/tracetools_trace.egg-info/top_level.txt
[0.643s] writing manifest file '../../../build/tracetools_trace/tracetools_trace.egg-info/SOURCES.txt'
[0.644s] reading manifest file '../../../build/tracetools_trace/tracetools_trace.egg-info/SOURCES.txt'
[0.645s] writing manifest file '../../../build/tracetools_trace/tracetools_trace.egg-info/SOURCES.txt'
[0.645s] running build
[0.645s] running build_py
[0.645s] creating /home/ros/sigyn_microros_ws/firmware/mcu_ws/build/tracetools_trace/build
[0.645s] creating /home/ros/sigyn_microros_ws/firmware/mcu_ws/build/tracetools_trace/build/lib
[0.645s] creating /home/ros/sigyn_microros_ws/firmware/mcu_ws/build/tracetools_trace/build/lib/tracetools_trace
[0.645s] copying tracetools_trace/trace.py -> /home/ros/sigyn_microros_ws/firmware/mcu_ws/build/tracetools_trace/build/lib/tracetools_trace
[0.645s] copying tracetools_trace/__init__.py -> /home/ros/sigyn_microros_ws/firmware/mcu_ws/build/tracetools_trace/build/lib/tracetools_trace
[0.645s] creating /home/ros/sigyn_microros_ws/firmware/mcu_ws/build/tracetools_trace/build/lib/tracetools_trace/tools
[0.645s] copying tracetools_trace/tools/args.py -> /home/ros/sigyn_microros_ws/firmware/mcu_ws/build/tracetools_trace/build/lib/tracetools_trace/tools
[0.645s] copying tracetools_trace/tools/signals.py -> /home/ros/sigyn_microros_ws/firmware/mcu_ws/build/tracetools_trace/build/lib/tracetools_trace/tools
[0.645s] copying tracetools_trace/tools/__init__.py -> /home/ros/sigyn_microros_ws/firmware/mcu_ws/build/tracetools_trace/build/lib/tracetools_trace/tools
[0.645s] copying tracetools_trace/tools/tracepoints.py -> /home/ros/sigyn_microros_ws/firmware/mcu_ws/build/tracetools_trace/build/lib/tracetools_trace/tools
[0.646s] copying tracetools_trace/tools/lttng_stub.py -> /home/ros/sigyn_microros_ws/firmware/mcu_ws/build/tracetools_trace/build/lib/tracetools_trace/tools
[0.646s] copying tracetools_trace/tools/lttng.py -> /home/ros/sigyn_microros_ws/firmware/mcu_ws/build/tracetools_trace/build/lib/tracetools_trace/tools
[0.646s] copying tracetools_trace/tools/names.py -> /home/ros/sigyn_microros_ws/firmware/mcu_ws/build/tracetools_trace/build/lib/tracetools_trace/tools
[0.646s] copying tracetools_trace/tools/path.py -> /home/ros/sigyn_microros_ws/firmware/mcu_ws/build/tracetools_trace/build/lib/tracetools_trace/tools
[0.646s] copying tracetools_trace/tools/lttng_impl.py -> /home/ros/sigyn_microros_ws/firmware/mcu_ws/build/tracetools_trace/build/lib/tracetools_trace/tools
[0.646s] running install
[0.646s] running install_lib
[0.646s] creating /home/ros/sigyn_microros_ws/firmware/mcu_ws/install/lib/python3.10/site-packages/tracetools_trace
[0.646s] copying /home/ros/sigyn_microros_ws/firmware/mcu_ws/build/tracetools_trace/build/lib/tracetools_trace/trace.py -> /home/ros/sigyn_microros_ws/firmware/mcu_ws/install/lib/python3.10/site-packages/tracetools_trace
[0.646s] copying /home/ros/sigyn_microros_ws/firmware/mcu_ws/build/tracetools_trace/build/lib/tracetools_trace/__init__.py -> /home/ros/sigyn_microros_ws/firmware/mcu_ws/install/lib/python3.10/site-packages/tracetools_trace
[0.647s] creating /home/ros/sigyn_microros_ws/firmware/mcu_ws/install/lib/python3.10/site-packages/tracetools_trace/tools
[0.647s] copying /home/ros/sigyn_microros_ws/firmware/mcu_ws/build/tracetools_trace/build/lib/tracetools_trace/tools/args.py -> /home/ros/sigyn_microros_ws/firmware/mcu_ws/install/lib/python3.10/site-packages/tracetools_trace/tools
[0.647s] copying /home/ros/sigyn_microros_ws/firmware/mcu_ws/build/tracetools_trace/build/lib/tracetools_trace/tools/signals.py -> /home/ros/sigyn_microros_ws/firmware/mcu_ws/install/lib/python3.10/site-packages/tracetools_trace/tools
[0.647s] copying /home/ros/sigyn_microros_ws/firmware/mcu_ws/build/tracetools_trace/build/lib/tracetools_trace/tools/__init__.py -> /home/ros/sigyn_microros_ws/firmware/mcu_ws/install/lib/python3.10/site-packages/tracetools_trace/tools
[0.647s] copying /home/ros/sigyn_microros_ws/firmware/mcu_ws/build/tracetools_trace/build/lib/tracetools_trace/tools/tracepoints.py -> /home/ros/sigyn_microros_ws/firmware/mcu_ws/install/lib/python3.10/site-packages/tracetools_trace/tools
[0.647s] copying /home/ros/sigyn_microros_ws/firmware/mcu_ws/build/tracetools_trace/build/lib/tracetools_trace/tools/lttng_stub.py -> /home/ros/sigyn_microros_ws/firmware/mcu_ws/install/lib/python3.10/site-packages/tracetools_trace/tools
[0.647s] copying /home/ros/sigyn_microros_ws/firmware/mcu_ws/build/tracetools_trace/build/lib/tracetools_trace/tools/lttng.py -> /home/ros/sigyn_microros_ws/firmware/mcu_ws/install/lib/python3.10/site-packages/tracetools_trace/tools
[0.647s] copying /home/ros/sigyn_microros_ws/firmware/mcu_ws/build/tracetools_trace/build/lib/tracetools_trace/tools/names.py -> /home/ros/sigyn_microros_ws/firmware/mcu_ws/install/lib/python3.10/site-packages/tracetools_trace/tools
[0.647s] copying /home/ros/sigyn_microros_ws/firmware/mcu_ws/build/tracetools_trace/build/lib/tracetools_trace/tools/path.py -> /home/ros/sigyn_microros_ws/firmware/mcu_ws/install/lib/python3.10/site-packages/tracetools_trace/tools
[0.647s] copying /home/ros/sigyn_microros_ws/firmware/mcu_ws/build/tracetools_trace/build/lib/tracetools_trace/tools/lttng_impl.py -> /home/ros/sigyn_microros_ws/firmware/mcu_ws/install/lib/python3.10/site-packages/tracetools_trace/tools
[0.647s] byte-compiling /home/ros/sigyn_microros_ws/firmware/mcu_ws/install/lib/python3.10/site-packages/tracetools_trace/trace.py to trace.cpython-310.pyc
[0.648s] byte-compiling /home/ros/sigyn_microros_ws/firmware/mcu_ws/install/lib/python3.10/site-packages/tracetools_trace/__init__.py to __init__.cpython-310.pyc
[0.648s] byte-compiling /home/ros/sigyn_microros_ws/firmware/mcu_ws/install/lib/python3.10/site-packages/tracetools_trace/tools/args.py to args.cpython-310.pyc
[0.648s] byte-compiling /home/ros/sigyn_microros_ws/firmware/mcu_ws/install/lib/python3.10/site-packages/tracetools_trace/tools/signals.py to signals.cpython-310.pyc
[0.649s] byte-compiling /home/ros/sigyn_microros_ws/firmware/mcu_ws/install/lib/python3.10/site-packages/tracetools_trace/tools/__init__.py to __init__.cpython-310.pyc
[0.649s] byte-compiling /home/ros/sigyn_microros_ws/firmware/mcu_ws/install/lib/python3.10/site-packages/tracetools_trace/tools/tracepoints.py to tracepoints.cpython-310.pyc
[0.649s] byte-compiling /home/ros/sigyn_microros_ws/firmware/mcu_ws/install/lib/python3.10/site-packages/tracetools_trace/tools/lttng_stub.py to lttng_stub.cpython-310.pyc
[0.649s] byte-compiling /home/ros/sigyn_microros_ws/firmware/mcu_ws/install/lib/python3.10/site-packages/tracetools_trace/tools/lttng.py to lttng.cpython-310.pyc
[0.649s] byte-compiling /home/ros/sigyn_microros_ws/firmware/mcu_ws/install/lib/python3.10/site-packages/tracetools_trace/tools/names.py to names.cpython-310.pyc
[0.649s] byte-compiling /home/ros/sigyn_microros_ws/firmware/mcu_ws/install/lib/python3.10/site-packages/tracetools_trace/tools/path.py to path.cpython-310.pyc
[0.650s] byte-compiling /home/ros/sigyn_microros_ws/firmware/mcu_ws/install/lib/python3.10/site-packages/tracetools_trace/tools/lttng_impl.py to lttng_impl.cpython-310.pyc
[0.651s] running install_data
[0.651s] copying package.xml -> /home/ros/sigyn_microros_ws/firmware/mcu_ws/install/share/tracetools_trace
[0.651s] copying resource/tracetools_trace -> /home/ros/sigyn_microros_ws/firmware/mcu_ws/install/share/ament_index/resource_index/packages
[0.651s] running install_egg_info
[0.652s] Copying ../../../build/tracetools_trace/tracetools_trace.egg-info to /home/ros/sigyn_microros_ws/firmware/mcu_ws/install/lib/python3.10/site-packages/tracetools_trace-4.1.1-py3.10.egg-info
[0.652s] running install_scripts
[0.664s] Installing trace script to /home/ros/sigyn_microros_ws/firmware/mcu_ws/install/lib/tracetools_trace
[0.665s] writing list of installed files to '/home/ros/sigyn_microros_ws/firmware/mcu_ws/build/tracetools_trace/install.log'
[0.679s] Invoked command in '/home/ros/sigyn_microros_ws/firmware/mcu_ws/uros/tracetools/tracetools_trace' returned '0': PYTHONPATH=/home/ros/sigyn_microros_ws/firmware/mcu_ws/build/tracetools_trace/prefix_override:/usr/lib/python3/dist-packages/colcon_core/task/python/colcon_distutils_commands:/home/ros/sigyn_microros_ws/firmware/mcu_ws/install/lib/python3.10/site-packages:${PYTHONPATH} /usr/bin/python3 -W ignore:setup.py install is deprecated setup.py egg_info --egg-base ../../../build/tracetools_trace build --build-base /home/ros/sigyn_microros_ws/firmware/mcu_ws/build/tracetools_trace/build install --record /home/ros/sigyn_microros_ws/firmware/mcu_ws/build/tracetools_trace/install.log --single-version-externally-managed install_data
