[0.557s] Invoking command in '/home/ros/sigyn_microros_ws/firmware/mcu_ws/uros/tracetools/tracetools_read': PYTHONPATH=/home/ros/sigyn_microros_ws/firmware/mcu_ws/build/tracetools_read/prefix_override:/usr/lib/python3/dist-packages/colcon_core/task/python/colcon_distutils_commands:/home/ros/sigyn_microros_ws/firmware/mcu_ws/install/lib/python3.10/site-packages:${PYTHONPATH} /usr/bin/python3 -W ignore:setup.py install is deprecated setup.py egg_info --egg-base ../../../build/tracetools_read build --build-base /home/ros/sigyn_microros_ws/firmware/mcu_ws/build/tracetools_read/build install --record /home/ros/sigyn_microros_ws/firmware/mcu_ws/build/tracetools_read/install.log --single-version-externally-managed install_data
[0.662s] running egg_info
[0.662s] creating ../../../build/tracetools_read/tracetools_read.egg-info
[0.662s] writing ../../../build/tracetools_read/tracetools_read.egg-info/PKG-INFO
[0.662s] writing dependency_links to ../../../build/tracetools_read/tracetools_read.egg-info/dependency_links.txt
[0.662s] writing requirements to ../../../build/tracetools_read/tracetools_read.egg-info/requires.txt
[0.662s] writing top-level names to ../../../build/tracetools_read/tracetools_read.egg-info/top_level.txt
[0.662s] writing manifest file '../../../build/tracetools_read/tracetools_read.egg-info/SOURCES.txt'
[0.663s] reading manifest file '../../../build/tracetools_read/tracetools_read.egg-info/SOURCES.txt'
[0.663s] writing manifest file '../../../build/tracetools_read/tracetools_read.egg-info/SOURCES.txt'
[0.664s] running build
[0.664s] running build_py
[0.664s] creating /home/ros/sigyn_microros_ws/firmware/mcu_ws/build/tracetools_read/build
[0.664s] creating /home/ros/sigyn_microros_ws/firmware/mcu_ws/build/tracetools_read/build/lib
[0.664s] creating /home/ros/sigyn_microros_ws/firmware/mcu_ws/build/tracetools_read/build/lib/tracetools_read
[0.664s] copying tracetools_read/trace.py -> /home/ros/sigyn_microros_ws/firmware/mcu_ws/build/tracetools_read/build/lib/tracetools_read
[0.664s] copying tracetools_read/__init__.py -> /home/ros/sigyn_microros_ws/firmware/mcu_ws/build/tracetools_read/build/lib/tracetools_read
[0.664s] running install
[0.664s] running install_lib
[0.664s] creating /home/ros/sigyn_microros_ws/firmware/mcu_ws/install/lib/python3.10/site-packages/tracetools_read
[0.665s] copying /home/ros/sigyn_microros_ws/firmware/mcu_ws/build/tracetools_read/build/lib/tracetools_read/trace.py -> /home/ros/sigyn_microros_ws/firmware/mcu_ws/install/lib/python3.10/site-packages/tracetools_read
[0.665s] copying /home/ros/sigyn_microros_ws/firmware/mcu_ws/build/tracetools_read/build/lib/tracetools_read/__init__.py -> /home/ros/sigyn_microros_ws/firmware/mcu_ws/install/lib/python3.10/site-packages/tracetools_read
[0.665s] byte-compiling /home/ros/sigyn_microros_ws/firmware/mcu_ws/install/lib/python3.10/site-packages/tracetools_read/trace.py to trace.cpython-310.pyc
[0.665s] byte-compiling /home/ros/sigyn_microros_ws/firmware/mcu_ws/install/lib/python3.10/site-packages/tracetools_read/__init__.py to __init__.cpython-310.pyc
[0.666s] running install_data
[0.666s] copying package.xml -> /home/ros/sigyn_microros_ws/firmware/mcu_ws/install/share/tracetools_read
[0.666s] copying resource/tracetools_read -> /home/ros/sigyn_microros_ws/firmware/mcu_ws/install/share/ament_index/resource_index/packages
[0.666s] running install_egg_info
[0.667s] Copying ../../../build/tracetools_read/tracetools_read.egg-info to /home/ros/sigyn_microros_ws/firmware/mcu_ws/install/lib/python3.10/site-packages/tracetools_read-4.1.1-py3.10.egg-info
[0.668s] running install_scripts
[0.679s] writing list of installed files to '/home/ros/sigyn_microros_ws/firmware/mcu_ws/build/tracetools_read/install.log'
[0.705s] Invoked command in '/home/ros/sigyn_microros_ws/firmware/mcu_ws/uros/tracetools/tracetools_read' returned '0': PYTHONPATH=/home/ros/sigyn_microros_ws/firmware/mcu_ws/build/tracetools_read/prefix_override:/usr/lib/python3/dist-packages/colcon_core/task/python/colcon_distutils_commands:/home/ros/sigyn_microros_ws/firmware/mcu_ws/install/lib/python3.10/site-packages:${PYTHONPATH} /usr/bin/python3 -W ignore:setup.py install is deprecated setup.py egg_info --egg-base ../../../build/tracetools_read build --build-base /home/ros/sigyn_microros_ws/firmware/mcu_ws/build/tracetools_read/build install --record /home/ros/sigyn_microros_ws/firmware/mcu_ws/build/tracetools_read/install.log --single-version-externally-managed install_data
