The target system is: Generic -  - 
The host system is: Linux - 6.5.0-45-generic - x86_64
Compiling the C compiler identification source file "CMakeCCompilerId.c" succeeded.
Compiler: /home/ros/aa-arduino-1.8.19/hardware/tools/arm/bin/arm-none-eabi-gcc 
Build flags: 
Id flags: -c 

The output was:
0


Compilation of the C compiler identification source "CMakeCCompilerId.c" produced "CMakeCCompilerId.o"

The C compiler identification is GNU, found in "/home/ros/sigyn_microros_ws/firmware/mcu_ws/build/rosgraph_msgs/CMakeFiles/3.22.1/CompilerIdC/CMakeCCompilerId.o"

Compiling the CXX compiler identification source file "CMakeCXXCompilerId.cpp" succeeded.
Compiler: /home/ros/aa-arduino-1.8.19/hardware/tools/arm/bin/arm-none-eabi-g++ 
Build flags: 
Id flags: -c 

The output was:
0


Compilation of the CXX compiler identification source "CMakeCXXCompilerId.cpp" produced "CMakeCXXCompilerId.o"

The CXX compiler identification is GNU, found in "/home/ros/sigyn_microros_ws/firmware/mcu_ws/build/rosgraph_msgs/CMakeFiles/3.22.1/CompilerIdCXX/CMakeCXXCompilerId.o"

Detecting C compiler ABI info compiled with the following output:
Change Dir: /home/ros/sigyn_microros_ws/firmware/mcu_ws/build/rosgraph_msgs/CMakeFiles/CMakeTmp

Run Build Command(s):/usr/bin/gmake -f Makefile cmTC_3c387/fast && /usr/bin/gmake  -f CMakeFiles/cmTC_3c387.dir/build.make CMakeFiles/cmTC_3c387.dir/build
gmake[1]: Entering directory '/home/ros/sigyn_microros_ws/firmware/mcu_ws/build/rosgraph_msgs/CMakeFiles/CMakeTmp'
Building C object CMakeFiles/cmTC_3c387.dir/CMakeCCompilerABI.c.obj
/home/ros/aa-arduino-1.8.19/hardware/tools/arm/bin/arm-none-eabi-gcc   -std=c11 -O2 -mfloat-abi=hard -mfpu=fpv5-d16 -ffunction-sections -fdata-sections -fno-exceptions -nostdlib -mcpu=cortex-m7 -mthumb -D'RCUTILS_LOG_MIN_SEVERITY=RCUTILS_LOG_MIN_SEVERITY_NONE' -DCLOCK_MONOTONIC=0 -D'__attribute__(x)='    -v -o CMakeFiles/cmTC_3c387.dir/CMakeCCompilerABI.c.obj -c /usr/share/cmake-3.22/Modules/CMakeCCompilerABI.c
Using built-in specs.
COLLECT_GCC=/home/ros/aa-arduino-1.8.19/hardware/tools/arm/bin/arm-none-eabi-gcc
Target: arm-none-eabi
Configured with: /home/paul/gcc-arm-none-eabi-5_4-2016q3-20160926/src/gcc/configure --target=arm-none-eabi --prefix=/home/paul/gcc-arm-none-eabi-5_4-2016q3-20160926/install-native --libexecdir=/home/paul/gcc-arm-none-eabi-5_4-2016q3-20160926/install-native/lib --infodir=/home/paul/gcc-arm-none-eabi-5_4-2016q3-20160926/install-native/share/doc/gcc-arm-none-eabi/info --mandir=/home/paul/gcc-arm-none-eabi-5_4-2016q3-20160926/install-native/share/doc/gcc-arm-none-eabi/man --htmldir=/home/paul/gcc-arm-none-eabi-5_4-2016q3-20160926/install-native/share/doc/gcc-arm-none-eabi/html --pdfdir=/home/paul/gcc-arm-none-eabi-5_4-2016q3-20160926/install-native/share/doc/gcc-arm-none-eabi/pdf --enable-languages=c,c++ --enable-plugins --disable-decimal-float --disable-libffi --disable-libgomp --disable-libmudflap --disable-libquadmath --disable-libssp --disable-libstdcxx-pch --disable-nls --disable-shared --disable-threads --disable-tls --with-gnu-as --with-gnu-ld --with-newlib --with-headers=yes --with-python-dir=share/gcc-arm-none-eabi --with-sysroot=/home/paul/gcc-arm-none-eabi-5_4-2016q3-20160926/install-native/arm-none-eabi --build=x86_64-linux-gnu --host=x86_64-linux-gnu --with-gmp=/home/paul/gcc-arm-none-eabi-5_4-2016q3-20160926/build-native/host-libs/usr --with-mpfr=/home/paul/gcc-arm-none-eabi-5_4-2016q3-20160926/build-native/host-libs/usr --with-mpc=/home/paul/gcc-arm-none-eabi-5_4-2016q3-20160926/build-native/host-libs/usr --with-isl=/home/paul/gcc-arm-none-eabi-5_4-2016q3-20160926/build-native/host-libs/usr --with-cloog=/home/paul/gcc-arm-none-eabi-5_4-2016q3-20160926/build-native/host-libs/usr --with-libelf=/home/paul/gcc-arm-none-eabi-5_4-2016q3-20160926/build-native/host-libs/usr --with-host-libstdcxx='-static-libgcc -Wl,-Bstatic,-lstdc++,-Bdynamic -lm' --with-pkgversion='GNU Tools for ARM Embedded Processors' --with-multilib-list=armv6-m,armv7-m,armv7e-m,armv7-r,armv8-m.base,armv8-m.main
Thread model: single
gcc version 5.4.1 20160919 (release) [ARM/embedded-5-branch revision 240496] (GNU Tools for ARM Embedded Processors) 
COLLECT_GCC_OPTIONS='-std=c11' '-O2' '-mfloat-abi=hard' '-mfpu=fpv5-d16' '-ffunction-sections' '-fdata-sections' '-fno-exceptions' '-nostdlib' '-mcpu=cortex-m7' '-mthumb' '-D' 'RCUTILS_LOG_MIN_SEVERITY=RCUTILS_LOG_MIN_SEVERITY_NONE' '-D' 'CLOCK_MONOTONIC=0' '-D' '__attribute__(x)=' '-v' '-o' 'CMakeFiles/cmTC_3c387.dir/CMakeCCompilerABI.c.obj' '-c'
 /home/ros/aa-arduino-1.8.19/hardware/tools/arm/bin/../lib/gcc/arm-none-eabi/5.4.1/cc1 -quiet -v -imultilib armv7e-m/fpu/fpv5-d16 -iprefix /home/ros/aa-arduino-1.8.19/hardware/tools/arm/bin/../lib/gcc/arm-none-eabi/5.4.1/ -isysroot /home/ros/aa-arduino-1.8.19/hardware/tools/arm/bin/../arm-none-eabi -D__USES_INITFINI__ -D RCUTILS_LOG_MIN_SEVERITY=RCUTILS_LOG_MIN_SEVERITY_NONE -D CLOCK_MONOTONIC=0 -D __attribute__(x)= /usr/share/cmake-3.22/Modules/CMakeCCompilerABI.c -quiet -dumpbase CMakeCCompilerABI.c -mfloat-abi=hard -mfpu=fpv5-d16 -mcpu=cortex-m7 -mthumb -auxbase-strip CMakeFiles/cmTC_3c387.dir/CMakeCCompilerABI.c.obj -O2 -std=c11 -version -ffunction-sections -fdata-sections -fno-exceptions -o /tmp/cc2oVTiL.s
GNU C11 (GNU Tools for ARM Embedded Processors) version 5.4.1 20160919 (release) [ARM/embedded-5-branch revision 240496] (arm-none-eabi)
	compiled by GNU C version 4.3.2, GMP version 4.3.2, MPFR version 2.4.2, MPC version 0.8.1
GGC heuristics: --param ggc-min-expand=100 --param ggc-min-heapsize=131072
ignoring duplicate directory "/home/ros/aa-arduino-1.8.19/hardware/tools/arm/bin/../lib/gcc/../../lib/gcc/arm-none-eabi/5.4.1/include"
ignoring nonexistent directory "/home/ros/aa-arduino-1.8.19/hardware/tools/arm/bin/../arm-none-eabi/usr/local/include"
ignoring duplicate directory "/home/ros/aa-arduino-1.8.19/hardware/tools/arm/bin/../lib/gcc/../../lib/gcc/arm-none-eabi/5.4.1/include-fixed"
ignoring duplicate directory "/home/ros/aa-arduino-1.8.19/hardware/tools/arm/bin/../lib/gcc/../../lib/gcc/arm-none-eabi/5.4.1/../../../../arm-none-eabi/include"
ignoring nonexistent directory "/home/ros/aa-arduino-1.8.19/hardware/tools/arm/bin/../arm-none-eabi/usr/include"
#include "..." search starts here:
#include <...> search starts here:
 /home/ros/aa-arduino-1.8.19/hardware/tools/arm/bin/../lib/gcc/arm-none-eabi/5.4.1/include
 /home/ros/aa-arduino-1.8.19/hardware/tools/arm/bin/../lib/gcc/arm-none-eabi/5.4.1/include-fixed
 /home/ros/aa-arduino-1.8.19/hardware/tools/arm/bin/../lib/gcc/arm-none-eabi/5.4.1/../../../../arm-none-eabi/include
End of search list.
GNU C11 (GNU Tools for ARM Embedded Processors) version 5.4.1 20160919 (release) [ARM/embedded-5-branch revision 240496] (arm-none-eabi)
	compiled by GNU C version 4.3.2, GMP version 4.3.2, MPFR version 2.4.2, MPC version 0.8.1
GGC heuristics: --param ggc-min-expand=100 --param ggc-min-heapsize=131072
Compiler executable checksum: ce524ff683f2306e8a5e16f85f4f33cb
COLLECT_GCC_OPTIONS='-std=c11' '-O2' '-mfloat-abi=hard' '-mfpu=fpv5-d16' '-ffunction-sections' '-fdata-sections' '-fno-exceptions' '-nostdlib' '-mcpu=cortex-m7' '-mthumb' '-D' 'RCUTILS_LOG_MIN_SEVERITY=RCUTILS_LOG_MIN_SEVERITY_NONE' '-D' 'CLOCK_MONOTONIC=0' '-D' '__attribute__(x)=' '-v' '-o' 'CMakeFiles/cmTC_3c387.dir/CMakeCCompilerABI.c.obj' '-c'
 /home/ros/aa-arduino-1.8.19/hardware/tools/arm/bin/../lib/gcc/arm-none-eabi/5.4.1/../../../../arm-none-eabi/bin/as -v -mcpu=cortex-m7 -mfloat-abi=hard -mfpu=fpv5-d16 -meabi=5 -o CMakeFiles/cmTC_3c387.dir/CMakeCCompilerABI.c.obj /tmp/cc2oVTiL.s
GNU assembler version 2.26.2 (arm-none-eabi) using BFD version (GNU Tools for ARM Embedded Processors) 2.26.2.20160923
COMPILER_PATH=/home/ros/aa-arduino-1.8.19/hardware/tools/arm/bin/../lib/gcc/arm-none-eabi/5.4.1/:/home/ros/aa-arduino-1.8.19/hardware/tools/arm/bin/../lib/gcc/:/home/ros/aa-arduino-1.8.19/hardware/tools/arm/bin/../lib/gcc/arm-none-eabi/5.4.1/../../../../arm-none-eabi/bin/
LIBRARY_PATH=/home/ros/aa-arduino-1.8.19/hardware/tools/arm/bin/../lib/gcc/arm-none-eabi/5.4.1/armv7e-m/fpu/fpv5-d16/:/home/ros/aa-arduino-1.8.19/hardware/tools/arm/bin/../lib/gcc/arm-none-eabi/5.4.1/../../../../arm-none-eabi/lib/armv7e-m/fpu/fpv5-d16/:/home/ros/aa-arduino-1.8.19/hardware/tools/arm/bin/../arm-none-eabi/lib/armv7e-m/fpu/fpv5-d16/:/home/ros/aa-arduino-1.8.19/hardware/tools/arm/bin/../lib/gcc/arm-none-eabi/5.4.1/:/home/ros/aa-arduino-1.8.19/hardware/tools/arm/bin/../lib/gcc/:/home/ros/aa-arduino-1.8.19/hardware/tools/arm/bin/../lib/gcc/arm-none-eabi/5.4.1/../../../../arm-none-eabi/lib/:/home/ros/aa-arduino-1.8.19/hardware/tools/arm/bin/../arm-none-eabi/lib/
COLLECT_GCC_OPTIONS='-std=c11' '-O2' '-mfloat-abi=hard' '-mfpu=fpv5-d16' '-ffunction-sections' '-fdata-sections' '-fno-exceptions' '-nostdlib' '-mcpu=cortex-m7' '-mthumb' '-D' 'RCUTILS_LOG_MIN_SEVERITY=RCUTILS_LOG_MIN_SEVERITY_NONE' '-D' 'CLOCK_MONOTONIC=0' '-D' '__attribute__(x)=' '-v' '-o' 'CMakeFiles/cmTC_3c387.dir/CMakeCCompilerABI.c.obj' '-c'
Linking C static library libcmTC_3c387.a
/usr/bin/cmake -P CMakeFiles/cmTC_3c387.dir/cmake_clean_target.cmake
/usr/bin/cmake -E cmake_link_script CMakeFiles/cmTC_3c387.dir/link.txt --verbose=1
/usr/bin/ar qc libcmTC_3c387.a CMakeFiles/cmTC_3c387.dir/CMakeCCompilerABI.c.obj
/usr/bin/ranlib libcmTC_3c387.a
gmake[1]: Leaving directory '/home/ros/sigyn_microros_ws/firmware/mcu_ws/build/rosgraph_msgs/CMakeFiles/CMakeTmp'



Parsed C implicit include dir info from above output: rv=done
  found start of include info
  found start of implicit include info
    add: [/home/ros/aa-arduino-1.8.19/hardware/tools/arm/bin/../lib/gcc/arm-none-eabi/5.4.1/include]
    add: [/home/ros/aa-arduino-1.8.19/hardware/tools/arm/bin/../lib/gcc/arm-none-eabi/5.4.1/include-fixed]
    add: [/home/ros/aa-arduino-1.8.19/hardware/tools/arm/bin/../lib/gcc/arm-none-eabi/5.4.1/../../../../arm-none-eabi/include]
  end of search list found
  collapse include dir [/home/ros/aa-arduino-1.8.19/hardware/tools/arm/bin/../lib/gcc/arm-none-eabi/5.4.1/include] ==> [/home/ros/aa-arduino-1.8.19/hardware/tools/arm/lib/gcc/arm-none-eabi/5.4.1/include]
  collapse include dir [/home/ros/aa-arduino-1.8.19/hardware/tools/arm/bin/../lib/gcc/arm-none-eabi/5.4.1/include-fixed] ==> [/home/ros/aa-arduino-1.8.19/hardware/tools/arm/lib/gcc/arm-none-eabi/5.4.1/include-fixed]
  collapse include dir [/home/ros/aa-arduino-1.8.19/hardware/tools/arm/bin/../lib/gcc/arm-none-eabi/5.4.1/../../../../arm-none-eabi/include] ==> [/home/ros/aa-arduino-1.8.19/hardware/tools/arm/arm-none-eabi/include]
  implicit include dirs: [/home/ros/aa-arduino-1.8.19/hardware/tools/arm/lib/gcc/arm-none-eabi/5.4.1/include;/home/ros/aa-arduino-1.8.19/hardware/tools/arm/lib/gcc/arm-none-eabi/5.4.1/include-fixed;/home/ros/aa-arduino-1.8.19/hardware/tools/arm/arm-none-eabi/include]


Parsed C implicit link information from above output:
  link line regex: [^( *|.*[/\])(arm-none-eabi-ld|CMAKE_LINK_STARTFILE-NOTFOUND|([^/\]+-)?ld|collect2)[^/\]*( |$)]
  ignore line: [Change Dir: /home/ros/sigyn_microros_ws/firmware/mcu_ws/build/rosgraph_msgs/CMakeFiles/CMakeTmp]
  ignore line: []
  ignore line: [Run Build Command(s):/usr/bin/gmake -f Makefile cmTC_3c387/fast && /usr/bin/gmake  -f CMakeFiles/cmTC_3c387.dir/build.make CMakeFiles/cmTC_3c387.dir/build]
  ignore line: [gmake[1]: Entering directory '/home/ros/sigyn_microros_ws/firmware/mcu_ws/build/rosgraph_msgs/CMakeFiles/CMakeTmp']
  ignore line: [Building C object CMakeFiles/cmTC_3c387.dir/CMakeCCompilerABI.c.obj]
  ignore line: [/home/ros/aa-arduino-1.8.19/hardware/tools/arm/bin/arm-none-eabi-gcc   -std=c11 -O2 -mfloat-abi=hard -mfpu=fpv5-d16 -ffunction-sections -fdata-sections -fno-exceptions -nostdlib -mcpu=cortex-m7 -mthumb -D'RCUTILS_LOG_MIN_SEVERITY=RCUTILS_LOG_MIN_SEVERITY_NONE' -DCLOCK_MONOTONIC=0 -D'__attribute__(x)='    -v -o CMakeFiles/cmTC_3c387.dir/CMakeCCompilerABI.c.obj -c /usr/share/cmake-3.22/Modules/CMakeCCompilerABI.c]
  ignore line: [Using built-in specs.]
  ignore line: [COLLECT_GCC=/home/ros/aa-arduino-1.8.19/hardware/tools/arm/bin/arm-none-eabi-gcc]
  ignore line: [Target: arm-none-eabi]
  ignore line: [Configured with: /home/paul/gcc-arm-none-eabi-5_4-2016q3-20160926/src/gcc/configure --target=arm-none-eabi --prefix=/home/paul/gcc-arm-none-eabi-5_4-2016q3-20160926/install-native --libexecdir=/home/paul/gcc-arm-none-eabi-5_4-2016q3-20160926/install-native/lib --infodir=/home/paul/gcc-arm-none-eabi-5_4-2016q3-20160926/install-native/share/doc/gcc-arm-none-eabi/info --mandir=/home/paul/gcc-arm-none-eabi-5_4-2016q3-20160926/install-native/share/doc/gcc-arm-none-eabi/man --htmldir=/home/paul/gcc-arm-none-eabi-5_4-2016q3-20160926/install-native/share/doc/gcc-arm-none-eabi/html --pdfdir=/home/paul/gcc-arm-none-eabi-5_4-2016q3-20160926/install-native/share/doc/gcc-arm-none-eabi/pdf --enable-languages=c,c++ --enable-plugins --disable-decimal-float --disable-libffi --disable-libgomp --disable-libmudflap --disable-libquadmath --disable-libssp --disable-libstdcxx-pch --disable-nls --disable-shared --disable-threads --disable-tls --with-gnu-as --with-gnu-ld --with-newlib --with-headers=yes --with-python-dir=share/gcc-arm-none-eabi --with-sysroot=/home/paul/gcc-arm-none-eabi-5_4-2016q3-20160926/install-native/arm-none-eabi --build=x86_64-linux-gnu --host=x86_64-linux-gnu --with-gmp=/home/paul/gcc-arm-none-eabi-5_4-2016q3-20160926/build-native/host-libs/usr --with-mpfr=/home/paul/gcc-arm-none-eabi-5_4-2016q3-20160926/build-native/host-libs/usr --with-mpc=/home/paul/gcc-arm-none-eabi-5_4-2016q3-20160926/build-native/host-libs/usr --with-isl=/home/paul/gcc-arm-none-eabi-5_4-2016q3-20160926/build-native/host-libs/usr --with-cloog=/home/paul/gcc-arm-none-eabi-5_4-2016q3-20160926/build-native/host-libs/usr --with-libelf=/home/paul/gcc-arm-none-eabi-5_4-2016q3-20160926/build-native/host-libs/usr --with-host-libstdcxx='-static-libgcc -Wl,-Bstatic,-lstdc++,-Bdynamic -lm' --with-pkgversion='GNU Tools for ARM Embedded Processors' --with-multilib-list=armv6-m,armv7-m,armv7e-m,armv7-r,armv8-m.base,armv8-m.main]
  ignore line: [Thread model: single]
  ignore line: [gcc version 5.4.1 20160919 (release) [ARM/embedded-5-branch revision 240496] (GNU Tools for ARM Embedded Processors) ]
  ignore line: [COLLECT_GCC_OPTIONS='-std=c11' '-O2' '-mfloat-abi=hard' '-mfpu=fpv5-d16' '-ffunction-sections' '-fdata-sections' '-fno-exceptions' '-nostdlib' '-mcpu=cortex-m7' '-mthumb' '-D' 'RCUTILS_LOG_MIN_SEVERITY=RCUTILS_LOG_MIN_SEVERITY_NONE' '-D' 'CLOCK_MONOTONIC=0' '-D' '__attribute__(x)=' '-v' '-o' 'CMakeFiles/cmTC_3c387.dir/CMakeCCompilerABI.c.obj' '-c']
  ignore line: [ /home/ros/aa-arduino-1.8.19/hardware/tools/arm/bin/../lib/gcc/arm-none-eabi/5.4.1/cc1 -quiet -v -imultilib armv7e-m/fpu/fpv5-d16 -iprefix /home/ros/aa-arduino-1.8.19/hardware/tools/arm/bin/../lib/gcc/arm-none-eabi/5.4.1/ -isysroot /home/ros/aa-arduino-1.8.19/hardware/tools/arm/bin/../arm-none-eabi -D__USES_INITFINI__ -D RCUTILS_LOG_MIN_SEVERITY=RCUTILS_LOG_MIN_SEVERITY_NONE -D CLOCK_MONOTONIC=0 -D __attribute__(x)= /usr/share/cmake-3.22/Modules/CMakeCCompilerABI.c -quiet -dumpbase CMakeCCompilerABI.c -mfloat-abi=hard -mfpu=fpv5-d16 -mcpu=cortex-m7 -mthumb -auxbase-strip CMakeFiles/cmTC_3c387.dir/CMakeCCompilerABI.c.obj -O2 -std=c11 -version -ffunction-sections -fdata-sections -fno-exceptions -o /tmp/cc2oVTiL.s]
  ignore line: [GNU C11 (GNU Tools for ARM Embedded Processors) version 5.4.1 20160919 (release) [ARM/embedded-5-branch revision 240496] (arm-none-eabi)]
  ignore line: [	compiled by GNU C version 4.3.2  GMP version 4.3.2  MPFR version 2.4.2  MPC version 0.8.1]
  ignore line: [GGC heuristics: --param ggc-min-expand=100 --param ggc-min-heapsize=131072]
  ignore line: [ignoring duplicate directory "/home/ros/aa-arduino-1.8.19/hardware/tools/arm/bin/../lib/gcc/../../lib/gcc/arm-none-eabi/5.4.1/include"]
  ignore line: [ignoring nonexistent directory "/home/ros/aa-arduino-1.8.19/hardware/tools/arm/bin/../arm-none-eabi/usr/local/include"]
  ignore line: [ignoring duplicate directory "/home/ros/aa-arduino-1.8.19/hardware/tools/arm/bin/../lib/gcc/../../lib/gcc/arm-none-eabi/5.4.1/include-fixed"]
  ignore line: [ignoring duplicate directory "/home/ros/aa-arduino-1.8.19/hardware/tools/arm/bin/../lib/gcc/../../lib/gcc/arm-none-eabi/5.4.1/../../../../arm-none-eabi/include"]
  ignore line: [ignoring nonexistent directory "/home/ros/aa-arduino-1.8.19/hardware/tools/arm/bin/../arm-none-eabi/usr/include"]
  ignore line: [#include "..." search starts here:]
  ignore line: [#include <...> search starts here:]
  ignore line: [ /home/ros/aa-arduino-1.8.19/hardware/tools/arm/bin/../lib/gcc/arm-none-eabi/5.4.1/include]
  ignore line: [ /home/ros/aa-arduino-1.8.19/hardware/tools/arm/bin/../lib/gcc/arm-none-eabi/5.4.1/include-fixed]
  ignore line: [ /home/ros/aa-arduino-1.8.19/hardware/tools/arm/bin/../lib/gcc/arm-none-eabi/5.4.1/../../../../arm-none-eabi/include]
  ignore line: [End of search list.]
  ignore line: [GNU C11 (GNU Tools for ARM Embedded Processors) version 5.4.1 20160919 (release) [ARM/embedded-5-branch revision 240496] (arm-none-eabi)]
  ignore line: [	compiled by GNU C version 4.3.2  GMP version 4.3.2  MPFR version 2.4.2  MPC version 0.8.1]
  ignore line: [GGC heuristics: --param ggc-min-expand=100 --param ggc-min-heapsize=131072]
  ignore line: [Compiler executable checksum: ce524ff683f2306e8a5e16f85f4f33cb]
  ignore line: [COLLECT_GCC_OPTIONS='-std=c11' '-O2' '-mfloat-abi=hard' '-mfpu=fpv5-d16' '-ffunction-sections' '-fdata-sections' '-fno-exceptions' '-nostdlib' '-mcpu=cortex-m7' '-mthumb' '-D' 'RCUTILS_LOG_MIN_SEVERITY=RCUTILS_LOG_MIN_SEVERITY_NONE' '-D' 'CLOCK_MONOTONIC=0' '-D' '__attribute__(x)=' '-v' '-o' 'CMakeFiles/cmTC_3c387.dir/CMakeCCompilerABI.c.obj' '-c']
  ignore line: [ /home/ros/aa-arduino-1.8.19/hardware/tools/arm/bin/../lib/gcc/arm-none-eabi/5.4.1/../../../../arm-none-eabi/bin/as -v -mcpu=cortex-m7 -mfloat-abi=hard -mfpu=fpv5-d16 -meabi=5 -o CMakeFiles/cmTC_3c387.dir/CMakeCCompilerABI.c.obj /tmp/cc2oVTiL.s]
  ignore line: [GNU assembler version 2.26.2 (arm-none-eabi) using BFD version (GNU Tools for ARM Embedded Processors) 2.26.2.20160923]
  ignore line: [COMPILER_PATH=/home/ros/aa-arduino-1.8.19/hardware/tools/arm/bin/../lib/gcc/arm-none-eabi/5.4.1/:/home/ros/aa-arduino-1.8.19/hardware/tools/arm/bin/../lib/gcc/:/home/ros/aa-arduino-1.8.19/hardware/tools/arm/bin/../lib/gcc/arm-none-eabi/5.4.1/../../../../arm-none-eabi/bin/]
  ignore line: [LIBRARY_PATH=/home/ros/aa-arduino-1.8.19/hardware/tools/arm/bin/../lib/gcc/arm-none-eabi/5.4.1/armv7e-m/fpu/fpv5-d16/:/home/ros/aa-arduino-1.8.19/hardware/tools/arm/bin/../lib/gcc/arm-none-eabi/5.4.1/../../../../arm-none-eabi/lib/armv7e-m/fpu/fpv5-d16/:/home/ros/aa-arduino-1.8.19/hardware/tools/arm/bin/../arm-none-eabi/lib/armv7e-m/fpu/fpv5-d16/:/home/ros/aa-arduino-1.8.19/hardware/tools/arm/bin/../lib/gcc/arm-none-eabi/5.4.1/:/home/ros/aa-arduino-1.8.19/hardware/tools/arm/bin/../lib/gcc/:/home/ros/aa-arduino-1.8.19/hardware/tools/arm/bin/../lib/gcc/arm-none-eabi/5.4.1/../../../../arm-none-eabi/lib/:/home/ros/aa-arduino-1.8.19/hardware/tools/arm/bin/../arm-none-eabi/lib/]
  ignore line: [COLLECT_GCC_OPTIONS='-std=c11' '-O2' '-mfloat-abi=hard' '-mfpu=fpv5-d16' '-ffunction-sections' '-fdata-sections' '-fno-exceptions' '-nostdlib' '-mcpu=cortex-m7' '-mthumb' '-D' 'RCUTILS_LOG_MIN_SEVERITY=RCUTILS_LOG_MIN_SEVERITY_NONE' '-D' 'CLOCK_MONOTONIC=0' '-D' '__attribute__(x)=' '-v' '-o' 'CMakeFiles/cmTC_3c387.dir/CMakeCCompilerABI.c.obj' '-c']
  ignore line: [Linking C static library libcmTC_3c387.a]
  ignore line: [/usr/bin/cmake -P CMakeFiles/cmTC_3c387.dir/cmake_clean_target.cmake]
  ignore line: [/usr/bin/cmake -E cmake_link_script CMakeFiles/cmTC_3c387.dir/link.txt --verbose=1]
  ignore line: [/usr/bin/ar qc libcmTC_3c387.a CMakeFiles/cmTC_3c387.dir/CMakeCCompilerABI.c.obj]
  ignore line: [/usr/bin/ranlib libcmTC_3c387.a]
  ignore line: [gmake[1]: Leaving directory '/home/ros/sigyn_microros_ws/firmware/mcu_ws/build/rosgraph_msgs/CMakeFiles/CMakeTmp']
  ignore line: []
  ignore line: []
  implicit libs: []
  implicit objs: []
  implicit dirs: []
  implicit fwks: []


Detecting CXX compiler ABI info compiled with the following output:
Change Dir: /home/ros/sigyn_microros_ws/firmware/mcu_ws/build/rosgraph_msgs/CMakeFiles/CMakeTmp

Run Build Command(s):/usr/bin/gmake -f Makefile cmTC_9437a/fast && /usr/bin/gmake  -f CMakeFiles/cmTC_9437a.dir/build.make CMakeFiles/cmTC_9437a.dir/build
gmake[1]: Entering directory '/home/ros/sigyn_microros_ws/firmware/mcu_ws/build/rosgraph_msgs/CMakeFiles/CMakeTmp'
Building CXX object CMakeFiles/cmTC_9437a.dir/CMakeCXXCompilerABI.cpp.obj
/home/ros/aa-arduino-1.8.19/hardware/tools/arm/bin/arm-none-eabi-g++   -std=c++14 -O2 -mfloat-abi=hard -mfpu=fpv5-d16 -ffunction-sections -fdata-sections -fno-exceptions -nostdlib -mcpu=cortex-m7 -mthumb -D'RCUTILS_LOG_MIN_SEVERITY=RCUTILS_LOG_MIN_SEVERITY_NONE' -fno-rtti -DCLOCK_MONOTONIC=0 -D'__attribute__(x)='    -v -o CMakeFiles/cmTC_9437a.dir/CMakeCXXCompilerABI.cpp.obj -c /usr/share/cmake-3.22/Modules/CMakeCXXCompilerABI.cpp
Using built-in specs.
COLLECT_GCC=/home/ros/aa-arduino-1.8.19/hardware/tools/arm/bin/arm-none-eabi-g++
Target: arm-none-eabi
Configured with: /home/paul/gcc-arm-none-eabi-5_4-2016q3-20160926/src/gcc/configure --target=arm-none-eabi --prefix=/home/paul/gcc-arm-none-eabi-5_4-2016q3-20160926/install-native --libexecdir=/home/paul/gcc-arm-none-eabi-5_4-2016q3-20160926/install-native/lib --infodir=/home/paul/gcc-arm-none-eabi-5_4-2016q3-20160926/install-native/share/doc/gcc-arm-none-eabi/info --mandir=/home/paul/gcc-arm-none-eabi-5_4-2016q3-20160926/install-native/share/doc/gcc-arm-none-eabi/man --htmldir=/home/paul/gcc-arm-none-eabi-5_4-2016q3-20160926/install-native/share/doc/gcc-arm-none-eabi/html --pdfdir=/home/paul/gcc-arm-none-eabi-5_4-2016q3-20160926/install-native/share/doc/gcc-arm-none-eabi/pdf --enable-languages=c,c++ --enable-plugins --disable-decimal-float --disable-libffi --disable-libgomp --disable-libmudflap --disable-libquadmath --disable-libssp --disable-libstdcxx-pch --disable-nls --disable-shared --disable-threads --disable-tls --with-gnu-as --with-gnu-ld --with-newlib --with-headers=yes --with-python-dir=share/gcc-arm-none-eabi --with-sysroot=/home/paul/gcc-arm-none-eabi-5_4-2016q3-20160926/install-native/arm-none-eabi --build=x86_64-linux-gnu --host=x86_64-linux-gnu --with-gmp=/home/paul/gcc-arm-none-eabi-5_4-2016q3-20160926/build-native/host-libs/usr --with-mpfr=/home/paul/gcc-arm-none-eabi-5_4-2016q3-20160926/build-native/host-libs/usr --with-mpc=/home/paul/gcc-arm-none-eabi-5_4-2016q3-20160926/build-native/host-libs/usr --with-isl=/home/paul/gcc-arm-none-eabi-5_4-2016q3-20160926/build-native/host-libs/usr --with-cloog=/home/paul/gcc-arm-none-eabi-5_4-2016q3-20160926/build-native/host-libs/usr --with-libelf=/home/paul/gcc-arm-none-eabi-5_4-2016q3-20160926/build-native/host-libs/usr --with-host-libstdcxx='-static-libgcc -Wl,-Bstatic,-lstdc++,-Bdynamic -lm' --with-pkgversion='GNU Tools for ARM Embedded Processors' --with-multilib-list=armv6-m,armv7-m,armv7e-m,armv7-r,armv8-m.base,armv8-m.main
Thread model: single
gcc version 5.4.1 20160919 (release) [ARM/embedded-5-branch revision 240496] (GNU Tools for ARM Embedded Processors) 
COLLECT_GCC_OPTIONS='-std=c++14' '-O2' '-mfloat-abi=hard' '-mfpu=fpv5-d16' '-ffunction-sections' '-fdata-sections' '-fno-exceptions' '-nostdlib' '-mcpu=cortex-m7' '-mthumb' '-D' 'RCUTILS_LOG_MIN_SEVERITY=RCUTILS_LOG_MIN_SEVERITY_NONE' '-fno-rtti' '-D' 'CLOCK_MONOTONIC=0' '-D' '__attribute__(x)=' '-v' '-o' 'CMakeFiles/cmTC_9437a.dir/CMakeCXXCompilerABI.cpp.obj' '-c'
 /home/ros/aa-arduino-1.8.19/hardware/tools/arm/bin/../lib/gcc/arm-none-eabi/5.4.1/cc1plus -quiet -v -imultilib armv7e-m/fpu/fpv5-d16 -iprefix /home/ros/aa-arduino-1.8.19/hardware/tools/arm/bin/../lib/gcc/arm-none-eabi/5.4.1/ -isysroot /home/ros/aa-arduino-1.8.19/hardware/tools/arm/bin/../arm-none-eabi -D__USES_INITFINI__ -D RCUTILS_LOG_MIN_SEVERITY=RCUTILS_LOG_MIN_SEVERITY_NONE -D CLOCK_MONOTONIC=0 -D __attribute__(x)= /usr/share/cmake-3.22/Modules/CMakeCXXCompilerABI.cpp -quiet -dumpbase CMakeCXXCompilerABI.cpp -mfloat-abi=hard -mfpu=fpv5-d16 -mcpu=cortex-m7 -mthumb -auxbase-strip CMakeFiles/cmTC_9437a.dir/CMakeCXXCompilerABI.cpp.obj -O2 -std=c++14 -version -ffunction-sections -fdata-sections -fno-exceptions -fno-rtti -o /tmp/cc7sd8bP.s
GNU C++14 (GNU Tools for ARM Embedded Processors) version 5.4.1 20160919 (release) [ARM/embedded-5-branch revision 240496] (arm-none-eabi)
	compiled by GNU C version 4.3.2, GMP version 4.3.2, MPFR version 2.4.2, MPC version 0.8.1
GGC heuristics: --param ggc-min-expand=100 --param ggc-min-heapsize=131072
ignoring duplicate directory "/home/ros/aa-arduino-1.8.19/hardware/tools/arm/bin/../lib/gcc/../../lib/gcc/arm-none-eabi/5.4.1/../../../../arm-none-eabi/include/c++/5.4.1"
ignoring duplicate directory "/home/ros/aa-arduino-1.8.19/hardware/tools/arm/bin/../lib/gcc/../../lib/gcc/arm-none-eabi/5.4.1/../../../../arm-none-eabi/include/c++/5.4.1/arm-none-eabi/armv7e-m/fpu/fpv5-d16"
ignoring duplicate directory "/home/ros/aa-arduino-1.8.19/hardware/tools/arm/bin/../lib/gcc/../../lib/gcc/arm-none-eabi/5.4.1/../../../../arm-none-eabi/include/c++/5.4.1/backward"
ignoring duplicate directory "/home/ros/aa-arduino-1.8.19/hardware/tools/arm/bin/../lib/gcc/../../lib/gcc/arm-none-eabi/5.4.1/include"
ignoring nonexistent directory "/home/ros/aa-arduino-1.8.19/hardware/tools/arm/bin/../arm-none-eabi/usr/local/include"
ignoring duplicate directory "/home/ros/aa-arduino-1.8.19/hardware/tools/arm/bin/../lib/gcc/../../lib/gcc/arm-none-eabi/5.4.1/include-fixed"
ignoring duplicate directory "/home/ros/aa-arduino-1.8.19/hardware/tools/arm/bin/../lib/gcc/../../lib/gcc/arm-none-eabi/5.4.1/../../../../arm-none-eabi/include"
ignoring nonexistent directory "/home/ros/aa-arduino-1.8.19/hardware/tools/arm/bin/../arm-none-eabi/usr/include"
#include "..." search starts here:
#include <...> search starts here:
 /home/ros/aa-arduino-1.8.19/hardware/tools/arm/bin/../lib/gcc/arm-none-eabi/5.4.1/../../../../arm-none-eabi/include/c++/5.4.1
 /home/ros/aa-arduino-1.8.19/hardware/tools/arm/bin/../lib/gcc/arm-none-eabi/5.4.1/../../../../arm-none-eabi/include/c++/5.4.1/arm-none-eabi/armv7e-m/fpu/fpv5-d16
 /home/ros/aa-arduino-1.8.19/hardware/tools/arm/bin/../lib/gcc/arm-none-eabi/5.4.1/../../../../arm-none-eabi/include/c++/5.4.1/backward
 /home/ros/aa-arduino-1.8.19/hardware/tools/arm/bin/../lib/gcc/arm-none-eabi/5.4.1/include
 /home/ros/aa-arduino-1.8.19/hardware/tools/arm/bin/../lib/gcc/arm-none-eabi/5.4.1/include-fixed
 /home/ros/aa-arduino-1.8.19/hardware/tools/arm/bin/../lib/gcc/arm-none-eabi/5.4.1/../../../../arm-none-eabi/include
End of search list.
GNU C++14 (GNU Tools for ARM Embedded Processors) version 5.4.1 20160919 (release) [ARM/embedded-5-branch revision 240496] (arm-none-eabi)
	compiled by GNU C version 4.3.2, GMP version 4.3.2, MPFR version 2.4.2, MPC version 0.8.1
GGC heuristics: --param ggc-min-expand=100 --param ggc-min-heapsize=131072
Compiler executable checksum: f056b3585372add73ff3e1df6cbf929e
COLLECT_GCC_OPTIONS='-std=c++14' '-O2' '-mfloat-abi=hard' '-mfpu=fpv5-d16' '-ffunction-sections' '-fdata-sections' '-fno-exceptions' '-nostdlib' '-mcpu=cortex-m7' '-mthumb' '-D' 'RCUTILS_LOG_MIN_SEVERITY=RCUTILS_LOG_MIN_SEVERITY_NONE' '-fno-rtti' '-D' 'CLOCK_MONOTONIC=0' '-D' '__attribute__(x)=' '-v' '-o' 'CMakeFiles/cmTC_9437a.dir/CMakeCXXCompilerABI.cpp.obj' '-c'
 /home/ros/aa-arduino-1.8.19/hardware/tools/arm/bin/../lib/gcc/arm-none-eabi/5.4.1/../../../../arm-none-eabi/bin/as -v -mcpu=cortex-m7 -mfloat-abi=hard -mfpu=fpv5-d16 -meabi=5 -o CMakeFiles/cmTC_9437a.dir/CMakeCXXCompilerABI.cpp.obj /tmp/cc7sd8bP.s
GNU assembler version 2.26.2 (arm-none-eabi) using BFD version (GNU Tools for ARM Embedded Processors) 2.26.2.20160923
COMPILER_PATH=/home/ros/aa-arduino-1.8.19/hardware/tools/arm/bin/../lib/gcc/arm-none-eabi/5.4.1/:/home/ros/aa-arduino-1.8.19/hardware/tools/arm/bin/../lib/gcc/:/home/ros/aa-arduino-1.8.19/hardware/tools/arm/bin/../lib/gcc/arm-none-eabi/5.4.1/../../../../arm-none-eabi/bin/
LIBRARY_PATH=/home/ros/aa-arduino-1.8.19/hardware/tools/arm/bin/../lib/gcc/arm-none-eabi/5.4.1/armv7e-m/fpu/fpv5-d16/:/home/ros/aa-arduino-1.8.19/hardware/tools/arm/bin/../lib/gcc/arm-none-eabi/5.4.1/../../../../arm-none-eabi/lib/armv7e-m/fpu/fpv5-d16/:/home/ros/aa-arduino-1.8.19/hardware/tools/arm/bin/../arm-none-eabi/lib/armv7e-m/fpu/fpv5-d16/:/home/ros/aa-arduino-1.8.19/hardware/tools/arm/bin/../lib/gcc/arm-none-eabi/5.4.1/:/home/ros/aa-arduino-1.8.19/hardware/tools/arm/bin/../lib/gcc/:/home/ros/aa-arduino-1.8.19/hardware/tools/arm/bin/../lib/gcc/arm-none-eabi/5.4.1/../../../../arm-none-eabi/lib/:/home/ros/aa-arduino-1.8.19/hardware/tools/arm/bin/../arm-none-eabi/lib/
COLLECT_GCC_OPTIONS='-std=c++14' '-O2' '-mfloat-abi=hard' '-mfpu=fpv5-d16' '-ffunction-sections' '-fdata-sections' '-fno-exceptions' '-nostdlib' '-mcpu=cortex-m7' '-mthumb' '-D' 'RCUTILS_LOG_MIN_SEVERITY=RCUTILS_LOG_MIN_SEVERITY_NONE' '-fno-rtti' '-D' 'CLOCK_MONOTONIC=0' '-D' '__attribute__(x)=' '-v' '-o' 'CMakeFiles/cmTC_9437a.dir/CMakeCXXCompilerABI.cpp.obj' '-c'
Linking CXX static library libcmTC_9437a.a
/usr/bin/cmake -P CMakeFiles/cmTC_9437a.dir/cmake_clean_target.cmake
/usr/bin/cmake -E cmake_link_script CMakeFiles/cmTC_9437a.dir/link.txt --verbose=1
/usr/bin/ar qc libcmTC_9437a.a CMakeFiles/cmTC_9437a.dir/CMakeCXXCompilerABI.cpp.obj
/usr/bin/ranlib libcmTC_9437a.a
gmake[1]: Leaving directory '/home/ros/sigyn_microros_ws/firmware/mcu_ws/build/rosgraph_msgs/CMakeFiles/CMakeTmp'



Parsed CXX implicit include dir info from above output: rv=done
  found start of include info
  found start of implicit include info
    add: [/home/ros/aa-arduino-1.8.19/hardware/tools/arm/bin/../lib/gcc/arm-none-eabi/5.4.1/../../../../arm-none-eabi/include/c++/5.4.1]
    add: [/home/ros/aa-arduino-1.8.19/hardware/tools/arm/bin/../lib/gcc/arm-none-eabi/5.4.1/../../../../arm-none-eabi/include/c++/5.4.1/arm-none-eabi/armv7e-m/fpu/fpv5-d16]
    add: [/home/ros/aa-arduino-1.8.19/hardware/tools/arm/bin/../lib/gcc/arm-none-eabi/5.4.1/../../../../arm-none-eabi/include/c++/5.4.1/backward]
    add: [/home/ros/aa-arduino-1.8.19/hardware/tools/arm/bin/../lib/gcc/arm-none-eabi/5.4.1/include]
    add: [/home/ros/aa-arduino-1.8.19/hardware/tools/arm/bin/../lib/gcc/arm-none-eabi/5.4.1/include-fixed]
    add: [/home/ros/aa-arduino-1.8.19/hardware/tools/arm/bin/../lib/gcc/arm-none-eabi/5.4.1/../../../../arm-none-eabi/include]
  end of search list found
  collapse include dir [/home/ros/aa-arduino-1.8.19/hardware/tools/arm/bin/../lib/gcc/arm-none-eabi/5.4.1/../../../../arm-none-eabi/include/c++/5.4.1] ==> [/home/ros/aa-arduino-1.8.19/hardware/tools/arm/arm-none-eabi/include/c++/5.4.1]
  collapse include dir [/home/ros/aa-arduino-1.8.19/hardware/tools/arm/bin/../lib/gcc/arm-none-eabi/5.4.1/../../../../arm-none-eabi/include/c++/5.4.1/arm-none-eabi/armv7e-m/fpu/fpv5-d16] ==> [/home/ros/aa-arduino-1.8.19/hardware/tools/arm/arm-none-eabi/include/c++/5.4.1/arm-none-eabi/armv7e-m/fpu/fpv5-d16]
  collapse include dir [/home/ros/aa-arduino-1.8.19/hardware/tools/arm/bin/../lib/gcc/arm-none-eabi/5.4.1/../../../../arm-none-eabi/include/c++/5.4.1/backward] ==> [/home/ros/aa-arduino-1.8.19/hardware/tools/arm/arm-none-eabi/include/c++/5.4.1/backward]
  collapse include dir [/home/ros/aa-arduino-1.8.19/hardware/tools/arm/bin/../lib/gcc/arm-none-eabi/5.4.1/include] ==> [/home/ros/aa-arduino-1.8.19/hardware/tools/arm/lib/gcc/arm-none-eabi/5.4.1/include]
  collapse include dir [/home/ros/aa-arduino-1.8.19/hardware/tools/arm/bin/../lib/gcc/arm-none-eabi/5.4.1/include-fixed] ==> [/home/ros/aa-arduino-1.8.19/hardware/tools/arm/lib/gcc/arm-none-eabi/5.4.1/include-fixed]
  collapse include dir [/home/ros/aa-arduino-1.8.19/hardware/tools/arm/bin/../lib/gcc/arm-none-eabi/5.4.1/../../../../arm-none-eabi/include] ==> [/home/ros/aa-arduino-1.8.19/hardware/tools/arm/arm-none-eabi/include]
  implicit include dirs: [/home/ros/aa-arduino-1.8.19/hardware/tools/arm/arm-none-eabi/include/c++/5.4.1;/home/ros/aa-arduino-1.8.19/hardware/tools/arm/arm-none-eabi/include/c++/5.4.1/arm-none-eabi/armv7e-m/fpu/fpv5-d16;/home/ros/aa-arduino-1.8.19/hardware/tools/arm/arm-none-eabi/include/c++/5.4.1/backward;/home/ros/aa-arduino-1.8.19/hardware/tools/arm/lib/gcc/arm-none-eabi/5.4.1/include;/home/ros/aa-arduino-1.8.19/hardware/tools/arm/lib/gcc/arm-none-eabi/5.4.1/include-fixed;/home/ros/aa-arduino-1.8.19/hardware/tools/arm/arm-none-eabi/include]


Parsed CXX implicit link information from above output:
  link line regex: [^( *|.*[/\])(arm-none-eabi-ld|CMAKE_LINK_STARTFILE-NOTFOUND|([^/\]+-)?ld|collect2)[^/\]*( |$)]
  ignore line: [Change Dir: /home/ros/sigyn_microros_ws/firmware/mcu_ws/build/rosgraph_msgs/CMakeFiles/CMakeTmp]
  ignore line: []
  ignore line: [Run Build Command(s):/usr/bin/gmake -f Makefile cmTC_9437a/fast && /usr/bin/gmake  -f CMakeFiles/cmTC_9437a.dir/build.make CMakeFiles/cmTC_9437a.dir/build]
  ignore line: [gmake[1]: Entering directory '/home/ros/sigyn_microros_ws/firmware/mcu_ws/build/rosgraph_msgs/CMakeFiles/CMakeTmp']
  ignore line: [Building CXX object CMakeFiles/cmTC_9437a.dir/CMakeCXXCompilerABI.cpp.obj]
  ignore line: [/home/ros/aa-arduino-1.8.19/hardware/tools/arm/bin/arm-none-eabi-g++   -std=c++14 -O2 -mfloat-abi=hard -mfpu=fpv5-d16 -ffunction-sections -fdata-sections -fno-exceptions -nostdlib -mcpu=cortex-m7 -mthumb -D'RCUTILS_LOG_MIN_SEVERITY=RCUTILS_LOG_MIN_SEVERITY_NONE' -fno-rtti -DCLOCK_MONOTONIC=0 -D'__attribute__(x)='    -v -o CMakeFiles/cmTC_9437a.dir/CMakeCXXCompilerABI.cpp.obj -c /usr/share/cmake-3.22/Modules/CMakeCXXCompilerABI.cpp]
  ignore line: [Using built-in specs.]
  ignore line: [COLLECT_GCC=/home/ros/aa-arduino-1.8.19/hardware/tools/arm/bin/arm-none-eabi-g++]
  ignore line: [Target: arm-none-eabi]
  ignore line: [Configured with: /home/paul/gcc-arm-none-eabi-5_4-2016q3-20160926/src/gcc/configure --target=arm-none-eabi --prefix=/home/paul/gcc-arm-none-eabi-5_4-2016q3-20160926/install-native --libexecdir=/home/paul/gcc-arm-none-eabi-5_4-2016q3-20160926/install-native/lib --infodir=/home/paul/gcc-arm-none-eabi-5_4-2016q3-20160926/install-native/share/doc/gcc-arm-none-eabi/info --mandir=/home/paul/gcc-arm-none-eabi-5_4-2016q3-20160926/install-native/share/doc/gcc-arm-none-eabi/man --htmldir=/home/paul/gcc-arm-none-eabi-5_4-2016q3-20160926/install-native/share/doc/gcc-arm-none-eabi/html --pdfdir=/home/paul/gcc-arm-none-eabi-5_4-2016q3-20160926/install-native/share/doc/gcc-arm-none-eabi/pdf --enable-languages=c,c++ --enable-plugins --disable-decimal-float --disable-libffi --disable-libgomp --disable-libmudflap --disable-libquadmath --disable-libssp --disable-libstdcxx-pch --disable-nls --disable-shared --disable-threads --disable-tls --with-gnu-as --with-gnu-ld --with-newlib --with-headers=yes --with-python-dir=share/gcc-arm-none-eabi --with-sysroot=/home/paul/gcc-arm-none-eabi-5_4-2016q3-20160926/install-native/arm-none-eabi --build=x86_64-linux-gnu --host=x86_64-linux-gnu --with-gmp=/home/paul/gcc-arm-none-eabi-5_4-2016q3-20160926/build-native/host-libs/usr --with-mpfr=/home/paul/gcc-arm-none-eabi-5_4-2016q3-20160926/build-native/host-libs/usr --with-mpc=/home/paul/gcc-arm-none-eabi-5_4-2016q3-20160926/build-native/host-libs/usr --with-isl=/home/paul/gcc-arm-none-eabi-5_4-2016q3-20160926/build-native/host-libs/usr --with-cloog=/home/paul/gcc-arm-none-eabi-5_4-2016q3-20160926/build-native/host-libs/usr --with-libelf=/home/paul/gcc-arm-none-eabi-5_4-2016q3-20160926/build-native/host-libs/usr --with-host-libstdcxx='-static-libgcc -Wl,-Bstatic,-lstdc++,-Bdynamic -lm' --with-pkgversion='GNU Tools for ARM Embedded Processors' --with-multilib-list=armv6-m,armv7-m,armv7e-m,armv7-r,armv8-m.base,armv8-m.main]
  ignore line: [Thread model: single]
  ignore line: [gcc version 5.4.1 20160919 (release) [ARM/embedded-5-branch revision 240496] (GNU Tools for ARM Embedded Processors) ]
  ignore line: [COLLECT_GCC_OPTIONS='-std=c++14' '-O2' '-mfloat-abi=hard' '-mfpu=fpv5-d16' '-ffunction-sections' '-fdata-sections' '-fno-exceptions' '-nostdlib' '-mcpu=cortex-m7' '-mthumb' '-D' 'RCUTILS_LOG_MIN_SEVERITY=RCUTILS_LOG_MIN_SEVERITY_NONE' '-fno-rtti' '-D' 'CLOCK_MONOTONIC=0' '-D' '__attribute__(x)=' '-v' '-o' 'CMakeFiles/cmTC_9437a.dir/CMakeCXXCompilerABI.cpp.obj' '-c']
  ignore line: [ /home/ros/aa-arduino-1.8.19/hardware/tools/arm/bin/../lib/gcc/arm-none-eabi/5.4.1/cc1plus -quiet -v -imultilib armv7e-m/fpu/fpv5-d16 -iprefix /home/ros/aa-arduino-1.8.19/hardware/tools/arm/bin/../lib/gcc/arm-none-eabi/5.4.1/ -isysroot /home/ros/aa-arduino-1.8.19/hardware/tools/arm/bin/../arm-none-eabi -D__USES_INITFINI__ -D RCUTILS_LOG_MIN_SEVERITY=RCUTILS_LOG_MIN_SEVERITY_NONE -D CLOCK_MONOTONIC=0 -D __attribute__(x)= /usr/share/cmake-3.22/Modules/CMakeCXXCompilerABI.cpp -quiet -dumpbase CMakeCXXCompilerABI.cpp -mfloat-abi=hard -mfpu=fpv5-d16 -mcpu=cortex-m7 -mthumb -auxbase-strip CMakeFiles/cmTC_9437a.dir/CMakeCXXCompilerABI.cpp.obj -O2 -std=c++14 -version -ffunction-sections -fdata-sections -fno-exceptions -fno-rtti -o /tmp/cc7sd8bP.s]
  ignore line: [GNU C++14 (GNU Tools for ARM Embedded Processors) version 5.4.1 20160919 (release) [ARM/embedded-5-branch revision 240496] (arm-none-eabi)]
  ignore line: [	compiled by GNU C version 4.3.2  GMP version 4.3.2  MPFR version 2.4.2  MPC version 0.8.1]
  ignore line: [GGC heuristics: --param ggc-min-expand=100 --param ggc-min-heapsize=131072]
  ignore line: [ignoring duplicate directory "/home/ros/aa-arduino-1.8.19/hardware/tools/arm/bin/../lib/gcc/../../lib/gcc/arm-none-eabi/5.4.1/../../../../arm-none-eabi/include/c++/5.4.1"]
  ignore line: [ignoring duplicate directory "/home/ros/aa-arduino-1.8.19/hardware/tools/arm/bin/../lib/gcc/../../lib/gcc/arm-none-eabi/5.4.1/../../../../arm-none-eabi/include/c++/5.4.1/arm-none-eabi/armv7e-m/fpu/fpv5-d16"]
  ignore line: [ignoring duplicate directory "/home/ros/aa-arduino-1.8.19/hardware/tools/arm/bin/../lib/gcc/../../lib/gcc/arm-none-eabi/5.4.1/../../../../arm-none-eabi/include/c++/5.4.1/backward"]
  ignore line: [ignoring duplicate directory "/home/ros/aa-arduino-1.8.19/hardware/tools/arm/bin/../lib/gcc/../../lib/gcc/arm-none-eabi/5.4.1/include"]
  ignore line: [ignoring nonexistent directory "/home/ros/aa-arduino-1.8.19/hardware/tools/arm/bin/../arm-none-eabi/usr/local/include"]
  ignore line: [ignoring duplicate directory "/home/ros/aa-arduino-1.8.19/hardware/tools/arm/bin/../lib/gcc/../../lib/gcc/arm-none-eabi/5.4.1/include-fixed"]
  ignore line: [ignoring duplicate directory "/home/ros/aa-arduino-1.8.19/hardware/tools/arm/bin/../lib/gcc/../../lib/gcc/arm-none-eabi/5.4.1/../../../../arm-none-eabi/include"]
  ignore line: [ignoring nonexistent directory "/home/ros/aa-arduino-1.8.19/hardware/tools/arm/bin/../arm-none-eabi/usr/include"]
  ignore line: [#include "..." search starts here:]
  ignore line: [#include <...> search starts here:]
  ignore line: [ /home/ros/aa-arduino-1.8.19/hardware/tools/arm/bin/../lib/gcc/arm-none-eabi/5.4.1/../../../../arm-none-eabi/include/c++/5.4.1]
  ignore line: [ /home/ros/aa-arduino-1.8.19/hardware/tools/arm/bin/../lib/gcc/arm-none-eabi/5.4.1/../../../../arm-none-eabi/include/c++/5.4.1/arm-none-eabi/armv7e-m/fpu/fpv5-d16]
  ignore line: [ /home/ros/aa-arduino-1.8.19/hardware/tools/arm/bin/../lib/gcc/arm-none-eabi/5.4.1/../../../../arm-none-eabi/include/c++/5.4.1/backward]
  ignore line: [ /home/ros/aa-arduino-1.8.19/hardware/tools/arm/bin/../lib/gcc/arm-none-eabi/5.4.1/include]
  ignore line: [ /home/ros/aa-arduino-1.8.19/hardware/tools/arm/bin/../lib/gcc/arm-none-eabi/5.4.1/include-fixed]
  ignore line: [ /home/ros/aa-arduino-1.8.19/hardware/tools/arm/bin/../lib/gcc/arm-none-eabi/5.4.1/../../../../arm-none-eabi/include]
  ignore line: [End of search list.]
  ignore line: [GNU C++14 (GNU Tools for ARM Embedded Processors) version 5.4.1 20160919 (release) [ARM/embedded-5-branch revision 240496] (arm-none-eabi)]
  ignore line: [	compiled by GNU C version 4.3.2  GMP version 4.3.2  MPFR version 2.4.2  MPC version 0.8.1]
  ignore line: [GGC heuristics: --param ggc-min-expand=100 --param ggc-min-heapsize=131072]
  ignore line: [Compiler executable checksum: f056b3585372add73ff3e1df6cbf929e]
  ignore line: [COLLECT_GCC_OPTIONS='-std=c++14' '-O2' '-mfloat-abi=hard' '-mfpu=fpv5-d16' '-ffunction-sections' '-fdata-sections' '-fno-exceptions' '-nostdlib' '-mcpu=cortex-m7' '-mthumb' '-D' 'RCUTILS_LOG_MIN_SEVERITY=RCUTILS_LOG_MIN_SEVERITY_NONE' '-fno-rtti' '-D' 'CLOCK_MONOTONIC=0' '-D' '__attribute__(x)=' '-v' '-o' 'CMakeFiles/cmTC_9437a.dir/CMakeCXXCompilerABI.cpp.obj' '-c']
  ignore line: [ /home/ros/aa-arduino-1.8.19/hardware/tools/arm/bin/../lib/gcc/arm-none-eabi/5.4.1/../../../../arm-none-eabi/bin/as -v -mcpu=cortex-m7 -mfloat-abi=hard -mfpu=fpv5-d16 -meabi=5 -o CMakeFiles/cmTC_9437a.dir/CMakeCXXCompilerABI.cpp.obj /tmp/cc7sd8bP.s]
  ignore line: [GNU assembler version 2.26.2 (arm-none-eabi) using BFD version (GNU Tools for ARM Embedded Processors) 2.26.2.20160923]
  ignore line: [COMPILER_PATH=/home/ros/aa-arduino-1.8.19/hardware/tools/arm/bin/../lib/gcc/arm-none-eabi/5.4.1/:/home/ros/aa-arduino-1.8.19/hardware/tools/arm/bin/../lib/gcc/:/home/ros/aa-arduino-1.8.19/hardware/tools/arm/bin/../lib/gcc/arm-none-eabi/5.4.1/../../../../arm-none-eabi/bin/]
  ignore line: [LIBRARY_PATH=/home/ros/aa-arduino-1.8.19/hardware/tools/arm/bin/../lib/gcc/arm-none-eabi/5.4.1/armv7e-m/fpu/fpv5-d16/:/home/ros/aa-arduino-1.8.19/hardware/tools/arm/bin/../lib/gcc/arm-none-eabi/5.4.1/../../../../arm-none-eabi/lib/armv7e-m/fpu/fpv5-d16/:/home/ros/aa-arduino-1.8.19/hardware/tools/arm/bin/../arm-none-eabi/lib/armv7e-m/fpu/fpv5-d16/:/home/ros/aa-arduino-1.8.19/hardware/tools/arm/bin/../lib/gcc/arm-none-eabi/5.4.1/:/home/ros/aa-arduino-1.8.19/hardware/tools/arm/bin/../lib/gcc/:/home/ros/aa-arduino-1.8.19/hardware/tools/arm/bin/../lib/gcc/arm-none-eabi/5.4.1/../../../../arm-none-eabi/lib/:/home/ros/aa-arduino-1.8.19/hardware/tools/arm/bin/../arm-none-eabi/lib/]
  ignore line: [COLLECT_GCC_OPTIONS='-std=c++14' '-O2' '-mfloat-abi=hard' '-mfpu=fpv5-d16' '-ffunction-sections' '-fdata-sections' '-fno-exceptions' '-nostdlib' '-mcpu=cortex-m7' '-mthumb' '-D' 'RCUTILS_LOG_MIN_SEVERITY=RCUTILS_LOG_MIN_SEVERITY_NONE' '-fno-rtti' '-D' 'CLOCK_MONOTONIC=0' '-D' '__attribute__(x)=' '-v' '-o' 'CMakeFiles/cmTC_9437a.dir/CMakeCXXCompilerABI.cpp.obj' '-c']
  ignore line: [Linking CXX static library libcmTC_9437a.a]
  ignore line: [/usr/bin/cmake -P CMakeFiles/cmTC_9437a.dir/cmake_clean_target.cmake]
  ignore line: [/usr/bin/cmake -E cmake_link_script CMakeFiles/cmTC_9437a.dir/link.txt --verbose=1]
  ignore line: [/usr/bin/ar qc libcmTC_9437a.a CMakeFiles/cmTC_9437a.dir/CMakeCXXCompilerABI.cpp.obj]
  ignore line: [/usr/bin/ranlib libcmTC_9437a.a]
  ignore line: [gmake[1]: Leaving directory '/home/ros/sigyn_microros_ws/firmware/mcu_ws/build/rosgraph_msgs/CMakeFiles/CMakeTmp']
  ignore line: []
  ignore line: []
  implicit libs: []
  implicit objs: []
  implicit dirs: []
  implicit fwks: []


